#
# A fatal error has been detected by the Java Runtime Environment:
#
#  SIGSEGV (0xb) at pc=0x00007f5fd685122d, pid=36736, tid=0x00007f5fd73d6700
#
# JRE version: Java(TM) SE Runtime Environment (8.0_201-b09) (build 1.8.0_201-b09)
# Java VM: Java HotSpot(TM) 64-Bit Server VM (25.201-b09 mixed mode linux-amd64 compressed oops)
# Problematic frame:
# C  [libc.so.6+0x6522d]  __isoc99_fscanf+0x5d
#
# Failed to write core dump. Core dumps have been disabled. To enable core dumping, try "ulimit -c unlimited" before starting Java again
#
# If you would like to submit a bug report, please visit:
#   http://bugreport.java.com/bugreport/crash.jsp
# The crash happened outside the Java Virtual Machine in native code.
# See problematic frame for where to report the bug.
#

---------------  T H R E A D  ---------------

Current thread (0x00007f5fd000a800):  JavaThread "main" [_thread_in_native, id=36737, stack(0x00007f5fd72d7000,0x00007f5fd73d7000)]

siginfo: si_signo: 11 (SIGSEGV), si_code: 1 (SEGV_MAPERR), si_addr: 0x0000000000000000

Registers:
RAX=0x0000000000000000, RBX=0x0000000000000000, RCX=0xffffffffffffff98, RDX=0x00007f5fd73d58dc
RSP=0x00007f5fd73d57e0, RBP=0x00007f5fd73d5960, RSI=0x00007f5f6ea506cd, RDI=0x0000000000000000
R8 =0x00007f5fd73d6700, R9 =0x0000000000000001, R10=0x00007f5f6ea506cd, R11=0x00007f5fd68511d0
R12=0x0000000000000000, R13=0x00007f5fb9ae8638, R14=0x00007f5fd73d59d0, R15=0x00007f5fd000a800
RIP=0x00007f5fd685122d, EFLAGS=0x0000000000010246, CSGSFS=0x002b000000000033, ERR=0x0000000000000004
  TRAPNO=0x000000000000000e

Top of Stack: (sp=0x00007f5fd73d57e0)
0x00007f5fd73d57e0:   0000000000000000 0000000000000000
0x00007f5fd73d57f0:   0000000000000000 0000000000000000
0x00007f5fd73d5800:   0000000000000000 0000000000000000
0x00007f5fd73d5810:   00007f5fd73d58dc ffffffffffffff98
0x00007f5fd73d5820:   00007f5fd73d6700 0000000000000001
0x00007f5fd73d5830:   0000000000000000 0000000000000000
0x00007f5fd73d5840:   0000000000000000 0000000000000000
0x00007f5fd73d5850:   0000000000000000 0000000000000000
0x00007f5fd73d5860:   0000000000000000 0000000000000000
0x00007f5fd73d5870:   0000000000000000 0000000000000000
0x00007f5fd73d5880:   00007f5fd000a800 00007f5fd68535dd
0x00007f5fd73d5890:   0000000000000000 00007f5fb9ae8638
0x00007f5fd73d58a0:   00007f5fb9ae8638 00007f5fd01288f0
0x00007f5fd73d58b0:   00007f5fb9ae8638 00007f5f6ea4ec21
0x00007f5fd73d58c0:   00007f5fd73d59c8 00007f5fd000a9f8
0x00007f5fd73d58d0:   00007f5fd000a800 00007f5fd00093a0
0x00007f5fd73d58e0:   00007f5fb9ae8638 00007f5fd000a800
0x00007f5fd73d58f0:   00007f5fd73d5950 00007f5fd5e83bf8
0x00007f5fd73d5900:   00007f5fb9ae8638 00007f5fd000a800
0x00007f5fd73d5910:   00007f5fb9ae8638 00007f5fd000a800
0x00007f5fd73d5920:   00007f5fb9ae8638 00007f5fd000a800
0x00007f5fd73d5930:   00007f5fb9ae8638 0000000000000000
0x00007f5fd73d5940:   00000064b9ae8638 0000000000000000
0x00007f5fd73d5950:   00007f5f6ea50688 00007f5f00000000
0x00007f5fd73d5960:   00007f5fd73d59b8 00007f5fc10186c7
0x00007f5fd73d5970:   00007f5fc10183e2 00007f5fd73d5978
0x00007f5fd73d5980:   00007f5fb9ae8638 00007f5fd73d59d0
0x00007f5fd73d5990:   00007f5fb9ae89c8 0000000000000000
0x00007f5fd73d59a0:   00007f5fb9ae8638 0000000000000000
0x00007f5fd73d59b0:   00007f5fd73d59d8 00007f5fd73d5a18
0x00007f5fd73d59c0:   00007f5fc1008040 000000067105d4d8
0x00007f5fd73d59d0:   00007f5fc1011d1b 00007f5fd73d59d8 

Instructions: (pc=0x00007f5fd685122d)
0x00007f5fd685120d:   0f 29 a4 24 90 00 00 00 0f 29 ac 24 a0 00 00 00
0x00007f5fd685121d:   0f 29 b4 24 b0 00 00 00 0f 29 bc 24 c0 00 00 00
0x00007f5fd685122d:   8b 03 25 00 80 00 00 75 56 48 8b 93 88 00 00 00
0x00007f5fd685123d:   64 4c 8b 04 25 10 00 00 00 4c 3b 42 08 74 3c be 

Register to memory mapping:

RAX=0x0000000000000000 is an unknown value
RBX=0x0000000000000000 is an unknown value
RCX=0xffffffffffffff98 is an unknown value
RDX=0x00007f5fd73d58dc is pointing into the stack for thread: 0x00007f5fd000a800
RSP=0x00007f5fd73d57e0 is pointing into the stack for thread: 0x00007f5fd000a800
RBP=0x00007f5fd73d5960 is pointing into the stack for thread: 0x00007f5fd000a800
RSI=0x00007f5f6ea506cd: <offset 0x56cd> in /home/kmahmou1/jikes/jikesrvm/energy/64/libCPUScaler.so at 0x00007f5f6ea4b000
RDI=0x0000000000000000 is an unknown value
R8 =0x00007f5fd73d6700 is pointing into the stack for thread: 0x00007f5fd000a800
R9 =0x0000000000000001 is an unknown value
R10=0x00007f5f6ea506cd: <offset 0x56cd> in /home/kmahmou1/jikes/jikesrvm/energy/64/libCPUScaler.so at 0x00007f5f6ea4b000
R11=0x00007f5fd68511d0: __isoc99_fscanf+0 in /lib/x86_64-linux-gnu/libc.so.6 at 0x00007f5fd67ec000
R12=0x0000000000000000 is an unknown value
R13={method} {0x00007f5fb9ae8638} 'freqAvailable' '()[I' in 'energy/Scaler'
R14=0x00007f5fd73d59d0 is pointing into the stack for thread: 0x00007f5fd000a800
R15=0x00007f5fd000a800 is a thread


Stack: [0x00007f5fd72d7000,0x00007f5fd73d7000],  sp=0x00007f5fd73d57e0,  free space=1017k
Native frames: (J=compiled Java code, j=interpreted, Vv=VM code, C=native code)
C  [libc.so.6+0x6522d]  __isoc99_fscanf+0x5d
j  energy.Scaler.freqAvailable()[I+0
j  energy.Scaler.main([Ljava/lang/String;)V+32
v  ~StubRoutines::call_stub
V  [libjvm.so+0x68825b]  JavaCalls::call_helper(JavaValue*, methodHandle*, JavaCallArguments*, Thread*)+0xddb
V  [libjvm.so+0x6d3211]  jni_invoke_static(JNIEnv_*, JavaValue*, _jobject*, JNICallType, _jmethodID*, JNI_ArgumentPusher*, Thread*) [clone .isra.96] [clone .constprop.117]+0x1e1
V  [libjvm.so+0x6d54db]  jni_CallStaticVoidMethod+0x15b
C  [libjli.so+0x889c]  JavaMain+0xa3c
C  [libpthread.so.0+0x74a4]  start_thread+0xc4

Java frames: (J=compiled Java code, j=interpreted, Vv=VM code)
j  energy.Scaler.freqAvailable()[I+0
j  energy.Scaler.main([Ljava/lang/String;)V+32
v  ~StubRoutines::call_stub

---------------  P R O C E S S  ---------------

Java Threads: ( => current thread )
  0x00007f5fd0113000 JavaThread "Service Thread" daemon [_thread_blocked, id=36785, stack(0x00007f5f6ed54000,0x00007f5f6ee55000)]
  0x00007f5fd0110800 JavaThread "C1 CompilerThread14" daemon [_thread_blocked, id=36784, stack(0x00007f5f6ee56000,0x00007f5f6ef56000)]
  0x00007f5fd010e800 JavaThread "C1 CompilerThread13" daemon [_thread_blocked, id=36783, stack(0x00007f5f6ef57000,0x00007f5f6f057000)]
  0x00007f5fd010c000 JavaThread "C1 CompilerThread12" daemon [_thread_blocked, id=36782, stack(0x00007f5f6f058000,0x00007f5f6f158000)]
  0x00007f5fd010a800 JavaThread "C1 CompilerThread11" daemon [_thread_blocked, id=36781, stack(0x00007f5f6f159000,0x00007f5f6f259000)]
  0x00007f5fd0108000 JavaThread "C1 CompilerThread10" daemon [_thread_blocked, id=36780, stack(0x00007f5f6f25a000,0x00007f5f6f35a000)]
  0x00007f5fd0106000 JavaThread "C2 CompilerThread9" daemon [_thread_blocked, id=36779, stack(0x00007f5f6f35b000,0x00007f5f6f45b000)]
  0x00007f5fd0104000 JavaThread "C2 CompilerThread8" daemon [_thread_blocked, id=36778, stack(0x00007f5f6f45c000,0x00007f5f6f55c000)]
  0x00007f5fd0102000 JavaThread "C2 CompilerThread7" daemon [_thread_blocked, id=36777, stack(0x00007f5f6f55d000,0x00007f5f6f65d000)]
  0x00007f5fd0100000 JavaThread "C2 CompilerThread6" daemon [_thread_blocked, id=36776, stack(0x00007f5f6f65e000,0x00007f5f6f75e000)]
  0x00007f5fd00fd800 JavaThread "C2 CompilerThread5" daemon [_thread_blocked, id=36775, stack(0x00007f5f6f75f000,0x00007f5f6f85f000)]
  0x00007f5fd00f3800 JavaThread "C2 CompilerThread4" daemon [_thread_blocked, id=36774, stack(0x00007f5f6f860000,0x00007f5f6f960000)]
  0x00007f5fd00f1800 JavaThread "C2 CompilerThread3" daemon [_thread_blocked, id=36773, stack(0x00007f5f6f961000,0x00007f5f6fa61000)]
  0x00007f5fd00ef000 JavaThread "C2 CompilerThread2" daemon [_thread_blocked, id=36772, stack(0x00007f5f6fa62000,0x00007f5f6fb62000)]
  0x00007f5fd00ed800 JavaThread "C2 CompilerThread1" daemon [_thread_blocked, id=36771, stack(0x00007f5f6fb63000,0x00007f5f6fc63000)]
  0x00007f5fd00ea800 JavaThread "C2 CompilerThread0" daemon [_thread_blocked, id=36770, stack(0x00007f5f6fc64000,0x00007f5f6fd64000)]
  0x00007f5fd00e9000 JavaThread "Signal Dispatcher" daemon [_thread_blocked, id=36769, stack(0x00007f5f6fd64000,0x00007f5f6fe65000)]
  0x00007f5fd00b5800 JavaThread "Finalizer" daemon [_thread_blocked, id=36768, stack(0x00007f5f74077000,0x00007f5f74178000)]
  0x00007f5fd00b3000 JavaThread "Reference Handler" daemon [_thread_blocked, id=36767, stack(0x00007f5f74178000,0x00007f5f74279000)]
=>0x00007f5fd000a800 JavaThread "main" [_thread_in_native, id=36737, stack(0x00007f5fd72d7000,0x00007f5fd73d7000)]

Other Threads:
  0x00007f5fd00a9800 VMThread [stack: 0x00007f5f7427a000,0x00007f5f7437a000] [id=36766]
  0x00007f5fd0116000 WatcherThread [stack: 0x00007f5f6ec54000,0x00007f5f6ed54000] [id=36786]

VM state:not at safepoint (normal execution)

VM Mutex/Monitor currently owned by a thread: None

heap address: 0x00000003d3000000, size: 16080 MB, Compressed Oops mode: Zero based, Oop shift amount: 3
Narrow klass base: 0x0000000000000000, Narrow klass shift: 3
Compressed class space size: 1073741824 Address: 0x00000007c0000000

Heap:
 PSYoungGen      total 300544K, used 10321K [0x0000000671000000, 0x0000000685f00000, 0x00000007c0000000)
  eden space 258048K, 4% used [0x0000000671000000,0x0000000671a147c8,0x0000000680c00000)
  from space 42496K, 0% used [0x0000000683580000,0x0000000683580000,0x0000000685f00000)
  to   space 42496K, 0% used [0x0000000680c00000,0x0000000680c00000,0x0000000683580000)
 ParOldGen       total 687104K, used 0K [0x00000003d3000000, 0x00000003fcf00000, 0x0000000671000000)
  object space 687104K, 0% used [0x00000003d3000000,0x00000003d3000000,0x00000003fcf00000)
 Metaspace       used 2505K, capacity 4486K, committed 4864K, reserved 1056768K
  class space    used 268K, capacity 386K, committed 512K, reserved 1048576K

Card table byte_map: [0x00007f5fbf097000,0x00007f5fc1000000] byte_map_base: 0x00007f5fbd1ff000

Marking Bits: (ParMarkBitMap*) 0x00007f5fd67ced80
 Begin Bits: [0x00007f5f74980000, 0x00007f5f844c0000)
 End Bits:   [0x00007f5f844c0000, 0x00007f5f94000000)

Polling page: 0x00007f5fd73e6000

CodeCache: size=245760Kb used=3338Kb max_used=3338Kb free=242421Kb
 bounds [0x00007f5fc1000000, 0x00007f5fc1350000, 0x00007f5fd0000000]
 total_blobs=248 nmethods=15 adapters=144
 compilation: enabled

Compilation events (10 events):
Event: 0.083 Thread 0x00007f5fd0110800   12       1       java.lang.ref.Reference::get (5 bytes)
Event: 0.083 Thread 0x00007f5fd0110800 nmethod 12 0x00007f5fc1334a90 code [0x00007f5fc1334be0, 0x00007f5fc1334cf0]
Event: 0.083 Thread 0x00007f5fd010a800 nmethod 11 0x00007f5fc133fad0 code [0x00007f5fc133fca0, 0x00007f5fc1340198]
Event: 0.084 Thread 0x00007f5fd0108000 nmethod 10 0x00007f5fc1340bd0 code [0x00007f5fc1340de0, 0x00007f5fc1341918]
Event: 0.097 Thread 0x00007f5fd010e800   13       1       java.lang.ThreadLocal::access$400 (5 bytes)
Event: 0.097 Thread 0x00007f5fd010e800 nmethod 13 0x00007f5fc1341e50 code [0x00007f5fc1341fa0, 0x00007f5fc1342090]
Event: 0.098 Thread 0x00007f5fd0110800   14       3       java.lang.String::getChars (62 bytes)
Event: 0.098 Thread 0x00007f5fd0110800 nmethod 14 0x00007f5fc1342110 code [0x00007f5fc13422c0, 0x00007f5fc13426f8]
Event: 0.099 Thread 0x00007f5fd010e800   15       3       java.lang.System::getSecurityManager (4 bytes)
Event: 0.099 Thread 0x00007f5fd010e800 nmethod 15 0x00007f5fc1342910 code [0x00007f5fc1342a60, 0x00007f5fc1342bb0]

GC Heap History (0 events):
No events

Deoptimization events (0 events):
No events

Classes redefined (0 events):
No events

Internal exceptions (2 events):
Event: 0.042 Thread 0x00007f5fd000a800 Exception <a 'java/lang/NoSuchMethodError': Method sun.misc.Unsafe.defineClass(Ljava/lang/String;[BII)Ljava/lang/Class; name or signature does not match> (0x0000000671007cb0) thrown at [/HUDSON/workspace/8-2-build-linux-amd64/jdk8u201/12317/hotspot/src/sh
Event: 0.042 Thread 0x00007f5fd000a800 Exception <a 'java/lang/NoSuchMethodError': Method sun.misc.Unsafe.prefetchRead(Ljava/lang/Object;J)V name or signature does not match> (0x0000000671007f98) thrown at [/HUDSON/workspace/8-2-build-linux-amd64/jdk8u201/12317/hotspot/src/share/vm/prims/jni.c

Events (10 events):
Event: 0.100 loading class sun/reflect/UnsafeStaticObjectFieldAccessorImpl
Event: 0.100 loading class sun/reflect/UnsafeStaticObjectFieldAccessorImpl done
Event: 0.100 loading class java/util/HashMap$EntrySet
Event: 0.100 loading class java/util/HashMap$EntrySet done
Event: 0.100 loading class java/util/HashMap$EntryIterator
Event: 0.100 loading class java/util/HashMap$HashIterator
Event: 0.100 loading class java/util/HashMap$HashIterator done
Event: 0.100 loading class java/util/HashMap$EntryIterator done
Event: 0.101 loading class java/lang/ClassLoaderHelper
Event: 0.101 loading class java/lang/ClassLoaderHelper done


Dynamic libraries:
00400000-00401000 r-xp 00000000 08:02 160962041                          /usr/lib/jvm/java-8-oracle/jre/bin/java
00600000-00601000 r--p 00000000 08:02 160962041                          /usr/lib/jvm/java-8-oracle/jre/bin/java
00601000-00602000 rw-p 00001000 08:02 160962041                          /usr/lib/jvm/java-8-oracle/jre/bin/java
0237d000-0239e000 rw-p 00000000 00:00 0                                  [heap]
3d3000000-3fcf00000 rw-p 00000000 00:00 0 
3fcf00000-671000000 ---p 00000000 00:00 0 
671000000-685f00000 rw-p 00000000 00:00 0 
685f00000-7c0000000 ---p 00000000 00:00 0 
7c0000000-7c0080000 rw-p 00000000 00:00 0 
7c0080000-800000000 ---p 00000000 00:00 0 
7f5e88000000-7f5e88021000 rw-p 00000000 00:00 0 
7f5e88021000-7f5e8c000000 ---p 00000000 00:00 0 
7f5e8c000000-7f5e8c021000 rw-p 00000000 00:00 0 
7f5e8c021000-7f5e90000000 ---p 00000000 00:00 0 
7f5e90000000-7f5e90021000 rw-p 00000000 00:00 0 
7f5e90021000-7f5e94000000 ---p 00000000 00:00 0 
7f5e94000000-7f5e94021000 rw-p 00000000 00:00 0 
7f5e94021000-7f5e98000000 ---p 00000000 00:00 0 
7f5e98000000-7f5e98021000 rw-p 00000000 00:00 0 
7f5e98021000-7f5e9c000000 ---p 00000000 00:00 0 
7f5e9c000000-7f5e9c021000 rw-p 00000000 00:00 0 
7f5e9c021000-7f5ea0000000 ---p 00000000 00:00 0 
7f5ea0000000-7f5ea0021000 rw-p 00000000 00:00 0 
7f5ea0021000-7f5ea4000000 ---p 00000000 00:00 0 
7f5ea4000000-7f5ea4021000 rw-p 00000000 00:00 0 
7f5ea4021000-7f5ea8000000 ---p 00000000 00:00 0 
7f5ea8000000-7f5ea8021000 rw-p 00000000 00:00 0 
7f5ea8021000-7f5eac000000 ---p 00000000 00:00 0 
7f5eac000000-7f5eac021000 rw-p 00000000 00:00 0 
7f5eac021000-7f5eb0000000 ---p 00000000 00:00 0 
7f5eb0000000-7f5eb0021000 rw-p 00000000 00:00 0 
7f5eb0021000-7f5eb4000000 ---p 00000000 00:00 0 
7f5eb4000000-7f5eb4021000 rw-p 00000000 00:00 0 
7f5eb4021000-7f5eb8000000 ---p 00000000 00:00 0 
7f5eb8000000-7f5eb8021000 rw-p 00000000 00:00 0 
7f5eb8021000-7f5ebc000000 ---p 00000000 00:00 0 
7f5ebc000000-7f5ebc021000 rw-p 00000000 00:00 0 
7f5ebc021000-7f5ec0000000 ---p 00000000 00:00 0 
7f5ec0000000-7f5ec0021000 rw-p 00000000 00:00 0 
7f5ec0021000-7f5ec4000000 ---p 00000000 00:00 0 
7f5ec4000000-7f5ec4086000 rw-p 00000000 00:00 0 
7f5ec4086000-7f5ec8000000 ---p 00000000 00:00 0 
7f5ec8000000-7f5ec8021000 rw-p 00000000 00:00 0 
7f5ec8021000-7f5ecc000000 ---p 00000000 00:00 0 
7f5ecc000000-7f5ecc021000 rw-p 00000000 00:00 0 
7f5ecc021000-7f5ed0000000 ---p 00000000 00:00 0 
7f5ed0000000-7f5ed0021000 rw-p 00000000 00:00 0 
7f5ed0021000-7f5ed4000000 ---p 00000000 00:00 0 
7f5ed4000000-7f5ed4021000 rw-p 00000000 00:00 0 
7f5ed4021000-7f5ed8000000 ---p 00000000 00:00 0 
7f5ed8000000-7f5ed8021000 rw-p 00000000 00:00 0 
7f5ed8021000-7f5edc000000 ---p 00000000 00:00 0 
7f5edc000000-7f5edc021000 rw-p 00000000 00:00 0 
7f5edc021000-7f5ee0000000 ---p 00000000 00:00 0 
7f5ee0000000-7f5ee0021000 rw-p 00000000 00:00 0 
7f5ee0021000-7f5ee4000000 ---p 00000000 00:00 0 
7f5ee8000000-7f5ee8021000 rw-p 00000000 00:00 0 
7f5ee8021000-7f5eec000000 ---p 00000000 00:00 0 
7f5ef0000000-7f5ef0021000 rw-p 00000000 00:00 0 
7f5ef0021000-7f5ef4000000 ---p 00000000 00:00 0 
7f5ef8000000-7f5ef8021000 rw-p 00000000 00:00 0 
7f5ef8021000-7f5efc000000 ---p 00000000 00:00 0 
7f5f00000000-7f5f00021000 rw-p 00000000 00:00 0 
7f5f00021000-7f5f04000000 ---p 00000000 00:00 0 
7f5f08000000-7f5f08021000 rw-p 00000000 00:00 0 
7f5f08021000-7f5f0c000000 ---p 00000000 00:00 0 
7f5f10000000-7f5f10021000 rw-p 00000000 00:00 0 
7f5f10021000-7f5f14000000 ---p 00000000 00:00 0 
7f5f18000000-7f5f18021000 rw-p 00000000 00:00 0 
7f5f18021000-7f5f1c000000 ---p 00000000 00:00 0 
7f5f20000000-7f5f20021000 rw-p 00000000 00:00 0 
7f5f20021000-7f5f24000000 ---p 00000000 00:00 0 
7f5f28000000-7f5f28021000 rw-p 00000000 00:00 0 
7f5f28021000-7f5f2c000000 ---p 00000000 00:00 0 
7f5f30000000-7f5f30021000 rw-p 00000000 00:00 0 
7f5f30021000-7f5f34000000 ---p 00000000 00:00 0 
7f5f38000000-7f5f38021000 rw-p 00000000 00:00 0 
7f5f38021000-7f5f3c000000 ---p 00000000 00:00 0 
7f5f40000000-7f5f40021000 rw-p 00000000 00:00 0 
7f5f40021000-7f5f44000000 ---p 00000000 00:00 0 
7f5f48000000-7f5f48021000 rw-p 00000000 00:00 0 
7f5f48021000-7f5f4c000000 ---p 00000000 00:00 0 
7f5f50000000-7f5f50021000 rw-p 00000000 00:00 0 
7f5f50021000-7f5f54000000 ---p 00000000 00:00 0 
7f5f58000000-7f5f58021000 rw-p 00000000 00:00 0 
7f5f58021000-7f5f5c000000 ---p 00000000 00:00 0 
7f5f60000000-7f5f60021000 rw-p 00000000 00:00 0 
7f5f60021000-7f5f64000000 ---p 00000000 00:00 0 
7f5f68000000-7f5f68021000 rw-p 00000000 00:00 0 
7f5f68021000-7f5f6c000000 ---p 00000000 00:00 0 
7f5f6e7b6000-7f5f6ea4b000 rw-p 00000000 00:00 0 
7f5f6ea4b000-7f5f6ea51000 r-xp 00000000 08:02 96340375                   /home/kmahmou1/jikes/jikesrvm/energy/64/libCPUScaler.so
7f5f6ea51000-7f5f6ec51000 ---p 00006000 08:02 96340375                   /home/kmahmou1/jikes/jikesrvm/energy/64/libCPUScaler.so
7f5f6ec51000-7f5f6ec52000 r--p 00006000 08:02 96340375                   /home/kmahmou1/jikes/jikesrvm/energy/64/libCPUScaler.so
7f5f6ec52000-7f5f6ec53000 rw-p 00007000 08:02 96340375                   /home/kmahmou1/jikes/jikesrvm/energy/64/libCPUScaler.so
7f5f6ec53000-7f5f6ec54000 ---p 00000000 00:00 0 
7f5f6ec54000-7f5f6ed54000 rw-p 00000000 00:00 0 
7f5f6ed54000-7f5f6ed57000 ---p 00000000 00:00 0 
7f5f6ed57000-7f5f6ee55000 rw-p 00000000 00:00 0 
7f5f6ee55000-7f5f6ee56000 ---p 00000000 00:00 0 
7f5f6ee56000-7f5f6ee59000 ---p 00000000 00:00 0 
7f5f6ee59000-7f5f6ef56000 rw-p 00000000 00:00 0 
7f5f6ef56000-7f5f6ef57000 ---p 00000000 00:00 0 
7f5f6ef57000-7f5f6ef5a000 ---p 00000000 00:00 0 
7f5f6ef5a000-7f5f6f057000 rw-p 00000000 00:00 0 
7f5f6f057000-7f5f6f058000 ---p 00000000 00:00 0 
7f5f6f058000-7f5f6f05b000 ---p 00000000 00:00 0 
7f5f6f05b000-7f5f6f158000 rw-p 00000000 00:00 0 
7f5f6f158000-7f5f6f159000 ---p 00000000 00:00 0 
7f5f6f159000-7f5f6f15c000 ---p 00000000 00:00 0 
7f5f6f15c000-7f5f6f259000 rw-p 00000000 00:00 0 
7f5f6f259000-7f5f6f25a000 ---p 00000000 00:00 0 
7f5f6f25a000-7f5f6f25d000 ---p 00000000 00:00 0 
7f5f6f25d000-7f5f6f35a000 rw-p 00000000 00:00 0 
7f5f6f35a000-7f5f6f35b000 ---p 00000000 00:00 0 
7f5f6f35b000-7f5f6f35e000 ---p 00000000 00:00 0 
7f5f6f35e000-7f5f6f45b000 rw-p 00000000 00:00 0 
7f5f6f45b000-7f5f6f45c000 ---p 00000000 00:00 0 
7f5f6f45c000-7f5f6f45f000 ---p 00000000 00:00 0 
7f5f6f45f000-7f5f6f55c000 rw-p 00000000 00:00 0 
7f5f6f55c000-7f5f6f55d000 ---p 00000000 00:00 0 
7f5f6f55d000-7f5f6f560000 ---p 00000000 00:00 0 
7f5f6f560000-7f5f6f65d000 rw-p 00000000 00:00 0 
7f5f6f65d000-7f5f6f65e000 ---p 00000000 00:00 0 
7f5f6f65e000-7f5f6f661000 ---p 00000000 00:00 0 
7f5f6f661000-7f5f6f75e000 rw-p 00000000 00:00 0 
7f5f6f75e000-7f5f6f75f000 ---p 00000000 00:00 0 
7f5f6f75f000-7f5f6f762000 ---p 00000000 00:00 0 
7f5f6f762000-7f5f6f85f000 rw-p 00000000 00:00 0 
7f5f6f85f000-7f5f6f860000 ---p 00000000 00:00 0 
7f5f6f860000-7f5f6f863000 ---p 00000000 00:00 0 
7f5f6f863000-7f5f6f960000 rw-p 00000000 00:00 0 
7f5f6f960000-7f5f6f961000 ---p 00000000 00:00 0 
7f5f6f961000-7f5f6f964000 ---p 00000000 00:00 0 
7f5f6f964000-7f5f6fa61000 rw-p 00000000 00:00 0 
7f5f6fa61000-7f5f6fa62000 ---p 00000000 00:00 0 
7f5f6fa62000-7f5f6fa65000 ---p 00000000 00:00 0 
7f5f6fa65000-7f5f6fb62000 rw-p 00000000 00:00 0 
7f5f6fb62000-7f5f6fb63000 ---p 00000000 00:00 0 
7f5f6fb63000-7f5f6fb66000 ---p 00000000 00:00 0 
7f5f6fb66000-7f5f6fc63000 rw-p 00000000 00:00 0 
7f5f6fc63000-7f5f6fc64000 ---p 00000000 00:00 0 
7f5f6fc64000-7f5f6fc67000 ---p 00000000 00:00 0 
7f5f6fc67000-7f5f6fd64000 rw-p 00000000 00:00 0 
7f5f6fd64000-7f5f6fd67000 ---p 00000000 00:00 0 
7f5f6fd67000-7f5f6fe65000 rw-p 00000000 00:00 0 
7f5f6fe65000-7f5f70000000 r--p 00000000 08:02 160301694                  /usr/lib/locale/locale-archive
7f5f70000000-7f5f70021000 rw-p 00000000 00:00 0 
7f5f70021000-7f5f74000000 ---p 00000000 00:00 0 
7f5f74077000-7f5f7407a000 ---p 00000000 00:00 0 
7f5f7407a000-7f5f74178000 rw-p 00000000 00:00 0 
7f5f74178000-7f5f7417b000 ---p 00000000 00:00 0 
7f5f7417b000-7f5f74279000 rw-p 00000000 00:00 0 
7f5f74279000-7f5f7427a000 ---p 00000000 00:00 0 
7f5f7427a000-7f5f74980000 rw-p 00000000 00:00 0 
7f5f74980000-7f5f94000000 rw-p 00000000 00:00 0 
7f5f94000000-7f5f94021000 rw-p 00000000 00:00 0 
7f5f94021000-7f5f98000000 ---p 00000000 00:00 0 
7f5f9800e000-7f5f9c000000 rw-p 00000000 00:00 0 
7f5f9c000000-7f5f9c021000 rw-p 00000000 00:00 0 
7f5f9c021000-7f5fa0000000 ---p 00000000 00:00 0 
7f5fa0000000-7f5fa0021000 rw-p 00000000 00:00 0 
7f5fa0021000-7f5fa4000000 ---p 00000000 00:00 0 
7f5fa4000000-7f5fa4021000 rw-p 00000000 00:00 0 
7f5fa4021000-7f5fa8000000 ---p 00000000 00:00 0 
7f5fa8000000-7f5fa8021000 rw-p 00000000 00:00 0 
7f5fa8021000-7f5fac000000 ---p 00000000 00:00 0 
7f5fac000000-7f5fac021000 rw-p 00000000 00:00 0 
7f5fac021000-7f5fb0000000 ---p 00000000 00:00 0 
7f5fb0000000-7f5fb0021000 rw-p 00000000 00:00 0 
7f5fb0021000-7f5fb4000000 ---p 00000000 00:00 0 
7f5fb4000000-7f5fb4021000 rw-p 00000000 00:00 0 
7f5fb4021000-7f5fb8000000 ---p 00000000 00:00 0 
7f5fb8013000-7f5fb950e000 rw-p 00000000 00:00 0 
7f5fb950e000-7f5fb96e8000 r--s 03d6f000 08:02 160962147                  /usr/lib/jvm/java-8-oracle/jre/lib/rt.jar
7f5fb96e8000-7f5fb9b28000 rw-p 00000000 00:00 0 
7f5fb9b28000-7f5fb9ee8000 ---p 00000000 00:00 0 
7f5fb9ee8000-7f5fbbf8b000 rw-p 00000000 00:00 0 
7f5fbbf8b000-7f5fbbf8c000 ---p 00000000 00:00 0 
7f5fbbf8c000-7f5fbc08c000 rw-p 00000000 00:00 0 
7f5fbc08c000-7f5fbc08d000 ---p 00000000 00:00 0 
7f5fbc08d000-7f5fbc18d000 rw-p 00000000 00:00 0 
7f5fbc18d000-7f5fbc18e000 ---p 00000000 00:00 0 
7f5fbc18e000-7f5fbc28e000 rw-p 00000000 00:00 0 
7f5fbc28e000-7f5fbc28f000 ---p 00000000 00:00 0 
7f5fbc28f000-7f5fbc38f000 rw-p 00000000 00:00 0 
7f5fbc38f000-7f5fbc390000 ---p 00000000 00:00 0 
7f5fbc390000-7f5fbc490000 rw-p 00000000 00:00 0 
7f5fbc490000-7f5fbc491000 ---p 00000000 00:00 0 
7f5fbc491000-7f5fbc591000 rw-p 00000000 00:00 0 
7f5fbc591000-7f5fbc592000 ---p 00000000 00:00 0 
7f5fbc592000-7f5fbc692000 rw-p 00000000 00:00 0 
7f5fbc692000-7f5fbc693000 ---p 00000000 00:00 0 
7f5fbc693000-7f5fbc793000 rw-p 00000000 00:00 0 
7f5fbc793000-7f5fbc794000 ---p 00000000 00:00 0 
7f5fbc794000-7f5fbc894000 rw-p 00000000 00:00 0 
7f5fbc894000-7f5fbc895000 ---p 00000000 00:00 0 
7f5fbc895000-7f5fbc995000 rw-p 00000000 00:00 0 
7f5fbc995000-7f5fbc996000 ---p 00000000 00:00 0 
7f5fbc996000-7f5fbca96000 rw-p 00000000 00:00 0 
7f5fbca96000-7f5fbca97000 ---p 00000000 00:00 0 
7f5fbca97000-7f5fbcb97000 rw-p 00000000 00:00 0 
7f5fbcb97000-7f5fbcb98000 ---p 00000000 00:00 0 
7f5fbcb98000-7f5fbcc98000 rw-p 00000000 00:00 0 
7f5fbcc98000-7f5fbcc99000 ---p 00000000 00:00 0 
7f5fbcc99000-7f5fbcd99000 rw-p 00000000 00:00 0 
7f5fbcd99000-7f5fbcd9a000 ---p 00000000 00:00 0 
7f5fbcd9a000-7f5fbce9a000 rw-p 00000000 00:00 0 
7f5fbce9a000-7f5fbce9b000 ---p 00000000 00:00 0 
7f5fbce9b000-7f5fbcf9b000 rw-p 00000000 00:00 0 
7f5fbcf9b000-7f5fbcf9c000 ---p 00000000 00:00 0 
7f5fbcf9c000-7f5fbd09c000 rw-p 00000000 00:00 0 
7f5fbd09c000-7f5fbd09d000 ---p 00000000 00:00 0 
7f5fbd09d000-7f5fbd19d000 rw-p 00000000 00:00 0 
7f5fbd19d000-7f5fbd19e000 ---p 00000000 00:00 0 
7f5fbd19e000-7f5fbd29e000 rw-p 00000000 00:00 0 
7f5fbd29e000-7f5fbd29f000 ---p 00000000 00:00 0 
7f5fbd29f000-7f5fbd39f000 rw-p 00000000 00:00 0 
7f5fbd39f000-7f5fbd3a0000 ---p 00000000 00:00 0 
7f5fbd3a0000-7f5fbd4a0000 rw-p 00000000 00:00 0 
7f5fbd4a0000-7f5fbd4a1000 ---p 00000000 00:00 0 
7f5fbd4a1000-7f5fbd5a1000 rw-p 00000000 00:00 0 
7f5fbd5a1000-7f5fbd5a2000 ---p 00000000 00:00 0 
7f5fbd5a2000-7f5fbd6a2000 rw-p 00000000 00:00 0 
7f5fbd6a2000-7f5fbd6a3000 ---p 00000000 00:00 0 
7f5fbd6a3000-7f5fbd7a3000 rw-p 00000000 00:00 0 
7f5fbd7a3000-7f5fbd7a4000 ---p 00000000 00:00 0 
7f5fbd7a4000-7f5fbd8a4000 rw-p 00000000 00:00 0 
7f5fbd8a4000-7f5fbd8a5000 ---p 00000000 00:00 0 
7f5fbd8a5000-7f5fbd9a5000 rw-p 00000000 00:00 0 
7f5fbd9a5000-7f5fbd9a6000 ---p 00000000 00:00 0 
7f5fbd9a6000-7f5fbdaa6000 rw-p 00000000 00:00 0 
7f5fbdaa6000-7f5fbdaa7000 ---p 00000000 00:00 0 
7f5fbdaa7000-7f5fbdba7000 rw-p 00000000 00:00 0 
7f5fbdba7000-7f5fbdcf7000 rw-p 00000000 00:00 0 
7f5fbdcf7000-7f5fbf097000 ---p 00000000 00:00 0 
7f5fbf097000-7f5fbf1e7000 rw-p 00000000 00:00 0 
7f5fbf1e7000-7f5fc0587000 ---p 00000000 00:00 0 
7f5fc0587000-7f5fc062f000 rw-p 00000000 00:00 0 
7f5fc062f000-7f5fc0fff000 ---p 00000000 00:00 0 
7f5fc0fff000-7f5fc1000000 rw-p 00000000 00:00 0 
7f5fc1000000-7f5fc1350000 rwxp 00000000 00:00 0 
7f5fc1350000-7f5fd0000000 ---p 00000000 00:00 0 
7f5fd0000000-7f5fd0142000 rw-p 00000000 00:00 0 
7f5fd0142000-7f5fd4000000 ---p 00000000 00:00 0 
7f5fd4008000-7f5fd409f000 rw-p 00000000 00:00 0 
7f5fd409f000-7f5fd40ad000 rw-p 00000000 00:00 0 
7f5fd40ad000-7f5fd445f000 ---p 00000000 00:00 0 
7f5fd445f000-7f5fd447a000 r-xp 00000000 08:02 160962360                  /usr/lib/jvm/java-8-oracle/jre/lib/amd64/libzip.so
7f5fd447a000-7f5fd4679000 ---p 0001b000 08:02 160962360                  /usr/lib/jvm/java-8-oracle/jre/lib/amd64/libzip.so
7f5fd4679000-7f5fd467a000 r--p 0001a000 08:02 160962360                  /usr/lib/jvm/java-8-oracle/jre/lib/amd64/libzip.so
7f5fd467a000-7f5fd467b000 rw-p 0001b000 08:02 160962360                  /usr/lib/jvm/java-8-oracle/jre/lib/amd64/libzip.so
7f5fd467b000-7f5fd4685000 r-xp 00000000 08:02 21103107                   /lib/x86_64-linux-gnu/libnss_files-2.24.so
7f5fd4685000-7f5fd4885000 ---p 0000a000 08:02 21103107                   /lib/x86_64-linux-gnu/libnss_files-2.24.so
7f5fd4885000-7f5fd4886000 r--p 0000a000 08:02 21103107                   /lib/x86_64-linux-gnu/libnss_files-2.24.so
7f5fd4886000-7f5fd4887000 rw-p 0000b000 08:02 21103107                   /lib/x86_64-linux-gnu/libnss_files-2.24.so
7f5fd4887000-7f5fd488d000 rw-p 00000000 00:00 0 
7f5fd488d000-7f5fd4898000 r-xp 00000000 08:02 21103421                   /lib/x86_64-linux-gnu/libnss_nis-2.24.so
7f5fd4898000-7f5fd4a97000 ---p 0000b000 08:02 21103421                   /lib/x86_64-linux-gnu/libnss_nis-2.24.so
7f5fd4a97000-7f5fd4a98000 r--p 0000a000 08:02 21103421                   /lib/x86_64-linux-gnu/libnss_nis-2.24.so
7f5fd4a98000-7f5fd4a99000 rw-p 0000b000 08:02 21103421                   /lib/x86_64-linux-gnu/libnss_nis-2.24.so
7f5fd4a99000-7f5fd4aad000 r-xp 00000000 08:02 21103104                   /lib/x86_64-linux-gnu/libnsl-2.24.so
7f5fd4aad000-7f5fd4cad000 ---p 00014000 08:02 21103104                   /lib/x86_64-linux-gnu/libnsl-2.24.so
7f5fd4cad000-7f5fd4cae000 r--p 00014000 08:02 21103104                   /lib/x86_64-linux-gnu/libnsl-2.24.so
7f5fd4cae000-7f5fd4caf000 rw-p 00015000 08:02 21103104                   /lib/x86_64-linux-gnu/libnsl-2.24.so
7f5fd4caf000-7f5fd4cb1000 rw-p 00000000 00:00 0 
7f5fd4cb1000-7f5fd4cb8000 r-xp 00000000 08:02 21103105                   /lib/x86_64-linux-gnu/libnss_compat-2.24.so
7f5fd4cb8000-7f5fd4eb7000 ---p 00007000 08:02 21103105                   /lib/x86_64-linux-gnu/libnss_compat-2.24.so
7f5fd4eb7000-7f5fd4eb8000 r--p 00006000 08:02 21103105                   /lib/x86_64-linux-gnu/libnss_compat-2.24.so
7f5fd4eb8000-7f5fd4eb9000 rw-p 00007000 08:02 21103105                   /lib/x86_64-linux-gnu/libnss_compat-2.24.so
7f5fd4eb9000-7f5fd4ee5000 r-xp 00000000 08:02 160962354                  /usr/lib/jvm/java-8-oracle/jre/lib/amd64/libjava.so
7f5fd4ee5000-7f5fd50e5000 ---p 0002c000 08:02 160962354                  /usr/lib/jvm/java-8-oracle/jre/lib/amd64/libjava.so
7f5fd50e5000-7f5fd50e6000 r--p 0002c000 08:02 160962354                  /usr/lib/jvm/java-8-oracle/jre/lib/amd64/libjava.so
7f5fd50e6000-7f5fd50e8000 rw-p 0002d000 08:02 160962354                  /usr/lib/jvm/java-8-oracle/jre/lib/amd64/libjava.so
7f5fd50e8000-7f5fd50f5000 r-xp 00000000 08:02 160962359                  /usr/lib/jvm/java-8-oracle/jre/lib/amd64/libverify.so
7f5fd50f5000-7f5fd52f4000 ---p 0000d000 08:02 160962359                  /usr/lib/jvm/java-8-oracle/jre/lib/amd64/libverify.so
7f5fd52f4000-7f5fd52f6000 r--p 0000c000 08:02 160962359                  /usr/lib/jvm/java-8-oracle/jre/lib/amd64/libverify.so
7f5fd52f6000-7f5fd52f7000 rw-p 0000e000 08:02 160962359                  /usr/lib/jvm/java-8-oracle/jre/lib/amd64/libverify.so
7f5fd52f7000-7f5fd52fe000 r-xp 00000000 08:02 21103439                   /lib/x86_64-linux-gnu/librt-2.24.so
7f5fd52fe000-7f5fd54fd000 ---p 00007000 08:02 21103439                   /lib/x86_64-linux-gnu/librt-2.24.so
7f5fd54fd000-7f5fd54fe000 r--p 00006000 08:02 21103439                   /lib/x86_64-linux-gnu/librt-2.24.so
7f5fd54fe000-7f5fd54ff000 rw-p 00007000 08:02 21103439                   /lib/x86_64-linux-gnu/librt-2.24.so
7f5fd54ff000-7f5fd5602000 r-xp 00000000 08:02 21103099                   /lib/x86_64-linux-gnu/libm-2.24.so
7f5fd5602000-7f5fd5801000 ---p 00103000 08:02 21103099                   /lib/x86_64-linux-gnu/libm-2.24.so
7f5fd5801000-7f5fd5802000 r--p 00102000 08:02 21103099                   /lib/x86_64-linux-gnu/libm-2.24.so
7f5fd5802000-7f5fd5803000 rw-p 00103000 08:02 21103099                   /lib/x86_64-linux-gnu/libm-2.24.so
7f5fd5803000-7f5fd64eb000 r-xp 00000000 08:02 160962336                  /usr/lib/jvm/java-8-oracle/jre/lib/amd64/server/libjvm.so
7f5fd64eb000-7f5fd66ea000 ---p 00ce8000 08:02 160962336                  /usr/lib/jvm/java-8-oracle/jre/lib/amd64/server/libjvm.so
7f5fd66ea000-7f5fd6780000 r--p 00ce7000 08:02 160962336                  /usr/lib/jvm/java-8-oracle/jre/lib/amd64/server/libjvm.so
7f5fd6780000-7f5fd67b1000 rw-p 00d7d000 08:02 160962336                  /usr/lib/jvm/java-8-oracle/jre/lib/amd64/server/libjvm.so
7f5fd67b1000-7f5fd67ec000 rw-p 00000000 00:00 0 
7f5fd67ec000-7f5fd6981000 r-xp 00000000 08:02 21103086                   /lib/x86_64-linux-gnu/libc-2.24.so
7f5fd6981000-7f5fd6b81000 ---p 00195000 08:02 21103086                   /lib/x86_64-linux-gnu/libc-2.24.so
7f5fd6b81000-7f5fd6b85000 r--p 00195000 08:02 21103086                   /lib/x86_64-linux-gnu/libc-2.24.so
7f5fd6b85000-7f5fd6b87000 rw-p 00199000 08:02 21103086                   /lib/x86_64-linux-gnu/libc-2.24.so
7f5fd6b87000-7f5fd6b8b000 rw-p 00000000 00:00 0 
7f5fd6b8b000-7f5fd6b8e000 r-xp 00000000 08:02 21103098                   /lib/x86_64-linux-gnu/libdl-2.24.so
7f5fd6b8e000-7f5fd6d8d000 ---p 00003000 08:02 21103098                   /lib/x86_64-linux-gnu/libdl-2.24.so
7f5fd6d8d000-7f5fd6d8e000 r--p 00002000 08:02 21103098                   /lib/x86_64-linux-gnu/libdl-2.24.so
7f5fd6d8e000-7f5fd6d8f000 rw-p 00003000 08:02 21103098                   /lib/x86_64-linux-gnu/libdl-2.24.so
7f5fd6d8f000-7f5fd6da6000 r-xp 00000000 08:02 160962331                  /usr/lib/jvm/java-8-oracle/jre/lib/amd64/jli/libjli.so
7f5fd6da6000-7f5fd6fa5000 ---p 00017000 08:02 160962331                  /usr/lib/jvm/java-8-oracle/jre/lib/amd64/jli/libjli.so
7f5fd6fa5000-7f5fd6fa6000 r--p 00016000 08:02 160962331                  /usr/lib/jvm/java-8-oracle/jre/lib/amd64/jli/libjli.so
7f5fd6fa6000-7f5fd6fa7000 rw-p 00017000 08:02 160962331                  /usr/lib/jvm/java-8-oracle/jre/lib/amd64/jli/libjli.so
7f5fd6fa7000-7f5fd6fbf000 r-xp 00000000 08:02 21103433                   /lib/x86_64-linux-gnu/libpthread-2.24.so
7f5fd6fbf000-7f5fd71be000 ---p 00018000 08:02 21103433                   /lib/x86_64-linux-gnu/libpthread-2.24.so
7f5fd71be000-7f5fd71bf000 r--p 00017000 08:02 21103433                   /lib/x86_64-linux-gnu/libpthread-2.24.so
7f5fd71bf000-7f5fd71c0000 rw-p 00018000 08:02 21103433                   /lib/x86_64-linux-gnu/libpthread-2.24.so
7f5fd71c0000-7f5fd71c4000 rw-p 00000000 00:00 0 
7f5fd71c4000-7f5fd71e7000 r-xp 00000000 08:02 21102628                   /lib/x86_64-linux-gnu/ld-2.24.so
7f5fd7204000-7f5fd72d6000 rw-p 00000000 00:00 0 
7f5fd72d6000-7f5fd72d7000 ---p 00000000 00:00 0 
7f5fd72d7000-7f5fd72da000 ---p 00000000 00:00 0 
7f5fd72da000-7f5fd73db000 rw-p 00000000 00:00 0 
7f5fd73dd000-7f5fd73e5000 rw-s 00000000 08:02 93349509                   /tmp/hsperfdata_root/36736
7f5fd73e5000-7f5fd73e6000 rw-p 00000000 00:00 0 
7f5fd73e6000-7f5fd73e7000 r--p 00000000 00:00 0 
7f5fd73e7000-7f5fd73e8000 r--p 00023000 08:02 21102628                   /lib/x86_64-linux-gnu/ld-2.24.so
7f5fd73e8000-7f5fd73e9000 rw-p 00024000 08:02 21102628                   /lib/x86_64-linux-gnu/ld-2.24.so
7f5fd73e9000-7f5fd73ea000 rw-p 00000000 00:00 0 
7ffd26708000-7ffd26729000 rw-p 00000000 00:00 0                          [stack]
7ffd26763000-7ffd26765000 r--p 00000000 00:00 0                          [vvar]
7ffd26765000-7ffd26767000 r-xp 00000000 00:00 0                          [vdso]
ffffffffff600000-ffffffffff601000 r-xp 00000000 00:00 0                  [vsyscall]

VM Arguments:
java_command: energy.Scaler 1 userspace
java_class_path (initial): .
Launcher Type: SUN_STANDARD

Environment Variables:
PATH=/usr/local/sbin:/usr/local/bin:/usr/sbin:/usr/bin:/sbin:/bin
USERNAME=root
SHELL=/bin/bash

Signal Handlers:
SIGSEGV: [libjvm.so+0xad3e60], sa_mask[0]=11111111011111111101111111111110, sa_flags=SA_RESTART|SA_SIGINFO
SIGBUS: [libjvm.so+0xad3e60], sa_mask[0]=11111111011111111101111111111110, sa_flags=SA_RESTART|SA_SIGINFO
SIGFPE: [libjvm.so+0x90b880], sa_mask[0]=11111111011111111101111111111110, sa_flags=SA_RESTART|SA_SIGINFO
SIGPIPE: [libjvm.so+0x90b880], sa_mask[0]=11111111011111111101111111111110, sa_flags=SA_RESTART|SA_SIGINFO
SIGXFSZ: [libjvm.so+0x90b880], sa_mask[0]=11111111011111111101111111111110, sa_flags=SA_RESTART|SA_SIGINFO
SIGILL: [libjvm.so+0x90b880], sa_mask[0]=11111111011111111101111111111110, sa_flags=SA_RESTART|SA_SIGINFO
SIGUSR1: SIG_DFL, sa_mask[0]=00000000000000000000000000000000, sa_flags=none
SIGUSR2: [libjvm.so+0x90b750], sa_mask[0]=00000000000000000000000000000000, sa_flags=SA_RESTART|SA_SIGINFO
SIGHUP: [libjvm.so+0x90bd70], sa_mask[0]=11111111011111111101111111111110, sa_flags=SA_RESTART|SA_SIGINFO
SIGINT: [libjvm.so+0x90bd70], sa_mask[0]=11111111011111111101111111111110, sa_flags=SA_RESTART|SA_SIGINFO
SIGTERM: [libjvm.so+0x90bd70], sa_mask[0]=11111111011111111101111111111110, sa_flags=SA_RESTART|SA_SIGINFO
SIGQUIT: [libjvm.so+0x90bd70], sa_mask[0]=11111111011111111101111111111110, sa_flags=SA_RESTART|SA_SIGINFO


---------------  S Y S T E M  ---------------

OS:PRETTY_NAME="Debian GNU/Linux 9 (stretch)"
NAME="Debian GNU/Linux"
VERSION_ID="9"
VERSION="9 (stretch)"
ID=debian
HOME_URL="https://www.debian.org/"
SUPPORT_URL="https://www.debian.org/support"
BUG_REPORT_URL="https://bugs.debian.org/"

uname:Linux 4.9.0-0.bpo.8-amd64 #1 SMP Debian 4.9.144-3.1~deb8u1 (2019-03-14) x86_64
libc:glibc 2.24 NPTL 2.24 
rlimit: STACK 8192k, CORE 0k, NPROC 257182, NOFILE 65536, AS infinity
load average:1.00 0.86 0.46

/proc/meminfo:
MemTotal:       65860080 kB
MemFree:        47027424 kB
MemAvailable:   64868660 kB
Buffers:          208652 kB
Cached:         17909728 kB
SwapCached:            0 kB
Active:          1270388 kB
Inactive:       16891648 kB
Active(anon):      43944 kB
Inactive(anon):     9072 kB
Active(file):    1226444 kB
Inactive(file): 16882576 kB
Unevictable:           0 kB
Mlocked:               0 kB
SwapTotal:      118448124 kB
SwapFree:       118448124 kB
Dirty:                76 kB
Writeback:             0 kB
AnonPages:         43920 kB
Mapped:            33792 kB
Shmem:              9328 kB
Slab:             442116 kB
SReclaimable:     402456 kB
SUnreclaim:        39660 kB
KernelStack:        8192 kB
PageTables:         3548 kB
NFS_Unstable:          0 kB
Bounce:                0 kB
WritebackTmp:          0 kB
CommitLimit:    151378164 kB
Committed_AS:    1824816 kB
VmallocTotal:   34359738367 kB
VmallocUsed:           0 kB
VmallocChunk:          0 kB
HardwareCorrupted:     0 kB
AnonHugePages:         0 kB
ShmemHugePages:        0 kB
ShmemPmdMapped:        0 kB
HugePages_Total:       0
HugePages_Free:        0
HugePages_Rsvd:        0
HugePages_Surp:        0
Hugepagesize:       2048 kB
DirectMap4k:      158196 kB
DirectMap2M:     4968448 kB
DirectMap1G:    63963136 kB

container (cgroup) information:
container_type: cgroupv1
cpu_cpuset_cpus: 0-39
cpu_memory_nodes: 0-1
active_processor_count: 40
cpu_quota: -1
cpu_period: 100000
cpu_shares: -1
memory_limit_in_bytes: -1
memory_and_swap_limit_in_bytes: -2
memory_soft_limit_in_bytes: -1
memory_usage_in_bytes: 18598944768
memory_max_usage_in_bytes: 0


CPU:total 40 (initial active 40) (10 cores per cpu, 2 threads per core) family 6 model 79 stepping 1, cmov, cx8, fxsr, mmx, sse, sse2, sse3, ssse3, sse4.1, sse4.2, popcnt, avx, avx2, aes, clmul, erms, rtm, 3dnowpref, lzcnt, ht, tsc, tscinvbit, bmi1, bmi2, adx

/proc/cpuinfo:
processor	: 0
vendor_id	: GenuineIntel
cpu family	: 6
model		: 79
model name	: Intel(R) Xeon(R) CPU E5-2630 v4 @ 2.20GHz
stepping	: 1
microcode	: 0xb00001f
cpu MHz		: 1200.170
cache size	: 25600 KB
physical id	: 0
siblings	: 20
core id		: 0
cpu cores	: 10
apicid		: 0
initial apicid	: 0
fpu		: yes
fpu_exception	: yes
cpuid level	: 20
wp		: yes
flags		: fpu vme de pse tsc msr pae mce cx8 apic sep mtrr pge mca cmov pat pse36 clflush dts acpi mmx fxsr sse sse2 ss ht tm pbe syscall nx pdpe1gb rdtscp lm constant_tsc arch_perfmon pebs bts rep_good nopl xtopology nonstop_tsc aperfmperf pni pclmulqdq dtes64 monitor ds_cpl vmx smx est tm2 ssse3 sdbg fma cx16 xtpr pdcm pcid dca sse4_1 sse4_2 x2apic movbe popcnt tsc_deadline_timer aes xsave avx f16c rdrand lahf_lm abm 3dnowprefetch epb invpcid_single kaiser tpr_shadow vnmi flexpriority ept vpid fsgsbase tsc_adjust bmi1 hle avx2 smep bmi2 erms invpcid rtm cqm rdseed adx smap intel_pt xsaveopt cqm_llc cqm_occup_llc cqm_mbm_total cqm_mbm_local dtherm ida arat pln pts
bugs		: cpu_meltdown spectre_v1 spectre_v2 spec_store_bypass l1tf
bogomips	: 4390.45
clflush size	: 64
cache_alignment	: 64
address sizes	: 46 bits physical, 48 bits virtual
power management:

processor	: 1
vendor_id	: GenuineIntel
cpu family	: 6
model		: 79
model name	: Intel(R) Xeon(R) CPU E5-2630 v4 @ 2.20GHz
stepping	: 1
microcode	: 0xb00001f
cpu MHz		: 1200.036
cache size	: 25600 KB
physical id	: 0
siblings	: 20
core id		: 1
cpu cores	: 10
apicid		: 2
initial apicid	: 2
fpu		: yes
fpu_exception	: yes
cpuid level	: 20
wp		: yes
flags		: fpu vme de pse tsc msr pae mce cx8 apic sep mtrr pge mca cmov pat pse36 clflush dts acpi mmx fxsr sse sse2 ss ht tm pbe syscall nx pdpe1gb rdtscp lm constant_tsc arch_perfmon pebs bts rep_good nopl xtopology nonstop_tsc aperfmperf pni pclmulqdq dtes64 monitor ds_cpl vmx smx est tm2 ssse3 sdbg fma cx16 xtpr pdcm pcid dca sse4_1 sse4_2 x2apic movbe popcnt tsc_deadline_timer aes xsave avx f16c rdrand lahf_lm abm 3dnowprefetch epb invpcid_single kaiser tpr_shadow vnmi flexpriority ept vpid fsgsbase tsc_adjust bmi1 hle avx2 smep bmi2 erms invpcid rtm cqm rdseed adx smap intel_pt xsaveopt cqm_llc cqm_occup_llc cqm_mbm_total cqm_mbm_local dtherm ida arat pln pts
bugs		: cpu_meltdown spectre_v1 spectre_v2 spec_store_bypass l1tf
bogomips	: 4390.45
clflush size	: 64
cache_alignment	: 64
address sizes	: 46 bits physical, 48 bits virtual
power management:

processor	: 2
vendor_id	: GenuineIntel
cpu family	: 6
model		: 79
model name	: Intel(R) Xeon(R) CPU E5-2630 v4 @ 2.20GHz
stepping	: 1
microcode	: 0xb00001f
cpu MHz		: 1795.422
cache size	: 25600 KB
physical id	: 0
siblings	: 20
core id		: 2
cpu cores	: 10
apicid		: 4
initial apicid	: 4
fpu		: yes
fpu_exception	: yes
cpuid level	: 20
wp		: yes
flags		: fpu vme de pse tsc msr pae mce cx8 apic sep mtrr pge mca cmov pat pse36 clflush dts acpi mmx fxsr sse sse2 ss ht tm pbe syscall nx pdpe1gb rdtscp lm constant_tsc arch_perfmon pebs bts rep_good nopl xtopology nonstop_tsc aperfmperf pni pclmulqdq dtes64 monitor ds_cpl vmx smx est tm2 ssse3 sdbg fma cx16 xtpr pdcm pcid dca sse4_1 sse4_2 x2apic movbe popcnt tsc_deadline_timer aes xsave avx f16c rdrand lahf_lm abm 3dnowprefetch epb invpcid_single kaiser tpr_shadow vnmi flexpriority ept vpid fsgsbase tsc_adjust bmi1 hle avx2 smep bmi2 erms invpcid rtm cqm rdseed adx smap intel_pt xsaveopt cqm_llc cqm_occup_llc cqm_mbm_total cqm_mbm_local dtherm ida arat pln pts
bugs		: cpu_meltdown spectre_v1 spectre_v2 spec_store_bypass l1tf
bogomips	: 4390.45
clflush size	: 64
cache_alignment	: 64
address sizes	: 46 bits physical, 48 bits virtual
power management:

processor	: 3
vendor_id	: GenuineIntel
cpu family	: 6
model		: 79
model name	: Intel(R) Xeon(R) CPU E5-2630 v4 @ 2.20GHz
stepping	: 1
microcode	: 0xb00001f
cpu MHz		: 1231.323
cache size	: 25600 KB
physical id	: 0
siblings	: 20
core id		: 3
cpu cores	: 10
apicid		: 6
initial apicid	: 6
fpu		: yes
fpu_exception	: yes
cpuid level	: 20
wp		: yes
flags		: fpu vme de pse tsc msr pae mce cx8 apic sep mtrr pge mca cmov pat pse36 clflush dts acpi mmx fxsr sse sse2 ss ht tm pbe syscall nx pdpe1gb rdtscp lm constant_tsc arch_perfmon pebs bts rep_good nopl xtopology nonstop_tsc aperfmperf pni pclmulqdq dtes64 monitor ds_cpl vmx smx est tm2 ssse3 sdbg fma cx16 xtpr pdcm pcid dca sse4_1 sse4_2 x2apic movbe popcnt tsc_deadline_timer aes xsave avx f16c rdrand lahf_lm abm 3dnowprefetch epb invpcid_single kaiser tpr_shadow vnmi flexpriority ept vpid fsgsbase tsc_adjust bmi1 hle avx2 smep bmi2 erms invpcid rtm cqm rdseed adx smap intel_pt xsaveopt cqm_llc cqm_occup_llc cqm_mbm_total cqm_mbm_local dtherm ida arat pln pts
bugs		: cpu_meltdown spectre_v1 spectre_v2 spec_store_bypass l1tf
bogomips	: 4390.45
clflush size	: 64
cache_alignment	: 64
address sizes	: 46 bits physical, 48 bits virtual
power management:

processor	: 4
vendor_id	: GenuineIntel
cpu family	: 6
model		: 79
model name	: Intel(R) Xeon(R) CPU E5-2630 v4 @ 2.20GHz
stepping	: 1
microcode	: 0xb00001f
cpu MHz		: 1200.573
cache size	: 25600 KB
physical id	: 0
siblings	: 20
core id		: 4
cpu cores	: 10
apicid		: 8
initial apicid	: 8
fpu		: yes
fpu_exception	: yes
cpuid level	: 20
wp		: yes
flags		: fpu vme de pse tsc msr pae mce cx8 apic sep mtrr pge mca cmov pat pse36 clflush dts acpi mmx fxsr sse sse2 ss ht tm pbe syscall nx pdpe1gb rdtscp lm constant_tsc arch_perfmon pebs bts rep_good nopl xtopology nonstop_tsc aperfmperf pni pclmulqdq dtes64 monitor ds_cpl vmx smx est tm2 ssse3 sdbg fma cx16 xtpr pdcm pcid dca sse4_1 sse4_2 x2apic movbe popcnt tsc_deadline_timer aes xsave avx f16c rdrand lahf_lm abm 3dnowprefetch epb invpcid_single kaiser tpr_shadow vnmi flexpriority ept vpid fsgsbase tsc_adjust bmi1 hle avx2 smep bmi2 erms invpcid rtm cqm rdseed adx smap intel_pt xsaveopt cqm_llc cqm_occup_llc cqm_mbm_total cqm_mbm_local dtherm ida arat pln pts
bugs		: cpu_meltdown spectre_v1 spectre_v2 spec_store_bypass l1tf
bogomips	: 4390.45
clflush size	: 64
cache_alignment	: 64
address sizes	: 46 bits physical, 48 bits virtual
power management:

processor	: 5
vendor_id	: GenuineIntel
cpu family	: 6
model		: 79
model name	: Intel(R) Xeon(R) CPU E5-2630 v4 @ 2.20GHz
stepping	: 1
microcode	: 0xb00001f
cpu MHz		: 1200.036
cache size	: 25600 KB
physical id	: 0
siblings	: 20
core id		: 8
cpu cores	: 10
apicid		: 16
initial apicid	: 16
fpu		: yes
fpu_exception	: yes
cpuid level	: 20
wp		: yes
flags		: fpu vme de pse tsc msr pae mce cx8 apic sep mtrr pge mca cmov pat pse36 clflush dts acpi mmx fxsr sse sse2 ss ht tm pbe syscall nx pdpe1gb rdtscp lm constant_tsc arch_perfmon pebs bts rep_good nopl xtopology nonstop_tsc aperfmperf pni pclmulqdq dtes64 monitor ds_cpl vmx smx est tm2 ssse3 sdbg fma cx16 xtpr pdcm pcid dca sse4_1 sse4_2 x2apic movbe popcnt tsc_deadline_timer aes xsave avx f16c rdrand lahf_lm abm 3dnowprefetch epb invpcid_single kaiser tpr_shadow vnmi flexpriority ept vpid fsgsbase tsc_adjust bmi1 hle avx2 smep bmi2 erms invpcid rtm cqm rdseed adx smap intel_pt xsaveopt cqm_llc cqm_occup_llc cqm_mbm_total cqm_mbm_local dtherm ida arat pln pts
bugs		: cpu_meltdown spectre_v1 spectre_v2 spec_store_bypass l1tf
bogomips	: 4390.45
clflush size	: 64
cache_alignment	: 64
address sizes	: 46 bits physical, 48 bits virtual
power management:

processor	: 6
vendor_id	: GenuineIntel
cpu family	: 6
model		: 79
model name	: Intel(R) Xeon(R) CPU E5-2630 v4 @ 2.20GHz
stepping	: 1
microcode	: 0xb00001f
cpu MHz		: 1202.453
cache size	: 25600 KB
physical id	: 0
siblings	: 20
core id		: 9
cpu cores	: 10
apicid		: 18
initial apicid	: 18
fpu		: yes
fpu_exception	: yes
cpuid level	: 20
wp		: yes
flags		: fpu vme de pse tsc msr pae mce cx8 apic sep mtrr pge mca cmov pat pse36 clflush dts acpi mmx fxsr sse sse2 ss ht tm pbe syscall nx pdpe1gb rdtscp lm constant_tsc arch_perfmon pebs bts rep_good nopl xtopology nonstop_tsc aperfmperf pni pclmulqdq dtes64 monitor ds_cpl vmx smx est tm2 ssse3 sdbg fma cx16 xtpr pdcm pcid dca sse4_1 sse4_2 x2apic movbe popcnt tsc_deadline_timer aes xsave avx f16c rdrand lahf_lm abm 3dnowprefetch epb invpcid_single kaiser tpr_shadow vnmi flexpriority ept vpid fsgsbase tsc_adjust bmi1 hle avx2 smep bmi2 erms invpcid rtm cqm rdseed adx smap intel_pt xsaveopt cqm_llc cqm_occup_llc cqm_mbm_total cqm_mbm_local dtherm ida arat pln pts
bugs		: cpu_meltdown spectre_v1 spectre_v2 spec_store_bypass l1tf
bogomips	: 4390.45
clflush size	: 64
cache_alignment	: 64
address sizes	: 46 bits physical, 48 bits virtual
power management:

processor	: 7
vendor_id	: GenuineIntel
cpu family	: 6
model		: 79
model name	: Intel(R) Xeon(R) CPU E5-2630 v4 @ 2.20GHz
stepping	: 1
microcode	: 0xb00001f
cpu MHz		: 1206.347
cache size	: 25600 KB
physical id	: 0
siblings	: 20
core id		: 10
cpu cores	: 10
apicid		: 20
initial apicid	: 20
fpu		: yes
fpu_exception	: yes
cpuid level	: 20
wp		: yes
flags		: fpu vme de pse tsc msr pae mce cx8 apic sep mtrr pge mca cmov pat pse36 clflush dts acpi mmx fxsr sse sse2 ss ht tm pbe syscall nx pdpe1gb rdtscp lm constant_tsc arch_perfmon pebs bts rep_good nopl xtopology nonstop_tsc aperfmperf pni pclmulqdq dtes64 monitor ds_cpl vmx smx est tm2 ssse3 sdbg fma cx16 xtpr pdcm pcid dca sse4_1 sse4_2 x2apic movbe popcnt tsc_deadline_timer aes xsave avx f16c rdrand lahf_lm abm 3dnowprefetch epb invpcid_single kaiser tpr_shadow vnmi flexpriority ept vpid fsgsbase tsc_adjust bmi1 hle avx2 smep bmi2 erms invpcid rtm cqm rdseed adx smap intel_pt xsaveopt cqm_llc cqm_occup_llc cqm_mbm_total cqm_mbm_local dtherm ida arat pln pts
bugs		: cpu_meltdown spectre_v1 spectre_v2 spec_store_bypass l1tf
bogomips	: 4390.45
clflush size	: 64
cache_alignment	: 64
address sizes	: 46 bits physical, 48 bits virtual
power management:

processor	: 8
vendor_id	: GenuineIntel
cpu family	: 6
model		: 79
model name	: Intel(R) Xeon(R) CPU E5-2630 v4 @ 2.20GHz
stepping	: 1
microcode	: 0xb00001f
cpu MHz		: 1206.213
cache size	: 25600 KB
physical id	: 0
siblings	: 20
core id		: 11
cpu cores	: 10
apicid		: 22
initial apicid	: 22
fpu		: yes
fpu_exception	: yes
cpuid level	: 20
wp		: yes
flags		: fpu vme de pse tsc msr pae mce cx8 apic sep mtrr pge mca cmov pat pse36 clflush dts acpi mmx fxsr sse sse2 ss ht tm pbe syscall nx pdpe1gb rdtscp lm constant_tsc arch_perfmon pebs bts rep_good nopl xtopology nonstop_tsc aperfmperf pni pclmulqdq dtes64 monitor ds_cpl vmx smx est tm2 ssse3 sdbg fma cx16 xtpr pdcm pcid dca sse4_1 sse4_2 x2apic movbe popcnt tsc_deadline_timer aes xsave avx f16c rdrand lahf_lm abm 3dnowprefetch epb invpcid_single kaiser tpr_shadow vnmi flexpriority ept vpid fsgsbase tsc_adjust bmi1 hle avx2 smep bmi2 erms invpcid rtm cqm rdseed adx smap intel_pt xsaveopt cqm_llc cqm_occup_llc cqm_mbm_total cqm_mbm_local dtherm ida arat pln pts
bugs		: cpu_meltdown spectre_v1 spectre_v2 spec_store_bypass l1tf
bogomips	: 4390.45
clflush size	: 64
cache_alignment	: 64
address sizes	: 46 bits physical, 48 bits virtual
power management:

processor	: 9
vendor_id	: GenuineIntel
cpu family	: 6
model		: 79
model name	: Intel(R) Xeon(R) CPU E5-2630 v4 @ 2.20GHz
stepping	: 1
microcode	: 0xb00001f
cpu MHz		: 1200.976
cache size	: 25600 KB
physical id	: 0
siblings	: 20
core id		: 12
cpu cores	: 10
apicid		: 24
initial apicid	: 24
fpu		: yes
fpu_exception	: yes
cpuid level	: 20
wp		: yes
flags		: fpu vme de pse tsc msr pae mce cx8 apic sep mtrr pge mca cmov pat pse36 clflush dts acpi mmx fxsr sse sse2 ss ht tm pbe syscall nx pdpe1gb rdtscp lm constant_tsc arch_perfmon pebs bts rep_good nopl xtopology nonstop_tsc aperfmperf pni pclmulqdq dtes64 monitor ds_cpl vmx smx est tm2 ssse3 sdbg fma cx16 xtpr pdcm pcid dca sse4_1 sse4_2 x2apic movbe popcnt tsc_deadline_timer aes xsave avx f16c rdrand lahf_lm abm 3dnowprefetch epb invpcid_single kaiser tpr_shadow vnmi flexpriority ept vpid fsgsbase tsc_adjust bmi1 hle avx2 smep bmi2 erms invpcid rtm cqm rdseed adx smap intel_pt xsaveopt cqm_llc cqm_occup_llc cqm_mbm_total cqm_mbm_local dtherm ida arat pln pts
bugs		: cpu_meltdown spectre_v1 spectre_v2 spec_store_bypass l1tf
bogomips	: 4390.45
clflush size	: 64
cache_alignment	: 64
address sizes	: 46 bits physical, 48 bits virtual
power management:

processor	: 10
vendor_id	: GenuineIntel
cpu family	: 6
model		: 79
model name	: Intel(R) Xeon(R) CPU E5-2630 v4 @ 2.20GHz
stepping	: 1
microcode	: 0xb00001f
cpu MHz		: 1267.041
cache size	: 25600 KB
physical id	: 1
siblings	: 20
core id		: 0
cpu cores	: 10
apicid		: 32
initial apicid	: 32
fpu		: yes
fpu_exception	: yes
cpuid level	: 20
wp		: yes
flags		: fpu vme de pse tsc msr pae mce cx8 apic sep mtrr pge mca cmov pat pse36 clflush dts acpi mmx fxsr sse sse2 ss ht tm pbe syscall nx pdpe1gb rdtscp lm constant_tsc arch_perfmon pebs bts rep_good nopl xtopology nonstop_tsc aperfmperf pni pclmulqdq dtes64 monitor ds_cpl vmx smx est tm2 ssse3 sdbg fma cx16 xtpr pdcm pcid dca sse4_1 sse4_2 x2apic movbe popcnt tsc_deadline_timer aes xsave avx f16c rdrand lahf_lm abm 3dnowprefetch epb invpcid_single kaiser tpr_shadow vnmi flexpriority ept vpid fsgsbase tsc_adjust bmi1 hle avx2 smep bmi2 erms invpcid rtm cqm rdseed adx smap intel_pt xsaveopt cqm_llc cqm_occup_llc cqm_mbm_total cqm_mbm_local dtherm ida arat pln pts
bugs		: cpu_meltdown spectre_v1 spectre_v2 spec_store_bypass l1tf
bogomips	: 4392.05
clflush size	: 64
cache_alignment	: 64
address sizes	: 46 bits physical, 48 bits virtual
power management:

processor	: 11
vendor_id	: GenuineIntel
cpu family	: 6
model		: 79
model name	: Intel(R) Xeon(R) CPU E5-2630 v4 @ 2.20GHz
stepping	: 1
microcode	: 0xb00001f
cpu MHz		: 1200.976
cache size	: 25600 KB
physical id	: 1
siblings	: 20
core id		: 1
cpu cores	: 10
apicid		: 34
initial apicid	: 34
fpu		: yes
fpu_exception	: yes
cpuid level	: 20
wp		: yes
flags		: fpu vme de pse tsc msr pae mce cx8 apic sep mtrr pge mca cmov pat pse36 clflush dts acpi mmx fxsr sse sse2 ss ht tm pbe syscall nx pdpe1gb rdtscp lm constant_tsc arch_perfmon pebs bts rep_good nopl xtopology nonstop_tsc aperfmperf pni pclmulqdq dtes64 monitor ds_cpl vmx smx est tm2 ssse3 sdbg fma cx16 xtpr pdcm pcid dca sse4_1 sse4_2 x2apic movbe popcnt tsc_deadline_timer aes xsave avx f16c rdrand lahf_lm abm 3dnowprefetch epb invpcid_single kaiser tpr_shadow vnmi flexpriority ept vpid fsgsbase tsc_adjust bmi1 hle avx2 smep bmi2 erms invpcid rtm cqm rdseed adx smap intel_pt xsaveopt cqm_llc cqm_occup_llc cqm_mbm_total cqm_mbm_local dtherm ida arat pln pts
bugs		: cpu_meltdown spectre_v1 spectre_v2 spec_store_bypass l1tf
bogomips	: 4392.05
clflush size	: 64
cache_alignment	: 64
address sizes	: 46 bits physical, 48 bits virtual
power management:

processor	: 12
vendor_id	: GenuineIntel
cpu family	: 6
model		: 79
model name	: Intel(R) Xeon(R) CPU E5-2630 v4 @ 2.20GHz
stepping	: 1
microcode	: 0xb00001f
cpu MHz		: 1200.842
cache size	: 25600 KB
physical id	: 1
siblings	: 20
core id		: 2
cpu cores	: 10
apicid		: 36
initial apicid	: 36
fpu		: yes
fpu_exception	: yes
cpuid level	: 20
wp		: yes
flags		: fpu vme de pse tsc msr pae mce cx8 apic sep mtrr pge mca cmov pat pse36 clflush dts acpi mmx fxsr sse sse2 ss ht tm pbe syscall nx pdpe1gb rdtscp lm constant_tsc arch_perfmon pebs bts rep_good nopl xtopology nonstop_tsc aperfmperf pni pclmulqdq dtes64 monitor ds_cpl vmx smx est tm2 ssse3 sdbg fma cx16 xtpr pdcm pcid dca sse4_1 sse4_2 x2apic movbe popcnt tsc_deadline_timer aes xsave avx f16c rdrand lahf_lm abm 3dnowprefetch epb invpcid_single kaiser tpr_shadow vnmi flexpriority ept vpid fsgsbase tsc_adjust bmi1 hle avx2 smep bmi2 erms invpcid rtm cqm rdseed adx smap intel_pt xsaveopt cqm_llc cqm_occup_llc cqm_mbm_total cqm_mbm_local dtherm ida arat pln pts
bugs		: cpu_meltdown spectre_v1 spectre_v2 spec_store_bypass l1tf
bogomips	: 4392.05
clflush size	: 64
cache_alignment	: 64
address sizes	: 46 bits physical, 48 bits virtual
power management:

processor	: 13
vendor_id	: GenuineIntel
cpu family	: 6
model		: 79
model name	: Intel(R) Xeon(R) CPU E5-2630 v4 @ 2.20GHz
stepping	: 1
microcode	: 0xb00001f
cpu MHz		: 1200.708
cache size	: 25600 KB
physical id	: 1
siblings	: 20
core id		: 3
cpu cores	: 10
apicid		: 38
initial apicid	: 38
fpu		: yes
fpu_exception	: yes
cpuid level	: 20
wp		: yes
flags		: fpu vme de pse tsc msr pae mce cx8 apic sep mtrr pge mca cmov pat pse36 clflush dts acpi mmx fxsr sse sse2 ss ht tm pbe syscall nx pdpe1gb rdtscp lm constant_tsc arch_perfmon pebs bts rep_good nopl xtopology nonstop_tsc aperfmperf pni pclmulqdq dtes64 monitor ds_cpl vmx smx est tm2 ssse3 sdbg fma cx16 xtpr pdcm pcid dca sse4_1 sse4_2 x2apic movbe popcnt tsc_deadline_timer aes xsave avx f16c rdrand lahf_lm abm 3dnowprefetch epb invpcid_single kaiser tpr_shadow vnmi flexpriority ept vpid fsgsbase tsc_adjust bmi1 hle avx2 smep bmi2 erms invpcid rtm cqm rdseed adx smap intel_pt xsaveopt cqm_llc cqm_occup_llc cqm_mbm_total cqm_mbm_local dtherm ida arat pln pts
bugs		: cpu_meltdown spectre_v1 spectre_v2 spec_store_bypass l1tf
bogomips	: 4392.05
clflush size	: 64
cache_alignment	: 64
address sizes	: 46 bits physical, 48 bits virtual
power management:

processor	: 14
vendor_id	: GenuineIntel
cpu family	: 6
model		: 79
model name	: Intel(R) Xeon(R) CPU E5-2630 v4 @ 2.20GHz
stepping	: 1
microcode	: 0xb00001f
cpu MHz		: 1200.842
cache size	: 25600 KB
physical id	: 1
siblings	: 20
core id		: 4
cpu cores	: 10
apicid		: 40
initial apicid	: 40
fpu		: yes
fpu_exception	: yes
cpuid level	: 20
wp		: yes
flags		: fpu vme de pse tsc msr pae mce cx8 apic sep mtrr pge mca cmov pat pse36 clflush dts acpi mmx fxsr sse sse2 ss ht tm pbe syscall nx pdpe1gb rdtscp lm constant_tsc arch_perfmon pebs bts rep_good nopl xtopology nonstop_tsc aperfmperf pni pclmulqdq dtes64 monitor ds_cpl vmx smx est tm2 ssse3 sdbg fma cx16 xtpr pdcm pcid dca sse4_1 sse4_2 x2apic movbe popcnt tsc_deadline_timer aes xsave avx f16c rdrand lahf_lm abm 3dnowprefetch epb invpcid_single kaiser tpr_shadow vnmi flexpriority ept vpid fsgsbase tsc_adjust bmi1 hle avx2 smep bmi2 erms invpcid rtm cqm rdseed adx smap intel_pt xsaveopt cqm_llc cqm_occup_llc cqm_mbm_total cqm_mbm_local dtherm ida arat pln pts
bugs		: cpu_meltdown spectre_v1 spectre_v2 spec_store_bypass l1tf
bogomips	: 4392.05
clflush size	: 64
cache_alignment	: 64
address sizes	: 46 bits physical, 48 bits virtual
power management:

processor	: 15
vendor_id	: GenuineIntel
cpu family	: 6
model		: 79
model name	: Intel(R) Xeon(R) CPU E5-2630 v4 @ 2.20GHz
stepping	: 1
microcode	: 0xb00001f
cpu MHz		: 1231.054
cache size	: 25600 KB
physical id	: 1
siblings	: 20
core id		: 8
cpu cores	: 10
apicid		: 48
initial apicid	: 48
fpu		: yes
fpu_exception	: yes
cpuid level	: 20
wp		: yes
flags		: fpu vme de pse tsc msr pae mce cx8 apic sep mtrr pge mca cmov pat pse36 clflush dts acpi mmx fxsr sse sse2 ss ht tm pbe syscall nx pdpe1gb rdtscp lm constant_tsc arch_perfmon pebs bts rep_good nopl xtopology nonstop_tsc aperfmperf pni pclmulqdq dtes64 monitor ds_cpl vmx smx est tm2 ssse3 sdbg fma cx16 xtpr pdcm pcid dca sse4_1 sse4_2 x2apic movbe popcnt tsc_deadline_timer aes xsave avx f16c rdrand lahf_lm abm 3dnowprefetch epb invpcid_single kaiser tpr_shadow vnmi flexpriority ept vpid fsgsbase tsc_adjust bmi1 hle avx2 smep bmi2 erms invpcid rtm cqm rdseed adx smap intel_pt xsaveopt cqm_llc cqm_occup_llc cqm_mbm_total cqm_mbm_local dtherm ida arat pln pts
bugs		: cpu_meltdown spectre_v1 spectre_v2 spec_store_bypass l1tf
bogomips	: 4392.05
clflush size	: 64
cache_alignment	: 64
address sizes	: 46 bits physical, 48 bits virtual
power management:

processor	: 16
vendor_id	: GenuineIntel
cpu family	: 6
model		: 79
model name	: Intel(R) Xeon(R) CPU E5-2630 v4 @ 2.20GHz
stepping	: 1
microcode	: 0xb00001f
cpu MHz		: 1201.110
cache size	: 25600 KB
physical id	: 1
siblings	: 20
core id		: 9
cpu cores	: 10
apicid		: 50
initial apicid	: 50
fpu		: yes
fpu_exception	: yes
cpuid level	: 20
wp		: yes
flags		: fpu vme de pse tsc msr pae mce cx8 apic sep mtrr pge mca cmov pat pse36 clflush dts acpi mmx fxsr sse sse2 ss ht tm pbe syscall nx pdpe1gb rdtscp lm constant_tsc arch_perfmon pebs bts rep_good nopl xtopology nonstop_tsc aperfmperf pni pclmulqdq dtes64 monitor ds_cpl vmx smx est tm2 ssse3 sdbg fma cx16 xtpr pdcm pcid dca sse4_1 sse4_2 x2apic movbe popcnt tsc_deadline_timer aes xsave avx f16c rdrand lahf_lm abm 3dnowprefetch epb invpcid_single kaiser tpr_shadow vnmi flexpriority ept vpid fsgsbase tsc_adjust bmi1 hle avx2 smep bmi2 erms invpcid rtm cqm rdseed adx smap intel_pt xsaveopt cqm_llc cqm_occup_llc cqm_mbm_total cqm_mbm_local dtherm ida arat pln pts
bugs		: cpu_meltdown spectre_v1 spectre_v2 spec_store_bypass l1tf
bogomips	: 4392.05
clflush size	: 64
cache_alignment	: 64
address sizes	: 46 bits physical, 48 bits virtual
power management:

processor	: 17
vendor_id	: GenuineIntel
cpu family	: 6
model		: 79
model name	: Intel(R) Xeon(R) CPU E5-2630 v4 @ 2.20GHz
stepping	: 1
microcode	: 0xb00001f
cpu MHz		: 1226.220
cache size	: 25600 KB
physical id	: 1
siblings	: 20
core id		: 10
cpu cores	: 10
apicid		: 52
initial apicid	: 52
fpu		: yes
fpu_exception	: yes
cpuid level	: 20
wp		: yes
flags		: fpu vme de pse tsc msr pae mce cx8 apic sep mtrr pge mca cmov pat pse36 clflush dts acpi mmx fxsr sse sse2 ss ht tm pbe syscall nx pdpe1gb rdtscp lm constant_tsc arch_perfmon pebs bts rep_good nopl xtopology nonstop_tsc aperfmperf pni pclmulqdq dtes64 monitor ds_cpl vmx smx est tm2 ssse3 sdbg fma cx16 xtpr pdcm pcid dca sse4_1 sse4_2 x2apic movbe popcnt tsc_deadline_timer aes xsave avx f16c rdrand lahf_lm abm 3dnowprefetch epb invpcid_single kaiser tpr_shadow vnmi flexpriority ept vpid fsgsbase tsc_adjust bmi1 hle avx2 smep bmi2 erms invpcid rtm cqm rdseed adx smap intel_pt xsaveopt cqm_llc cqm_occup_llc cqm_mbm_total cqm_mbm_local dtherm ida arat pln pts
bugs		: cpu_meltdown spectre_v1 spectre_v2 spec_store_bypass l1tf
bogomips	: 4392.05
clflush size	: 64
cache_alignment	: 64
address sizes	: 46 bits physical, 48 bits virtual
power management:

processor	: 18
vendor_id	: GenuineIntel
cpu family	: 6
model		: 79
model name	: Intel(R) Xeon(R) CPU E5-2630 v4 @ 2.20GHz
stepping	: 1
microcode	: 0xb00001f
cpu MHz		: 1234.411
cache size	: 25600 KB
physical id	: 1
siblings	: 20
core id		: 11
cpu cores	: 10
apicid		: 54
initial apicid	: 54
fpu		: yes
fpu_exception	: yes
cpuid level	: 20
wp		: yes
flags		: fpu vme de pse tsc msr pae mce cx8 apic sep mtrr pge mca cmov pat pse36 clflush dts acpi mmx fxsr sse sse2 ss ht tm pbe syscall nx pdpe1gb rdtscp lm constant_tsc arch_perfmon pebs bts rep_good nopl xtopology nonstop_tsc aperfmperf pni pclmulqdq dtes64 monitor ds_cpl vmx smx est tm2 ssse3 sdbg fma cx16 xtpr pdcm pcid dca sse4_1 sse4_2 x2apic movbe popcnt tsc_deadline_timer aes xsave avx f16c rdrand lahf_lm abm 3dnowprefetch epb invpcid_single kaiser tpr_shadow vnmi flexpriority ept vpid fsgsbase tsc_adjust bmi1 hle avx2 smep bmi2 erms invpcid rtm cqm rdseed adx smap intel_pt xsaveopt cqm_llc cqm_occup_llc cqm_mbm_total cqm_mbm_local dtherm ida arat pln pts
bugs		: cpu_meltdown spectre_v1 spectre_v2 spec_store_bypass l1tf
bogomips	: 4392.05
clflush size	: 64
cache_alignment	: 64
address sizes	: 46 bits physical, 48 bits virtual
power management:

processor	: 19
vendor_id	: GenuineIntel
cpu family	: 6
model		: 79
model name	: Intel(R) Xeon(R) CPU E5-2630 v4 @ 2.20GHz
stepping	: 1
microcode	: 0xb00001f
cpu MHz		: 1289.062
cache size	: 25600 KB
physical id	: 1
siblings	: 20
core id		: 12
cpu cores	: 10
apicid		: 56
initial apicid	: 56
fpu		: yes
fpu_exception	: yes
cpuid level	: 20
wp		: yes
flags		: fpu vme de pse tsc msr pae mce cx8 apic sep mtrr pge mca cmov pat pse36 clflush dts acpi mmx fxsr sse sse2 ss ht tm pbe syscall nx pdpe1gb rdtscp lm constant_tsc arch_perfmon pebs bts rep_good nopl xtopology nonstop_tsc aperfmperf pni pclmulqdq dtes64 monitor ds_cpl vmx smx est tm2 ssse3 sdbg fma cx16 xtpr pdcm pcid dca sse4_1 sse4_2 x2apic movbe popcnt tsc_deadline_timer aes xsave avx f16c rdrand lahf_lm abm 3dnowprefetch epb invpcid_single kaiser tpr_shadow vnmi flexpriority ept vpid fsgsbase tsc_adjust bmi1 hle avx2 smep bmi2 erms invpcid rtm cqm rdseed adx smap intel_pt xsaveopt cqm_llc cqm_occup_llc cqm_mbm_total cqm_mbm_local dtherm ida arat pln pts
bugs		: cpu_meltdown spectre_v1 spectre_v2 spec_store_bypass l1tf
bogomips	: 4392.05
clflush size	: 64
cache_alignment	: 64
address sizes	: 46 bits physical, 48 bits virtual
power management:

processor	: 20
vendor_id	: GenuineIntel
cpu family	: 6
model		: 79
model name	: Intel(R) Xeon(R) CPU E5-2630 v4 @ 2.20GHz
stepping	: 1
microcode	: 0xb00001f
cpu MHz		: 1200.036
cache size	: 25600 KB
physical id	: 0
siblings	: 20
core id		: 0
cpu cores	: 10
apicid		: 1
initial apicid	: 1
fpu		: yes
fpu_exception	: yes
cpuid level	: 20
wp		: yes
flags		: fpu vme de pse tsc msr pae mce cx8 apic sep mtrr pge mca cmov pat pse36 clflush dts acpi mmx fxsr sse sse2 ss ht tm pbe syscall nx pdpe1gb rdtscp lm constant_tsc arch_perfmon pebs bts rep_good nopl xtopology nonstop_tsc aperfmperf pni pclmulqdq dtes64 monitor ds_cpl vmx smx est tm2 ssse3 sdbg fma cx16 xtpr pdcm pcid dca sse4_1 sse4_2 x2apic movbe popcnt tsc_deadline_timer aes xsave avx f16c rdrand lahf_lm abm 3dnowprefetch epb invpcid_single kaiser tpr_shadow vnmi flexpriority ept vpid fsgsbase tsc_adjust bmi1 hle avx2 smep bmi2 erms invpcid rtm cqm rdseed adx smap intel_pt xsaveopt cqm_llc cqm_occup_llc cqm_mbm_total cqm_mbm_local dtherm ida arat pln pts
bugs		: cpu_meltdown spectre_v1 spectre_v2 spec_store_bypass l1tf
bogomips	: 4390.45
clflush size	: 64
cache_alignment	: 64
address sizes	: 46 bits physical, 48 bits virtual
power management:

processor	: 21
vendor_id	: GenuineIntel
cpu family	: 6
model		: 79
model name	: Intel(R) Xeon(R) CPU E5-2630 v4 @ 2.20GHz
stepping	: 1
microcode	: 0xb00001f
cpu MHz		: 1207.019
cache size	: 25600 KB
physical id	: 0
siblings	: 20
core id		: 1
cpu cores	: 10
apicid		: 3
initial apicid	: 3
fpu		: yes
fpu_exception	: yes
cpuid level	: 20
wp		: yes
flags		: fpu vme de pse tsc msr pae mce cx8 apic sep mtrr pge mca cmov pat pse36 clflush dts acpi mmx fxsr sse sse2 ss ht tm pbe syscall nx pdpe1gb rdtscp lm constant_tsc arch_perfmon pebs bts rep_good nopl xtopology nonstop_tsc aperfmperf pni pclmulqdq dtes64 monitor ds_cpl vmx smx est tm2 ssse3 sdbg fma cx16 xtpr pdcm pcid dca sse4_1 sse4_2 x2apic movbe popcnt tsc_deadline_timer aes xsave avx f16c rdrand lahf_lm abm 3dnowprefetch epb invpcid_single kaiser tpr_shadow vnmi flexpriority ept vpid fsgsbase tsc_adjust bmi1 hle avx2 smep bmi2 erms invpcid rtm cqm rdseed adx smap intel_pt xsaveopt cqm_llc cqm_occup_llc cqm_mbm_total cqm_mbm_local dtherm ida arat pln pts
bugs		: cpu_meltdown spectre_v1 spectre_v2 spec_store_bypass l1tf
bogomips	: 4390.45
clflush size	: 64
cache_alignment	: 64
address sizes	: 46 bits physical, 48 bits virtual
power management:

processor	: 22
vendor_id	: GenuineIntel
cpu family	: 6
model		: 79
model name	: Intel(R) Xeon(R) CPU E5-2630 v4 @ 2.20GHz
stepping	: 1
microcode	: 0xb00001f
cpu MHz		: 1899.755
cache size	: 25600 KB
physical id	: 0
siblings	: 20
core id		: 2
cpu cores	: 10
apicid		: 5
initial apicid	: 5
fpu		: yes
fpu_exception	: yes
cpuid level	: 20
wp		: yes
flags		: fpu vme de pse tsc msr pae mce cx8 apic sep mtrr pge mca cmov pat pse36 clflush dts acpi mmx fxsr sse sse2 ss ht tm pbe syscall nx pdpe1gb rdtscp lm constant_tsc arch_perfmon pebs bts rep_good nopl xtopology nonstop_tsc aperfmperf pni pclmulqdq dtes64 monitor ds_cpl vmx smx est tm2 ssse3 sdbg fma cx16 xtpr pdcm pcid dca sse4_1 sse4_2 x2apic movbe popcnt tsc_deadline_timer aes xsave avx f16c rdrand lahf_lm abm 3dnowprefetch epb invpcid_single kaiser tpr_shadow vnmi flexpriority ept vpid fsgsbase tsc_adjust bmi1 hle avx2 smep bmi2 erms invpcid rtm cqm rdseed adx smap intel_pt xsaveopt cqm_llc cqm_occup_llc cqm_mbm_total cqm_mbm_local dtherm ida arat pln pts
bugs		: cpu_meltdown spectre_v1 spectre_v2 spec_store_bypass l1tf
bogomips	: 4390.45
clflush size	: 64
cache_alignment	: 64
address sizes	: 46 bits physical, 48 bits virtual
power management:

processor	: 23
vendor_id	: GenuineIntel
cpu family	: 6
model		: 79
model name	: Intel(R) Xeon(R) CPU E5-2630 v4 @ 2.20GHz
stepping	: 1
microcode	: 0xb00001f
cpu MHz		: 1397.558
cache size	: 25600 KB
physical id	: 0
siblings	: 20
core id		: 3
cpu cores	: 10
apicid		: 7
initial apicid	: 7
fpu		: yes
fpu_exception	: yes
cpuid level	: 20
wp		: yes
flags		: fpu vme de pse tsc msr pae mce cx8 apic sep mtrr pge mca cmov pat pse36 clflush dts acpi mmx fxsr sse sse2 ss ht tm pbe syscall nx pdpe1gb rdtscp lm constant_tsc arch_perfmon pebs bts rep_good nopl xtopology nonstop_tsc aperfmperf pni pclmulqdq dtes64 monitor ds_cpl vmx smx est tm2 ssse3 sdbg fma cx16 xtpr pdcm pcid dca sse4_1 sse4_2 x2apic movbe popcnt tsc_deadline_timer aes xsave avx f16c rdrand lahf_lm abm 3dnowprefetch epb invpcid_single kaiser tpr_shadow vnmi flexpriority ept vpid fsgsbase tsc_adjust bmi1 hle avx2 smep bmi2 erms invpcid rtm cqm rdseed adx smap intel_pt xsaveopt cqm_llc cqm_occup_llc cqm_mbm_total cqm_mbm_local dtherm ida arat pln pts
bugs		: cpu_meltdown spectre_v1 spectre_v2 spec_store_bypass l1tf
bogomips	: 4390.45
clflush size	: 64
cache_alignment	: 64
address sizes	: 46 bits physical, 48 bits virtual
power management:

processor	: 24
vendor_id	: GenuineIntel
cpu family	: 6
model		: 79
model name	: Intel(R) Xeon(R) CPU E5-2630 v4 @ 2.20GHz
stepping	: 1
microcode	: 0xb00001f
cpu MHz		: 1199.902
cache size	: 25600 KB
physical id	: 0
siblings	: 20
core id		: 4
cpu cores	: 10
apicid		: 9
initial apicid	: 9
fpu		: yes
fpu_exception	: yes
cpuid level	: 20
wp		: yes
flags		: fpu vme de pse tsc msr pae mce cx8 apic sep mtrr pge mca cmov pat pse36 clflush dts acpi mmx fxsr sse sse2 ss ht tm pbe syscall nx pdpe1gb rdtscp lm constant_tsc arch_perfmon pebs bts rep_good nopl xtopology nonstop_tsc aperfmperf pni pclmulqdq dtes64 monitor ds_cpl vmx smx est tm2 ssse3 sdbg fma cx16 xtpr pdcm pcid dca sse4_1 sse4_2 x2apic movbe popcnt tsc_deadline_timer aes xsave avx f16c rdrand lahf_lm abm 3dnowprefetch epb invpcid_single kaiser tpr_shadow vnmi flexpriority ept vpid fsgsbase tsc_adjust bmi1 hle avx2 smep bmi2 erms invpcid rtm cqm rdseed adx smap intel_pt xsaveopt cqm_llc cqm_occup_llc cqm_mbm_total cqm_mbm_local dtherm ida arat pln pts
bugs		: cpu_meltdown spectre_v1 spectre_v2 spec_store_bypass l1tf
bogomips	: 4390.45
clflush size	: 64
cache_alignment	: 64
address sizes	: 46 bits physical, 48 bits virtual
power management:

processor	: 25
vendor_id	: GenuineIntel
cpu family	: 6
model		: 79
model name	: Intel(R) Xeon(R) CPU E5-2630 v4 @ 2.20GHz
stepping	: 1
microcode	: 0xb00001f
cpu MHz		: 1199.902
cache size	: 25600 KB
physical id	: 0
siblings	: 20
core id		: 8
cpu cores	: 10
apicid		: 17
initial apicid	: 17
fpu		: yes
fpu_exception	: yes
cpuid level	: 20
wp		: yes
flags		: fpu vme de pse tsc msr pae mce cx8 apic sep mtrr pge mca cmov pat pse36 clflush dts acpi mmx fxsr sse sse2 ss ht tm pbe syscall nx pdpe1gb rdtscp lm constant_tsc arch_perfmon pebs bts rep_good nopl xtopology nonstop_tsc aperfmperf pni pclmulqdq dtes64 monitor ds_cpl vmx smx est tm2 ssse3 sdbg fma cx16 xtpr pdcm pcid dca sse4_1 sse4_2 x2apic movbe popcnt tsc_deadline_timer aes xsave avx f16c rdrand lahf_lm abm 3dnowprefetch epb invpcid_single kaiser tpr_shadow vnmi flexpriority ept vpid fsgsbase tsc_adjust bmi1 hle avx2 smep bmi2 erms invpcid rtm cqm rdseed adx smap intel_pt xsaveopt cqm_llc cqm_occup_llc cqm_mbm_total cqm_mbm_local dtherm ida arat pln pts
bugs		: cpu_meltdown spectre_v1 spectre_v2 spec_store_bypass l1tf
bogomips	: 4390.45
clflush size	: 64
cache_alignment	: 64
address sizes	: 46 bits physical, 48 bits virtual
power management:

processor	: 26
vendor_id	: GenuineIntel
cpu family	: 6
model		: 79
model name	: Intel(R) Xeon(R) CPU E5-2630 v4 @ 2.20GHz
stepping	: 1
microcode	: 0xb00001f
cpu MHz		: 1200.170
cache size	: 25600 KB
physical id	: 0
siblings	: 20
core id		: 9
cpu cores	: 10
apicid		: 19
initial apicid	: 19
fpu		: yes
fpu_exception	: yes
cpuid level	: 20
wp		: yes
flags		: fpu vme de pse tsc msr pae mce cx8 apic sep mtrr pge mca cmov pat pse36 clflush dts acpi mmx fxsr sse sse2 ss ht tm pbe syscall nx pdpe1gb rdtscp lm constant_tsc arch_perfmon pebs bts rep_good nopl xtopology nonstop_tsc aperfmperf pni pclmulqdq dtes64 monitor ds_cpl vmx smx est tm2 ssse3 sdbg fma cx16 xtpr pdcm pcid dca sse4_1 sse4_2 x2apic movbe popcnt tsc_deadline_timer aes xsave avx f16c rdrand lahf_lm abm 3dnowprefetch epb invpcid_single kaiser tpr_shadow vnmi flexpriority ept vpid fsgsbase tsc_adjust bmi1 hle avx2 smep bmi2 erms invpcid rtm cqm rdseed adx smap intel_pt xsaveopt cqm_llc cqm_occup_llc cqm_mbm_total cqm_mbm_local dtherm ida arat pln pts
bugs		: cpu_meltdown spectre_v1 spectre_v2 spec_store_bypass l1tf
bogomips	: 4390.45
clflush size	: 64
cache_alignment	: 64
address sizes	: 46 bits physical, 48 bits virtual
power management:

processor	: 27
vendor_id	: GenuineIntel
cpu family	: 6
model		: 79
model name	: Intel(R) Xeon(R) CPU E5-2630 v4 @ 2.20GHz
stepping	: 1
microcode	: 0xb00001f
cpu MHz		: 1200.170
cache size	: 25600 KB
physical id	: 0
siblings	: 20
core id		: 10
cpu cores	: 10
apicid		: 21
initial apicid	: 21
fpu		: yes
fpu_exception	: yes
cpuid level	: 20
wp		: yes
flags		: fpu vme de pse tsc msr pae mce cx8 apic sep mtrr pge mca cmov pat pse36 clflush dts acpi mmx fxsr sse sse2 ss ht tm pbe syscall nx pdpe1gb rdtscp lm constant_tsc arch_perfmon pebs bts rep_good nopl xtopology nonstop_tsc aperfmperf pni pclmulqdq dtes64 monitor ds_cpl vmx smx est tm2 ssse3 sdbg fma cx16 xtpr pdcm pcid dca sse4_1 sse4_2 x2apic movbe popcnt tsc_deadline_timer aes xsave avx f16c rdrand lahf_lm abm 3dnowprefetch epb invpcid_single kaiser tpr_shadow vnmi flexpriority ept vpid fsgsbase tsc_adjust bmi1 hle avx2 smep bmi2 erms invpcid rtm cqm rdseed adx smap intel_pt xsaveopt cqm_llc cqm_occup_llc cqm_mbm_total cqm_mbm_local dtherm ida arat pln pts
bugs		: cpu_meltdown spectre_v1 spectre_v2 spec_store_bypass l1tf
bogomips	: 4390.45
clflush size	: 64
cache_alignment	: 64
address sizes	: 46 bits physical, 48 bits virtual
power management:

processor	: 28
vendor_id	: GenuineIntel
cpu family	: 6
model		: 79
model name	: Intel(R) Xeon(R) CPU E5-2630 v4 @ 2.20GHz
stepping	: 1
microcode	: 0xb00001f
cpu MHz		: 1200.036
cache size	: 25600 KB
physical id	: 0
siblings	: 20
core id		: 11
cpu cores	: 10
apicid		: 23
initial apicid	: 23
fpu		: yes
fpu_exception	: yes
cpuid level	: 20
wp		: yes
flags		: fpu vme de pse tsc msr pae mce cx8 apic sep mtrr pge mca cmov pat pse36 clflush dts acpi mmx fxsr sse sse2 ss ht tm pbe syscall nx pdpe1gb rdtscp lm constant_tsc arch_perfmon pebs bts rep_good nopl xtopology nonstop_tsc aperfmperf pni pclmulqdq dtes64 monitor ds_cpl vmx smx est tm2 ssse3 sdbg fma cx16 xtpr pdcm pcid dca sse4_1 sse4_2 x2apic movbe popcnt tsc_deadline_timer aes xsave avx f16c rdrand lahf_lm abm 3dnowprefetch epb invpcid_single kaiser tpr_shadow vnmi flexpriority ept vpid fsgsbase tsc_adjust bmi1 hle avx2 smep bmi2 erms invpcid rtm cqm rdseed adx smap intel_pt xsaveopt cqm_llc cqm_occup_llc cqm_mbm_total cqm_mbm_local dtherm ida arat pln pts
bugs		: cpu_meltdown spectre_v1 spectre_v2 spec_store_bypass l1tf
bogomips	: 4390.45
clflush size	: 64
cache_alignment	: 64
address sizes	: 46 bits physical, 48 bits virtual
power management:

processor	: 29
vendor_id	: GenuineIntel
cpu family	: 6
model		: 79
model name	: Intel(R) Xeon(R) CPU E5-2630 v4 @ 2.20GHz
stepping	: 1
microcode	: 0xb00001f
cpu MHz		: 1212.255
cache size	: 25600 KB
physical id	: 0
siblings	: 20
core id		: 12
cpu cores	: 10
apicid		: 25
initial apicid	: 25
fpu		: yes
fpu_exception	: yes
cpuid level	: 20
wp		: yes
flags		: fpu vme de pse tsc msr pae mce cx8 apic sep mtrr pge mca cmov pat pse36 clflush dts acpi mmx fxsr sse sse2 ss ht tm pbe syscall nx pdpe1gb rdtscp lm constant_tsc arch_perfmon pebs bts rep_good nopl xtopology nonstop_tsc aperfmperf pni pclmulqdq dtes64 monitor ds_cpl vmx smx est tm2 ssse3 sdbg fma cx16 xtpr pdcm pcid dca sse4_1 sse4_2 x2apic movbe popcnt tsc_deadline_timer aes xsave avx f16c rdrand lahf_lm abm 3dnowprefetch epb invpcid_single kaiser tpr_shadow vnmi flexpriority ept vpid fsgsbase tsc_adjust bmi1 hle avx2 smep bmi2 erms invpcid rtm cqm rdseed adx smap intel_pt xsaveopt cqm_llc cqm_occup_llc cqm_mbm_total cqm_mbm_local dtherm ida arat pln pts
bugs		: cpu_meltdown spectre_v1 spectre_v2 spec_store_bypass l1tf
bogomips	: 4390.45
clflush size	: 64
cache_alignment	: 64
address sizes	: 46 bits physical, 48 bits virtual
power management:

processor	: 30
vendor_id	: GenuineIntel
cpu family	: 6
model		: 79
model name	: Intel(R) Xeon(R) CPU E5-2630 v4 @ 2.20GHz
stepping	: 1
microcode	: 0xb00001f
cpu MHz		: 1199.902
cache size	: 25600 KB
physical id	: 1
siblings	: 20
core id		: 0
cpu cores	: 10
apicid		: 33
initial apicid	: 33
fpu		: yes
fpu_exception	: yes
cpuid level	: 20
wp		: yes
flags		: fpu vme de pse tsc msr pae mce cx8 apic sep mtrr pge mca cmov pat pse36 clflush dts acpi mmx fxsr sse sse2 ss ht tm pbe syscall nx pdpe1gb rdtscp lm constant_tsc arch_perfmon pebs bts rep_good nopl xtopology nonstop_tsc aperfmperf pni pclmulqdq dtes64 monitor ds_cpl vmx smx est tm2 ssse3 sdbg fma cx16 xtpr pdcm pcid dca sse4_1 sse4_2 x2apic movbe popcnt tsc_deadline_timer aes xsave avx f16c rdrand lahf_lm abm 3dnowprefetch epb invpcid_single kaiser tpr_shadow vnmi flexpriority ept vpid fsgsbase tsc_adjust bmi1 hle avx2 smep bmi2 erms invpcid rtm cqm rdseed adx smap intel_pt xsaveopt cqm_llc cqm_occup_llc cqm_mbm_total cqm_mbm_local dtherm ida arat pln pts
bugs		: cpu_meltdown spectre_v1 spectre_v2 spec_store_bypass l1tf
bogomips	: 4392.05
clflush size	: 64
cache_alignment	: 64
address sizes	: 46 bits physical, 48 bits virtual
power management:

processor	: 31
vendor_id	: GenuineIntel
cpu family	: 6
model		: 79
model name	: Intel(R) Xeon(R) CPU E5-2630 v4 @ 2.20GHz
stepping	: 1
microcode	: 0xb00001f
cpu MHz		: 1200.036
cache size	: 25600 KB
physical id	: 1
siblings	: 20
core id		: 1
cpu cores	: 10
apicid		: 35
initial apicid	: 35
fpu		: yes
fpu_exception	: yes
cpuid level	: 20
wp		: yes
flags		: fpu vme de pse tsc msr pae mce cx8 apic sep mtrr pge mca cmov pat pse36 clflush dts acpi mmx fxsr sse sse2 ss ht tm pbe syscall nx pdpe1gb rdtscp lm constant_tsc arch_perfmon pebs bts rep_good nopl xtopology nonstop_tsc aperfmperf pni pclmulqdq dtes64 monitor ds_cpl vmx smx est tm2 ssse3 sdbg fma cx16 xtpr pdcm pcid dca sse4_1 sse4_2 x2apic movbe popcnt tsc_deadline_timer aes xsave avx f16c rdrand lahf_lm abm 3dnowprefetch epb invpcid_single kaiser tpr_shadow vnmi flexpriority ept vpid fsgsbase tsc_adjust bmi1 hle avx2 smep bmi2 erms invpcid rtm cqm rdseed adx smap intel_pt xsaveopt cqm_llc cqm_occup_llc cqm_mbm_total cqm_mbm_local dtherm ida arat pln pts
bugs		: cpu_meltdown spectre_v1 spectre_v2 spec_store_bypass l1tf
bogomips	: 4392.05
clflush size	: 64
cache_alignment	: 64
address sizes	: 46 bits physical, 48 bits virtual
power management:

processor	: 32
vendor_id	: GenuineIntel
cpu family	: 6
model		: 79
model name	: Intel(R) Xeon(R) CPU E5-2630 v4 @ 2.20GHz
stepping	: 1
microcode	: 0xb00001f
cpu MHz		: 1296.716
cache size	: 25600 KB
physical id	: 1
siblings	: 20
core id		: 2
cpu cores	: 10
apicid		: 37
initial apicid	: 37
fpu		: yes
fpu_exception	: yes
cpuid level	: 20
wp		: yes
flags		: fpu vme de pse tsc msr pae mce cx8 apic sep mtrr pge mca cmov pat pse36 clflush dts acpi mmx fxsr sse sse2 ss ht tm pbe syscall nx pdpe1gb rdtscp lm constant_tsc arch_perfmon pebs bts rep_good nopl xtopology nonstop_tsc aperfmperf pni pclmulqdq dtes64 monitor ds_cpl vmx smx est tm2 ssse3 sdbg fma cx16 xtpr pdcm pcid dca sse4_1 sse4_2 x2apic movbe popcnt tsc_deadline_timer aes xsave avx f16c rdrand lahf_lm abm 3dnowprefetch epb invpcid_single kaiser tpr_shadow vnmi flexpriority ept vpid fsgsbase tsc_adjust bmi1 hle avx2 smep bmi2 erms invpcid rtm cqm rdseed adx smap intel_pt xsaveopt cqm_llc cqm_occup_llc cqm_mbm_total cqm_mbm_local dtherm ida arat pln pts
bugs		: cpu_meltdown spectre_v1 spectre_v2 spec_store_bypass l1tf
bogomips	: 4392.05
clflush size	: 64
cache_alignment	: 64
address sizes	: 46 bits physical, 48 bits virtual
power management:

processor	: 33
vendor_id	: GenuineIntel
cpu family	: 6
model		: 79
model name	: Intel(R) Xeon(R) CPU E5-2630 v4 @ 2.20GHz
stepping	: 1
microcode	: 0xb00001f
cpu MHz		: 1200.170
cache size	: 25600 KB
physical id	: 1
siblings	: 20
core id		: 3
cpu cores	: 10
apicid		: 39
initial apicid	: 39
fpu		: yes
fpu_exception	: yes
cpuid level	: 20
wp		: yes
flags		: fpu vme de pse tsc msr pae mce cx8 apic sep mtrr pge mca cmov pat pse36 clflush dts acpi mmx fxsr sse sse2 ss ht tm pbe syscall nx pdpe1gb rdtscp lm constant_tsc arch_perfmon pebs bts rep_good nopl xtopology nonstop_tsc aperfmperf pni pclmulqdq dtes64 monitor ds_cpl vmx smx est tm2 ssse3 sdbg fma cx16 xtpr pdcm pcid dca sse4_1 sse4_2 x2apic movbe popcnt tsc_deadline_timer aes xsave avx f16c rdrand lahf_lm abm 3dnowprefetch epb invpcid_single kaiser tpr_shadow vnmi flexpriority ept vpid fsgsbase tsc_adjust bmi1 hle avx2 smep bmi2 erms invpcid rtm cqm rdseed adx smap intel_pt xsaveopt cqm_llc cqm_occup_llc cqm_mbm_total cqm_mbm_local dtherm ida arat pln pts
bugs		: cpu_meltdown spectre_v1 spectre_v2 spec_store_bypass l1tf
bogomips	: 4392.05
clflush size	: 64
cache_alignment	: 64
address sizes	: 46 bits physical, 48 bits virtual
power management:

processor	: 34
vendor_id	: GenuineIntel
cpu family	: 6
model		: 79
model name	: Intel(R) Xeon(R) CPU E5-2630 v4 @ 2.20GHz
stepping	: 1
microcode	: 0xb00001f
cpu MHz		: 1200.439
cache size	: 25600 KB
physical id	: 1
siblings	: 20
core id		: 4
cpu cores	: 10
apicid		: 41
initial apicid	: 41
fpu		: yes
fpu_exception	: yes
cpuid level	: 20
wp		: yes
flags		: fpu vme de pse tsc msr pae mce cx8 apic sep mtrr pge mca cmov pat pse36 clflush dts acpi mmx fxsr sse sse2 ss ht tm pbe syscall nx pdpe1gb rdtscp lm constant_tsc arch_perfmon pebs bts rep_good nopl xtopology nonstop_tsc aperfmperf pni pclmulqdq dtes64 monitor ds_cpl vmx smx est tm2 ssse3 sdbg fma cx16 xtpr pdcm pcid dca sse4_1 sse4_2 x2apic movbe popcnt tsc_deadline_timer aes xsave avx f16c rdrand lahf_lm abm 3dnowprefetch epb invpcid_single kaiser tpr_shadow vnmi flexpriority ept vpid fsgsbase tsc_adjust bmi1 hle avx2 smep bmi2 erms invpcid rtm cqm rdseed adx smap intel_pt xsaveopt cqm_llc cqm_occup_llc cqm_mbm_total cqm_mbm_local dtherm ida arat pln pts
bugs		: cpu_meltdown spectre_v1 spectre_v2 spec_store_bypass l1tf
bogomips	: 4392.05
clflush size	: 64
cache_alignment	: 64
address sizes	: 46 bits physical, 48 bits virtual
power management:

processor	: 35
vendor_id	: GenuineIntel
cpu family	: 6
model		: 79
model name	: Intel(R) Xeon(R) CPU E5-2630 v4 @ 2.20GHz
stepping	: 1
microcode	: 0xb00001f
cpu MHz		: 1242.333
cache size	: 25600 KB
physical id	: 1
siblings	: 20
core id		: 8
cpu cores	: 10
apicid		: 49
initial apicid	: 49
fpu		: yes
fpu_exception	: yes
cpuid level	: 20
wp		: yes
flags		: fpu vme de pse tsc msr pae mce cx8 apic sep mtrr pge mca cmov pat pse36 clflush dts acpi mmx fxsr sse sse2 ss ht tm pbe syscall nx pdpe1gb rdtscp lm constant_tsc arch_perfmon pebs bts rep_good nopl xtopology nonstop_tsc aperfmperf pni pclmulqdq dtes64 monitor ds_cpl vmx smx est tm2 ssse3 sdbg fma cx16 xtpr pdcm pcid dca sse4_1 sse4_2 x2apic movbe popcnt tsc_deadline_timer aes xsave avx f16c rdrand lahf_lm abm 3dnowprefetch epb invpcid_single kaiser tpr_shadow vnmi flexpriority ept vpid fsgsbase tsc_adjust bmi1 hle avx2 smep bmi2 erms invpcid rtm cqm rdseed adx smap intel_pt xsaveopt cqm_llc cqm_occup_llc cqm_mbm_total cqm_mbm_local dtherm ida arat pln pts
bugs		: cpu_meltdown spectre_v1 spectre_v2 spec_store_bypass l1tf
bogomips	: 4392.05
clflush size	: 64
cache_alignment	: 64
address sizes	: 46 bits physical, 48 bits virtual
power management:

processor	: 36
vendor_id	: GenuineIntel
cpu family	: 6
model		: 79
model name	: Intel(R) Xeon(R) CPU E5-2630 v4 @ 2.20GHz
stepping	: 1
microcode	: 0xb00001f
cpu MHz		: 1214.270
cache size	: 25600 KB
physical id	: 1
siblings	: 20
core id		: 9
cpu cores	: 10
apicid		: 51
initial apicid	: 51
fpu		: yes
fpu_exception	: yes
cpuid level	: 20
wp		: yes
flags		: fpu vme de pse tsc msr pae mce cx8 apic sep mtrr pge mca cmov pat pse36 clflush dts acpi mmx fxsr sse sse2 ss ht tm pbe syscall nx pdpe1gb rdtscp lm constant_tsc arch_perfmon pebs bts rep_good nopl xtopology nonstop_tsc aperfmperf pni pclmulqdq dtes64 monitor ds_cpl vmx smx est tm2 ssse3 sdbg fma cx16 xtpr pdcm pcid dca sse4_1 sse4_2 x2apic movbe popcnt tsc_deadline_timer aes xsave avx f16c rdrand lahf_lm abm 3dnowprefetch epb invpcid_single kaiser tpr_shadow vnmi flexpriority ept vpid fsgsbase tsc_adjust bmi1 hle avx2 smep bmi2 erms invpcid rtm cqm rdseed adx smap intel_pt xsaveopt cqm_llc cqm_occup_llc cqm_mbm_total cqm_mbm_local dtherm ida arat pln pts
bugs		: cpu_meltdown spectre_v1 spectre_v2 spec_store_bypass l1tf
bogomips	: 4392.05
clflush size	: 64
cache_alignment	: 64
address sizes	: 46 bits physical, 48 bits virtual
power management:

processor	: 37
vendor_id	: GenuineIntel
cpu family	: 6
model		: 79
model name	: Intel(R) Xeon(R) CPU E5-2630 v4 @ 2.20GHz
stepping	: 1
microcode	: 0xb00001f
cpu MHz		: 1202.990
cache size	: 25600 KB
physical id	: 1
siblings	: 20
core id		: 10
cpu cores	: 10
apicid		: 53
initial apicid	: 53
fpu		: yes
fpu_exception	: yes
cpuid level	: 20
wp		: yes
flags		: fpu vme de pse tsc msr pae mce cx8 apic sep mtrr pge mca cmov pat pse36 clflush dts acpi mmx fxsr sse sse2 ss ht tm pbe syscall nx pdpe1gb rdtscp lm constant_tsc arch_perfmon pebs bts rep_good nopl xtopology nonstop_tsc aperfmperf pni pclmulqdq dtes64 monitor ds_cpl vmx smx est tm2 ssse3 sdbg fma cx16 xtpr pdcm pcid dca sse4_1 sse4_2 x2apic movbe popcnt tsc_deadline_timer aes xsave avx f16c rdrand lahf_lm abm 3dnowprefetch epb invpcid_single kaiser tpr_shadow vnmi flexpriority ept vpid fsgsbase tsc_adjust bmi1 hle avx2 smep bmi2 erms invpcid rtm cqm rdseed adx smap intel_pt xsaveopt cqm_llc cqm_occup_llc cqm_mbm_total cqm_mbm_local dtherm ida arat pln pts
bugs		: cpu_meltdown spectre_v1 spectre_v2 spec_store_bypass l1tf
bogomips	: 4392.05
clflush size	: 64
cache_alignment	: 64
address sizes	: 46 bits physical, 48 bits virtual
power management:

processor	: 38
vendor_id	: GenuineIntel
cpu family	: 6
model		: 79
model name	: Intel(R) Xeon(R) CPU E5-2630 v4 @ 2.20GHz
stepping	: 1
microcode	: 0xb00001f
cpu MHz		: 1200.036
cache size	: 25600 KB
physical id	: 1
siblings	: 20
core id		: 11
cpu cores	: 10
apicid		: 55
initial apicid	: 55
fpu		: yes
fpu_exception	: yes
cpuid level	: 20
wp		: yes
flags		: fpu vme de pse tsc msr pae mce cx8 apic sep mtrr pge mca cmov pat pse36 clflush dts acpi mmx fxsr sse sse2 ss ht tm pbe syscall nx pdpe1gb rdtscp lm constant_tsc arch_perfmon pebs bts rep_good nopl xtopology nonstop_tsc aperfmperf pni pclmulqdq dtes64 monitor ds_cpl vmx smx est tm2 ssse3 sdbg fma cx16 xtpr pdcm pcid dca sse4_1 sse4_2 x2apic movbe popcnt tsc_deadline_timer aes xsave avx f16c rdrand lahf_lm abm 3dnowprefetch epb invpcid_single kaiser tpr_shadow vnmi flexpriority ept vpid fsgsbase tsc_adjust bmi1 hle avx2 smep bmi2 erms invpcid rtm cqm rdseed adx smap intel_pt xsaveopt cqm_llc cqm_occup_llc cqm_mbm_total cqm_mbm_local dtherm ida arat pln pts
bugs		: cpu_meltdown spectre_v1 spectre_v2 spec_store_bypass l1tf
bogomips	: 4392.05
clflush size	: 64
cache_alignment	: 64
address sizes	: 46 bits physical, 48 bits virtual
power management:

processor	: 39
vendor_id	: GenuineIntel
cpu family	: 6
model		: 79
model name	: Intel(R) Xeon(R) CPU E5-2630 v4 @ 2.20GHz
stepping	: 1
microcode	: 0xb00001f
cpu MHz		: 1199.902
cache size	: 25600 KB
physical id	: 1
siblings	: 20
core id		: 12
cpu cores	: 10
apicid		: 57
initial apicid	: 57
fpu		: yes
fpu_exception	: yes
cpuid level	: 20
wp		: yes
flags		: fpu vme de pse tsc msr pae mce cx8 apic sep mtrr pge mca cmov pat pse36 clflush dts acpi mmx fxsr sse sse2 ss ht tm pbe syscall nx pdpe1gb rdtscp lm constant_tsc arch_perfmon pebs bts rep_good nopl xtopology nonstop_tsc aperfmperf pni pclmulqdq dtes64 monitor ds_cpl vmx smx est tm2 ssse3 sdbg fma cx16 xtpr pdcm pcid dca sse4_1 sse4_2 x2apic movbe popcnt tsc_deadline_timer aes xsave avx f16c rdrand lahf_lm abm 3dnowprefetch epb invpcid_single kaiser tpr_shadow vnmi flexpriority ept vpid fsgsbase tsc_adjust bmi1 hle avx2 smep bmi2 erms invpcid rtm cqm rdseed adx smap intel_pt xsaveopt cqm_llc cqm_occup_llc cqm_mbm_total cqm_mbm_local dtherm ida arat pln pts
bugs		: cpu_meltdown spectre_v1 spectre_v2 spec_store_bypass l1tf
bogomips	: 4392.05
clflush size	: 64
cache_alignment	: 64
address sizes	: 46 bits physical, 48 bits virtual
power management:



Memory: 4k page, physical 65860080k(47027424k free), swap 118448124k(118448124k free)

vm_info: Java HotSpot(TM) 64-Bit Server VM (25.201-b09) for linux-amd64 JRE (1.8.0_201-b09), built on Dec 15 2018 11:35:59 by "java_re" with gcc 7.3.0

time: Tue Mar 26 23:21:27 2019
timezone: EDT
elapsed time: 0 seconds (0d 0h 0m 0s)

