#
# A fatal error has been detected by the Java Runtime Environment:
#
#  SIGSEGV (0xb) at pc=0x00007faae68fdc5d, pid=2008, tid=2009
#
# JRE version: Java(TM) SE Runtime Environment (11.0.2+9) (build 11.0.2+9-LTS)
# Java VM: Java HotSpot(TM) 64-Bit Server VM (11.0.2+9-LTS, mixed mode, tiered, compressed oops, g1 gc, linux-amd64)
# Problematic frame:
# C  [libc.so.6+0x67c5d]  __isoc99_fscanf+0x5d
#
# No core dump will be written. Core dumps have been disabled. To enable core dumping, try "ulimit -c unlimited" before starting Java again
#
# If you would like to submit a bug report, please visit:
#   http://bugreport.java.com/bugreport/crash.jsp
# The crash happened outside the Java Virtual Machine in native code.
# See problematic frame for where to report the bug.
#

---------------  S U M M A R Y ------------

Command Line: energy.Scaler 1 userspace

Host: Intel(R) Xeon(R) CPU E5-2630 v4 @ 2.20GHz, 40 cores, 62G, Debian GNU/Linux 8 (jessie)
Time: Mon Mar 25 03:10:31 2019 EDT elapsed time: 0 seconds (0d 0h 0m 0s)

---------------  T H R E A D  ---------------

Current thread (0x00007faae0011800):  JavaThread "main" [_thread_in_native, id=2009, stack(0x00007faae759f000,0x00007faae76a0000)]

Stack: [0x00007faae759f000,0x00007faae76a0000],  sp=0x00007faae769e7f0,  free space=1021k
Native frames: (J=compiled Java code, A=aot compiled Java code, j=interpreted, Vv=VM code, C=native code)
C  [libc.so.6+0x67c5d]  __isoc99_fscanf+0x5d
j  energy.Scaler.freqAvailable()[I+0
j  energy.Scaler.main([Ljava/lang/String;)V+32
v  ~StubRoutines::call_stub
V  [libjvm.so+0x886899]  JavaCalls::call_helper(JavaValue*, methodHandle const&, JavaCallArguments*, Thread*)+0x3b9
V  [libjvm.so+0x90126a]  jni_invoke_static(JNIEnv_*, JavaValue*, _jobject*, JNICallType, _jmethodID*, JNI_ArgumentPusher*, Thread*) [clone .isra.65] [clone .constprop.193]+0x1ba
V  [libjvm.so+0x9038d4]  jni_CallStaticVoidMethod+0x164
C  [libjli.so+0x582d]  JavaMain+0xe4d

Java frames: (J=compiled Java code, j=interpreted, Vv=VM code)
j  energy.Scaler.freqAvailable()[I+0
j  energy.Scaler.main([Ljava/lang/String;)V+32
v  ~StubRoutines::call_stub

siginfo: si_signo: 11 (SIGSEGV), si_code: 1 (SEGV_MAPERR), si_addr: 0x0000000000000000

Register to memory mapping:

RAX=0x0 is NULL
RBX=0x0 is NULL
RCX=0xffffffffffffff90 is an unknown value
RDX=0x00007faae769e8ec is pointing into the stack for thread: 0x00007faae0011800
RSP=0x00007faae769e7f0 is pointing into the stack for thread: 0x00007faae0011800
RBP=0x00007faae769e970 is pointing into the stack for thread: 0x00007faae0011800
RSI=0x00007faa6b3ce6cd: <offset 0x00000000000056cd> in /home/kmahmou1/jikes/jikesrvm/energy/64/libCPUScaler.so at 0x00007faa6b3c9000
RDI=0x0 is NULL
R8 =0x00007faae769f700 is pointing into the stack for thread: 0x00007faae0011800
R9 =0x00007faa6b3ce6cd: <offset 0x00000000000056cd> in /home/kmahmou1/jikes/jikesrvm/energy/64/libCPUScaler.so at 0x00007faa6b3c9000
R10=0x00007faae769e690 is pointing into the stack for thread: 0x00007faae0011800
R11=0x00007faae68fdc00: __isoc99_fscanf+0x0000000000000000 in /lib/x86_64-linux-gnu/libc.so.6 at 0x00007faae6896000
R12=0x0 is NULL
R13={method} {0x00007faa94cf16d0} 'freqAvailable' '()[I' in 'energy/Scaler'
R14=0x00007faae769e9e8 is pointing into the stack for thread: 0x00007faae0011800
R15=0x00007faae0011800 is a thread


Registers:
RAX=0x0000000000000000, RBX=0x0000000000000000, RCX=0xffffffffffffff90, RDX=0x00007faae769e8ec
RSP=0x00007faae769e7f0, RBP=0x00007faae769e970, RSI=0x00007faa6b3ce6cd, RDI=0x0000000000000000
R8 =0x00007faae769f700, R9 =0x00007faa6b3ce6cd, R10=0x00007faae769e690, R11=0x00007faae68fdc00
R12=0x0000000000000000, R13=0x00007faa94cf16d0, R14=0x00007faae769e9e8, R15=0x00007faae0011800
RIP=0x00007faae68fdc5d, EFLAGS=0x0000000000010246, CSGSFS=0x0000000000000033, ERR=0x0000000000000004
  TRAPNO=0x000000000000000e

Top of Stack: (sp=0x00007faae769e7f0)
0x00007faae769e7f0:   0000000000000009 00007faae6971989
0x00007faae769e800:   0000000000000000 00007faa6b5d0040
0x00007faae769e810:   0000000000000000 00007faa94cf16d0
0x00007faae769e820:   00007faae769e8ec ffffffffffffff90 

Instructions: (pc=0x00007faae68fdc5d)
0x00007faae68fdc3d:   24 90 00 00 00 0f 29 ac 24 a0 00 00 00 0f 29 b4
0x00007faae68fdc4d:   24 b0 00 00 00 0f 29 bc 24 c0 00 00 00 49 89 f1
0x00007faae68fdc5d:   8b 03 25 00 80 00 00 75 4f 48 8b 93 88 00 00 00
0x00007faae68fdc6d:   64 4c 8b 14 25 10 00 00 00 4c 3b 52 08 74 35 be 

Stack slot to memory mapping:
stack at sp + 0 slots: 0x0000000000000009 is an unknown value
stack at sp + 1 slots: 0x00007faae6971989: __open64+0x0000000000000039 in /lib/x86_64-linux-gnu/libc.so.6 at 0x00007faae6896000
stack at sp + 2 slots: 0x0 is NULL
stack at sp + 3 slots: 0x00007faa6b5d0040: <offset 0x0000000000207040> in /home/kmahmou1/jikes/jikesrvm/energy/64/libCPUScaler.so at 0x00007faa6b3c9000
stack at sp + 4 slots: 0x0 is NULL
stack at sp + 5 slots: {method} {0x00007faa94cf16d0} 'freqAvailable' '()[I' in 'energy/Scaler'
stack at sp + 6 slots: 0x00007faae769e8ec is pointing into the stack for thread: 0x00007faae0011800
stack at sp + 7 slots: 0xffffffffffffff90 is an unknown value


---------------  P R O C E S S  ---------------

Threads class SMR info:
_java_thread_list=0x00007faae039ff20, length=12, elements={
0x00007faae0011800, 0x00007faae02c5800, 0x00007faae02c9800, 0x00007faae02dc000,
0x00007faae02de000, 0x00007faae02e0000, 0x00007faae02e2000, 0x00007faa6c074800,
0x00007faa6c076800, 0x00007faa6c078000, 0x00007faae0390800, 0x00007faae039e800
}

Java Threads: ( => current thread )
=>0x00007faae0011800 JavaThread "main" [_thread_in_native, id=2009, stack(0x00007faae759f000,0x00007faae76a0000)]
  0x00007faae02c5800 JavaThread "Reference Handler" daemon [_thread_blocked, id=2016, stack(0x00007faa946ef000,0x00007faa947f0000)]
  0x00007faae02c9800 JavaThread "Finalizer" daemon [_thread_blocked, id=2017, stack(0x00007faa945ee000,0x00007faa946ef000)]
  0x00007faae02dc000 JavaThread "Signal Dispatcher" daemon [_thread_blocked, id=2018, stack(0x00007faa94364000,0x00007faa94465000)]
  0x00007faae02de000 JavaThread "C2 CompilerThread0" daemon [_thread_blocked, id=2019, stack(0x00007faa94263000,0x00007faa94364000)]
  0x00007faae02e0000 JavaThread "C1 CompilerThread0" daemon [_thread_blocked, id=2020, stack(0x00007faa94162000,0x00007faa94263000)]
  0x00007faae02e2000 JavaThread "Sweeper thread" daemon [_thread_blocked, id=2021, stack(0x00007faa94061000,0x00007faa94162000)]
  0x00007faa6c074800 JavaThread "C1 CompilerThread1" daemon [_thread_blocked, id=2022, stack(0x00007faa6beff000,0x00007faa6c000000)]
  0x00007faa6c076800 JavaThread "C1 CompilerThread2" daemon [_thread_blocked, id=2023, stack(0x00007faa6bdfe000,0x00007faa6beff000)]
  0x00007faa6c078000 JavaThread "C1 CompilerThread3" daemon [_thread_blocked, id=2024, stack(0x00007faa6bcfd000,0x00007faa6bdfe000)]
  0x00007faae0390800 JavaThread "Service Thread" daemon [_thread_blocked, id=2025, stack(0x00007faa6bbfc000,0x00007faa6bcfd000)]
  0x00007faae039e800 JavaThread "Common-Cleaner" daemon [_thread_blocked, id=2027, stack(0x00007faa6b9fa000,0x00007faa6bafb000)]

Other Threads:
  0x00007faae02bd000 VMThread "VM Thread" [stack: 0x00007faa947f1000,0x00007faa948f1000] [id=2015]
  0x00007faae0397800 WatcherThread [stack: 0x00007faa6bafc000,0x00007faa6bbfc000] [id=2026]
  0x00007faae003b000 GCTaskThread "GC Thread#0" [stack: 0x00007faac8753000,0x00007faac8853000] [id=2010]
  0x00007faae0079000 ConcurrentGCThread "G1 Main Marker" [stack: 0x00007faa9d107000,0x00007faa9d207000] [id=2011]
  0x00007faae007a800 ConcurrentGCThread "G1 Conc#0" [stack: 0x00007faa9d006000,0x00007faa9d106000] [id=2012]
  0x00007faae0255800 ConcurrentGCThread "G1 Refine#0" [stack: 0x00007faa951f3000,0x00007faa952f3000] [id=2013]
  0x00007faae0257800 ConcurrentGCThread "G1 Young RemSet Sampling" [stack: 0x00007faa950f2000,0x00007faa951f2000] [id=2014]

Threads with active compile tasks:

VM state:not at safepoint (normal execution)

VM Mutex/Monitor currently owned by a thread: None

Heap address: 0x0000000411000000, size: 16112 MB, Compressed Oops mode: Zero based, Oop shift amount: 3
Narrow klass base: 0x0000000800000000, Narrow klass shift: 0
Compressed class space size: 1073741824 Address: 0x0000000800000000

Heap:
 garbage-first heap   total 1032192K, used 0K [0x0000000411000000, 0x0000000800000000)
  region size 4096K, 1 young (4096K), 0 survivors (0K)
 Metaspace       used 4600K, capacity 4639K, committed 4864K, reserved 1056768K
  class space    used 379K, capacity 389K, committed 512K, reserved 1048576K
Heap Regions: E=young(eden), S=young(survivor), O=old, HS=humongous(starts), HC=humongous(continues), CS=collection set, F=free, A=archive, TAMS=top-at-mark-start (previous, next)
|   0|0x0000000411000000, 0x0000000411000000, 0x0000000411400000|  0%| F|  |TAMS 0x0000000411000000, 0x0000000411000000| Untracked 
|   1|0x0000000411400000, 0x0000000411400000, 0x0000000411800000|  0%| F|  |TAMS 0x0000000411400000, 0x0000000411400000| Untracked 
|   2|0x0000000411800000, 0x0000000411800000, 0x0000000411c00000|  0%| F|  |TAMS 0x0000000411800000, 0x0000000411800000| Untracked 
|   3|0x0000000411c00000, 0x0000000411c00000, 0x0000000412000000|  0%| F|  |TAMS 0x0000000411c00000, 0x0000000411c00000| Untracked 
|   4|0x0000000412000000, 0x0000000412000000, 0x0000000412400000|  0%| F|  |TAMS 0x0000000412000000, 0x0000000412000000| Untracked 
|   5|0x0000000412400000, 0x0000000412400000, 0x0000000412800000|  0%| F|  |TAMS 0x0000000412400000, 0x0000000412400000| Untracked 
|   6|0x0000000412800000, 0x0000000412800000, 0x0000000412c00000|  0%| F|  |TAMS 0x0000000412800000, 0x0000000412800000| Untracked 
|   7|0x0000000412c00000, 0x0000000412c00000, 0x0000000413000000|  0%| F|  |TAMS 0x0000000412c00000, 0x0000000412c00000| Untracked 
|   8|0x0000000413000000, 0x0000000413000000, 0x0000000413400000|  0%| F|  |TAMS 0x0000000413000000, 0x0000000413000000| Untracked 
|   9|0x0000000413400000, 0x0000000413400000, 0x0000000413800000|  0%| F|  |TAMS 0x0000000413400000, 0x0000000413400000| Untracked 
|  10|0x0000000413800000, 0x0000000413800000, 0x0000000413c00000|  0%| F|  |TAMS 0x0000000413800000, 0x0000000413800000| Untracked 
|  11|0x0000000413c00000, 0x0000000413c00000, 0x0000000414000000|  0%| F|  |TAMS 0x0000000413c00000, 0x0000000413c00000| Untracked 
|  12|0x0000000414000000, 0x0000000414000000, 0x0000000414400000|  0%| F|  |TAMS 0x0000000414000000, 0x0000000414000000| Untracked 
|  13|0x0000000414400000, 0x0000000414400000, 0x0000000414800000|  0%| F|  |TAMS 0x0000000414400000, 0x0000000414400000| Untracked 
|  14|0x0000000414800000, 0x0000000414800000, 0x0000000414c00000|  0%| F|  |TAMS 0x0000000414800000, 0x0000000414800000| Untracked 
|  15|0x0000000414c00000, 0x0000000414c00000, 0x0000000415000000|  0%| F|  |TAMS 0x0000000414c00000, 0x0000000414c00000| Untracked 
|  16|0x0000000415000000, 0x0000000415000000, 0x0000000415400000|  0%| F|  |TAMS 0x0000000415000000, 0x0000000415000000| Untracked 
|  17|0x0000000415400000, 0x0000000415400000, 0x0000000415800000|  0%| F|  |TAMS 0x0000000415400000, 0x0000000415400000| Untracked 
|  18|0x0000000415800000, 0x0000000415800000, 0x0000000415c00000|  0%| F|  |TAMS 0x0000000415800000, 0x0000000415800000| Untracked 
|  19|0x0000000415c00000, 0x0000000415c00000, 0x0000000416000000|  0%| F|  |TAMS 0x0000000415c00000, 0x0000000415c00000| Untracked 
|  20|0x0000000416000000, 0x0000000416000000, 0x0000000416400000|  0%| F|  |TAMS 0x0000000416000000, 0x0000000416000000| Untracked 
|  21|0x0000000416400000, 0x0000000416400000, 0x0000000416800000|  0%| F|  |TAMS 0x0000000416400000, 0x0000000416400000| Untracked 
|  22|0x0000000416800000, 0x0000000416800000, 0x0000000416c00000|  0%| F|  |TAMS 0x0000000416800000, 0x0000000416800000| Untracked 
|  23|0x0000000416c00000, 0x0000000416c00000, 0x0000000417000000|  0%| F|  |TAMS 0x0000000416c00000, 0x0000000416c00000| Untracked 
|  24|0x0000000417000000, 0x0000000417000000, 0x0000000417400000|  0%| F|  |TAMS 0x0000000417000000, 0x0000000417000000| Untracked 
|  25|0x0000000417400000, 0x0000000417400000, 0x0000000417800000|  0%| F|  |TAMS 0x0000000417400000, 0x0000000417400000| Untracked 
|  26|0x0000000417800000, 0x0000000417800000, 0x0000000417c00000|  0%| F|  |TAMS 0x0000000417800000, 0x0000000417800000| Untracked 
|  27|0x0000000417c00000, 0x0000000417c00000, 0x0000000418000000|  0%| F|  |TAMS 0x0000000417c00000, 0x0000000417c00000| Untracked 
|  28|0x0000000418000000, 0x0000000418000000, 0x0000000418400000|  0%| F|  |TAMS 0x0000000418000000, 0x0000000418000000| Untracked 
|  29|0x0000000418400000, 0x0000000418400000, 0x0000000418800000|  0%| F|  |TAMS 0x0000000418400000, 0x0000000418400000| Untracked 
|  30|0x0000000418800000, 0x0000000418800000, 0x0000000418c00000|  0%| F|  |TAMS 0x0000000418800000, 0x0000000418800000| Untracked 
|  31|0x0000000418c00000, 0x0000000418c00000, 0x0000000419000000|  0%| F|  |TAMS 0x0000000418c00000, 0x0000000418c00000| Untracked 
|  32|0x0000000419000000, 0x0000000419000000, 0x0000000419400000|  0%| F|  |TAMS 0x0000000419000000, 0x0000000419000000| Untracked 
|  33|0x0000000419400000, 0x0000000419400000, 0x0000000419800000|  0%| F|  |TAMS 0x0000000419400000, 0x0000000419400000| Untracked 
|  34|0x0000000419800000, 0x0000000419800000, 0x0000000419c00000|  0%| F|  |TAMS 0x0000000419800000, 0x0000000419800000| Untracked 
|  35|0x0000000419c00000, 0x0000000419c00000, 0x000000041a000000|  0%| F|  |TAMS 0x0000000419c00000, 0x0000000419c00000| Untracked 
|  36|0x000000041a000000, 0x000000041a000000, 0x000000041a400000|  0%| F|  |TAMS 0x000000041a000000, 0x000000041a000000| Untracked 
|  37|0x000000041a400000, 0x000000041a400000, 0x000000041a800000|  0%| F|  |TAMS 0x000000041a400000, 0x000000041a400000| Untracked 
|  38|0x000000041a800000, 0x000000041a800000, 0x000000041ac00000|  0%| F|  |TAMS 0x000000041a800000, 0x000000041a800000| Untracked 
|  39|0x000000041ac00000, 0x000000041ac00000, 0x000000041b000000|  0%| F|  |TAMS 0x000000041ac00000, 0x000000041ac00000| Untracked 
|  40|0x000000041b000000, 0x000000041b000000, 0x000000041b400000|  0%| F|  |TAMS 0x000000041b000000, 0x000000041b000000| Untracked 
|  41|0x000000041b400000, 0x000000041b400000, 0x000000041b800000|  0%| F|  |TAMS 0x000000041b400000, 0x000000041b400000| Untracked 
|  42|0x000000041b800000, 0x000000041b800000, 0x000000041bc00000|  0%| F|  |TAMS 0x000000041b800000, 0x000000041b800000| Untracked 
|  43|0x000000041bc00000, 0x000000041bc00000, 0x000000041c000000|  0%| F|  |TAMS 0x000000041bc00000, 0x000000041bc00000| Untracked 
|  44|0x000000041c000000, 0x000000041c000000, 0x000000041c400000|  0%| F|  |TAMS 0x000000041c000000, 0x000000041c000000| Untracked 
|  45|0x000000041c400000, 0x000000041c400000, 0x000000041c800000|  0%| F|  |TAMS 0x000000041c400000, 0x000000041c400000| Untracked 
|  46|0x000000041c800000, 0x000000041c800000, 0x000000041cc00000|  0%| F|  |TAMS 0x000000041c800000, 0x000000041c800000| Untracked 
|  47|0x000000041cc00000, 0x000000041cc00000, 0x000000041d000000|  0%| F|  |TAMS 0x000000041cc00000, 0x000000041cc00000| Untracked 
|  48|0x000000041d000000, 0x000000041d000000, 0x000000041d400000|  0%| F|  |TAMS 0x000000041d000000, 0x000000041d000000| Untracked 
|  49|0x000000041d400000, 0x000000041d400000, 0x000000041d800000|  0%| F|  |TAMS 0x000000041d400000, 0x000000041d400000| Untracked 
|  50|0x000000041d800000, 0x000000041d800000, 0x000000041dc00000|  0%| F|  |TAMS 0x000000041d800000, 0x000000041d800000| Untracked 
|  51|0x000000041dc00000, 0x000000041dc00000, 0x000000041e000000|  0%| F|  |TAMS 0x000000041dc00000, 0x000000041dc00000| Untracked 
|  52|0x000000041e000000, 0x000000041e000000, 0x000000041e400000|  0%| F|  |TAMS 0x000000041e000000, 0x000000041e000000| Untracked 
|  53|0x000000041e400000, 0x000000041e400000, 0x000000041e800000|  0%| F|  |TAMS 0x000000041e400000, 0x000000041e400000| Untracked 
|  54|0x000000041e800000, 0x000000041e800000, 0x000000041ec00000|  0%| F|  |TAMS 0x000000041e800000, 0x000000041e800000| Untracked 
|  55|0x000000041ec00000, 0x000000041ec00000, 0x000000041f000000|  0%| F|  |TAMS 0x000000041ec00000, 0x000000041ec00000| Untracked 
|  56|0x000000041f000000, 0x000000041f000000, 0x000000041f400000|  0%| F|  |TAMS 0x000000041f000000, 0x000000041f000000| Untracked 
|  57|0x000000041f400000, 0x000000041f400000, 0x000000041f800000|  0%| F|  |TAMS 0x000000041f400000, 0x000000041f400000| Untracked 
|  58|0x000000041f800000, 0x000000041f800000, 0x000000041fc00000|  0%| F|  |TAMS 0x000000041f800000, 0x000000041f800000| Untracked 
|  59|0x000000041fc00000, 0x000000041fc00000, 0x0000000420000000|  0%| F|  |TAMS 0x000000041fc00000, 0x000000041fc00000| Untracked 
|  60|0x0000000420000000, 0x0000000420000000, 0x0000000420400000|  0%| F|  |TAMS 0x0000000420000000, 0x0000000420000000| Untracked 
|  61|0x0000000420400000, 0x0000000420400000, 0x0000000420800000|  0%| F|  |TAMS 0x0000000420400000, 0x0000000420400000| Untracked 
|  62|0x0000000420800000, 0x0000000420800000, 0x0000000420c00000|  0%| F|  |TAMS 0x0000000420800000, 0x0000000420800000| Untracked 
|  63|0x0000000420c00000, 0x0000000420c00000, 0x0000000421000000|  0%| F|  |TAMS 0x0000000420c00000, 0x0000000420c00000| Untracked 
|  64|0x0000000421000000, 0x0000000421000000, 0x0000000421400000|  0%| F|  |TAMS 0x0000000421000000, 0x0000000421000000| Untracked 
|  65|0x0000000421400000, 0x0000000421400000, 0x0000000421800000|  0%| F|  |TAMS 0x0000000421400000, 0x0000000421400000| Untracked 
|  66|0x0000000421800000, 0x0000000421800000, 0x0000000421c00000|  0%| F|  |TAMS 0x0000000421800000, 0x0000000421800000| Untracked 
|  67|0x0000000421c00000, 0x0000000421c00000, 0x0000000422000000|  0%| F|  |TAMS 0x0000000421c00000, 0x0000000421c00000| Untracked 
|  68|0x0000000422000000, 0x0000000422000000, 0x0000000422400000|  0%| F|  |TAMS 0x0000000422000000, 0x0000000422000000| Untracked 
|  69|0x0000000422400000, 0x0000000422400000, 0x0000000422800000|  0%| F|  |TAMS 0x0000000422400000, 0x0000000422400000| Untracked 
|  70|0x0000000422800000, 0x0000000422800000, 0x0000000422c00000|  0%| F|  |TAMS 0x0000000422800000, 0x0000000422800000| Untracked 
|  71|0x0000000422c00000, 0x0000000422c00000, 0x0000000423000000|  0%| F|  |TAMS 0x0000000422c00000, 0x0000000422c00000| Untracked 
|  72|0x0000000423000000, 0x0000000423000000, 0x0000000423400000|  0%| F|  |TAMS 0x0000000423000000, 0x0000000423000000| Untracked 
|  73|0x0000000423400000, 0x0000000423400000, 0x0000000423800000|  0%| F|  |TAMS 0x0000000423400000, 0x0000000423400000| Untracked 
|  74|0x0000000423800000, 0x0000000423800000, 0x0000000423c00000|  0%| F|  |TAMS 0x0000000423800000, 0x0000000423800000| Untracked 
|  75|0x0000000423c00000, 0x0000000423c00000, 0x0000000424000000|  0%| F|  |TAMS 0x0000000423c00000, 0x0000000423c00000| Untracked 
|  76|0x0000000424000000, 0x0000000424000000, 0x0000000424400000|  0%| F|  |TAMS 0x0000000424000000, 0x0000000424000000| Untracked 
|  77|0x0000000424400000, 0x0000000424400000, 0x0000000424800000|  0%| F|  |TAMS 0x0000000424400000, 0x0000000424400000| Untracked 
|  78|0x0000000424800000, 0x0000000424800000, 0x0000000424c00000|  0%| F|  |TAMS 0x0000000424800000, 0x0000000424800000| Untracked 
|  79|0x0000000424c00000, 0x0000000424c00000, 0x0000000425000000|  0%| F|  |TAMS 0x0000000424c00000, 0x0000000424c00000| Untracked 
|  80|0x0000000425000000, 0x0000000425000000, 0x0000000425400000|  0%| F|  |TAMS 0x0000000425000000, 0x0000000425000000| Untracked 
|  81|0x0000000425400000, 0x0000000425400000, 0x0000000425800000|  0%| F|  |TAMS 0x0000000425400000, 0x0000000425400000| Untracked 
|  82|0x0000000425800000, 0x0000000425800000, 0x0000000425c00000|  0%| F|  |TAMS 0x0000000425800000, 0x0000000425800000| Untracked 
|  83|0x0000000425c00000, 0x0000000425c00000, 0x0000000426000000|  0%| F|  |TAMS 0x0000000425c00000, 0x0000000425c00000| Untracked 
|  84|0x0000000426000000, 0x0000000426000000, 0x0000000426400000|  0%| F|  |TAMS 0x0000000426000000, 0x0000000426000000| Untracked 
|  85|0x0000000426400000, 0x0000000426400000, 0x0000000426800000|  0%| F|  |TAMS 0x0000000426400000, 0x0000000426400000| Untracked 
|  86|0x0000000426800000, 0x0000000426800000, 0x0000000426c00000|  0%| F|  |TAMS 0x0000000426800000, 0x0000000426800000| Untracked 
|  87|0x0000000426c00000, 0x0000000426c00000, 0x0000000427000000|  0%| F|  |TAMS 0x0000000426c00000, 0x0000000426c00000| Untracked 
|  88|0x0000000427000000, 0x0000000427000000, 0x0000000427400000|  0%| F|  |TAMS 0x0000000427000000, 0x0000000427000000| Untracked 
|  89|0x0000000427400000, 0x0000000427400000, 0x0000000427800000|  0%| F|  |TAMS 0x0000000427400000, 0x0000000427400000| Untracked 
|  90|0x0000000427800000, 0x0000000427800000, 0x0000000427c00000|  0%| F|  |TAMS 0x0000000427800000, 0x0000000427800000| Untracked 
|  91|0x0000000427c00000, 0x0000000427c00000, 0x0000000428000000|  0%| F|  |TAMS 0x0000000427c00000, 0x0000000427c00000| Untracked 
|  92|0x0000000428000000, 0x0000000428000000, 0x0000000428400000|  0%| F|  |TAMS 0x0000000428000000, 0x0000000428000000| Untracked 
|  93|0x0000000428400000, 0x0000000428400000, 0x0000000428800000|  0%| F|  |TAMS 0x0000000428400000, 0x0000000428400000| Untracked 
|  94|0x0000000428800000, 0x0000000428800000, 0x0000000428c00000|  0%| F|  |TAMS 0x0000000428800000, 0x0000000428800000| Untracked 
|  95|0x0000000428c00000, 0x0000000428c00000, 0x0000000429000000|  0%| F|  |TAMS 0x0000000428c00000, 0x0000000428c00000| Untracked 
|  96|0x0000000429000000, 0x0000000429000000, 0x0000000429400000|  0%| F|  |TAMS 0x0000000429000000, 0x0000000429000000| Untracked 
|  97|0x0000000429400000, 0x0000000429400000, 0x0000000429800000|  0%| F|  |TAMS 0x0000000429400000, 0x0000000429400000| Untracked 
|  98|0x0000000429800000, 0x0000000429800000, 0x0000000429c00000|  0%| F|  |TAMS 0x0000000429800000, 0x0000000429800000| Untracked 
|  99|0x0000000429c00000, 0x0000000429c00000, 0x000000042a000000|  0%| F|  |TAMS 0x0000000429c00000, 0x0000000429c00000| Untracked 
| 100|0x000000042a000000, 0x000000042a000000, 0x000000042a400000|  0%| F|  |TAMS 0x000000042a000000, 0x000000042a000000| Untracked 
| 101|0x000000042a400000, 0x000000042a400000, 0x000000042a800000|  0%| F|  |TAMS 0x000000042a400000, 0x000000042a400000| Untracked 
| 102|0x000000042a800000, 0x000000042a800000, 0x000000042ac00000|  0%| F|  |TAMS 0x000000042a800000, 0x000000042a800000| Untracked 
| 103|0x000000042ac00000, 0x000000042ac00000, 0x000000042b000000|  0%| F|  |TAMS 0x000000042ac00000, 0x000000042ac00000| Untracked 
| 104|0x000000042b000000, 0x000000042b000000, 0x000000042b400000|  0%| F|  |TAMS 0x000000042b000000, 0x000000042b000000| Untracked 
| 105|0x000000042b400000, 0x000000042b400000, 0x000000042b800000|  0%| F|  |TAMS 0x000000042b400000, 0x000000042b400000| Untracked 
| 106|0x000000042b800000, 0x000000042b800000, 0x000000042bc00000|  0%| F|  |TAMS 0x000000042b800000, 0x000000042b800000| Untracked 
| 107|0x000000042bc00000, 0x000000042bc00000, 0x000000042c000000|  0%| F|  |TAMS 0x000000042bc00000, 0x000000042bc00000| Untracked 
| 108|0x000000042c000000, 0x000000042c000000, 0x000000042c400000|  0%| F|  |TAMS 0x000000042c000000, 0x000000042c000000| Untracked 
| 109|0x000000042c400000, 0x000000042c400000, 0x000000042c800000|  0%| F|  |TAMS 0x000000042c400000, 0x000000042c400000| Untracked 
| 110|0x000000042c800000, 0x000000042c800000, 0x000000042cc00000|  0%| F|  |TAMS 0x000000042c800000, 0x000000042c800000| Untracked 
| 111|0x000000042cc00000, 0x000000042cc00000, 0x000000042d000000|  0%| F|  |TAMS 0x000000042cc00000, 0x000000042cc00000| Untracked 
| 112|0x000000042d000000, 0x000000042d000000, 0x000000042d400000|  0%| F|  |TAMS 0x000000042d000000, 0x000000042d000000| Untracked 
| 113|0x000000042d400000, 0x000000042d400000, 0x000000042d800000|  0%| F|  |TAMS 0x000000042d400000, 0x000000042d400000| Untracked 
| 114|0x000000042d800000, 0x000000042d800000, 0x000000042dc00000|  0%| F|  |TAMS 0x000000042d800000, 0x000000042d800000| Untracked 
| 115|0x000000042dc00000, 0x000000042dc00000, 0x000000042e000000|  0%| F|  |TAMS 0x000000042dc00000, 0x000000042dc00000| Untracked 
| 116|0x000000042e000000, 0x000000042e000000, 0x000000042e400000|  0%| F|  |TAMS 0x000000042e000000, 0x000000042e000000| Untracked 
| 117|0x000000042e400000, 0x000000042e400000, 0x000000042e800000|  0%| F|  |TAMS 0x000000042e400000, 0x000000042e400000| Untracked 
| 118|0x000000042e800000, 0x000000042e800000, 0x000000042ec00000|  0%| F|  |TAMS 0x000000042e800000, 0x000000042e800000| Untracked 
| 119|0x000000042ec00000, 0x000000042ec00000, 0x000000042f000000|  0%| F|  |TAMS 0x000000042ec00000, 0x000000042ec00000| Untracked 
| 120|0x000000042f000000, 0x000000042f000000, 0x000000042f400000|  0%| F|  |TAMS 0x000000042f000000, 0x000000042f000000| Untracked 
| 121|0x000000042f400000, 0x000000042f400000, 0x000000042f800000|  0%| F|  |TAMS 0x000000042f400000, 0x000000042f400000| Untracked 
| 122|0x000000042f800000, 0x000000042f800000, 0x000000042fc00000|  0%| F|  |TAMS 0x000000042f800000, 0x000000042f800000| Untracked 
| 123|0x000000042fc00000, 0x000000042fc00000, 0x0000000430000000|  0%| F|  |TAMS 0x000000042fc00000, 0x000000042fc00000| Untracked 
| 124|0x0000000430000000, 0x0000000430000000, 0x0000000430400000|  0%| F|  |TAMS 0x0000000430000000, 0x0000000430000000| Untracked 
| 125|0x0000000430400000, 0x0000000430400000, 0x0000000430800000|  0%| F|  |TAMS 0x0000000430400000, 0x0000000430400000| Untracked 
| 126|0x0000000430800000, 0x0000000430800000, 0x0000000430c00000|  0%| F|  |TAMS 0x0000000430800000, 0x0000000430800000| Untracked 
| 127|0x0000000430c00000, 0x0000000430c00000, 0x0000000431000000|  0%| F|  |TAMS 0x0000000430c00000, 0x0000000430c00000| Untracked 
| 128|0x0000000431000000, 0x0000000431000000, 0x0000000431400000|  0%| F|  |TAMS 0x0000000431000000, 0x0000000431000000| Untracked 
| 129|0x0000000431400000, 0x0000000431400000, 0x0000000431800000|  0%| F|  |TAMS 0x0000000431400000, 0x0000000431400000| Untracked 
| 130|0x0000000431800000, 0x0000000431800000, 0x0000000431c00000|  0%| F|  |TAMS 0x0000000431800000, 0x0000000431800000| Untracked 
| 131|0x0000000431c00000, 0x0000000431c00000, 0x0000000432000000|  0%| F|  |TAMS 0x0000000431c00000, 0x0000000431c00000| Untracked 
| 132|0x0000000432000000, 0x0000000432000000, 0x0000000432400000|  0%| F|  |TAMS 0x0000000432000000, 0x0000000432000000| Untracked 
| 133|0x0000000432400000, 0x0000000432400000, 0x0000000432800000|  0%| F|  |TAMS 0x0000000432400000, 0x0000000432400000| Untracked 
| 134|0x0000000432800000, 0x0000000432800000, 0x0000000432c00000|  0%| F|  |TAMS 0x0000000432800000, 0x0000000432800000| Untracked 
| 135|0x0000000432c00000, 0x0000000432c00000, 0x0000000433000000|  0%| F|  |TAMS 0x0000000432c00000, 0x0000000432c00000| Untracked 
| 136|0x0000000433000000, 0x0000000433000000, 0x0000000433400000|  0%| F|  |TAMS 0x0000000433000000, 0x0000000433000000| Untracked 
| 137|0x0000000433400000, 0x0000000433400000, 0x0000000433800000|  0%| F|  |TAMS 0x0000000433400000, 0x0000000433400000| Untracked 
| 138|0x0000000433800000, 0x0000000433800000, 0x0000000433c00000|  0%| F|  |TAMS 0x0000000433800000, 0x0000000433800000| Untracked 
| 139|0x0000000433c00000, 0x0000000433c00000, 0x0000000434000000|  0%| F|  |TAMS 0x0000000433c00000, 0x0000000433c00000| Untracked 
| 140|0x0000000434000000, 0x0000000434000000, 0x0000000434400000|  0%| F|  |TAMS 0x0000000434000000, 0x0000000434000000| Untracked 
| 141|0x0000000434400000, 0x0000000434400000, 0x0000000434800000|  0%| F|  |TAMS 0x0000000434400000, 0x0000000434400000| Untracked 
| 142|0x0000000434800000, 0x0000000434800000, 0x0000000434c00000|  0%| F|  |TAMS 0x0000000434800000, 0x0000000434800000| Untracked 
| 143|0x0000000434c00000, 0x0000000434c00000, 0x0000000435000000|  0%| F|  |TAMS 0x0000000434c00000, 0x0000000434c00000| Untracked 
| 144|0x0000000435000000, 0x0000000435000000, 0x0000000435400000|  0%| F|  |TAMS 0x0000000435000000, 0x0000000435000000| Untracked 
| 145|0x0000000435400000, 0x0000000435400000, 0x0000000435800000|  0%| F|  |TAMS 0x0000000435400000, 0x0000000435400000| Untracked 
| 146|0x0000000435800000, 0x0000000435800000, 0x0000000435c00000|  0%| F|  |TAMS 0x0000000435800000, 0x0000000435800000| Untracked 
| 147|0x0000000435c00000, 0x0000000435c00000, 0x0000000436000000|  0%| F|  |TAMS 0x0000000435c00000, 0x0000000435c00000| Untracked 
| 148|0x0000000436000000, 0x0000000436000000, 0x0000000436400000|  0%| F|  |TAMS 0x0000000436000000, 0x0000000436000000| Untracked 
| 149|0x0000000436400000, 0x0000000436400000, 0x0000000436800000|  0%| F|  |TAMS 0x0000000436400000, 0x0000000436400000| Untracked 
| 150|0x0000000436800000, 0x0000000436800000, 0x0000000436c00000|  0%| F|  |TAMS 0x0000000436800000, 0x0000000436800000| Untracked 
| 151|0x0000000436c00000, 0x0000000436c00000, 0x0000000437000000|  0%| F|  |TAMS 0x0000000436c00000, 0x0000000436c00000| Untracked 
| 152|0x0000000437000000, 0x0000000437000000, 0x0000000437400000|  0%| F|  |TAMS 0x0000000437000000, 0x0000000437000000| Untracked 
| 153|0x0000000437400000, 0x0000000437400000, 0x0000000437800000|  0%| F|  |TAMS 0x0000000437400000, 0x0000000437400000| Untracked 
| 154|0x0000000437800000, 0x0000000437800000, 0x0000000437c00000|  0%| F|  |TAMS 0x0000000437800000, 0x0000000437800000| Untracked 
| 155|0x0000000437c00000, 0x0000000437c00000, 0x0000000438000000|  0%| F|  |TAMS 0x0000000437c00000, 0x0000000437c00000| Untracked 
| 156|0x0000000438000000, 0x0000000438000000, 0x0000000438400000|  0%| F|  |TAMS 0x0000000438000000, 0x0000000438000000| Untracked 
| 157|0x0000000438400000, 0x0000000438400000, 0x0000000438800000|  0%| F|  |TAMS 0x0000000438400000, 0x0000000438400000| Untracked 
| 158|0x0000000438800000, 0x0000000438800000, 0x0000000438c00000|  0%| F|  |TAMS 0x0000000438800000, 0x0000000438800000| Untracked 
| 159|0x0000000438c00000, 0x0000000438c00000, 0x0000000439000000|  0%| F|  |TAMS 0x0000000438c00000, 0x0000000438c00000| Untracked 
| 160|0x0000000439000000, 0x0000000439000000, 0x0000000439400000|  0%| F|  |TAMS 0x0000000439000000, 0x0000000439000000| Untracked 
| 161|0x0000000439400000, 0x0000000439400000, 0x0000000439800000|  0%| F|  |TAMS 0x0000000439400000, 0x0000000439400000| Untracked 
| 162|0x0000000439800000, 0x0000000439800000, 0x0000000439c00000|  0%| F|  |TAMS 0x0000000439800000, 0x0000000439800000| Untracked 
| 163|0x0000000439c00000, 0x0000000439c00000, 0x000000043a000000|  0%| F|  |TAMS 0x0000000439c00000, 0x0000000439c00000| Untracked 
| 164|0x000000043a000000, 0x000000043a000000, 0x000000043a400000|  0%| F|  |TAMS 0x000000043a000000, 0x000000043a000000| Untracked 
| 165|0x000000043a400000, 0x000000043a400000, 0x000000043a800000|  0%| F|  |TAMS 0x000000043a400000, 0x000000043a400000| Untracked 
| 166|0x000000043a800000, 0x000000043a800000, 0x000000043ac00000|  0%| F|  |TAMS 0x000000043a800000, 0x000000043a800000| Untracked 
| 167|0x000000043ac00000, 0x000000043ac00000, 0x000000043b000000|  0%| F|  |TAMS 0x000000043ac00000, 0x000000043ac00000| Untracked 
| 168|0x000000043b000000, 0x000000043b000000, 0x000000043b400000|  0%| F|  |TAMS 0x000000043b000000, 0x000000043b000000| Untracked 
| 169|0x000000043b400000, 0x000000043b400000, 0x000000043b800000|  0%| F|  |TAMS 0x000000043b400000, 0x000000043b400000| Untracked 
| 170|0x000000043b800000, 0x000000043b800000, 0x000000043bc00000|  0%| F|  |TAMS 0x000000043b800000, 0x000000043b800000| Untracked 
| 171|0x000000043bc00000, 0x000000043bc00000, 0x000000043c000000|  0%| F|  |TAMS 0x000000043bc00000, 0x000000043bc00000| Untracked 
| 172|0x000000043c000000, 0x000000043c000000, 0x000000043c400000|  0%| F|  |TAMS 0x000000043c000000, 0x000000043c000000| Untracked 
| 173|0x000000043c400000, 0x000000043c400000, 0x000000043c800000|  0%| F|  |TAMS 0x000000043c400000, 0x000000043c400000| Untracked 
| 174|0x000000043c800000, 0x000000043c800000, 0x000000043cc00000|  0%| F|  |TAMS 0x000000043c800000, 0x000000043c800000| Untracked 
| 175|0x000000043cc00000, 0x000000043cc00000, 0x000000043d000000|  0%| F|  |TAMS 0x000000043cc00000, 0x000000043cc00000| Untracked 
| 176|0x000000043d000000, 0x000000043d000000, 0x000000043d400000|  0%| F|  |TAMS 0x000000043d000000, 0x000000043d000000| Untracked 
| 177|0x000000043d400000, 0x000000043d400000, 0x000000043d800000|  0%| F|  |TAMS 0x000000043d400000, 0x000000043d400000| Untracked 
| 178|0x000000043d800000, 0x000000043d800000, 0x000000043dc00000|  0%| F|  |TAMS 0x000000043d800000, 0x000000043d800000| Untracked 
| 179|0x000000043dc00000, 0x000000043dc00000, 0x000000043e000000|  0%| F|  |TAMS 0x000000043dc00000, 0x000000043dc00000| Untracked 
| 180|0x000000043e000000, 0x000000043e000000, 0x000000043e400000|  0%| F|  |TAMS 0x000000043e000000, 0x000000043e000000| Untracked 
| 181|0x000000043e400000, 0x000000043e400000, 0x000000043e800000|  0%| F|  |TAMS 0x000000043e400000, 0x000000043e400000| Untracked 
| 182|0x000000043e800000, 0x000000043e800000, 0x000000043ec00000|  0%| F|  |TAMS 0x000000043e800000, 0x000000043e800000| Untracked 
| 183|0x000000043ec00000, 0x000000043ec00000, 0x000000043f000000|  0%| F|  |TAMS 0x000000043ec00000, 0x000000043ec00000| Untracked 
| 184|0x000000043f000000, 0x000000043f000000, 0x000000043f400000|  0%| F|  |TAMS 0x000000043f000000, 0x000000043f000000| Untracked 
| 185|0x000000043f400000, 0x000000043f400000, 0x000000043f800000|  0%| F|  |TAMS 0x000000043f400000, 0x000000043f400000| Untracked 
| 186|0x000000043f800000, 0x000000043f800000, 0x000000043fc00000|  0%| F|  |TAMS 0x000000043f800000, 0x000000043f800000| Untracked 
| 187|0x000000043fc00000, 0x000000043fc00000, 0x0000000440000000|  0%| F|  |TAMS 0x000000043fc00000, 0x000000043fc00000| Untracked 
| 188|0x0000000440000000, 0x0000000440000000, 0x0000000440400000|  0%| F|  |TAMS 0x0000000440000000, 0x0000000440000000| Untracked 
| 189|0x0000000440400000, 0x0000000440400000, 0x0000000440800000|  0%| F|  |TAMS 0x0000000440400000, 0x0000000440400000| Untracked 
| 190|0x0000000440800000, 0x0000000440800000, 0x0000000440c00000|  0%| F|  |TAMS 0x0000000440800000, 0x0000000440800000| Untracked 
| 191|0x0000000440c00000, 0x0000000440c00000, 0x0000000441000000|  0%| F|  |TAMS 0x0000000440c00000, 0x0000000440c00000| Untracked 
| 192|0x0000000441000000, 0x0000000441000000, 0x0000000441400000|  0%| F|  |TAMS 0x0000000441000000, 0x0000000441000000| Untracked 
| 193|0x0000000441400000, 0x0000000441400000, 0x0000000441800000|  0%| F|  |TAMS 0x0000000441400000, 0x0000000441400000| Untracked 
| 194|0x0000000441800000, 0x0000000441800000, 0x0000000441c00000|  0%| F|  |TAMS 0x0000000441800000, 0x0000000441800000| Untracked 
| 195|0x0000000441c00000, 0x0000000441c00000, 0x0000000442000000|  0%| F|  |TAMS 0x0000000441c00000, 0x0000000441c00000| Untracked 
| 196|0x0000000442000000, 0x0000000442000000, 0x0000000442400000|  0%| F|  |TAMS 0x0000000442000000, 0x0000000442000000| Untracked 
| 197|0x0000000442400000, 0x0000000442400000, 0x0000000442800000|  0%| F|  |TAMS 0x0000000442400000, 0x0000000442400000| Untracked 
| 198|0x0000000442800000, 0x0000000442800000, 0x0000000442c00000|  0%| F|  |TAMS 0x0000000442800000, 0x0000000442800000| Untracked 
| 199|0x0000000442c00000, 0x0000000442c00000, 0x0000000443000000|  0%| F|  |TAMS 0x0000000442c00000, 0x0000000442c00000| Untracked 
| 200|0x0000000443000000, 0x0000000443000000, 0x0000000443400000|  0%| F|  |TAMS 0x0000000443000000, 0x0000000443000000| Untracked 
| 201|0x0000000443400000, 0x0000000443400000, 0x0000000443800000|  0%| F|  |TAMS 0x0000000443400000, 0x0000000443400000| Untracked 
| 202|0x0000000443800000, 0x0000000443800000, 0x0000000443c00000|  0%| F|  |TAMS 0x0000000443800000, 0x0000000443800000| Untracked 
| 203|0x0000000443c00000, 0x0000000443c00000, 0x0000000444000000|  0%| F|  |TAMS 0x0000000443c00000, 0x0000000443c00000| Untracked 
| 204|0x0000000444000000, 0x0000000444000000, 0x0000000444400000|  0%| F|  |TAMS 0x0000000444000000, 0x0000000444000000| Untracked 
| 205|0x0000000444400000, 0x0000000444400000, 0x0000000444800000|  0%| F|  |TAMS 0x0000000444400000, 0x0000000444400000| Untracked 
| 206|0x0000000444800000, 0x0000000444800000, 0x0000000444c00000|  0%| F|  |TAMS 0x0000000444800000, 0x0000000444800000| Untracked 
| 207|0x0000000444c00000, 0x0000000444c00000, 0x0000000445000000|  0%| F|  |TAMS 0x0000000444c00000, 0x0000000444c00000| Untracked 
| 208|0x0000000445000000, 0x0000000445000000, 0x0000000445400000|  0%| F|  |TAMS 0x0000000445000000, 0x0000000445000000| Untracked 
| 209|0x0000000445400000, 0x0000000445400000, 0x0000000445800000|  0%| F|  |TAMS 0x0000000445400000, 0x0000000445400000| Untracked 
| 210|0x0000000445800000, 0x0000000445800000, 0x0000000445c00000|  0%| F|  |TAMS 0x0000000445800000, 0x0000000445800000| Untracked 
| 211|0x0000000445c00000, 0x0000000445c00000, 0x0000000446000000|  0%| F|  |TAMS 0x0000000445c00000, 0x0000000445c00000| Untracked 
| 212|0x0000000446000000, 0x0000000446000000, 0x0000000446400000|  0%| F|  |TAMS 0x0000000446000000, 0x0000000446000000| Untracked 
| 213|0x0000000446400000, 0x0000000446400000, 0x0000000446800000|  0%| F|  |TAMS 0x0000000446400000, 0x0000000446400000| Untracked 
| 214|0x0000000446800000, 0x0000000446800000, 0x0000000446c00000|  0%| F|  |TAMS 0x0000000446800000, 0x0000000446800000| Untracked 
| 215|0x0000000446c00000, 0x0000000446c00000, 0x0000000447000000|  0%| F|  |TAMS 0x0000000446c00000, 0x0000000446c00000| Untracked 
| 216|0x0000000447000000, 0x0000000447000000, 0x0000000447400000|  0%| F|  |TAMS 0x0000000447000000, 0x0000000447000000| Untracked 
| 217|0x0000000447400000, 0x0000000447400000, 0x0000000447800000|  0%| F|  |TAMS 0x0000000447400000, 0x0000000447400000| Untracked 
| 218|0x0000000447800000, 0x0000000447800000, 0x0000000447c00000|  0%| F|  |TAMS 0x0000000447800000, 0x0000000447800000| Untracked 
| 219|0x0000000447c00000, 0x0000000447c00000, 0x0000000448000000|  0%| F|  |TAMS 0x0000000447c00000, 0x0000000447c00000| Untracked 
| 220|0x0000000448000000, 0x0000000448000000, 0x0000000448400000|  0%| F|  |TAMS 0x0000000448000000, 0x0000000448000000| Untracked 
| 221|0x0000000448400000, 0x0000000448400000, 0x0000000448800000|  0%| F|  |TAMS 0x0000000448400000, 0x0000000448400000| Untracked 
| 222|0x0000000448800000, 0x0000000448800000, 0x0000000448c00000|  0%| F|  |TAMS 0x0000000448800000, 0x0000000448800000| Untracked 
| 223|0x0000000448c00000, 0x0000000448c00000, 0x0000000449000000|  0%| F|  |TAMS 0x0000000448c00000, 0x0000000448c00000| Untracked 
| 224|0x0000000449000000, 0x0000000449000000, 0x0000000449400000|  0%| F|  |TAMS 0x0000000449000000, 0x0000000449000000| Untracked 
| 225|0x0000000449400000, 0x0000000449400000, 0x0000000449800000|  0%| F|  |TAMS 0x0000000449400000, 0x0000000449400000| Untracked 
| 226|0x0000000449800000, 0x0000000449800000, 0x0000000449c00000|  0%| F|  |TAMS 0x0000000449800000, 0x0000000449800000| Untracked 
| 227|0x0000000449c00000, 0x0000000449c00000, 0x000000044a000000|  0%| F|  |TAMS 0x0000000449c00000, 0x0000000449c00000| Untracked 
| 228|0x000000044a000000, 0x000000044a000000, 0x000000044a400000|  0%| F|  |TAMS 0x000000044a000000, 0x000000044a000000| Untracked 
| 229|0x000000044a400000, 0x000000044a400000, 0x000000044a800000|  0%| F|  |TAMS 0x000000044a400000, 0x000000044a400000| Untracked 
| 230|0x000000044a800000, 0x000000044a800000, 0x000000044ac00000|  0%| F|  |TAMS 0x000000044a800000, 0x000000044a800000| Untracked 
| 231|0x000000044ac00000, 0x000000044ac00000, 0x000000044b000000|  0%| F|  |TAMS 0x000000044ac00000, 0x000000044ac00000| Untracked 
| 232|0x000000044b000000, 0x000000044b000000, 0x000000044b400000|  0%| F|  |TAMS 0x000000044b000000, 0x000000044b000000| Untracked 
| 233|0x000000044b400000, 0x000000044b400000, 0x000000044b800000|  0%| F|  |TAMS 0x000000044b400000, 0x000000044b400000| Untracked 
| 234|0x000000044b800000, 0x000000044b800000, 0x000000044bc00000|  0%| F|  |TAMS 0x000000044b800000, 0x000000044b800000| Untracked 
| 235|0x000000044bc00000, 0x000000044bc00000, 0x000000044c000000|  0%| F|  |TAMS 0x000000044bc00000, 0x000000044bc00000| Untracked 
| 236|0x000000044c000000, 0x000000044c000000, 0x000000044c400000|  0%| F|  |TAMS 0x000000044c000000, 0x000000044c000000| Untracked 
| 237|0x000000044c400000, 0x000000044c400000, 0x000000044c800000|  0%| F|  |TAMS 0x000000044c400000, 0x000000044c400000| Untracked 
| 238|0x000000044c800000, 0x000000044c800000, 0x000000044cc00000|  0%| F|  |TAMS 0x000000044c800000, 0x000000044c800000| Untracked 
| 239|0x000000044cc00000, 0x000000044cc00000, 0x000000044d000000|  0%| F|  |TAMS 0x000000044cc00000, 0x000000044cc00000| Untracked 
| 240|0x000000044d000000, 0x000000044d000000, 0x000000044d400000|  0%| F|  |TAMS 0x000000044d000000, 0x000000044d000000| Untracked 
| 241|0x000000044d400000, 0x000000044d400000, 0x000000044d800000|  0%| F|  |TAMS 0x000000044d400000, 0x000000044d400000| Untracked 
| 242|0x000000044d800000, 0x000000044d800000, 0x000000044dc00000|  0%| F|  |TAMS 0x000000044d800000, 0x000000044d800000| Untracked 
| 243|0x000000044dc00000, 0x000000044dc00000, 0x000000044e000000|  0%| F|  |TAMS 0x000000044dc00000, 0x000000044dc00000| Untracked 
| 244|0x000000044e000000, 0x000000044e000000, 0x000000044e400000|  0%| F|  |TAMS 0x000000044e000000, 0x000000044e000000| Untracked 
| 245|0x000000044e400000, 0x000000044e400000, 0x000000044e800000|  0%| F|  |TAMS 0x000000044e400000, 0x000000044e400000| Untracked 
| 246|0x000000044e800000, 0x000000044e800000, 0x000000044ec00000|  0%| F|  |TAMS 0x000000044e800000, 0x000000044e800000| Untracked 
| 247|0x000000044ec00000, 0x000000044ec00000, 0x000000044f000000|  0%| F|  |TAMS 0x000000044ec00000, 0x000000044ec00000| Untracked 
| 248|0x000000044f000000, 0x000000044f000000, 0x000000044f400000|  0%| F|  |TAMS 0x000000044f000000, 0x000000044f000000| Untracked 
| 249|0x000000044f400000, 0x000000044f400000, 0x000000044f800000|  0%| F|  |TAMS 0x000000044f400000, 0x000000044f400000| Untracked 
| 250|0x000000044f800000, 0x000000044f800000, 0x000000044fc00000|  0%| F|  |TAMS 0x000000044f800000, 0x000000044f800000| Untracked 
| 251|0x000000044fc00000, 0x000000044fee1560, 0x0000000450000000| 72%| E|  |TAMS 0x000000044fc00000, 0x000000044fc00000| Complete 

Card table byte_map: [0x00007faabebfb000,0x00007faac0b73000] _byte_map_base: 0x00007faabcb73000

Marking Bits (Prev, Next): (CMBitMap*) 0x00007faae0068378, (CMBitMap*) 0x00007faae00683b0
 Prev Bits: [0x00007faaad0c3000, 0x00007faabcc83000)
 Next Bits: [0x00007faa9d503000, 0x00007faaad0c3000)

Polling page: 0x00007faae76aa000

Metaspace:

Usage:
  Non-class:      4.15 MB capacity,     4.12 MB (>99%) used,    28.27 KB ( <1%) free+waste,   896 bytes ( <1%) overhead. 
      Class:    389.00 KB capacity,   379.89 KB ( 98%) used,     8.80 KB (  2%) free+waste,   320 bytes ( <1%) overhead. 
       Both:      4.53 MB capacity,     4.49 MB (>99%) used,    37.06 KB ( <1%) free+waste,     1.19 KB ( <1%) overhead. 

Virtual space:
  Non-class space:        8.00 MB reserved,       4.25 MB ( 53%) committed 
      Class space:        1.00 GB reserved,     512.00 KB ( <1%) committed 
             Both:        1.01 GB reserved,       4.75 MB ( <1%) committed 

Chunk freelists:
   Non-Class:  4.25 KB
       Class:  0 bytes
        Both:  4.25 KB

CodeHeap 'non-profiled nmethods': size=118888Kb used=30Kb max_used=30Kb free=118857Kb
 bounds [0x00007faad060b000, 0x00007faad087b000, 0x00007faad7a25000]
CodeHeap 'profiled nmethods': size=118884Kb used=130Kb max_used=130Kb free=118753Kb
 bounds [0x00007faac91f2000, 0x00007faac9462000, 0x00007faad060b000]
CodeHeap 'non-nmethods': size=7988Kb used=2710Kb max_used=2710Kb free=5277Kb
 bounds [0x00007faac8a25000, 0x00007faac8cd5000, 0x00007faac91f2000]
 total_blobs=456 nmethods=109 adapters=206
 compilation: enabled
              stopped_count=0, restarted_count=0
 full_count=0

Compilation events (10 events):
Event: 0.153 Thread 0x00007faae02e0000 nmethod 104 0x00007faad0612190 code [0x00007faad0612340, 0x00007faad0612450]
Event: 0.154 Thread 0x00007faa6c074800  106       1       java.util.concurrent.ConcurrentHashMap::spread (10 bytes)
Event: 0.154 Thread 0x00007faae02e0000  107       3       java.lang.AbstractStringBuilder::isLatin1 (19 bytes)
Event: 0.154 Thread 0x00007faa6c076800  108       3       java.lang.String::<init> (15 bytes)
Event: 0.154 Thread 0x00007faa6c074800 nmethod 106 0x00007faad0612690 code [0x00007faad0612840, 0x00007faad0612930]
Event: 0.154 Thread 0x00007faae02e0000 nmethod 107 0x00007faac9210690 code [0x00007faac9210840, 0x00007faac9210a10]
Event: 0.154 Thread 0x00007faa6c076800 nmethod 108 0x00007faac9210a90 code [0x00007faac9210c40, 0x00007faac9210e50]
Event: 0.154 Thread 0x00007faa6c078000 nmethod 103 0x00007faac9210f10 code [0x00007faac9211180, 0x00007faac9211f18]
Event: 0.155 Thread 0x00007faa6c074800  109       3       java.lang.String::indexOf (7 bytes)
Event: 0.155 Thread 0x00007faa6c074800 nmethod 109 0x00007faac9212290 code [0x00007faac9212480, 0x00007faac92127d8]

GC Heap History (0 events):
No events

Deoptimization events (0 events):
No events

Classes redefined (0 events):
No events

Internal exceptions (0 events):
No events

Events (10 events):
Event: 0.153 loading class java/util/StringJoiner
Event: 0.153 loading class java/util/StringJoiner done
Event: 0.154 loading class java/lang/StringUTF16
Event: 0.154 loading class java/lang/StringUTF16 done
Event: 0.155 loading class jdk/internal/reflect/UnsafeFieldAccessorFactory
Event: 0.155 loading class jdk/internal/reflect/UnsafeFieldAccessorFactory done
Event: 0.155 loading class jdk/internal/reflect/UnsafeStaticObjectFieldAccessorImpl
Event: 0.155 loading class jdk/internal/reflect/UnsafeStaticObjectFieldAccessorImpl done
Event: 0.156 loading class java/lang/ClassLoaderHelper
Event: 0.156 loading class java/lang/ClassLoaderHelper done


Dynamic libraries:
00400000-00401000 r-xp 00000000 08:02 160962418                          /usr/lib/jvm/java-11-oracle/bin/java
00600000-00601000 r--p 00000000 08:02 160962418                          /usr/lib/jvm/java-11-oracle/bin/java
00601000-00602000 rw-p 00001000 08:02 160962418                          /usr/lib/jvm/java-11-oracle/bin/java
00d38000-00d59000 rw-p 00000000 00:00 0                                  [heap]
411000000-450000000 rw-p 00000000 00:00 0 
450000000-800000000 ---p 00000000 00:00 0 
800000000-800080000 rw-p 00000000 00:00 0 
800080000-840000000 ---p 00000000 00:00 0 
7faa4c000000-7faa4c021000 rw-p 00000000 00:00 0 
7faa4c021000-7faa50000000 ---p 00000000 00:00 0 
7faa54000000-7faa54021000 rw-p 00000000 00:00 0 
7faa54021000-7faa58000000 ---p 00000000 00:00 0 
7faa58000000-7faa58021000 rw-p 00000000 00:00 0 
7faa58021000-7faa5c000000 ---p 00000000 00:00 0 
7faa5c000000-7faa5c021000 rw-p 00000000 00:00 0 
7faa5c021000-7faa60000000 ---p 00000000 00:00 0 
7faa60000000-7faa60021000 rw-p 00000000 00:00 0 
7faa60021000-7faa64000000 ---p 00000000 00:00 0 
7faa64000000-7faa64021000 rw-p 00000000 00:00 0 
7faa64021000-7faa68000000 ---p 00000000 00:00 0 
7faa6b048000-7faa6b3c9000 rw-p 00000000 00:00 0 
7faa6b3c9000-7faa6b3cf000 r-xp 00000000 08:02 96340375                   /home/kmahmou1/jikes/jikesrvm/energy/64/libCPUScaler.so
7faa6b3cf000-7faa6b5cf000 ---p 00006000 08:02 96340375                   /home/kmahmou1/jikes/jikesrvm/energy/64/libCPUScaler.so
7faa6b5cf000-7faa6b5d0000 r--p 00006000 08:02 96340375                   /home/kmahmou1/jikes/jikesrvm/energy/64/libCPUScaler.so
7faa6b5d0000-7faa6b5d1000 rw-p 00007000 08:02 96340375                   /home/kmahmou1/jikes/jikesrvm/energy/64/libCPUScaler.so
7faa6b5d1000-7faa6b5e7000 r-xp 00000000 08:02 160962832                  /usr/lib/jvm/java-11-oracle/lib/libnet.so
7faa6b5e7000-7faa6b7e7000 ---p 00016000 08:02 160962832                  /usr/lib/jvm/java-11-oracle/lib/libnet.so
7faa6b7e7000-7faa6b7e8000 r--p 00016000 08:02 160962832                  /usr/lib/jvm/java-11-oracle/lib/libnet.so
7faa6b7e8000-7faa6b7e9000 rw-p 00017000 08:02 160962832                  /usr/lib/jvm/java-11-oracle/lib/libnet.so
7faa6b7e9000-7faa6b7f9000 r-xp 00000000 08:02 160962833                  /usr/lib/jvm/java-11-oracle/lib/libnio.so
7faa6b7f9000-7faa6b9f8000 ---p 00010000 08:02 160962833                  /usr/lib/jvm/java-11-oracle/lib/libnio.so
7faa6b9f8000-7faa6b9f9000 r--p 0000f000 08:02 160962833                  /usr/lib/jvm/java-11-oracle/lib/libnio.so
7faa6b9f9000-7faa6b9fa000 rw-p 00010000 08:02 160962833                  /usr/lib/jvm/java-11-oracle/lib/libnio.so
7faa6b9fa000-7faa6b9fe000 ---p 00000000 00:00 0 
7faa6b9fe000-7faa6bafb000 rw-p 00000000 00:00 0                          [stack:2027]
7faa6bafb000-7faa6bafc000 ---p 00000000 00:00 0 
7faa6bafc000-7faa6bbfc000 rw-p 00000000 00:00 0                          [stack:2026]
7faa6bbfc000-7faa6bc00000 ---p 00000000 00:00 0 
7faa6bc00000-7faa6bcfd000 rw-p 00000000 00:00 0                          [stack:2025]
7faa6bcfd000-7faa6bd01000 ---p 00000000 00:00 0 
7faa6bd01000-7faa6bdfe000 rw-p 00000000 00:00 0                          [stack:2024]
7faa6bdfe000-7faa6be02000 ---p 00000000 00:00 0 
7faa6be02000-7faa6beff000 rw-p 00000000 00:00 0                          [stack:2023]
7faa6beff000-7faa6bf03000 ---p 00000000 00:00 0 
7faa6bf03000-7faa6c000000 rw-p 00000000 00:00 0                          [stack:2022]
7faa6c000000-7faa6c093000 rw-p 00000000 00:00 0 
7faa6c093000-7faa70000000 ---p 00000000 00:00 0 
7faa70000000-7faa70021000 rw-p 00000000 00:00 0 
7faa70021000-7faa74000000 ---p 00000000 00:00 0 
7faa74000000-7faa74021000 rw-p 00000000 00:00 0 
7faa74021000-7faa78000000 ---p 00000000 00:00 0 
7faa78000000-7faa78068000 rw-p 00000000 00:00 0 
7faa78068000-7faa7c000000 ---p 00000000 00:00 0 
7faa7c000000-7faa7c021000 rw-p 00000000 00:00 0 
7faa7c021000-7faa80000000 ---p 00000000 00:00 0 
7faa80000000-7faa80021000 rw-p 00000000 00:00 0 
7faa80021000-7faa84000000 ---p 00000000 00:00 0 
7faa84000000-7faa84021000 rw-p 00000000 00:00 0 
7faa84021000-7faa88000000 ---p 00000000 00:00 0 
7faa88000000-7faa88021000 rw-p 00000000 00:00 0 
7faa88021000-7faa8c000000 ---p 00000000 00:00 0 
7faa8c000000-7faa8c021000 rw-p 00000000 00:00 0 
7faa8c021000-7faa90000000 ---p 00000000 00:00 0 
7faa90000000-7faa90021000 rw-p 00000000 00:00 0 
7faa90021000-7faa94000000 ---p 00000000 00:00 0 
7faa94061000-7faa94065000 ---p 00000000 00:00 0 
7faa94065000-7faa94162000 rw-p 00000000 00:00 0                          [stack:2021]
7faa94162000-7faa94166000 ---p 00000000 00:00 0 
7faa94166000-7faa94263000 rw-p 00000000 00:00 0                          [stack:2020]
7faa94263000-7faa94267000 ---p 00000000 00:00 0 
7faa94267000-7faa94364000 rw-p 00000000 00:00 0                          [stack:2019]
7faa94364000-7faa94368000 ---p 00000000 00:00 0 
7faa94368000-7faa94465000 rw-p 00000000 00:00 0                          [stack:2018]
7faa94465000-7faa945ee000 r--p 00000000 08:02 160304682                  /usr/lib/locale/locale-archive
7faa945ee000-7faa945f2000 ---p 00000000 00:00 0 
7faa945f2000-7faa946ef000 rw-p 00000000 00:00 0                          [stack:2017]
7faa946ef000-7faa946f3000 ---p 00000000 00:00 0 
7faa946f3000-7faa947f0000 rw-p 00000000 00:00 0                          [stack:2016]
7faa947f0000-7faa947f1000 ---p 00000000 00:00 0 
7faa947f1000-7faa948f1000 rw-p 00000000 00:00 0                          [stack:2015]
7faa948f1000-7faa94d31000 rw-p 00000000 00:00 0 
7faa94d31000-7faa950f1000 ---p 00000000 00:00 0 
7faa950f1000-7faa950f2000 ---p 00000000 00:00 0 
7faa950f2000-7faa951f2000 rw-p 00000000 00:00 0                          [stack:2014]
7faa951f2000-7faa951f3000 ---p 00000000 00:00 0 
7faa951f3000-7faa96000000 rw-p 00000000 00:00 0                          [stack:2013]
7faa96000000-7faa98000000 rw-p 00000000 00:00 0 
7faa98000000-7faa98021000 rw-p 00000000 00:00 0 
7faa98021000-7faa9c000000 ---p 00000000 00:00 0 
7faa9c075000-7faa9d005000 rw-p 00000000 00:00 0 
7faa9d005000-7faa9d006000 ---p 00000000 00:00 0 
7faa9d006000-7faa9d106000 rw-p 00000000 00:00 0                          [stack:2012]
7faa9d106000-7faa9d107000 ---p 00000000 00:00 0 
7faa9d107000-7faa9d207000 rw-p 00000000 00:00 0                          [stack:2011]
7faa9d207000-7faa9e4c3000 rw-p 00000000 00:00 0 
7faa9e4c3000-7faaad0c3000 ---p 00000000 00:00 0 
7faaad0c3000-7faaae083000 rw-p 00000000 00:00 0 
7faaae083000-7faabcc83000 ---p 00000000 00:00 0 
7faabcc83000-7faabce7b000 rw-p 00000000 00:00 0 
7faabce7b000-7faabebfb000 ---p 00000000 00:00 0 
7faabebfb000-7faabedf3000 rw-p 00000000 00:00 0 
7faabedf3000-7faac0b73000 ---p 00000000 00:00 0 
7faac0b73000-7faac0d6b000 rw-p 00000000 00:00 0 
7faac0d6b000-7faac2aeb000 ---p 00000000 00:00 0 
7faac2aeb000-7faac4000000 rw-p 00000000 00:00 0 
7faac4000000-7faac4021000 rw-p 00000000 00:00 0 
7faac4021000-7faac8000000 ---p 00000000 00:00 0 
7faac801a000-7faac8752000 rw-p 00000000 00:00 0 
7faac8752000-7faac8753000 ---p 00000000 00:00 0 
7faac8753000-7faac8853000 rw-p 00000000 00:00 0                          [stack:2010]
7faac8853000-7faac8858000 rw-p 00000000 00:00 0 
7faac8858000-7faac893c000 ---p 00000000 00:00 0 
7faac893c000-7faac8941000 rw-p 00000000 00:00 0 
7faac8941000-7faac8a25000 ---p 00000000 00:00 0 
7faac8a25000-7faac8cd5000 rwxp 00000000 00:00 0 
7faac8cd5000-7faac91f2000 ---p 00000000 00:00 0 
7faac91f2000-7faac9462000 rwxp 00000000 00:00 0 
7faac9462000-7faad060b000 ---p 00000000 00:00 0 
7faad060b000-7faad087b000 rwxp 00000000 00:00 0 
7faad087b000-7faad7a25000 ---p 00000000 00:00 0 
7faad7a25000-7faadfde3000 r--s 00000000 08:02 160962843                  /usr/lib/jvm/java-11-oracle/lib/modules
7faadfde3000-7faadfdfe000 r-xp 00000000 08:02 160962824                  /usr/lib/jvm/java-11-oracle/lib/libjimage.so
7faadfdfe000-7faadfffd000 ---p 0001b000 08:02 160962824                  /usr/lib/jvm/java-11-oracle/lib/libjimage.so
7faadfffd000-7faadffff000 r--p 0001a000 08:02 160962824                  /usr/lib/jvm/java-11-oracle/lib/libjimage.so
7faadffff000-7faae0000000 rw-p 0001c000 08:02 160962824                  /usr/lib/jvm/java-11-oracle/lib/libjimage.so
7faae0000000-7faae03d0000 rw-p 00000000 00:00 0 
7faae03d0000-7faae4000000 ---p 00000000 00:00 0 
7faae4003000-7faae4086000 rw-p 00000000 00:00 0 
7faae4086000-7faae408d000 r-xp 00000000 08:02 160962842                  /usr/lib/jvm/java-11-oracle/lib/libzip.so
7faae408d000-7faae428c000 ---p 00007000 08:02 160962842                  /usr/lib/jvm/java-11-oracle/lib/libzip.so
7faae428c000-7faae428d000 r--p 00006000 08:02 160962842                  /usr/lib/jvm/java-11-oracle/lib/libzip.so
7faae428d000-7faae428e000 rw-p 00007000 08:02 160962842                  /usr/lib/jvm/java-11-oracle/lib/libzip.so
7faae428e000-7faae4299000 r-xp 00000000 08:02 21102609                   /lib/x86_64-linux-gnu/libnss_files-2.19.so
7faae4299000-7faae4498000 ---p 0000b000 08:02 21102609                   /lib/x86_64-linux-gnu/libnss_files-2.19.so
7faae4498000-7faae4499000 r--p 0000a000 08:02 21102609                   /lib/x86_64-linux-gnu/libnss_files-2.19.so
7faae4499000-7faae449a000 rw-p 0000b000 08:02 21102609                   /lib/x86_64-linux-gnu/libnss_files-2.19.so
7faae449a000-7faae44a4000 r-xp 00000000 08:02 21102611                   /lib/x86_64-linux-gnu/libnss_nis-2.19.so
7faae44a4000-7faae46a3000 ---p 0000a000 08:02 21102611                   /lib/x86_64-linux-gnu/libnss_nis-2.19.so
7faae46a3000-7faae46a4000 r--p 00009000 08:02 21102611                   /lib/x86_64-linux-gnu/libnss_nis-2.19.so
7faae46a4000-7faae46a5000 rw-p 0000a000 08:02 21102611                   /lib/x86_64-linux-gnu/libnss_nis-2.19.so
7faae46a5000-7faae46ba000 r-xp 00000000 08:02 21102606                   /lib/x86_64-linux-gnu/libnsl-2.19.so
7faae46ba000-7faae48b9000 ---p 00015000 08:02 21102606                   /lib/x86_64-linux-gnu/libnsl-2.19.so
7faae48b9000-7faae48ba000 r--p 00014000 08:02 21102606                   /lib/x86_64-linux-gnu/libnsl-2.19.so
7faae48ba000-7faae48bb000 rw-p 00015000 08:02 21102606                   /lib/x86_64-linux-gnu/libnsl-2.19.so
7faae48bb000-7faae48bd000 rw-p 00000000 00:00 0 
7faae48bd000-7faae48c4000 r-xp 00000000 08:02 21102607                   /lib/x86_64-linux-gnu/libnss_compat-2.19.so
7faae48c4000-7faae4ac3000 ---p 00007000 08:02 21102607                   /lib/x86_64-linux-gnu/libnss_compat-2.19.so
7faae4ac3000-7faae4ac4000 r--p 00006000 08:02 21102607                   /lib/x86_64-linux-gnu/libnss_compat-2.19.so
7faae4ac4000-7faae4ac5000 rw-p 00007000 08:02 21102607                   /lib/x86_64-linux-gnu/libnss_compat-2.19.so
7faae4ac5000-7faae4aee000 r-xp 00000000 08:02 160962820                  /usr/lib/jvm/java-11-oracle/lib/libjava.so
7faae4aee000-7faae4cee000 ---p 00029000 08:02 160962820                  /usr/lib/jvm/java-11-oracle/lib/libjava.so
7faae4cee000-7faae4cef000 r--p 00029000 08:02 160962820                  /usr/lib/jvm/java-11-oracle/lib/libjava.so
7faae4cef000-7faae4cf1000 rw-p 0002a000 08:02 160962820                  /usr/lib/jvm/java-11-oracle/lib/libjava.so
7faae4cf1000-7faae4cfe000 r-xp 00000000 08:02 160962841                  /usr/lib/jvm/java-11-oracle/lib/libverify.so
7faae4cfe000-7faae4efd000 ---p 0000d000 08:02 160962841                  /usr/lib/jvm/java-11-oracle/lib/libverify.so
7faae4efd000-7faae4eff000 r--p 0000c000 08:02 160962841                  /usr/lib/jvm/java-11-oracle/lib/libverify.so
7faae4eff000-7faae4f00000 rw-p 0000e000 08:02 160962841                  /usr/lib/jvm/java-11-oracle/lib/libverify.so
7faae4f00000-7faae4f07000 r-xp 00000000 08:02 21102615                   /lib/x86_64-linux-gnu/librt-2.19.so
7faae4f07000-7faae5106000 ---p 00007000 08:02 21102615                   /lib/x86_64-linux-gnu/librt-2.19.so
7faae5106000-7faae5107000 r--p 00006000 08:02 21102615                   /lib/x86_64-linux-gnu/librt-2.19.so
7faae5107000-7faae5108000 rw-p 00007000 08:02 21102615                   /lib/x86_64-linux-gnu/librt-2.19.so
7faae5108000-7faae5208000 r-xp 00000000 08:02 21102604                   /lib/x86_64-linux-gnu/libm-2.19.so
7faae5208000-7faae5407000 ---p 00100000 08:02 21102604                   /lib/x86_64-linux-gnu/libm-2.19.so
7faae5407000-7faae5408000 r--p 000ff000 08:02 21102604                   /lib/x86_64-linux-gnu/libm-2.19.so
7faae5408000-7faae5409000 rw-p 00100000 08:02 21102604                   /lib/x86_64-linux-gnu/libm-2.19.so
7faae5409000-7faae6548000 r-xp 00000000 08:02 160962854                  /usr/lib/jvm/java-11-oracle/lib/server/libjvm.so
7faae6548000-7faae6748000 ---p 0113f000 08:02 160962854                  /usr/lib/jvm/java-11-oracle/lib/server/libjvm.so
7faae6748000-7faae6807000 r--p 0113f000 08:02 160962854                  /usr/lib/jvm/java-11-oracle/lib/server/libjvm.so
7faae6807000-7faae6840000 rw-p 011fe000 08:02 160962854                  /usr/lib/jvm/java-11-oracle/lib/server/libjvm.so
7faae6840000-7faae6896000 rw-p 00000000 00:00 0 
7faae6896000-7faae6a37000 r-xp 00000000 08:02 21102600                   /lib/x86_64-linux-gnu/libc-2.19.so
7faae6a37000-7faae6c37000 ---p 001a1000 08:02 21102600                   /lib/x86_64-linux-gnu/libc-2.19.so
7faae6c37000-7faae6c3b000 r--p 001a1000 08:02 21102600                   /lib/x86_64-linux-gnu/libc-2.19.so
7faae6c3b000-7faae6c3d000 rw-p 001a5000 08:02 21102600                   /lib/x86_64-linux-gnu/libc-2.19.so
7faae6c3d000-7faae6c41000 rw-p 00000000 00:00 0 
7faae6c41000-7faae6c44000 r-xp 00000000 08:02 21102603                   /lib/x86_64-linux-gnu/libdl-2.19.so
7faae6c44000-7faae6e43000 ---p 00003000 08:02 21102603                   /lib/x86_64-linux-gnu/libdl-2.19.so
7faae6e43000-7faae6e44000 r--p 00002000 08:02 21102603                   /lib/x86_64-linux-gnu/libdl-2.19.so
7faae6e44000-7faae6e45000 rw-p 00003000 08:02 21102603                   /lib/x86_64-linux-gnu/libdl-2.19.so
7faae6e45000-7faae6e55000 r-xp 00000000 08:02 160962805                  /usr/lib/jvm/java-11-oracle/lib/jli/libjli.so
7faae6e55000-7faae7054000 ---p 00010000 08:02 160962805                  /usr/lib/jvm/java-11-oracle/lib/jli/libjli.so
7faae7054000-7faae7055000 r--p 0000f000 08:02 160962805                  /usr/lib/jvm/java-11-oracle/lib/jli/libjli.so
7faae7055000-7faae7056000 rw-p 00010000 08:02 160962805                  /usr/lib/jvm/java-11-oracle/lib/jli/libjli.so
7faae7056000-7faae706e000 r-xp 00000000 08:02 21102595                   /lib/x86_64-linux-gnu/libpthread-2.19.so
7faae706e000-7faae726d000 ---p 00018000 08:02 21102595                   /lib/x86_64-linux-gnu/libpthread-2.19.so
7faae726d000-7faae726e000 r--p 00017000 08:02 21102595                   /lib/x86_64-linux-gnu/libpthread-2.19.so
7faae726e000-7faae726f000 rw-p 00018000 08:02 21102595                   /lib/x86_64-linux-gnu/libpthread-2.19.so
7faae726f000-7faae7273000 rw-p 00000000 00:00 0 
7faae7273000-7faae728d000 r-xp 00000000 08:02 21102692                   /lib/x86_64-linux-gnu/libz.so.1.2.8
7faae728d000-7faae748c000 ---p 0001a000 08:02 21102692                   /lib/x86_64-linux-gnu/libz.so.1.2.8
7faae748c000-7faae748d000 r--p 00019000 08:02 21102692                   /lib/x86_64-linux-gnu/libz.so.1.2.8
7faae748d000-7faae748e000 rw-p 0001a000 08:02 21102692                   /lib/x86_64-linux-gnu/libz.so.1.2.8
7faae748e000-7faae74af000 r-xp 00000000 08:02 21102597                   /lib/x86_64-linux-gnu/ld-2.19.so
7faae74c7000-7faae7587000 rw-p 00000000 00:00 0 
7faae7587000-7faae758d000 rw-p 00000000 00:00 0 
7faae758d000-7faae7597000 ---p 00000000 00:00 0 
7faae7597000-7faae759f000 rw-s 00000000 08:02 93349481                   /tmp/hsperfdata_root/2008
7faae759f000-7faae75a3000 ---p 00000000 00:00 0 
7faae75a3000-7faae76a4000 rw-p 00000000 00:00 0                          [stack:2009]
7faae76a8000-7faae76aa000 rw-p 00000000 00:00 0 
7faae76aa000-7faae76ab000 ---p 00000000 00:00 0 
7faae76ab000-7faae76ac000 r--p 00000000 00:00 0 
7faae76ac000-7faae76ae000 rw-p 00000000 00:00 0 
7faae76ae000-7faae76af000 r--p 00020000 08:02 21102597                   /lib/x86_64-linux-gnu/ld-2.19.so
7faae76af000-7faae76b0000 rw-p 00021000 08:02 21102597                   /lib/x86_64-linux-gnu/ld-2.19.so
7faae76b0000-7faae76b1000 rw-p 00000000 00:00 0 
7ffcaab2c000-7ffcaab4d000 rw-p 00000000 00:00 0                          [stack]
7ffcaabf9000-7ffcaabfc000 r--p 00000000 00:00 0                          [vvar]
7ffcaabfc000-7ffcaabfe000 r-xp 00000000 00:00 0                          [vdso]
ffffffffff600000-ffffffffff601000 r-xp 00000000 00:00 0                  [vsyscall]


VM Arguments:
java_command: energy.Scaler 1 userspace
java_class_path (initial): .
Launcher Type: SUN_STANDARD

[Global flags]
     intx CICompilerCount                          = 15                                        {product} {ergonomic}
     uint ConcGCThreads                            = 7                                         {product} {ergonomic}
     uint G1ConcRefinementThreads                  = 28                                        {product} {ergonomic}
   size_t G1HeapRegionSize                         = 4194304                                   {product} {ergonomic}
    uintx GCDrainStackTargetSize                   = 64                                        {product} {ergonomic}
   size_t InitialHeapSize                          = 1056964608                                {product} {ergonomic}
   size_t MarkStackSize                            = 4194304                                   {product} {ergonomic}
   size_t MaxHeapSize                              = 16894656512                               {product} {ergonomic}
   size_t MaxNewSize                               = 10133438464                               {product} {ergonomic}
   size_t MinHeapDeltaBytes                        = 4194304                                   {product} {ergonomic}
    uintx NonNMethodCodeHeapSize                   = 8178940                                {pd product} {ergonomic}
    uintx NonProfiledCodeHeapSize                  = 121739650                              {pd product} {ergonomic}
    uintx ProfiledCodeHeapSize                     = 121739650                              {pd product} {ergonomic}
    uintx ReservedCodeCacheSize                    = 251658240                              {pd product} {ergonomic}
     bool SegmentedCodeCache                       = true                                      {product} {ergonomic}
     bool UseCompressedClassPointers               = true                                 {lp64_product} {ergonomic}
     bool UseCompressedOops                        = true                                 {lp64_product} {ergonomic}
     bool UseG1GC                                  = true                                      {product} {ergonomic}

Logging:
Log output configuration:
 #0: stdout all=warning uptime,level,tags
 #1: stderr all=off uptime,level,tags

Environment Variables:
PATH=/usr/local/sbin:/usr/local/bin:/usr/sbin:/usr/bin:/sbin:/bin
USERNAME=root
SHELL=/bin/bash

Signal Handlers:
SIGSEGV: [libjvm.so+0xe2adf0], sa_mask[0]=11111111011111111101111111111110, sa_flags=SA_RESTART|SA_SIGINFO
SIGBUS: [libjvm.so+0xe2adf0], sa_mask[0]=11111111011111111101111111111110, sa_flags=SA_RESTART|SA_SIGINFO
SIGFPE: [libjvm.so+0xe2adf0], sa_mask[0]=11111111011111111101111111111110, sa_flags=SA_RESTART|SA_SIGINFO
SIGPIPE: [libjvm.so+0xbff5b0], sa_mask[0]=11111111011111111101111111111110, sa_flags=SA_RESTART|SA_SIGINFO
SIGXFSZ: [libjvm.so+0xbff5b0], sa_mask[0]=11111111011111111101111111111110, sa_flags=SA_RESTART|SA_SIGINFO
SIGILL: [libjvm.so+0xe2adf0], sa_mask[0]=11111111011111111101111111111110, sa_flags=SA_RESTART|SA_SIGINFO
SIGUSR2: [libjvm.so+0xbff450], sa_mask[0]=00000000000000000000000000000000, sa_flags=SA_RESTART|SA_SIGINFO
SIGHUP: [libjvm.so+0xbff7b0], sa_mask[0]=11111111011111111101111111111110, sa_flags=SA_RESTART|SA_SIGINFO
SIGINT: [libjvm.so+0xbff7b0], sa_mask[0]=11111111011111111101111111111110, sa_flags=SA_RESTART|SA_SIGINFO
SIGTERM: [libjvm.so+0xbff7b0], sa_mask[0]=11111111011111111101111111111110, sa_flags=SA_RESTART|SA_SIGINFO
SIGQUIT: [libjvm.so+0xbff7b0], sa_mask[0]=11111111011111111101111111111110, sa_flags=SA_RESTART|SA_SIGINFO


---------------  S Y S T E M  ---------------

OS:PRETTY_NAME="Debian GNU/Linux 8 (jessie)"
NAME="Debian GNU/Linux"
VERSION_ID="8"
VERSION="8 (jessie)"
ID=debian
HOME_URL="http://www.debian.org/"
SUPPORT_URL="http://www.debian.org/support"
BUG_REPORT_URL="https://bugs.debian.org/"
uname:Linux 3.16.0-6-amd64 #1 SMP Debian 3.16.57-2 (2018-07-14) x86_64
libc:glibc 2.19 NPTL 2.19 
rlimit: STACK 8192k, CORE 0k, NPROC 257725, NOFILE 65536, AS infinity, DATA infinity, FSIZE infinity
load average:0.85 0.44 0.27

/proc/meminfo:
MemTotal:       65994544 kB
MemFree:        65032560 kB
MemAvailable:   65455884 kB
Buffers:           24180 kB
Cached:           618920 kB
SwapCached:            0 kB
Active:           395296 kB
Inactive:         289016 kB
Active(anon):      41508 kB
Inactive(anon):     9040 kB
Active(file):     353788 kB
Inactive(file):   279976 kB
Unevictable:           0 kB
Mlocked:               0 kB
SwapTotal:      118448124 kB
SwapFree:       118448124 kB
Dirty:            158788 kB
Writeback:             0 kB
AnonPages:         41456 kB
Mapped:            32704 kB
Shmem:              9308 kB
Slab:              67012 kB
SReclaimable:      29648 kB
SUnreclaim:        37364 kB
KernelStack:        6320 kB
PageTables:         2328 kB
NFS_Unstable:          0 kB
Bounce:                0 kB
WritebackTmp:          0 kB
CommitLimit:    151445396 kB
Committed_AS:    1269804 kB
VmallocTotal:   34359738367 kB
VmallocUsed:      419836 kB
VmallocChunk:   34359313427 kB
HardwareCorrupted:     0 kB
AnonHugePages:         0 kB
HugePages_Total:       0
HugePages_Free:        0
HugePages_Rsvd:        0
HugePages_Surp:        0
Hugepagesize:       2048 kB
DirectMap4k:      127476 kB
DirectMap2M:     3950592 kB
DirectMap1G:    65011712 kB


/proc/sys/kernel/threads-max (system-wide limit on the number of threads):
515450


/proc/sys/vm/max_map_count (maximum number of memory map areas a process may have):
65530


/proc/sys/kernel/pid_max (system-wide limit on number of process identifiers):
40960




CPU:total 40 (initial active 40) (10 cores per cpu, 2 threads per core) family 6 model 79 stepping 1, cmov, cx8, fxsr, mmx, sse, sse2, sse3, ssse3, sse4.1, sse4.2, popcnt, avx, avx2, aes, clmul, erms, rtm, 3dnowpref, lzcnt, ht, tsc, tscinvbit, bmi1, bmi2, adx, fma
CPU Model and flags from /proc/cpuinfo:
model name	: Intel(R) Xeon(R) CPU E5-2630 v4 @ 2.20GHz
flags		: fpu vme de pse tsc msr pae mce cx8 apic sep mtrr pge mca cmov pat pse36 clflush dts acpi mmx fxsr sse sse2 ss ht tm pbe syscall nx pdpe1gb rdtscp lm constant_tsc arch_perfmon pebs bts rep_good nopl xtopology nonstop_tsc aperfmperf eagerfpu pni pclmulqdq dtes64 monitor ds_cpl vmx smx est tm2 ssse3 fma cx16 xtpr pdcm pcid dca sse4_1 sse4_2 x2apic movbe popcnt tsc_deadline_timer aes xsave avx f16c rdrand lahf_lm abm 3dnowprefetch ida arat epb xsaveopt pln pts dtherm invpcid_single tpr_shadow vnmi flexpriority ept vpid fsgsbase tsc_adjust bmi1 hle avx2 smep bmi2 erms invpcid rtm rdseed adx smap

Memory: 4k page, physical 65994544k(65032560k free), swap 118448124k(118448124k free)

vm_info: Java HotSpot(TM) 64-Bit Server VM (11.0.2+9-LTS) for linux-amd64 JRE (11.0.2+9-LTS), built on Jan 17 2019 21:22:50 by "mach5one" with gcc 7.3.0

END.
