#
# A fatal error has been detected by the Java Runtime Environment:
#
#  SIGSEGV (0xb) at pc=0x00007f2948dda22d, pid=37938, tid=0x00007f294995f700
#
# JRE version: Java(TM) SE Runtime Environment (8.0_201-b09) (build 1.8.0_201-b09)
# Java VM: Java HotSpot(TM) 64-Bit Server VM (25.201-b09 mixed mode linux-amd64 compressed oops)
# Problematic frame:
# C  [libc.so.6+0x6522d]  __isoc99_fscanf+0x5d
#
# Failed to write core dump. Core dumps have been disabled. To enable core dumping, try "ulimit -c unlimited" before starting Java again
#
# If you would like to submit a bug report, please visit:
#   http://bugreport.java.com/bugreport/crash.jsp
# The crash happened outside the Java Virtual Machine in native code.
# See problematic frame for where to report the bug.
#

---------------  T H R E A D  ---------------

Current thread (0x00007f294000a800):  JavaThread "main" [_thread_in_native, id=37939, stack(0x00007f2949860000,0x00007f2949960000)]

siginfo: si_signo: 11 (SIGSEGV), si_code: 1 (SEGV_MAPERR), si_addr: 0x0000000000000000

Registers:
RAX=0x0000000000000000, RBX=0x0000000000000000, RCX=0xffffffffffffff98, RDX=0x00007f294995e8dc
RSP=0x00007f294995e7e0, RBP=0x00007f294995e960, RSI=0x00007f29086ca6a5, RDI=0x0000000000000000
R8 =0x00007f294995f700, R9 =0x0000000000000001, R10=0x00007f29086ca6a5, R11=0x00007f2948dda1d0
R12=0x0000000000000000, R13=0x00007f291fc00638, R14=0x00007f294995e9d0, R15=0x00007f294000a800
RIP=0x00007f2948dda22d, EFLAGS=0x0000000000010246, CSGSFS=0x002b000000000033, ERR=0x0000000000000004
  TRAPNO=0x000000000000000e

Top of Stack: (sp=0x00007f294995e7e0)
0x00007f294995e7e0:   0000000000000000 0000000000000000
0x00007f294995e7f0:   0000000000000000 0000000000000000
0x00007f294995e800:   0000000000000000 0000000000000000
0x00007f294995e810:   00007f294995e8dc ffffffffffffff98
0x00007f294995e820:   00007f294995f700 0000000000000001
0x00007f294995e830:   0000000000000000 0000000000000000
0x00007f294995e840:   0000000000000000 0000000000000000
0x00007f294995e850:   0000000000000000 0000000000000000
0x00007f294995e860:   0000000000000000 0000000000000000
0x00007f294995e870:   0000000000000000 0000000000000000
0x00007f294995e880:   00007f294000a800 00007f2948ddc5dd
0x00007f294995e890:   0000000000000000 00007f291fc00638
0x00007f294995e8a0:   00007f291fc00638 00007f2940128fb0
0x00007f294995e8b0:   00007f291fc00638 00007f29086c8c63
0x00007f294995e8c0:   00007f294995e9c8 00007f294000a9f8
0x00007f294995e8d0:   00007f294000a800 00007f29400093a0
0x00007f294995e8e0:   00007f291fc00638 00007f294000a800
0x00007f294995e8f0:   00007f294995e950 00007f294840cbf8
0x00007f294995e900:   00007f291fc00638 00007f294000a800
0x00007f294995e910:   00007f291fc00638 00007f294000a800
0x00007f294995e920:   00007f291fc00638 00007f294000a800
0x00007f294995e930:   00007f291fc00638 0000000000000000
0x00007f294995e940:   000000641fc00638 0000000000000000
0x00007f294995e950:   00007f29086ca660 00007f2900000000
0x00007f294995e960:   00007f294995e9b8 00007f29310186c7
0x00007f294995e970:   00007f29310183e2 00007f294995e978
0x00007f294995e980:   00007f291fc00638 00007f294995e9d0
0x00007f294995e990:   00007f291fc009c8 0000000000000000
0x00007f294995e9a0:   00007f291fc00638 0000000000000000
0x00007f294995e9b0:   00007f294995e9d8 00007f294995ea18
0x00007f294995e9c0:   00007f2931008040 000000067105d4f0
0x00007f294995e9d0:   00007f2931011d1b 00007f294995e9d8 

Instructions: (pc=0x00007f2948dda22d)
0x00007f2948dda20d:   0f 29 a4 24 90 00 00 00 0f 29 ac 24 a0 00 00 00
0x00007f2948dda21d:   0f 29 b4 24 b0 00 00 00 0f 29 bc 24 c0 00 00 00
0x00007f2948dda22d:   8b 03 25 00 80 00 00 75 56 48 8b 93 88 00 00 00
0x00007f2948dda23d:   64 4c 8b 04 25 10 00 00 00 4c 3b 42 08 74 3c be 

Register to memory mapping:

RAX=0x0000000000000000 is an unknown value
RBX=0x0000000000000000 is an unknown value
RCX=0xffffffffffffff98 is an unknown value
RDX=0x00007f294995e8dc is pointing into the stack for thread: 0x00007f294000a800
RSP=0x00007f294995e7e0 is pointing into the stack for thread: 0x00007f294000a800
RBP=0x00007f294995e960 is pointing into the stack for thread: 0x00007f294000a800
RSI=0x00007f29086ca6a5: <offset 0x56a5> in /home/kmahmou1/jikes/jikesrvm/energy/64/libCPUScaler.so at 0x00007f29086c5000
RDI=0x0000000000000000 is an unknown value
R8 =0x00007f294995f700 is pointing into the stack for thread: 0x00007f294000a800
R9 =0x0000000000000001 is an unknown value
R10=0x00007f29086ca6a5: <offset 0x56a5> in /home/kmahmou1/jikes/jikesrvm/energy/64/libCPUScaler.so at 0x00007f29086c5000
R11=0x00007f2948dda1d0: __isoc99_fscanf+0 in /lib/x86_64-linux-gnu/libc.so.6 at 0x00007f2948d75000
R12=0x0000000000000000 is an unknown value
R13={method} {0x00007f291fc00638} 'freqAvailable' '()[I' in 'energy/Scaler'
R14=0x00007f294995e9d0 is pointing into the stack for thread: 0x00007f294000a800
R15=0x00007f294000a800 is a thread


Stack: [0x00007f2949860000,0x00007f2949960000],  sp=0x00007f294995e7e0,  free space=1017k
Native frames: (J=compiled Java code, j=interpreted, Vv=VM code, C=native code)
C  [libc.so.6+0x6522d]  __isoc99_fscanf+0x5d
j  energy.Scaler.freqAvailable()[I+0
j  energy.Scaler.main([Ljava/lang/String;)V+32
v  ~StubRoutines::call_stub
V  [libjvm.so+0x68825b]  JavaCalls::call_helper(JavaValue*, methodHandle*, JavaCallArguments*, Thread*)+0xddb
V  [libjvm.so+0x6d3211]  jni_invoke_static(JNIEnv_*, JavaValue*, _jobject*, JNICallType, _jmethodID*, JNI_ArgumentPusher*, Thread*) [clone .isra.96] [clone .constprop.117]+0x1e1
V  [libjvm.so+0x6d54db]  jni_CallStaticVoidMethod+0x15b
C  [libjli.so+0x889c]  JavaMain+0xa3c
C  [libpthread.so.0+0x74a4]  start_thread+0xc4

Java frames: (J=compiled Java code, j=interpreted, Vv=VM code)
j  energy.Scaler.freqAvailable()[I+0
j  energy.Scaler.main([Ljava/lang/String;)V+32
v  ~StubRoutines::call_stub

---------------  P R O C E S S  ---------------

Java Threads: ( => current thread )
  0x00007f2940113800 JavaThread "Service Thread" daemon [_thread_blocked, id=37987, stack(0x00007f29089ce000,0x00007f2908acf000)]
  0x00007f2940111000 JavaThread "C1 CompilerThread14" daemon [_thread_blocked, id=37986, stack(0x00007f2908ad0000,0x00007f2908bd0000)]
  0x00007f294010e800 JavaThread "C1 CompilerThread13" daemon [_thread_blocked, id=37985, stack(0x00007f2908bd1000,0x00007f2908cd1000)]
  0x00007f294010c800 JavaThread "C1 CompilerThread12" daemon [_thread_blocked, id=37984, stack(0x00007f2908cd2000,0x00007f2908dd2000)]
  0x00007f294010a800 JavaThread "C1 CompilerThread11" daemon [_thread_blocked, id=37983, stack(0x00007f2908dd3000,0x00007f2908ed3000)]
  0x00007f2940108800 JavaThread "C1 CompilerThread10" daemon [_thread_blocked, id=37982, stack(0x00007f2908ed4000,0x00007f2908fd4000)]
  0x00007f2940106800 JavaThread "C2 CompilerThread9" daemon [_thread_blocked, id=37981, stack(0x00007f2908fd5000,0x00007f29090d5000)]
  0x00007f2940104000 JavaThread "C2 CompilerThread8" daemon [_thread_blocked, id=37980, stack(0x00007f29090d6000,0x00007f29091d6000)]
  0x00007f2940102000 JavaThread "C2 CompilerThread7" daemon [_thread_blocked, id=37979, stack(0x00007f29091d7000,0x00007f29092d7000)]
  0x00007f2940100000 JavaThread "C2 CompilerThread6" daemon [_thread_blocked, id=37978, stack(0x00007f29092d8000,0x00007f29093d8000)]
  0x00007f29400fd800 JavaThread "C2 CompilerThread5" daemon [_thread_blocked, id=37977, stack(0x00007f29093d9000,0x00007f29094d9000)]
  0x00007f29400f3800 JavaThread "C2 CompilerThread4" daemon [_thread_blocked, id=37976, stack(0x00007f29094da000,0x00007f29095da000)]
  0x00007f29400f1800 JavaThread "C2 CompilerThread3" daemon [_thread_blocked, id=37975, stack(0x00007f29095db000,0x00007f29096db000)]
  0x00007f29400ef000 JavaThread "C2 CompilerThread2" daemon [_thread_blocked, id=37974, stack(0x00007f29096dc000,0x00007f29097dc000)]
  0x00007f29400ed800 JavaThread "C2 CompilerThread1" daemon [_thread_blocked, id=37973, stack(0x00007f29097dd000,0x00007f29098dd000)]
  0x00007f29400ea800 JavaThread "C2 CompilerThread0" daemon [_thread_blocked, id=37972, stack(0x00007f29098de000,0x00007f29099de000)]
  0x00007f29400e9000 JavaThread "Signal Dispatcher" daemon [_thread_blocked, id=37971, stack(0x00007f29099de000,0x00007f2909adf000)]
  0x00007f29400b5800 JavaThread "Finalizer" daemon [_thread_blocked, id=37970, stack(0x00007f2909c7a000,0x00007f2909d7b000)]
  0x00007f29400b3000 JavaThread "Reference Handler" daemon [_thread_blocked, id=37969, stack(0x00007f2909d7b000,0x00007f2909e7c000)]
=>0x00007f294000a800 JavaThread "main" [_thread_in_native, id=37939, stack(0x00007f2949860000,0x00007f2949960000)]

Other Threads:
  0x00007f29400a9800 VMThread [stack: 0x00007f2909e7d000,0x00007f2909f7d000] [id=37968]
  0x00007f2940116800 WatcherThread [stack: 0x00007f29088ce000,0x00007f29089ce000] [id=37988]

VM state:not at safepoint (normal execution)

VM Mutex/Monitor currently owned by a thread: None

heap address: 0x00000003d3000000, size: 16080 MB, Compressed Oops mode: Zero based, Oop shift amount: 3
Narrow klass base: 0x0000000000000000, Narrow klass shift: 3
Compressed class space size: 1073741824 Address: 0x00000007c0000000

Heap:
 PSYoungGen      total 300544K, used 10321K [0x0000000671000000, 0x0000000685f00000, 0x00000007c0000000)
  eden space 258048K, 4% used [0x0000000671000000,0x0000000671a147c8,0x0000000680c00000)
  from space 42496K, 0% used [0x0000000683580000,0x0000000683580000,0x0000000685f00000)
  to   space 42496K, 0% used [0x0000000680c00000,0x0000000680c00000,0x0000000683580000)
 ParOldGen       total 687104K, used 0K [0x00000003d3000000, 0x00000003fcf00000, 0x0000000671000000)
  object space 687104K, 0% used [0x00000003d3000000,0x00000003d3000000,0x00000003fcf00000)
 Metaspace       used 2505K, capacity 4486K, committed 4864K, reserved 1056768K
  class space    used 268K, capacity 386K, committed 512K, reserved 1048576K

Card table byte_map: [0x00007f29446bf000,0x00007f2946628000] byte_map_base: 0x00007f2942827000

Marking Bits: (ParMarkBitMap*) 0x00007f2948d57d80
 Begin Bits: [0x00007f28bc980000, 0x00007f28cc4c0000)
 End Bits:   [0x00007f28cc4c0000, 0x00007f28dc000000)

Polling page: 0x00007f294996f000

CodeCache: size=245760Kb used=3338Kb max_used=3338Kb free=242421Kb
 bounds [0x00007f2931000000, 0x00007f2931350000, 0x00007f2940000000]
 total_blobs=248 nmethods=15 adapters=144
 compilation: enabled

Compilation events (10 events):
Event: 0.082 Thread 0x00007f294010e800   12       1       java.lang.ref.Reference::get (5 bytes)
Event: 0.082 Thread 0x00007f294010e800 nmethod 12 0x00007f293133f9d0 code [0x00007f293133fb20, 0x00007f293133fc30]
Event: 0.082 Thread 0x00007f2940111000 nmethod 11 0x00007f2931335990 code [0x00007f2931335b60, 0x00007f2931336058]
Event: 0.083 Thread 0x00007f2940108800 nmethod 10 0x00007f2931334710 code [0x00007f2931334920, 0x00007f2931335458]
Event: 0.086 Thread 0x00007f294010a800   13       1       java.lang.ThreadLocal::access$400 (5 bytes)
Event: 0.086 Thread 0x00007f294010a800 nmethod 13 0x00007f2931334250 code [0x00007f29313343a0, 0x00007f2931334490]
Event: 0.086 Thread 0x00007f294010c800   14       3       java.lang.String::getChars (62 bytes)
Event: 0.087 Thread 0x00007f294010c800 nmethod 14 0x00007f2931333a50 code [0x00007f2931333c00, 0x00007f2931334038]
Event: 0.087 Thread 0x00007f294010c800   15       3       java.lang.System::getSecurityManager (4 bytes)
Event: 0.087 Thread 0x00007f294010c800 nmethod 15 0x00007f29313428d0 code [0x00007f2931342a20, 0x00007f2931342b70]

GC Heap History (0 events):
No events

Deoptimization events (0 events):
No events

Classes redefined (0 events):
No events

Internal exceptions (2 events):
Event: 0.041 Thread 0x00007f294000a800 Exception <a 'java/lang/NoSuchMethodError': Method sun.misc.Unsafe.defineClass(Ljava/lang/String;[BII)Ljava/lang/Class; name or signature does not match> (0x0000000671007cb0) thrown at [/HUDSON/workspace/8-2-build-linux-amd64/jdk8u201/12317/hotspot/src/sh
Event: 0.041 Thread 0x00007f294000a800 Exception <a 'java/lang/NoSuchMethodError': Method sun.misc.Unsafe.prefetchRead(Ljava/lang/Object;J)V name or signature does not match> (0x0000000671007f98) thrown at [/HUDSON/workspace/8-2-build-linux-amd64/jdk8u201/12317/hotspot/src/share/vm/prims/jni.c

Events (10 events):
Event: 0.087 loading class sun/reflect/UnsafeStaticObjectFieldAccessorImpl
Event: 0.088 loading class sun/reflect/UnsafeStaticObjectFieldAccessorImpl done
Event: 0.088 loading class java/util/HashMap$EntrySet
Event: 0.088 loading class java/util/HashMap$EntrySet done
Event: 0.088 loading class java/util/HashMap$EntryIterator
Event: 0.088 loading class java/util/HashMap$HashIterator
Event: 0.088 loading class java/util/HashMap$HashIterator done
Event: 0.088 loading class java/util/HashMap$EntryIterator done
Event: 0.088 loading class java/lang/ClassLoaderHelper
Event: 0.088 loading class java/lang/ClassLoaderHelper done


Dynamic libraries:
00400000-00401000 r-xp 00000000 08:02 160962041                          /usr/lib/jvm/java-8-oracle/jre/bin/java
00600000-00601000 r--p 00000000 08:02 160962041                          /usr/lib/jvm/java-8-oracle/jre/bin/java
00601000-00602000 rw-p 00001000 08:02 160962041                          /usr/lib/jvm/java-8-oracle/jre/bin/java
01540000-01561000 rw-p 00000000 00:00 0                                  [heap]
3d3000000-3fcf00000 rw-p 00000000 00:00 0 
3fcf00000-671000000 ---p 00000000 00:00 0 
671000000-685f00000 rw-p 00000000 00:00 0 
685f00000-7c0000000 ---p 00000000 00:00 0 
7c0000000-7c0080000 rw-p 00000000 00:00 0 
7c0080000-800000000 ---p 00000000 00:00 0 
7f27f8000000-7f27f8021000 rw-p 00000000 00:00 0 
7f27f8021000-7f27fc000000 ---p 00000000 00:00 0 
7f27fc000000-7f27fc021000 rw-p 00000000 00:00 0 
7f27fc021000-7f2800000000 ---p 00000000 00:00 0 
7f2800000000-7f2800021000 rw-p 00000000 00:00 0 
7f2800021000-7f2804000000 ---p 00000000 00:00 0 
7f2804000000-7f2804021000 rw-p 00000000 00:00 0 
7f2804021000-7f2808000000 ---p 00000000 00:00 0 
7f2808000000-7f2808021000 rw-p 00000000 00:00 0 
7f2808021000-7f280c000000 ---p 00000000 00:00 0 
7f280c000000-7f280c021000 rw-p 00000000 00:00 0 
7f280c021000-7f2810000000 ---p 00000000 00:00 0 
7f2810000000-7f2810021000 rw-p 00000000 00:00 0 
7f2810021000-7f2814000000 ---p 00000000 00:00 0 
7f2814000000-7f2814021000 rw-p 00000000 00:00 0 
7f2814021000-7f2818000000 ---p 00000000 00:00 0 
7f2818000000-7f2818021000 rw-p 00000000 00:00 0 
7f2818021000-7f281c000000 ---p 00000000 00:00 0 
7f281c000000-7f281c021000 rw-p 00000000 00:00 0 
7f281c021000-7f2820000000 ---p 00000000 00:00 0 
7f2820000000-7f2820021000 rw-p 00000000 00:00 0 
7f2820021000-7f2824000000 ---p 00000000 00:00 0 
7f2824000000-7f2824021000 rw-p 00000000 00:00 0 
7f2824021000-7f2828000000 ---p 00000000 00:00 0 
7f2828000000-7f2828021000 rw-p 00000000 00:00 0 
7f2828021000-7f282c000000 ---p 00000000 00:00 0 
7f282c000000-7f282c021000 rw-p 00000000 00:00 0 
7f282c021000-7f2830000000 ---p 00000000 00:00 0 
7f2830000000-7f2830021000 rw-p 00000000 00:00 0 
7f2830021000-7f2834000000 ---p 00000000 00:00 0 
7f2834000000-7f2834021000 rw-p 00000000 00:00 0 
7f2834021000-7f2838000000 ---p 00000000 00:00 0 
7f2838000000-7f2838021000 rw-p 00000000 00:00 0 
7f2838021000-7f283c000000 ---p 00000000 00:00 0 
7f283c000000-7f283c07f000 rw-p 00000000 00:00 0 
7f283c07f000-7f2840000000 ---p 00000000 00:00 0 
7f2840000000-7f2840021000 rw-p 00000000 00:00 0 
7f2840021000-7f2844000000 ---p 00000000 00:00 0 
7f2844000000-7f2844021000 rw-p 00000000 00:00 0 
7f2844021000-7f2848000000 ---p 00000000 00:00 0 
7f2848000000-7f2848021000 rw-p 00000000 00:00 0 
7f2848021000-7f284c000000 ---p 00000000 00:00 0 
7f284c000000-7f284c021000 rw-p 00000000 00:00 0 
7f284c021000-7f2850000000 ---p 00000000 00:00 0 
7f2850000000-7f2850021000 rw-p 00000000 00:00 0 
7f2850021000-7f2854000000 ---p 00000000 00:00 0 
7f2858000000-7f2858021000 rw-p 00000000 00:00 0 
7f2858021000-7f285c000000 ---p 00000000 00:00 0 
7f2860000000-7f2860021000 rw-p 00000000 00:00 0 
7f2860021000-7f2864000000 ---p 00000000 00:00 0 
7f2868000000-7f2868021000 rw-p 00000000 00:00 0 
7f2868021000-7f286c000000 ---p 00000000 00:00 0 
7f2870000000-7f2870021000 rw-p 00000000 00:00 0 
7f2870021000-7f2874000000 ---p 00000000 00:00 0 
7f2878000000-7f2878021000 rw-p 00000000 00:00 0 
7f2878021000-7f287c000000 ---p 00000000 00:00 0 
7f2880000000-7f2880021000 rw-p 00000000 00:00 0 
7f2880021000-7f2884000000 ---p 00000000 00:00 0 
7f2888000000-7f2888021000 rw-p 00000000 00:00 0 
7f2888021000-7f288c000000 ---p 00000000 00:00 0 
7f2890000000-7f2890021000 rw-p 00000000 00:00 0 
7f2890021000-7f2894000000 ---p 00000000 00:00 0 
7f2898000000-7f2898021000 rw-p 00000000 00:00 0 
7f2898021000-7f289c000000 ---p 00000000 00:00 0 
7f28a0000000-7f28a0021000 rw-p 00000000 00:00 0 
7f28a0021000-7f28a4000000 ---p 00000000 00:00 0 
7f28a8000000-7f28a8021000 rw-p 00000000 00:00 0 
7f28a8021000-7f28ac000000 ---p 00000000 00:00 0 
7f28b0000000-7f28b0021000 rw-p 00000000 00:00 0 
7f28b0021000-7f28b4000000 ---p 00000000 00:00 0 
7f28b8000000-7f28b8021000 rw-p 00000000 00:00 0 
7f28b8021000-7f28bc000000 ---p 00000000 00:00 0 
7f28bc980000-7f28dc000000 rw-p 00000000 00:00 0 
7f28dc000000-7f28dc021000 rw-p 00000000 00:00 0 
7f28dc021000-7f28e0000000 ---p 00000000 00:00 0 
7f28e4000000-7f28e4021000 rw-p 00000000 00:00 0 
7f28e4021000-7f28e8000000 ---p 00000000 00:00 0 
7f28ec000000-7f28ec021000 rw-p 00000000 00:00 0 
7f28ec021000-7f28f0000000 ---p 00000000 00:00 0 
7f28f4000000-7f28f4021000 rw-p 00000000 00:00 0 
7f28f4021000-7f28f8000000 ---p 00000000 00:00 0 
7f28fc000000-7f28fc021000 rw-p 00000000 00:00 0 
7f28fc021000-7f2900000000 ---p 00000000 00:00 0 
7f2904000000-7f2904021000 rw-p 00000000 00:00 0 
7f2904021000-7f2908000000 ---p 00000000 00:00 0 
7f2908430000-7f29086c5000 rw-p 00000000 00:00 0 
7f29086c5000-7f29086cb000 r-xp 00000000 08:02 96340393                   /home/kmahmou1/jikes/jikesrvm/energy/64/libCPUScaler.so
7f29086cb000-7f29088cb000 ---p 00006000 08:02 96340393                   /home/kmahmou1/jikes/jikesrvm/energy/64/libCPUScaler.so
7f29088cb000-7f29088cc000 r--p 00006000 08:02 96340393                   /home/kmahmou1/jikes/jikesrvm/energy/64/libCPUScaler.so
7f29088cc000-7f29088cd000 rw-p 00007000 08:02 96340393                   /home/kmahmou1/jikes/jikesrvm/energy/64/libCPUScaler.so
7f29088cd000-7f29088ce000 ---p 00000000 00:00 0 
7f29088ce000-7f29089ce000 rw-p 00000000 00:00 0 
7f29089ce000-7f29089d1000 ---p 00000000 00:00 0 
7f29089d1000-7f2908acf000 rw-p 00000000 00:00 0 
7f2908acf000-7f2908ad0000 ---p 00000000 00:00 0 
7f2908ad0000-7f2908ad3000 ---p 00000000 00:00 0 
7f2908ad3000-7f2908bd0000 rw-p 00000000 00:00 0 
7f2908bd0000-7f2908bd1000 ---p 00000000 00:00 0 
7f2908bd1000-7f2908bd4000 ---p 00000000 00:00 0 
7f2908bd4000-7f2908cd1000 rw-p 00000000 00:00 0 
7f2908cd1000-7f2908cd2000 ---p 00000000 00:00 0 
7f2908cd2000-7f2908cd5000 ---p 00000000 00:00 0 
7f2908cd5000-7f2908dd2000 rw-p 00000000 00:00 0 
7f2908dd2000-7f2908dd3000 ---p 00000000 00:00 0 
7f2908dd3000-7f2908dd6000 ---p 00000000 00:00 0 
7f2908dd6000-7f2908ed3000 rw-p 00000000 00:00 0 
7f2908ed3000-7f2908ed4000 ---p 00000000 00:00 0 
7f2908ed4000-7f2908ed7000 ---p 00000000 00:00 0 
7f2908ed7000-7f2908fd4000 rw-p 00000000 00:00 0 
7f2908fd4000-7f2908fd5000 ---p 00000000 00:00 0 
7f2908fd5000-7f2908fd8000 ---p 00000000 00:00 0 
7f2908fd8000-7f29090d5000 rw-p 00000000 00:00 0 
7f29090d5000-7f29090d6000 ---p 00000000 00:00 0 
7f29090d6000-7f29090d9000 ---p 00000000 00:00 0 
7f29090d9000-7f29091d6000 rw-p 00000000 00:00 0 
7f29091d6000-7f29091d7000 ---p 00000000 00:00 0 
7f29091d7000-7f29091da000 ---p 00000000 00:00 0 
7f29091da000-7f29092d7000 rw-p 00000000 00:00 0 
7f29092d7000-7f29092d8000 ---p 00000000 00:00 0 
7f29092d8000-7f29092db000 ---p 00000000 00:00 0 
7f29092db000-7f29093d8000 rw-p 00000000 00:00 0 
7f29093d8000-7f29093d9000 ---p 00000000 00:00 0 
7f29093d9000-7f29093dc000 ---p 00000000 00:00 0 
7f29093dc000-7f29094d9000 rw-p 00000000 00:00 0 
7f29094d9000-7f29094da000 ---p 00000000 00:00 0 
7f29094da000-7f29094dd000 ---p 00000000 00:00 0 
7f29094dd000-7f29095da000 rw-p 00000000 00:00 0 
7f29095da000-7f29095db000 ---p 00000000 00:00 0 
7f29095db000-7f29095de000 ---p 00000000 00:00 0 
7f29095de000-7f29096db000 rw-p 00000000 00:00 0 
7f29096db000-7f29096dc000 ---p 00000000 00:00 0 
7f29096dc000-7f29096df000 ---p 00000000 00:00 0 
7f29096df000-7f29097dc000 rw-p 00000000 00:00 0 
7f29097dc000-7f29097dd000 ---p 00000000 00:00 0 
7f29097dd000-7f29097e0000 ---p 00000000 00:00 0 
7f29097e0000-7f29098dd000 rw-p 00000000 00:00 0 
7f29098dd000-7f29098de000 ---p 00000000 00:00 0 
7f29098de000-7f29098e1000 ---p 00000000 00:00 0 
7f29098e1000-7f29099de000 rw-p 00000000 00:00 0 
7f29099de000-7f29099e1000 ---p 00000000 00:00 0 
7f29099e1000-7f2909adf000 rw-p 00000000 00:00 0 
7f2909adf000-7f2909c7a000 r--p 00000000 08:02 160301694                  /usr/lib/locale/locale-archive
7f2909c7a000-7f2909c7d000 ---p 00000000 00:00 0 
7f2909c7d000-7f2909d7b000 rw-p 00000000 00:00 0 
7f2909d7b000-7f2909d7e000 ---p 00000000 00:00 0 
7f2909d7e000-7f2909e7c000 rw-p 00000000 00:00 0 
7f2909e7c000-7f2909e7d000 ---p 00000000 00:00 0 
7f2909e7d000-7f290c000000 rw-p 00000000 00:00 0 
7f290c000000-7f290c021000 rw-p 00000000 00:00 0 
7f290c021000-7f2910000000 ---p 00000000 00:00 0 
7f2910000000-7f2910021000 rw-p 00000000 00:00 0 
7f2910021000-7f2914000000 ---p 00000000 00:00 0 
7f2914000000-7f2914021000 rw-p 00000000 00:00 0 
7f2914021000-7f2918000000 ---p 00000000 00:00 0 
7f2918000000-7f2918021000 rw-p 00000000 00:00 0 
7f2918021000-7f291c000000 ---p 00000000 00:00 0 
7f291c016000-7f291f800000 rw-p 00000000 00:00 0 
7f291f800000-7f291fc40000 rw-p 00000000 00:00 0 
7f291fc40000-7f2920000000 ---p 00000000 00:00 0 
7f2920000000-7f2920021000 rw-p 00000000 00:00 0 
7f2920021000-7f2924000000 ---p 00000000 00:00 0 
7f2924000000-7f2924021000 rw-p 00000000 00:00 0 
7f2924021000-7f2928000000 ---p 00000000 00:00 0 
7f2928000000-7f2928021000 rw-p 00000000 00:00 0 
7f2928021000-7f292c000000 ---p 00000000 00:00 0 
7f292c018000-7f292c27d000 rw-p 00000000 00:00 0 
7f292c27d000-7f292c457000 r--s 03d6f000 08:02 160962147                  /usr/lib/jvm/java-8-oracle/jre/lib/rt.jar
7f292c457000-7f292e4fa000 rw-p 00000000 00:00 0 
7f292e4fa000-7f292e4fb000 ---p 00000000 00:00 0 
7f292e4fb000-7f292e5fb000 rw-p 00000000 00:00 0 
7f292e5fb000-7f292e5fc000 ---p 00000000 00:00 0 
7f292e5fc000-7f292e6fc000 rw-p 00000000 00:00 0 
7f292e6fc000-7f292e6fd000 ---p 00000000 00:00 0 
7f292e6fd000-7f292e7fd000 rw-p 00000000 00:00 0 
7f292e7fd000-7f292e7fe000 ---p 00000000 00:00 0 
7f292e7fe000-7f292e8fe000 rw-p 00000000 00:00 0 
7f292e8fe000-7f292e8ff000 ---p 00000000 00:00 0 
7f292e8ff000-7f292e9ff000 rw-p 00000000 00:00 0 
7f292e9ff000-7f292ea00000 ---p 00000000 00:00 0 
7f292ea00000-7f292eb00000 rw-p 00000000 00:00 0 
7f292eb00000-7f292eb01000 ---p 00000000 00:00 0 
7f292eb01000-7f292ec01000 rw-p 00000000 00:00 0 
7f292ec01000-7f292ec02000 ---p 00000000 00:00 0 
7f292ec02000-7f292ed02000 rw-p 00000000 00:00 0 
7f292ed02000-7f292ed03000 ---p 00000000 00:00 0 
7f292ed03000-7f292ee03000 rw-p 00000000 00:00 0 
7f292ee03000-7f292ee04000 ---p 00000000 00:00 0 
7f292ee04000-7f292ef04000 rw-p 00000000 00:00 0 
7f292ef04000-7f292ef05000 ---p 00000000 00:00 0 
7f292ef05000-7f292f005000 rw-p 00000000 00:00 0 
7f292f005000-7f292f006000 ---p 00000000 00:00 0 
7f292f006000-7f292f106000 rw-p 00000000 00:00 0 
7f292f106000-7f292f107000 ---p 00000000 00:00 0 
7f292f107000-7f292f207000 rw-p 00000000 00:00 0 
7f292f207000-7f292f208000 ---p 00000000 00:00 0 
7f292f208000-7f292f308000 rw-p 00000000 00:00 0 
7f292f308000-7f292f309000 ---p 00000000 00:00 0 
7f292f309000-7f292f409000 rw-p 00000000 00:00 0 
7f292f409000-7f292f40a000 ---p 00000000 00:00 0 
7f292f40a000-7f292f50a000 rw-p 00000000 00:00 0 
7f292f50a000-7f292f50b000 ---p 00000000 00:00 0 
7f292f50b000-7f292f60b000 rw-p 00000000 00:00 0 
7f292f60b000-7f292f60c000 ---p 00000000 00:00 0 
7f292f60c000-7f292f70c000 rw-p 00000000 00:00 0 
7f292f70c000-7f292f70d000 ---p 00000000 00:00 0 
7f292f70d000-7f292f80d000 rw-p 00000000 00:00 0 
7f292f80d000-7f292f80e000 ---p 00000000 00:00 0 
7f292f80e000-7f292f90e000 rw-p 00000000 00:00 0 
7f292f90e000-7f292f90f000 ---p 00000000 00:00 0 
7f292f90f000-7f292fa0f000 rw-p 00000000 00:00 0 
7f292fa0f000-7f292fa10000 ---p 00000000 00:00 0 
7f292fa10000-7f292fb10000 rw-p 00000000 00:00 0 
7f292fb10000-7f292fc60000 rw-p 00000000 00:00 0 
7f292fc60000-7f2931000000 ---p 00000000 00:00 0 
7f2931000000-7f2931350000 rwxp 00000000 00:00 0 
7f2931350000-7f2940000000 ---p 00000000 00:00 0 
7f2940000000-7f2940142000 rw-p 00000000 00:00 0 
7f2940142000-7f2944000000 ---p 00000000 00:00 0 
7f2944001000-7f29440b9000 rw-p 00000000 00:00 0 
7f29440b9000-7f29440ba000 ---p 00000000 00:00 0 
7f29440ba000-7f29441ba000 rw-p 00000000 00:00 0 
7f29441ba000-7f29441bb000 ---p 00000000 00:00 0 
7f29441bb000-7f29442bb000 rw-p 00000000 00:00 0 
7f29442bb000-7f29442bc000 ---p 00000000 00:00 0 
7f29442bc000-7f29443bc000 rw-p 00000000 00:00 0 
7f29443bc000-7f29443bd000 ---p 00000000 00:00 0 
7f29443bd000-7f29444bd000 rw-p 00000000 00:00 0 
7f29444bd000-7f29444be000 ---p 00000000 00:00 0 
7f29444be000-7f29445be000 rw-p 00000000 00:00 0 
7f29445be000-7f29445bf000 ---p 00000000 00:00 0 
7f29445bf000-7f29446bf000 rw-p 00000000 00:00 0 
7f29446bf000-7f294480f000 rw-p 00000000 00:00 0 
7f294480f000-7f2945baf000 ---p 00000000 00:00 0 
7f2945baf000-7f2945c57000 rw-p 00000000 00:00 0 
7f2945c57000-7f2946627000 ---p 00000000 00:00 0 
7f2946627000-7f2946636000 rw-p 00000000 00:00 0 
7f2946636000-7f29469e8000 ---p 00000000 00:00 0 
7f29469e8000-7f2946a03000 r-xp 00000000 08:02 160962360                  /usr/lib/jvm/java-8-oracle/jre/lib/amd64/libzip.so
7f2946a03000-7f2946c02000 ---p 0001b000 08:02 160962360                  /usr/lib/jvm/java-8-oracle/jre/lib/amd64/libzip.so
7f2946c02000-7f2946c03000 r--p 0001a000 08:02 160962360                  /usr/lib/jvm/java-8-oracle/jre/lib/amd64/libzip.so
7f2946c03000-7f2946c04000 rw-p 0001b000 08:02 160962360                  /usr/lib/jvm/java-8-oracle/jre/lib/amd64/libzip.so
7f2946c04000-7f2946c0e000 r-xp 00000000 08:02 21103107                   /lib/x86_64-linux-gnu/libnss_files-2.24.so
7f2946c0e000-7f2946e0e000 ---p 0000a000 08:02 21103107                   /lib/x86_64-linux-gnu/libnss_files-2.24.so
7f2946e0e000-7f2946e0f000 r--p 0000a000 08:02 21103107                   /lib/x86_64-linux-gnu/libnss_files-2.24.so
7f2946e0f000-7f2946e10000 rw-p 0000b000 08:02 21103107                   /lib/x86_64-linux-gnu/libnss_files-2.24.so
7f2946e10000-7f2946e16000 rw-p 00000000 00:00 0 
7f2946e16000-7f2946e21000 r-xp 00000000 08:02 21103421                   /lib/x86_64-linux-gnu/libnss_nis-2.24.so
7f2946e21000-7f2947020000 ---p 0000b000 08:02 21103421                   /lib/x86_64-linux-gnu/libnss_nis-2.24.so
7f2947020000-7f2947021000 r--p 0000a000 08:02 21103421                   /lib/x86_64-linux-gnu/libnss_nis-2.24.so
7f2947021000-7f2947022000 rw-p 0000b000 08:02 21103421                   /lib/x86_64-linux-gnu/libnss_nis-2.24.so
7f2947022000-7f2947036000 r-xp 00000000 08:02 21103104                   /lib/x86_64-linux-gnu/libnsl-2.24.so
7f2947036000-7f2947236000 ---p 00014000 08:02 21103104                   /lib/x86_64-linux-gnu/libnsl-2.24.so
7f2947236000-7f2947237000 r--p 00014000 08:02 21103104                   /lib/x86_64-linux-gnu/libnsl-2.24.so
7f2947237000-7f2947238000 rw-p 00015000 08:02 21103104                   /lib/x86_64-linux-gnu/libnsl-2.24.so
7f2947238000-7f294723a000 rw-p 00000000 00:00 0 
7f294723a000-7f2947241000 r-xp 00000000 08:02 21103105                   /lib/x86_64-linux-gnu/libnss_compat-2.24.so
7f2947241000-7f2947440000 ---p 00007000 08:02 21103105                   /lib/x86_64-linux-gnu/libnss_compat-2.24.so
7f2947440000-7f2947441000 r--p 00006000 08:02 21103105                   /lib/x86_64-linux-gnu/libnss_compat-2.24.so
7f2947441000-7f2947442000 rw-p 00007000 08:02 21103105                   /lib/x86_64-linux-gnu/libnss_compat-2.24.so
7f2947442000-7f294746e000 r-xp 00000000 08:02 160962354                  /usr/lib/jvm/java-8-oracle/jre/lib/amd64/libjava.so
7f294746e000-7f294766e000 ---p 0002c000 08:02 160962354                  /usr/lib/jvm/java-8-oracle/jre/lib/amd64/libjava.so
7f294766e000-7f294766f000 r--p 0002c000 08:02 160962354                  /usr/lib/jvm/java-8-oracle/jre/lib/amd64/libjava.so
7f294766f000-7f2947671000 rw-p 0002d000 08:02 160962354                  /usr/lib/jvm/java-8-oracle/jre/lib/amd64/libjava.so
7f2947671000-7f294767e000 r-xp 00000000 08:02 160962359                  /usr/lib/jvm/java-8-oracle/jre/lib/amd64/libverify.so
7f294767e000-7f294787d000 ---p 0000d000 08:02 160962359                  /usr/lib/jvm/java-8-oracle/jre/lib/amd64/libverify.so
7f294787d000-7f294787f000 r--p 0000c000 08:02 160962359                  /usr/lib/jvm/java-8-oracle/jre/lib/amd64/libverify.so
7f294787f000-7f2947880000 rw-p 0000e000 08:02 160962359                  /usr/lib/jvm/java-8-oracle/jre/lib/amd64/libverify.so
7f2947880000-7f2947887000 r-xp 00000000 08:02 21103439                   /lib/x86_64-linux-gnu/librt-2.24.so
7f2947887000-7f2947a86000 ---p 00007000 08:02 21103439                   /lib/x86_64-linux-gnu/librt-2.24.so
7f2947a86000-7f2947a87000 r--p 00006000 08:02 21103439                   /lib/x86_64-linux-gnu/librt-2.24.so
7f2947a87000-7f2947a88000 rw-p 00007000 08:02 21103439                   /lib/x86_64-linux-gnu/librt-2.24.so
7f2947a88000-7f2947b8b000 r-xp 00000000 08:02 21103099                   /lib/x86_64-linux-gnu/libm-2.24.so
7f2947b8b000-7f2947d8a000 ---p 00103000 08:02 21103099                   /lib/x86_64-linux-gnu/libm-2.24.so
7f2947d8a000-7f2947d8b000 r--p 00102000 08:02 21103099                   /lib/x86_64-linux-gnu/libm-2.24.so
7f2947d8b000-7f2947d8c000 rw-p 00103000 08:02 21103099                   /lib/x86_64-linux-gnu/libm-2.24.so
7f2947d8c000-7f2948a74000 r-xp 00000000 08:02 160962336                  /usr/lib/jvm/java-8-oracle/jre/lib/amd64/server/libjvm.so
7f2948a74000-7f2948c73000 ---p 00ce8000 08:02 160962336                  /usr/lib/jvm/java-8-oracle/jre/lib/amd64/server/libjvm.so
7f2948c73000-7f2948d09000 r--p 00ce7000 08:02 160962336                  /usr/lib/jvm/java-8-oracle/jre/lib/amd64/server/libjvm.so
7f2948d09000-7f2948d3a000 rw-p 00d7d000 08:02 160962336                  /usr/lib/jvm/java-8-oracle/jre/lib/amd64/server/libjvm.so
7f2948d3a000-7f2948d75000 rw-p 00000000 00:00 0 
7f2948d75000-7f2948f0a000 r-xp 00000000 08:02 21103086                   /lib/x86_64-linux-gnu/libc-2.24.so
7f2948f0a000-7f294910a000 ---p 00195000 08:02 21103086                   /lib/x86_64-linux-gnu/libc-2.24.so
7f294910a000-7f294910e000 r--p 00195000 08:02 21103086                   /lib/x86_64-linux-gnu/libc-2.24.so
7f294910e000-7f2949110000 rw-p 00199000 08:02 21103086                   /lib/x86_64-linux-gnu/libc-2.24.so
7f2949110000-7f2949114000 rw-p 00000000 00:00 0 
7f2949114000-7f2949117000 r-xp 00000000 08:02 21103098                   /lib/x86_64-linux-gnu/libdl-2.24.so
7f2949117000-7f2949316000 ---p 00003000 08:02 21103098                   /lib/x86_64-linux-gnu/libdl-2.24.so
7f2949316000-7f2949317000 r--p 00002000 08:02 21103098                   /lib/x86_64-linux-gnu/libdl-2.24.so
7f2949317000-7f2949318000 rw-p 00003000 08:02 21103098                   /lib/x86_64-linux-gnu/libdl-2.24.so
7f2949318000-7f294932f000 r-xp 00000000 08:02 160962331                  /usr/lib/jvm/java-8-oracle/jre/lib/amd64/jli/libjli.so
7f294932f000-7f294952e000 ---p 00017000 08:02 160962331                  /usr/lib/jvm/java-8-oracle/jre/lib/amd64/jli/libjli.so
7f294952e000-7f294952f000 r--p 00016000 08:02 160962331                  /usr/lib/jvm/java-8-oracle/jre/lib/amd64/jli/libjli.so
7f294952f000-7f2949530000 rw-p 00017000 08:02 160962331                  /usr/lib/jvm/java-8-oracle/jre/lib/amd64/jli/libjli.so
7f2949530000-7f2949548000 r-xp 00000000 08:02 21103433                   /lib/x86_64-linux-gnu/libpthread-2.24.so
7f2949548000-7f2949747000 ---p 00018000 08:02 21103433                   /lib/x86_64-linux-gnu/libpthread-2.24.so
7f2949747000-7f2949748000 r--p 00017000 08:02 21103433                   /lib/x86_64-linux-gnu/libpthread-2.24.so
7f2949748000-7f2949749000 rw-p 00018000 08:02 21103433                   /lib/x86_64-linux-gnu/libpthread-2.24.so
7f2949749000-7f294974d000 rw-p 00000000 00:00 0 
7f294974d000-7f2949770000 r-xp 00000000 08:02 21102628                   /lib/x86_64-linux-gnu/ld-2.24.so
7f294978d000-7f294985f000 rw-p 00000000 00:00 0 
7f294985f000-7f2949860000 ---p 00000000 00:00 0 
7f2949860000-7f2949863000 ---p 00000000 00:00 0 
7f2949863000-7f2949964000 rw-p 00000000 00:00 0 
7f2949966000-7f294996e000 rw-s 00000000 08:02 93465316                   /tmp/hsperfdata_kenan/37938
7f294996e000-7f294996f000 rw-p 00000000 00:00 0 
7f294996f000-7f2949970000 r--p 00000000 00:00 0 
7f2949970000-7f2949971000 r--p 00023000 08:02 21102628                   /lib/x86_64-linux-gnu/ld-2.24.so
7f2949971000-7f2949972000 rw-p 00024000 08:02 21102628                   /lib/x86_64-linux-gnu/ld-2.24.so
7f2949972000-7f2949973000 rw-p 00000000 00:00 0 
7ffc0578b000-7ffc057ac000 rw-p 00000000 00:00 0                          [stack]
7ffc057e5000-7ffc057e7000 r--p 00000000 00:00 0                          [vvar]
7ffc057e7000-7ffc057e9000 r-xp 00000000 00:00 0                          [vdso]
ffffffffff600000-ffffffffff601000 r-xp 00000000 00:00 0                  [vsyscall]

VM Arguments:
java_command: energy.Scaler 1 userspace
java_class_path (initial): .
Launcher Type: SUN_STANDARD

Environment Variables:
JAVA_HOME=/usr/lib/jvm/java-11-oracle
PATH=/usr/local/bin:/usr/bin:/bin:/usr/local/games:/usr/games:/usr/lib/jvm/java-11-oracle/bin:/usr/lib/jvm/java-11-oracle/db/bin
SHELL=/bin/bash

Signal Handlers:
SIGSEGV: [libjvm.so+0xad3e60], sa_mask[0]=11111111011111111101111111111110, sa_flags=SA_RESTART|SA_SIGINFO
SIGBUS: [libjvm.so+0xad3e60], sa_mask[0]=11111111011111111101111111111110, sa_flags=SA_RESTART|SA_SIGINFO
SIGFPE: [libjvm.so+0x90b880], sa_mask[0]=11111111011111111101111111111110, sa_flags=SA_RESTART|SA_SIGINFO
SIGPIPE: [libjvm.so+0x90b880], sa_mask[0]=11111111011111111101111111111110, sa_flags=SA_RESTART|SA_SIGINFO
SIGXFSZ: [libjvm.so+0x90b880], sa_mask[0]=11111111011111111101111111111110, sa_flags=SA_RESTART|SA_SIGINFO
SIGILL: [libjvm.so+0x90b880], sa_mask[0]=11111111011111111101111111111110, sa_flags=SA_RESTART|SA_SIGINFO
SIGUSR1: SIG_DFL, sa_mask[0]=00000000000000000000000000000000, sa_flags=none
SIGUSR2: [libjvm.so+0x90b750], sa_mask[0]=00000000000000000000000000000000, sa_flags=SA_RESTART|SA_SIGINFO
SIGHUP: [libjvm.so+0x90bd70], sa_mask[0]=11111111011111111101111111111110, sa_flags=SA_RESTART|SA_SIGINFO
SIGINT: [libjvm.so+0x90bd70], sa_mask[0]=11111111011111111101111111111110, sa_flags=SA_RESTART|SA_SIGINFO
SIGTERM: [libjvm.so+0x90bd70], sa_mask[0]=11111111011111111101111111111110, sa_flags=SA_RESTART|SA_SIGINFO
SIGQUIT: [libjvm.so+0x90bd70], sa_mask[0]=11111111011111111101111111111110, sa_flags=SA_RESTART|SA_SIGINFO


---------------  S Y S T E M  ---------------

OS:PRETTY_NAME="Debian GNU/Linux 9 (stretch)"
NAME="Debian GNU/Linux"
VERSION_ID="9"
VERSION="9 (stretch)"
ID=debian
HOME_URL="https://www.debian.org/"
SUPPORT_URL="https://www.debian.org/support"
BUG_REPORT_URL="https://bugs.debian.org/"

uname:Linux 4.9.0-0.bpo.8-amd64 #1 SMP Debian 4.9.144-3.1~deb8u1 (2019-03-14) x86_64
libc:glibc 2.24 NPTL 2.24 
rlimit: STACK 8192k, CORE 0k, NPROC 257182, NOFILE 65536, AS infinity
load average:0.00 0.00 0.00

/proc/meminfo:
MemTotal:       65860080 kB
MemFree:        47027188 kB
MemAvailable:   64872512 kB
Buffers:          209216 kB
Cached:         17913232 kB
SwapCached:            0 kB
Active:          1300884 kB
Inactive:       16861092 kB
Active(anon):      39784 kB
Inactive(anon):     9072 kB
Active(file):    1261100 kB
Inactive(file): 16852020 kB
Unevictable:           0 kB
Mlocked:               0 kB
SwapTotal:      118448124 kB
SwapFree:       118448124 kB
Dirty:                92 kB
Writeback:             0 kB
AnonPages:         39860 kB
Mapped:            32684 kB
Shmem:              9328 kB
Slab:             441228 kB
SReclaimable:     402444 kB
SUnreclaim:        38784 kB
KernelStack:        8112 kB
PageTables:         2996 kB
NFS_Unstable:          0 kB
Bounce:                0 kB
WritebackTmp:          0 kB
CommitLimit:    151378164 kB
Committed_AS:    1813500 kB
VmallocTotal:   34359738367 kB
VmallocUsed:           0 kB
VmallocChunk:          0 kB
HardwareCorrupted:     0 kB
AnonHugePages:         0 kB
ShmemHugePages:        0 kB
ShmemPmdMapped:        0 kB
HugePages_Total:       0
HugePages_Free:        0
HugePages_Rsvd:        0
HugePages_Surp:        0
Hugepagesize:       2048 kB
DirectMap4k:      158196 kB
DirectMap2M:     4968448 kB
DirectMap1G:    63963136 kB

container (cgroup) information:
container_type: cgroupv1
cpu_cpuset_cpus: 0-39
cpu_memory_nodes: 0-1
active_processor_count: 40
cpu_quota: -1
cpu_period: 100000
cpu_shares: -1
memory_limit_in_bytes: -1
memory_and_swap_limit_in_bytes: -2
memory_soft_limit_in_bytes: -1
memory_usage_in_bytes: 18598887424
memory_max_usage_in_bytes: 0


CPU:total 40 (initial active 40) (10 cores per cpu, 2 threads per core) family 6 model 79 stepping 1, cmov, cx8, fxsr, mmx, sse, sse2, sse3, ssse3, sse4.1, sse4.2, popcnt, avx, avx2, aes, clmul, erms, rtm, 3dnowpref, lzcnt, ht, tsc, tscinvbit, bmi1, bmi2, adx

/proc/cpuinfo:
processor	: 0
vendor_id	: GenuineIntel
cpu family	: 6
model		: 79
model name	: Intel(R) Xeon(R) CPU E5-2630 v4 @ 2.20GHz
stepping	: 1
microcode	: 0xb00001f
cpu MHz		: 1200.305
cache size	: 25600 KB
physical id	: 0
siblings	: 20
core id		: 0
cpu cores	: 10
apicid		: 0
initial apicid	: 0
fpu		: yes
fpu_exception	: yes
cpuid level	: 20
wp		: yes
flags		: fpu vme de pse tsc msr pae mce cx8 apic sep mtrr pge mca cmov pat pse36 clflush dts acpi mmx fxsr sse sse2 ss ht tm pbe syscall nx pdpe1gb rdtscp lm constant_tsc arch_perfmon pebs bts rep_good nopl xtopology nonstop_tsc aperfmperf pni pclmulqdq dtes64 monitor ds_cpl vmx smx est tm2 ssse3 sdbg fma cx16 xtpr pdcm pcid dca sse4_1 sse4_2 x2apic movbe popcnt tsc_deadline_timer aes xsave avx f16c rdrand lahf_lm abm 3dnowprefetch epb invpcid_single kaiser tpr_shadow vnmi flexpriority ept vpid fsgsbase tsc_adjust bmi1 hle avx2 smep bmi2 erms invpcid rtm cqm rdseed adx smap intel_pt xsaveopt cqm_llc cqm_occup_llc cqm_mbm_total cqm_mbm_local dtherm ida arat pln pts
bugs		: cpu_meltdown spectre_v1 spectre_v2 spec_store_bypass l1tf
bogomips	: 4390.45
clflush size	: 64
cache_alignment	: 64
address sizes	: 46 bits physical, 48 bits virtual
power management:

processor	: 1
vendor_id	: GenuineIntel
cpu family	: 6
model		: 79
model name	: Intel(R) Xeon(R) CPU E5-2630 v4 @ 2.20GHz
stepping	: 1
microcode	: 0xb00001f
cpu MHz		: 1200.036
cache size	: 25600 KB
physical id	: 0
siblings	: 20
core id		: 1
cpu cores	: 10
apicid		: 2
initial apicid	: 2
fpu		: yes
fpu_exception	: yes
cpuid level	: 20
wp		: yes
flags		: fpu vme de pse tsc msr pae mce cx8 apic sep mtrr pge mca cmov pat pse36 clflush dts acpi mmx fxsr sse sse2 ss ht tm pbe syscall nx pdpe1gb rdtscp lm constant_tsc arch_perfmon pebs bts rep_good nopl xtopology nonstop_tsc aperfmperf pni pclmulqdq dtes64 monitor ds_cpl vmx smx est tm2 ssse3 sdbg fma cx16 xtpr pdcm pcid dca sse4_1 sse4_2 x2apic movbe popcnt tsc_deadline_timer aes xsave avx f16c rdrand lahf_lm abm 3dnowprefetch epb invpcid_single kaiser tpr_shadow vnmi flexpriority ept vpid fsgsbase tsc_adjust bmi1 hle avx2 smep bmi2 erms invpcid rtm cqm rdseed adx smap intel_pt xsaveopt cqm_llc cqm_occup_llc cqm_mbm_total cqm_mbm_local dtherm ida arat pln pts
bugs		: cpu_meltdown spectre_v1 spectre_v2 spec_store_bypass l1tf
bogomips	: 4390.45
clflush size	: 64
cache_alignment	: 64
address sizes	: 46 bits physical, 48 bits virtual
power management:

processor	: 2
vendor_id	: GenuineIntel
cpu family	: 6
model		: 79
model name	: Intel(R) Xeon(R) CPU E5-2630 v4 @ 2.20GHz
stepping	: 1
microcode	: 0xb00001f
cpu MHz		: 1211.718
cache size	: 25600 KB
physical id	: 0
siblings	: 20
core id		: 2
cpu cores	: 10
apicid		: 4
initial apicid	: 4
fpu		: yes
fpu_exception	: yes
cpuid level	: 20
wp		: yes
flags		: fpu vme de pse tsc msr pae mce cx8 apic sep mtrr pge mca cmov pat pse36 clflush dts acpi mmx fxsr sse sse2 ss ht tm pbe syscall nx pdpe1gb rdtscp lm constant_tsc arch_perfmon pebs bts rep_good nopl xtopology nonstop_tsc aperfmperf pni pclmulqdq dtes64 monitor ds_cpl vmx smx est tm2 ssse3 sdbg fma cx16 xtpr pdcm pcid dca sse4_1 sse4_2 x2apic movbe popcnt tsc_deadline_timer aes xsave avx f16c rdrand lahf_lm abm 3dnowprefetch epb invpcid_single kaiser tpr_shadow vnmi flexpriority ept vpid fsgsbase tsc_adjust bmi1 hle avx2 smep bmi2 erms invpcid rtm cqm rdseed adx smap intel_pt xsaveopt cqm_llc cqm_occup_llc cqm_mbm_total cqm_mbm_local dtherm ida arat pln pts
bugs		: cpu_meltdown spectre_v1 spectre_v2 spec_store_bypass l1tf
bogomips	: 4390.45
clflush size	: 64
cache_alignment	: 64
address sizes	: 46 bits physical, 48 bits virtual
power management:

processor	: 3
vendor_id	: GenuineIntel
cpu family	: 6
model		: 79
model name	: Intel(R) Xeon(R) CPU E5-2630 v4 @ 2.20GHz
stepping	: 1
microcode	: 0xb00001f
cpu MHz		: 1200.708
cache size	: 25600 KB
physical id	: 0
siblings	: 20
core id		: 3
cpu cores	: 10
apicid		: 6
initial apicid	: 6
fpu		: yes
fpu_exception	: yes
cpuid level	: 20
wp		: yes
flags		: fpu vme de pse tsc msr pae mce cx8 apic sep mtrr pge mca cmov pat pse36 clflush dts acpi mmx fxsr sse sse2 ss ht tm pbe syscall nx pdpe1gb rdtscp lm constant_tsc arch_perfmon pebs bts rep_good nopl xtopology nonstop_tsc aperfmperf pni pclmulqdq dtes64 monitor ds_cpl vmx smx est tm2 ssse3 sdbg fma cx16 xtpr pdcm pcid dca sse4_1 sse4_2 x2apic movbe popcnt tsc_deadline_timer aes xsave avx f16c rdrand lahf_lm abm 3dnowprefetch epb invpcid_single kaiser tpr_shadow vnmi flexpriority ept vpid fsgsbase tsc_adjust bmi1 hle avx2 smep bmi2 erms invpcid rtm cqm rdseed adx smap intel_pt xsaveopt cqm_llc cqm_occup_llc cqm_mbm_total cqm_mbm_local dtherm ida arat pln pts
bugs		: cpu_meltdown spectre_v1 spectre_v2 spec_store_bypass l1tf
bogomips	: 4390.45
clflush size	: 64
cache_alignment	: 64
address sizes	: 46 bits physical, 48 bits virtual
power management:

processor	: 4
vendor_id	: GenuineIntel
cpu family	: 6
model		: 79
model name	: Intel(R) Xeon(R) CPU E5-2630 v4 @ 2.20GHz
stepping	: 1
microcode	: 0xb00001f
cpu MHz		: 1199.902
cache size	: 25600 KB
physical id	: 0
siblings	: 20
core id		: 4
cpu cores	: 10
apicid		: 8
initial apicid	: 8
fpu		: yes
fpu_exception	: yes
cpuid level	: 20
wp		: yes
flags		: fpu vme de pse tsc msr pae mce cx8 apic sep mtrr pge mca cmov pat pse36 clflush dts acpi mmx fxsr sse sse2 ss ht tm pbe syscall nx pdpe1gb rdtscp lm constant_tsc arch_perfmon pebs bts rep_good nopl xtopology nonstop_tsc aperfmperf pni pclmulqdq dtes64 monitor ds_cpl vmx smx est tm2 ssse3 sdbg fma cx16 xtpr pdcm pcid dca sse4_1 sse4_2 x2apic movbe popcnt tsc_deadline_timer aes xsave avx f16c rdrand lahf_lm abm 3dnowprefetch epb invpcid_single kaiser tpr_shadow vnmi flexpriority ept vpid fsgsbase tsc_adjust bmi1 hle avx2 smep bmi2 erms invpcid rtm cqm rdseed adx smap intel_pt xsaveopt cqm_llc cqm_occup_llc cqm_mbm_total cqm_mbm_local dtherm ida arat pln pts
bugs		: cpu_meltdown spectre_v1 spectre_v2 spec_store_bypass l1tf
bogomips	: 4390.45
clflush size	: 64
cache_alignment	: 64
address sizes	: 46 bits physical, 48 bits virtual
power management:

processor	: 5
vendor_id	: GenuineIntel
cpu family	: 6
model		: 79
model name	: Intel(R) Xeon(R) CPU E5-2630 v4 @ 2.20GHz
stepping	: 1
microcode	: 0xb00001f
cpu MHz		: 1202.185
cache size	: 25600 KB
physical id	: 0
siblings	: 20
core id		: 8
cpu cores	: 10
apicid		: 16
initial apicid	: 16
fpu		: yes
fpu_exception	: yes
cpuid level	: 20
wp		: yes
flags		: fpu vme de pse tsc msr pae mce cx8 apic sep mtrr pge mca cmov pat pse36 clflush dts acpi mmx fxsr sse sse2 ss ht tm pbe syscall nx pdpe1gb rdtscp lm constant_tsc arch_perfmon pebs bts rep_good nopl xtopology nonstop_tsc aperfmperf pni pclmulqdq dtes64 monitor ds_cpl vmx smx est tm2 ssse3 sdbg fma cx16 xtpr pdcm pcid dca sse4_1 sse4_2 x2apic movbe popcnt tsc_deadline_timer aes xsave avx f16c rdrand lahf_lm abm 3dnowprefetch epb invpcid_single kaiser tpr_shadow vnmi flexpriority ept vpid fsgsbase tsc_adjust bmi1 hle avx2 smep bmi2 erms invpcid rtm cqm rdseed adx smap intel_pt xsaveopt cqm_llc cqm_occup_llc cqm_mbm_total cqm_mbm_local dtherm ida arat pln pts
bugs		: cpu_meltdown spectre_v1 spectre_v2 spec_store_bypass l1tf
bogomips	: 4390.45
clflush size	: 64
cache_alignment	: 64
address sizes	: 46 bits physical, 48 bits virtual
power management:

processor	: 6
vendor_id	: GenuineIntel
cpu family	: 6
model		: 79
model name	: Intel(R) Xeon(R) CPU E5-2630 v4 @ 2.20GHz
stepping	: 1
microcode	: 0xb00001f
cpu MHz		: 1201.110
cache size	: 25600 KB
physical id	: 0
siblings	: 20
core id		: 9
cpu cores	: 10
apicid		: 18
initial apicid	: 18
fpu		: yes
fpu_exception	: yes
cpuid level	: 20
wp		: yes
flags		: fpu vme de pse tsc msr pae mce cx8 apic sep mtrr pge mca cmov pat pse36 clflush dts acpi mmx fxsr sse sse2 ss ht tm pbe syscall nx pdpe1gb rdtscp lm constant_tsc arch_perfmon pebs bts rep_good nopl xtopology nonstop_tsc aperfmperf pni pclmulqdq dtes64 monitor ds_cpl vmx smx est tm2 ssse3 sdbg fma cx16 xtpr pdcm pcid dca sse4_1 sse4_2 x2apic movbe popcnt tsc_deadline_timer aes xsave avx f16c rdrand lahf_lm abm 3dnowprefetch epb invpcid_single kaiser tpr_shadow vnmi flexpriority ept vpid fsgsbase tsc_adjust bmi1 hle avx2 smep bmi2 erms invpcid rtm cqm rdseed adx smap intel_pt xsaveopt cqm_llc cqm_occup_llc cqm_mbm_total cqm_mbm_local dtherm ida arat pln pts
bugs		: cpu_meltdown spectre_v1 spectre_v2 spec_store_bypass l1tf
bogomips	: 4390.45
clflush size	: 64
cache_alignment	: 64
address sizes	: 46 bits physical, 48 bits virtual
power management:

processor	: 7
vendor_id	: GenuineIntel
cpu family	: 6
model		: 79
model name	: Intel(R) Xeon(R) CPU E5-2630 v4 @ 2.20GHz
stepping	: 1
microcode	: 0xb00001f
cpu MHz		: 1209.033
cache size	: 25600 KB
physical id	: 0
siblings	: 20
core id		: 10
cpu cores	: 10
apicid		: 20
initial apicid	: 20
fpu		: yes
fpu_exception	: yes
cpuid level	: 20
wp		: yes
flags		: fpu vme de pse tsc msr pae mce cx8 apic sep mtrr pge mca cmov pat pse36 clflush dts acpi mmx fxsr sse sse2 ss ht tm pbe syscall nx pdpe1gb rdtscp lm constant_tsc arch_perfmon pebs bts rep_good nopl xtopology nonstop_tsc aperfmperf pni pclmulqdq dtes64 monitor ds_cpl vmx smx est tm2 ssse3 sdbg fma cx16 xtpr pdcm pcid dca sse4_1 sse4_2 x2apic movbe popcnt tsc_deadline_timer aes xsave avx f16c rdrand lahf_lm abm 3dnowprefetch epb invpcid_single kaiser tpr_shadow vnmi flexpriority ept vpid fsgsbase tsc_adjust bmi1 hle avx2 smep bmi2 erms invpcid rtm cqm rdseed adx smap intel_pt xsaveopt cqm_llc cqm_occup_llc cqm_mbm_total cqm_mbm_local dtherm ida arat pln pts
bugs		: cpu_meltdown spectre_v1 spectre_v2 spec_store_bypass l1tf
bogomips	: 4390.45
clflush size	: 64
cache_alignment	: 64
address sizes	: 46 bits physical, 48 bits virtual
power management:

processor	: 8
vendor_id	: GenuineIntel
cpu family	: 6
model		: 79
model name	: Intel(R) Xeon(R) CPU E5-2630 v4 @ 2.20GHz
stepping	: 1
microcode	: 0xb00001f
cpu MHz		: 1205.810
cache size	: 25600 KB
physical id	: 0
siblings	: 20
core id		: 11
cpu cores	: 10
apicid		: 22
initial apicid	: 22
fpu		: yes
fpu_exception	: yes
cpuid level	: 20
wp		: yes
flags		: fpu vme de pse tsc msr pae mce cx8 apic sep mtrr pge mca cmov pat pse36 clflush dts acpi mmx fxsr sse sse2 ss ht tm pbe syscall nx pdpe1gb rdtscp lm constant_tsc arch_perfmon pebs bts rep_good nopl xtopology nonstop_tsc aperfmperf pni pclmulqdq dtes64 monitor ds_cpl vmx smx est tm2 ssse3 sdbg fma cx16 xtpr pdcm pcid dca sse4_1 sse4_2 x2apic movbe popcnt tsc_deadline_timer aes xsave avx f16c rdrand lahf_lm abm 3dnowprefetch epb invpcid_single kaiser tpr_shadow vnmi flexpriority ept vpid fsgsbase tsc_adjust bmi1 hle avx2 smep bmi2 erms invpcid rtm cqm rdseed adx smap intel_pt xsaveopt cqm_llc cqm_occup_llc cqm_mbm_total cqm_mbm_local dtherm ida arat pln pts
bugs		: cpu_meltdown spectre_v1 spectre_v2 spec_store_bypass l1tf
bogomips	: 4390.45
clflush size	: 64
cache_alignment	: 64
address sizes	: 46 bits physical, 48 bits virtual
power management:

processor	: 9
vendor_id	: GenuineIntel
cpu family	: 6
model		: 79
model name	: Intel(R) Xeon(R) CPU E5-2630 v4 @ 2.20GHz
stepping	: 1
microcode	: 0xb00001f
cpu MHz		: 1202.185
cache size	: 25600 KB
physical id	: 0
siblings	: 20
core id		: 12
cpu cores	: 10
apicid		: 24
initial apicid	: 24
fpu		: yes
fpu_exception	: yes
cpuid level	: 20
wp		: yes
flags		: fpu vme de pse tsc msr pae mce cx8 apic sep mtrr pge mca cmov pat pse36 clflush dts acpi mmx fxsr sse sse2 ss ht tm pbe syscall nx pdpe1gb rdtscp lm constant_tsc arch_perfmon pebs bts rep_good nopl xtopology nonstop_tsc aperfmperf pni pclmulqdq dtes64 monitor ds_cpl vmx smx est tm2 ssse3 sdbg fma cx16 xtpr pdcm pcid dca sse4_1 sse4_2 x2apic movbe popcnt tsc_deadline_timer aes xsave avx f16c rdrand lahf_lm abm 3dnowprefetch epb invpcid_single kaiser tpr_shadow vnmi flexpriority ept vpid fsgsbase tsc_adjust bmi1 hle avx2 smep bmi2 erms invpcid rtm cqm rdseed adx smap intel_pt xsaveopt cqm_llc cqm_occup_llc cqm_mbm_total cqm_mbm_local dtherm ida arat pln pts
bugs		: cpu_meltdown spectre_v1 spectre_v2 spec_store_bypass l1tf
bogomips	: 4390.45
clflush size	: 64
cache_alignment	: 64
address sizes	: 46 bits physical, 48 bits virtual
power management:

processor	: 10
vendor_id	: GenuineIntel
cpu family	: 6
model		: 79
model name	: Intel(R) Xeon(R) CPU E5-2630 v4 @ 2.20GHz
stepping	: 1
microcode	: 0xb00001f
cpu MHz		: 1200.573
cache size	: 25600 KB
physical id	: 1
siblings	: 20
core id		: 0
cpu cores	: 10
apicid		: 32
initial apicid	: 32
fpu		: yes
fpu_exception	: yes
cpuid level	: 20
wp		: yes
flags		: fpu vme de pse tsc msr pae mce cx8 apic sep mtrr pge mca cmov pat pse36 clflush dts acpi mmx fxsr sse sse2 ss ht tm pbe syscall nx pdpe1gb rdtscp lm constant_tsc arch_perfmon pebs bts rep_good nopl xtopology nonstop_tsc aperfmperf pni pclmulqdq dtes64 monitor ds_cpl vmx smx est tm2 ssse3 sdbg fma cx16 xtpr pdcm pcid dca sse4_1 sse4_2 x2apic movbe popcnt tsc_deadline_timer aes xsave avx f16c rdrand lahf_lm abm 3dnowprefetch epb invpcid_single kaiser tpr_shadow vnmi flexpriority ept vpid fsgsbase tsc_adjust bmi1 hle avx2 smep bmi2 erms invpcid rtm cqm rdseed adx smap intel_pt xsaveopt cqm_llc cqm_occup_llc cqm_mbm_total cqm_mbm_local dtherm ida arat pln pts
bugs		: cpu_meltdown spectre_v1 spectre_v2 spec_store_bypass l1tf
bogomips	: 4392.05
clflush size	: 64
cache_alignment	: 64
address sizes	: 46 bits physical, 48 bits virtual
power management:

processor	: 11
vendor_id	: GenuineIntel
cpu family	: 6
model		: 79
model name	: Intel(R) Xeon(R) CPU E5-2630 v4 @ 2.20GHz
stepping	: 1
microcode	: 0xb00001f
cpu MHz		: 1200.170
cache size	: 25600 KB
physical id	: 1
siblings	: 20
core id		: 1
cpu cores	: 10
apicid		: 34
initial apicid	: 34
fpu		: yes
fpu_exception	: yes
cpuid level	: 20
wp		: yes
flags		: fpu vme de pse tsc msr pae mce cx8 apic sep mtrr pge mca cmov pat pse36 clflush dts acpi mmx fxsr sse sse2 ss ht tm pbe syscall nx pdpe1gb rdtscp lm constant_tsc arch_perfmon pebs bts rep_good nopl xtopology nonstop_tsc aperfmperf pni pclmulqdq dtes64 monitor ds_cpl vmx smx est tm2 ssse3 sdbg fma cx16 xtpr pdcm pcid dca sse4_1 sse4_2 x2apic movbe popcnt tsc_deadline_timer aes xsave avx f16c rdrand lahf_lm abm 3dnowprefetch epb invpcid_single kaiser tpr_shadow vnmi flexpriority ept vpid fsgsbase tsc_adjust bmi1 hle avx2 smep bmi2 erms invpcid rtm cqm rdseed adx smap intel_pt xsaveopt cqm_llc cqm_occup_llc cqm_mbm_total cqm_mbm_local dtherm ida arat pln pts
bugs		: cpu_meltdown spectre_v1 spectre_v2 spec_store_bypass l1tf
bogomips	: 4392.05
clflush size	: 64
cache_alignment	: 64
address sizes	: 46 bits physical, 48 bits virtual
power management:

processor	: 12
vendor_id	: GenuineIntel
cpu family	: 6
model		: 79
model name	: Intel(R) Xeon(R) CPU E5-2630 v4 @ 2.20GHz
stepping	: 1
microcode	: 0xb00001f
cpu MHz		: 1200.573
cache size	: 25600 KB
physical id	: 1
siblings	: 20
core id		: 2
cpu cores	: 10
apicid		: 36
initial apicid	: 36
fpu		: yes
fpu_exception	: yes
cpuid level	: 20
wp		: yes
flags		: fpu vme de pse tsc msr pae mce cx8 apic sep mtrr pge mca cmov pat pse36 clflush dts acpi mmx fxsr sse sse2 ss ht tm pbe syscall nx pdpe1gb rdtscp lm constant_tsc arch_perfmon pebs bts rep_good nopl xtopology nonstop_tsc aperfmperf pni pclmulqdq dtes64 monitor ds_cpl vmx smx est tm2 ssse3 sdbg fma cx16 xtpr pdcm pcid dca sse4_1 sse4_2 x2apic movbe popcnt tsc_deadline_timer aes xsave avx f16c rdrand lahf_lm abm 3dnowprefetch epb invpcid_single kaiser tpr_shadow vnmi flexpriority ept vpid fsgsbase tsc_adjust bmi1 hle avx2 smep bmi2 erms invpcid rtm cqm rdseed adx smap intel_pt xsaveopt cqm_llc cqm_occup_llc cqm_mbm_total cqm_mbm_local dtherm ida arat pln pts
bugs		: cpu_meltdown spectre_v1 spectre_v2 spec_store_bypass l1tf
bogomips	: 4392.05
clflush size	: 64
cache_alignment	: 64
address sizes	: 46 bits physical, 48 bits virtual
power management:

processor	: 13
vendor_id	: GenuineIntel
cpu family	: 6
model		: 79
model name	: Intel(R) Xeon(R) CPU E5-2630 v4 @ 2.20GHz
stepping	: 1
microcode	: 0xb00001f
cpu MHz		: 1200.708
cache size	: 25600 KB
physical id	: 1
siblings	: 20
core id		: 3
cpu cores	: 10
apicid		: 38
initial apicid	: 38
fpu		: yes
fpu_exception	: yes
cpuid level	: 20
wp		: yes
flags		: fpu vme de pse tsc msr pae mce cx8 apic sep mtrr pge mca cmov pat pse36 clflush dts acpi mmx fxsr sse sse2 ss ht tm pbe syscall nx pdpe1gb rdtscp lm constant_tsc arch_perfmon pebs bts rep_good nopl xtopology nonstop_tsc aperfmperf pni pclmulqdq dtes64 monitor ds_cpl vmx smx est tm2 ssse3 sdbg fma cx16 xtpr pdcm pcid dca sse4_1 sse4_2 x2apic movbe popcnt tsc_deadline_timer aes xsave avx f16c rdrand lahf_lm abm 3dnowprefetch epb invpcid_single kaiser tpr_shadow vnmi flexpriority ept vpid fsgsbase tsc_adjust bmi1 hle avx2 smep bmi2 erms invpcid rtm cqm rdseed adx smap intel_pt xsaveopt cqm_llc cqm_occup_llc cqm_mbm_total cqm_mbm_local dtherm ida arat pln pts
bugs		: cpu_meltdown spectre_v1 spectre_v2 spec_store_bypass l1tf
bogomips	: 4392.05
clflush size	: 64
cache_alignment	: 64
address sizes	: 46 bits physical, 48 bits virtual
power management:

processor	: 14
vendor_id	: GenuineIntel
cpu family	: 6
model		: 79
model name	: Intel(R) Xeon(R) CPU E5-2630 v4 @ 2.20GHz
stepping	: 1
microcode	: 0xb00001f
cpu MHz		: 1200.708
cache size	: 25600 KB
physical id	: 1
siblings	: 20
core id		: 4
cpu cores	: 10
apicid		: 40
initial apicid	: 40
fpu		: yes
fpu_exception	: yes
cpuid level	: 20
wp		: yes
flags		: fpu vme de pse tsc msr pae mce cx8 apic sep mtrr pge mca cmov pat pse36 clflush dts acpi mmx fxsr sse sse2 ss ht tm pbe syscall nx pdpe1gb rdtscp lm constant_tsc arch_perfmon pebs bts rep_good nopl xtopology nonstop_tsc aperfmperf pni pclmulqdq dtes64 monitor ds_cpl vmx smx est tm2 ssse3 sdbg fma cx16 xtpr pdcm pcid dca sse4_1 sse4_2 x2apic movbe popcnt tsc_deadline_timer aes xsave avx f16c rdrand lahf_lm abm 3dnowprefetch epb invpcid_single kaiser tpr_shadow vnmi flexpriority ept vpid fsgsbase tsc_adjust bmi1 hle avx2 smep bmi2 erms invpcid rtm cqm rdseed adx smap intel_pt xsaveopt cqm_llc cqm_occup_llc cqm_mbm_total cqm_mbm_local dtherm ida arat pln pts
bugs		: cpu_meltdown spectre_v1 spectre_v2 spec_store_bypass l1tf
bogomips	: 4392.05
clflush size	: 64
cache_alignment	: 64
address sizes	: 46 bits physical, 48 bits virtual
power management:

processor	: 15
vendor_id	: GenuineIntel
cpu family	: 6
model		: 79
model name	: Intel(R) Xeon(R) CPU E5-2630 v4 @ 2.20GHz
stepping	: 1
microcode	: 0xb00001f
cpu MHz		: 1200.976
cache size	: 25600 KB
physical id	: 1
siblings	: 20
core id		: 8
cpu cores	: 10
apicid		: 48
initial apicid	: 48
fpu		: yes
fpu_exception	: yes
cpuid level	: 20
wp		: yes
flags		: fpu vme de pse tsc msr pae mce cx8 apic sep mtrr pge mca cmov pat pse36 clflush dts acpi mmx fxsr sse sse2 ss ht tm pbe syscall nx pdpe1gb rdtscp lm constant_tsc arch_perfmon pebs bts rep_good nopl xtopology nonstop_tsc aperfmperf pni pclmulqdq dtes64 monitor ds_cpl vmx smx est tm2 ssse3 sdbg fma cx16 xtpr pdcm pcid dca sse4_1 sse4_2 x2apic movbe popcnt tsc_deadline_timer aes xsave avx f16c rdrand lahf_lm abm 3dnowprefetch epb invpcid_single kaiser tpr_shadow vnmi flexpriority ept vpid fsgsbase tsc_adjust bmi1 hle avx2 smep bmi2 erms invpcid rtm cqm rdseed adx smap intel_pt xsaveopt cqm_llc cqm_occup_llc cqm_mbm_total cqm_mbm_local dtherm ida arat pln pts
bugs		: cpu_meltdown spectre_v1 spectre_v2 spec_store_bypass l1tf
bogomips	: 4392.05
clflush size	: 64
cache_alignment	: 64
address sizes	: 46 bits physical, 48 bits virtual
power management:

processor	: 16
vendor_id	: GenuineIntel
cpu family	: 6
model		: 79
model name	: Intel(R) Xeon(R) CPU E5-2630 v4 @ 2.20GHz
stepping	: 1
microcode	: 0xb00001f
cpu MHz		: 1200.708
cache size	: 25600 KB
physical id	: 1
siblings	: 20
core id		: 9
cpu cores	: 10
apicid		: 50
initial apicid	: 50
fpu		: yes
fpu_exception	: yes
cpuid level	: 20
wp		: yes
flags		: fpu vme de pse tsc msr pae mce cx8 apic sep mtrr pge mca cmov pat pse36 clflush dts acpi mmx fxsr sse sse2 ss ht tm pbe syscall nx pdpe1gb rdtscp lm constant_tsc arch_perfmon pebs bts rep_good nopl xtopology nonstop_tsc aperfmperf pni pclmulqdq dtes64 monitor ds_cpl vmx smx est tm2 ssse3 sdbg fma cx16 xtpr pdcm pcid dca sse4_1 sse4_2 x2apic movbe popcnt tsc_deadline_timer aes xsave avx f16c rdrand lahf_lm abm 3dnowprefetch epb invpcid_single kaiser tpr_shadow vnmi flexpriority ept vpid fsgsbase tsc_adjust bmi1 hle avx2 smep bmi2 erms invpcid rtm cqm rdseed adx smap intel_pt xsaveopt cqm_llc cqm_occup_llc cqm_mbm_total cqm_mbm_local dtherm ida arat pln pts
bugs		: cpu_meltdown spectre_v1 spectre_v2 spec_store_bypass l1tf
bogomips	: 4392.05
clflush size	: 64
cache_alignment	: 64
address sizes	: 46 bits physical, 48 bits virtual
power management:

processor	: 17
vendor_id	: GenuineIntel
cpu family	: 6
model		: 79
model name	: Intel(R) Xeon(R) CPU E5-2630 v4 @ 2.20GHz
stepping	: 1
microcode	: 0xb00001f
cpu MHz		: 1200.842
cache size	: 25600 KB
physical id	: 1
siblings	: 20
core id		: 10
cpu cores	: 10
apicid		: 52
initial apicid	: 52
fpu		: yes
fpu_exception	: yes
cpuid level	: 20
wp		: yes
flags		: fpu vme de pse tsc msr pae mce cx8 apic sep mtrr pge mca cmov pat pse36 clflush dts acpi mmx fxsr sse sse2 ss ht tm pbe syscall nx pdpe1gb rdtscp lm constant_tsc arch_perfmon pebs bts rep_good nopl xtopology nonstop_tsc aperfmperf pni pclmulqdq dtes64 monitor ds_cpl vmx smx est tm2 ssse3 sdbg fma cx16 xtpr pdcm pcid dca sse4_1 sse4_2 x2apic movbe popcnt tsc_deadline_timer aes xsave avx f16c rdrand lahf_lm abm 3dnowprefetch epb invpcid_single kaiser tpr_shadow vnmi flexpriority ept vpid fsgsbase tsc_adjust bmi1 hle avx2 smep bmi2 erms invpcid rtm cqm rdseed adx smap intel_pt xsaveopt cqm_llc cqm_occup_llc cqm_mbm_total cqm_mbm_local dtherm ida arat pln pts
bugs		: cpu_meltdown spectre_v1 spectre_v2 spec_store_bypass l1tf
bogomips	: 4392.05
clflush size	: 64
cache_alignment	: 64
address sizes	: 46 bits physical, 48 bits virtual
power management:

processor	: 18
vendor_id	: GenuineIntel
cpu family	: 6
model		: 79
model name	: Intel(R) Xeon(R) CPU E5-2630 v4 @ 2.20GHz
stepping	: 1
microcode	: 0xb00001f
cpu MHz		: 1294.030
cache size	: 25600 KB
physical id	: 1
siblings	: 20
core id		: 11
cpu cores	: 10
apicid		: 54
initial apicid	: 54
fpu		: yes
fpu_exception	: yes
cpuid level	: 20
wp		: yes
flags		: fpu vme de pse tsc msr pae mce cx8 apic sep mtrr pge mca cmov pat pse36 clflush dts acpi mmx fxsr sse sse2 ss ht tm pbe syscall nx pdpe1gb rdtscp lm constant_tsc arch_perfmon pebs bts rep_good nopl xtopology nonstop_tsc aperfmperf pni pclmulqdq dtes64 monitor ds_cpl vmx smx est tm2 ssse3 sdbg fma cx16 xtpr pdcm pcid dca sse4_1 sse4_2 x2apic movbe popcnt tsc_deadline_timer aes xsave avx f16c rdrand lahf_lm abm 3dnowprefetch epb invpcid_single kaiser tpr_shadow vnmi flexpriority ept vpid fsgsbase tsc_adjust bmi1 hle avx2 smep bmi2 erms invpcid rtm cqm rdseed adx smap intel_pt xsaveopt cqm_llc cqm_occup_llc cqm_mbm_total cqm_mbm_local dtherm ida arat pln pts
bugs		: cpu_meltdown spectre_v1 spectre_v2 spec_store_bypass l1tf
bogomips	: 4392.05
clflush size	: 64
cache_alignment	: 64
address sizes	: 46 bits physical, 48 bits virtual
power management:

processor	: 19
vendor_id	: GenuineIntel
cpu family	: 6
model		: 79
model name	: Intel(R) Xeon(R) CPU E5-2630 v4 @ 2.20GHz
stepping	: 1
microcode	: 0xb00001f
cpu MHz		: 1200.305
cache size	: 25600 KB
physical id	: 1
siblings	: 20
core id		: 12
cpu cores	: 10
apicid		: 56
initial apicid	: 56
fpu		: yes
fpu_exception	: yes
cpuid level	: 20
wp		: yes
flags		: fpu vme de pse tsc msr pae mce cx8 apic sep mtrr pge mca cmov pat pse36 clflush dts acpi mmx fxsr sse sse2 ss ht tm pbe syscall nx pdpe1gb rdtscp lm constant_tsc arch_perfmon pebs bts rep_good nopl xtopology nonstop_tsc aperfmperf pni pclmulqdq dtes64 monitor ds_cpl vmx smx est tm2 ssse3 sdbg fma cx16 xtpr pdcm pcid dca sse4_1 sse4_2 x2apic movbe popcnt tsc_deadline_timer aes xsave avx f16c rdrand lahf_lm abm 3dnowprefetch epb invpcid_single kaiser tpr_shadow vnmi flexpriority ept vpid fsgsbase tsc_adjust bmi1 hle avx2 smep bmi2 erms invpcid rtm cqm rdseed adx smap intel_pt xsaveopt cqm_llc cqm_occup_llc cqm_mbm_total cqm_mbm_local dtherm ida arat pln pts
bugs		: cpu_meltdown spectre_v1 spectre_v2 spec_store_bypass l1tf
bogomips	: 4392.05
clflush size	: 64
cache_alignment	: 64
address sizes	: 46 bits physical, 48 bits virtual
power management:

processor	: 20
vendor_id	: GenuineIntel
cpu family	: 6
model		: 79
model name	: Intel(R) Xeon(R) CPU E5-2630 v4 @ 2.20GHz
stepping	: 1
microcode	: 0xb00001f
cpu MHz		: 1200.976
cache size	: 25600 KB
physical id	: 0
siblings	: 20
core id		: 0
cpu cores	: 10
apicid		: 1
initial apicid	: 1
fpu		: yes
fpu_exception	: yes
cpuid level	: 20
wp		: yes
flags		: fpu vme de pse tsc msr pae mce cx8 apic sep mtrr pge mca cmov pat pse36 clflush dts acpi mmx fxsr sse sse2 ss ht tm pbe syscall nx pdpe1gb rdtscp lm constant_tsc arch_perfmon pebs bts rep_good nopl xtopology nonstop_tsc aperfmperf pni pclmulqdq dtes64 monitor ds_cpl vmx smx est tm2 ssse3 sdbg fma cx16 xtpr pdcm pcid dca sse4_1 sse4_2 x2apic movbe popcnt tsc_deadline_timer aes xsave avx f16c rdrand lahf_lm abm 3dnowprefetch epb invpcid_single kaiser tpr_shadow vnmi flexpriority ept vpid fsgsbase tsc_adjust bmi1 hle avx2 smep bmi2 erms invpcid rtm cqm rdseed adx smap intel_pt xsaveopt cqm_llc cqm_occup_llc cqm_mbm_total cqm_mbm_local dtherm ida arat pln pts
bugs		: cpu_meltdown spectre_v1 spectre_v2 spec_store_bypass l1tf
bogomips	: 4390.45
clflush size	: 64
cache_alignment	: 64
address sizes	: 46 bits physical, 48 bits virtual
power management:

processor	: 21
vendor_id	: GenuineIntel
cpu family	: 6
model		: 79
model name	: Intel(R) Xeon(R) CPU E5-2630 v4 @ 2.20GHz
stepping	: 1
microcode	: 0xb00001f
cpu MHz		: 1207.824
cache size	: 25600 KB
physical id	: 0
siblings	: 20
core id		: 1
cpu cores	: 10
apicid		: 3
initial apicid	: 3
fpu		: yes
fpu_exception	: yes
cpuid level	: 20
wp		: yes
flags		: fpu vme de pse tsc msr pae mce cx8 apic sep mtrr pge mca cmov pat pse36 clflush dts acpi mmx fxsr sse sse2 ss ht tm pbe syscall nx pdpe1gb rdtscp lm constant_tsc arch_perfmon pebs bts rep_good nopl xtopology nonstop_tsc aperfmperf pni pclmulqdq dtes64 monitor ds_cpl vmx smx est tm2 ssse3 sdbg fma cx16 xtpr pdcm pcid dca sse4_1 sse4_2 x2apic movbe popcnt tsc_deadline_timer aes xsave avx f16c rdrand lahf_lm abm 3dnowprefetch epb invpcid_single kaiser tpr_shadow vnmi flexpriority ept vpid fsgsbase tsc_adjust bmi1 hle avx2 smep bmi2 erms invpcid rtm cqm rdseed adx smap intel_pt xsaveopt cqm_llc cqm_occup_llc cqm_mbm_total cqm_mbm_local dtherm ida arat pln pts
bugs		: cpu_meltdown spectre_v1 spectre_v2 spec_store_bypass l1tf
bogomips	: 4390.45
clflush size	: 64
cache_alignment	: 64
address sizes	: 46 bits physical, 48 bits virtual
power management:

processor	: 22
vendor_id	: GenuineIntel
cpu family	: 6
model		: 79
model name	: Intel(R) Xeon(R) CPU E5-2630 v4 @ 2.20GHz
stepping	: 1
microcode	: 0xb00001f
cpu MHz		: 1898.547
cache size	: 25600 KB
physical id	: 0
siblings	: 20
core id		: 2
cpu cores	: 10
apicid		: 5
initial apicid	: 5
fpu		: yes
fpu_exception	: yes
cpuid level	: 20
wp		: yes
flags		: fpu vme de pse tsc msr pae mce cx8 apic sep mtrr pge mca cmov pat pse36 clflush dts acpi mmx fxsr sse sse2 ss ht tm pbe syscall nx pdpe1gb rdtscp lm constant_tsc arch_perfmon pebs bts rep_good nopl xtopology nonstop_tsc aperfmperf pni pclmulqdq dtes64 monitor ds_cpl vmx smx est tm2 ssse3 sdbg fma cx16 xtpr pdcm pcid dca sse4_1 sse4_2 x2apic movbe popcnt tsc_deadline_timer aes xsave avx f16c rdrand lahf_lm abm 3dnowprefetch epb invpcid_single kaiser tpr_shadow vnmi flexpriority ept vpid fsgsbase tsc_adjust bmi1 hle avx2 smep bmi2 erms invpcid rtm cqm rdseed adx smap intel_pt xsaveopt cqm_llc cqm_occup_llc cqm_mbm_total cqm_mbm_local dtherm ida arat pln pts
bugs		: cpu_meltdown spectre_v1 spectre_v2 spec_store_bypass l1tf
bogomips	: 4390.45
clflush size	: 64
cache_alignment	: 64
address sizes	: 46 bits physical, 48 bits virtual
power management:

processor	: 23
vendor_id	: GenuineIntel
cpu family	: 6
model		: 79
model name	: Intel(R) Xeon(R) CPU E5-2630 v4 @ 2.20GHz
stepping	: 1
microcode	: 0xb00001f
cpu MHz		: 1200.439
cache size	: 25600 KB
physical id	: 0
siblings	: 20
core id		: 3
cpu cores	: 10
apicid		: 7
initial apicid	: 7
fpu		: yes
fpu_exception	: yes
cpuid level	: 20
wp		: yes
flags		: fpu vme de pse tsc msr pae mce cx8 apic sep mtrr pge mca cmov pat pse36 clflush dts acpi mmx fxsr sse sse2 ss ht tm pbe syscall nx pdpe1gb rdtscp lm constant_tsc arch_perfmon pebs bts rep_good nopl xtopology nonstop_tsc aperfmperf pni pclmulqdq dtes64 monitor ds_cpl vmx smx est tm2 ssse3 sdbg fma cx16 xtpr pdcm pcid dca sse4_1 sse4_2 x2apic movbe popcnt tsc_deadline_timer aes xsave avx f16c rdrand lahf_lm abm 3dnowprefetch epb invpcid_single kaiser tpr_shadow vnmi flexpriority ept vpid fsgsbase tsc_adjust bmi1 hle avx2 smep bmi2 erms invpcid rtm cqm rdseed adx smap intel_pt xsaveopt cqm_llc cqm_occup_llc cqm_mbm_total cqm_mbm_local dtherm ida arat pln pts
bugs		: cpu_meltdown spectre_v1 spectre_v2 spec_store_bypass l1tf
bogomips	: 4390.45
clflush size	: 64
cache_alignment	: 64
address sizes	: 46 bits physical, 48 bits virtual
power management:

processor	: 24
vendor_id	: GenuineIntel
cpu family	: 6
model		: 79
model name	: Intel(R) Xeon(R) CPU E5-2630 v4 @ 2.20GHz
stepping	: 1
microcode	: 0xb00001f
cpu MHz		: 1200.708
cache size	: 25600 KB
physical id	: 0
siblings	: 20
core id		: 4
cpu cores	: 10
apicid		: 9
initial apicid	: 9
fpu		: yes
fpu_exception	: yes
cpuid level	: 20
wp		: yes
flags		: fpu vme de pse tsc msr pae mce cx8 apic sep mtrr pge mca cmov pat pse36 clflush dts acpi mmx fxsr sse sse2 ss ht tm pbe syscall nx pdpe1gb rdtscp lm constant_tsc arch_perfmon pebs bts rep_good nopl xtopology nonstop_tsc aperfmperf pni pclmulqdq dtes64 monitor ds_cpl vmx smx est tm2 ssse3 sdbg fma cx16 xtpr pdcm pcid dca sse4_1 sse4_2 x2apic movbe popcnt tsc_deadline_timer aes xsave avx f16c rdrand lahf_lm abm 3dnowprefetch epb invpcid_single kaiser tpr_shadow vnmi flexpriority ept vpid fsgsbase tsc_adjust bmi1 hle avx2 smep bmi2 erms invpcid rtm cqm rdseed adx smap intel_pt xsaveopt cqm_llc cqm_occup_llc cqm_mbm_total cqm_mbm_local dtherm ida arat pln pts
bugs		: cpu_meltdown spectre_v1 spectre_v2 spec_store_bypass l1tf
bogomips	: 4390.45
clflush size	: 64
cache_alignment	: 64
address sizes	: 46 bits physical, 48 bits virtual
power management:

processor	: 25
vendor_id	: GenuineIntel
cpu family	: 6
model		: 79
model name	: Intel(R) Xeon(R) CPU E5-2630 v4 @ 2.20GHz
stepping	: 1
microcode	: 0xb00001f
cpu MHz		: 1200.036
cache size	: 25600 KB
physical id	: 0
siblings	: 20
core id		: 8
cpu cores	: 10
apicid		: 17
initial apicid	: 17
fpu		: yes
fpu_exception	: yes
cpuid level	: 20
wp		: yes
flags		: fpu vme de pse tsc msr pae mce cx8 apic sep mtrr pge mca cmov pat pse36 clflush dts acpi mmx fxsr sse sse2 ss ht tm pbe syscall nx pdpe1gb rdtscp lm constant_tsc arch_perfmon pebs bts rep_good nopl xtopology nonstop_tsc aperfmperf pni pclmulqdq dtes64 monitor ds_cpl vmx smx est tm2 ssse3 sdbg fma cx16 xtpr pdcm pcid dca sse4_1 sse4_2 x2apic movbe popcnt tsc_deadline_timer aes xsave avx f16c rdrand lahf_lm abm 3dnowprefetch epb invpcid_single kaiser tpr_shadow vnmi flexpriority ept vpid fsgsbase tsc_adjust bmi1 hle avx2 smep bmi2 erms invpcid rtm cqm rdseed adx smap intel_pt xsaveopt cqm_llc cqm_occup_llc cqm_mbm_total cqm_mbm_local dtherm ida arat pln pts
bugs		: cpu_meltdown spectre_v1 spectre_v2 spec_store_bypass l1tf
bogomips	: 4390.45
clflush size	: 64
cache_alignment	: 64
address sizes	: 46 bits physical, 48 bits virtual
power management:

processor	: 26
vendor_id	: GenuineIntel
cpu family	: 6
model		: 79
model name	: Intel(R) Xeon(R) CPU E5-2630 v4 @ 2.20GHz
stepping	: 1
microcode	: 0xb00001f
cpu MHz		: 1200.708
cache size	: 25600 KB
physical id	: 0
siblings	: 20
core id		: 9
cpu cores	: 10
apicid		: 19
initial apicid	: 19
fpu		: yes
fpu_exception	: yes
cpuid level	: 20
wp		: yes
flags		: fpu vme de pse tsc msr pae mce cx8 apic sep mtrr pge mca cmov pat pse36 clflush dts acpi mmx fxsr sse sse2 ss ht tm pbe syscall nx pdpe1gb rdtscp lm constant_tsc arch_perfmon pebs bts rep_good nopl xtopology nonstop_tsc aperfmperf pni pclmulqdq dtes64 monitor ds_cpl vmx smx est tm2 ssse3 sdbg fma cx16 xtpr pdcm pcid dca sse4_1 sse4_2 x2apic movbe popcnt tsc_deadline_timer aes xsave avx f16c rdrand lahf_lm abm 3dnowprefetch epb invpcid_single kaiser tpr_shadow vnmi flexpriority ept vpid fsgsbase tsc_adjust bmi1 hle avx2 smep bmi2 erms invpcid rtm cqm rdseed adx smap intel_pt xsaveopt cqm_llc cqm_occup_llc cqm_mbm_total cqm_mbm_local dtherm ida arat pln pts
bugs		: cpu_meltdown spectre_v1 spectre_v2 spec_store_bypass l1tf
bogomips	: 4390.45
clflush size	: 64
cache_alignment	: 64
address sizes	: 46 bits physical, 48 bits virtual
power management:

processor	: 27
vendor_id	: GenuineIntel
cpu family	: 6
model		: 79
model name	: Intel(R) Xeon(R) CPU E5-2630 v4 @ 2.20GHz
stepping	: 1
microcode	: 0xb00001f
cpu MHz		: 1200.036
cache size	: 25600 KB
physical id	: 0
siblings	: 20
core id		: 10
cpu cores	: 10
apicid		: 21
initial apicid	: 21
fpu		: yes
fpu_exception	: yes
cpuid level	: 20
wp		: yes
flags		: fpu vme de pse tsc msr pae mce cx8 apic sep mtrr pge mca cmov pat pse36 clflush dts acpi mmx fxsr sse sse2 ss ht tm pbe syscall nx pdpe1gb rdtscp lm constant_tsc arch_perfmon pebs bts rep_good nopl xtopology nonstop_tsc aperfmperf pni pclmulqdq dtes64 monitor ds_cpl vmx smx est tm2 ssse3 sdbg fma cx16 xtpr pdcm pcid dca sse4_1 sse4_2 x2apic movbe popcnt tsc_deadline_timer aes xsave avx f16c rdrand lahf_lm abm 3dnowprefetch epb invpcid_single kaiser tpr_shadow vnmi flexpriority ept vpid fsgsbase tsc_adjust bmi1 hle avx2 smep bmi2 erms invpcid rtm cqm rdseed adx smap intel_pt xsaveopt cqm_llc cqm_occup_llc cqm_mbm_total cqm_mbm_local dtherm ida arat pln pts
bugs		: cpu_meltdown spectre_v1 spectre_v2 spec_store_bypass l1tf
bogomips	: 4390.45
clflush size	: 64
cache_alignment	: 64
address sizes	: 46 bits physical, 48 bits virtual
power management:

processor	: 28
vendor_id	: GenuineIntel
cpu family	: 6
model		: 79
model name	: Intel(R) Xeon(R) CPU E5-2630 v4 @ 2.20GHz
stepping	: 1
microcode	: 0xb00001f
cpu MHz		: 1249.316
cache size	: 25600 KB
physical id	: 0
siblings	: 20
core id		: 11
cpu cores	: 10
apicid		: 23
initial apicid	: 23
fpu		: yes
fpu_exception	: yes
cpuid level	: 20
wp		: yes
flags		: fpu vme de pse tsc msr pae mce cx8 apic sep mtrr pge mca cmov pat pse36 clflush dts acpi mmx fxsr sse sse2 ss ht tm pbe syscall nx pdpe1gb rdtscp lm constant_tsc arch_perfmon pebs bts rep_good nopl xtopology nonstop_tsc aperfmperf pni pclmulqdq dtes64 monitor ds_cpl vmx smx est tm2 ssse3 sdbg fma cx16 xtpr pdcm pcid dca sse4_1 sse4_2 x2apic movbe popcnt tsc_deadline_timer aes xsave avx f16c rdrand lahf_lm abm 3dnowprefetch epb invpcid_single kaiser tpr_shadow vnmi flexpriority ept vpid fsgsbase tsc_adjust bmi1 hle avx2 smep bmi2 erms invpcid rtm cqm rdseed adx smap intel_pt xsaveopt cqm_llc cqm_occup_llc cqm_mbm_total cqm_mbm_local dtherm ida arat pln pts
bugs		: cpu_meltdown spectre_v1 spectre_v2 spec_store_bypass l1tf
bogomips	: 4390.45
clflush size	: 64
cache_alignment	: 64
address sizes	: 46 bits physical, 48 bits virtual
power management:

processor	: 29
vendor_id	: GenuineIntel
cpu family	: 6
model		: 79
model name	: Intel(R) Xeon(R) CPU E5-2630 v4 @ 2.20GHz
stepping	: 1
microcode	: 0xb00001f
cpu MHz		: 1200.305
cache size	: 25600 KB
physical id	: 0
siblings	: 20
core id		: 12
cpu cores	: 10
apicid		: 25
initial apicid	: 25
fpu		: yes
fpu_exception	: yes
cpuid level	: 20
wp		: yes
flags		: fpu vme de pse tsc msr pae mce cx8 apic sep mtrr pge mca cmov pat pse36 clflush dts acpi mmx fxsr sse sse2 ss ht tm pbe syscall nx pdpe1gb rdtscp lm constant_tsc arch_perfmon pebs bts rep_good nopl xtopology nonstop_tsc aperfmperf pni pclmulqdq dtes64 monitor ds_cpl vmx smx est tm2 ssse3 sdbg fma cx16 xtpr pdcm pcid dca sse4_1 sse4_2 x2apic movbe popcnt tsc_deadline_timer aes xsave avx f16c rdrand lahf_lm abm 3dnowprefetch epb invpcid_single kaiser tpr_shadow vnmi flexpriority ept vpid fsgsbase tsc_adjust bmi1 hle avx2 smep bmi2 erms invpcid rtm cqm rdseed adx smap intel_pt xsaveopt cqm_llc cqm_occup_llc cqm_mbm_total cqm_mbm_local dtherm ida arat pln pts
bugs		: cpu_meltdown spectre_v1 spectre_v2 spec_store_bypass l1tf
bogomips	: 4390.45
clflush size	: 64
cache_alignment	: 64
address sizes	: 46 bits physical, 48 bits virtual
power management:

processor	: 30
vendor_id	: GenuineIntel
cpu family	: 6
model		: 79
model name	: Intel(R) Xeon(R) CPU E5-2630 v4 @ 2.20GHz
stepping	: 1
microcode	: 0xb00001f
cpu MHz		: 1200.170
cache size	: 25600 KB
physical id	: 1
siblings	: 20
core id		: 0
cpu cores	: 10
apicid		: 33
initial apicid	: 33
fpu		: yes
fpu_exception	: yes
cpuid level	: 20
wp		: yes
flags		: fpu vme de pse tsc msr pae mce cx8 apic sep mtrr pge mca cmov pat pse36 clflush dts acpi mmx fxsr sse sse2 ss ht tm pbe syscall nx pdpe1gb rdtscp lm constant_tsc arch_perfmon pebs bts rep_good nopl xtopology nonstop_tsc aperfmperf pni pclmulqdq dtes64 monitor ds_cpl vmx smx est tm2 ssse3 sdbg fma cx16 xtpr pdcm pcid dca sse4_1 sse4_2 x2apic movbe popcnt tsc_deadline_timer aes xsave avx f16c rdrand lahf_lm abm 3dnowprefetch epb invpcid_single kaiser tpr_shadow vnmi flexpriority ept vpid fsgsbase tsc_adjust bmi1 hle avx2 smep bmi2 erms invpcid rtm cqm rdseed adx smap intel_pt xsaveopt cqm_llc cqm_occup_llc cqm_mbm_total cqm_mbm_local dtherm ida arat pln pts
bugs		: cpu_meltdown spectre_v1 spectre_v2 spec_store_bypass l1tf
bogomips	: 4392.05
clflush size	: 64
cache_alignment	: 64
address sizes	: 46 bits physical, 48 bits virtual
power management:

processor	: 31
vendor_id	: GenuineIntel
cpu family	: 6
model		: 79
model name	: Intel(R) Xeon(R) CPU E5-2630 v4 @ 2.20GHz
stepping	: 1
microcode	: 0xb00001f
cpu MHz		: 1200.439
cache size	: 25600 KB
physical id	: 1
siblings	: 20
core id		: 1
cpu cores	: 10
apicid		: 35
initial apicid	: 35
fpu		: yes
fpu_exception	: yes
cpuid level	: 20
wp		: yes
flags		: fpu vme de pse tsc msr pae mce cx8 apic sep mtrr pge mca cmov pat pse36 clflush dts acpi mmx fxsr sse sse2 ss ht tm pbe syscall nx pdpe1gb rdtscp lm constant_tsc arch_perfmon pebs bts rep_good nopl xtopology nonstop_tsc aperfmperf pni pclmulqdq dtes64 monitor ds_cpl vmx smx est tm2 ssse3 sdbg fma cx16 xtpr pdcm pcid dca sse4_1 sse4_2 x2apic movbe popcnt tsc_deadline_timer aes xsave avx f16c rdrand lahf_lm abm 3dnowprefetch epb invpcid_single kaiser tpr_shadow vnmi flexpriority ept vpid fsgsbase tsc_adjust bmi1 hle avx2 smep bmi2 erms invpcid rtm cqm rdseed adx smap intel_pt xsaveopt cqm_llc cqm_occup_llc cqm_mbm_total cqm_mbm_local dtherm ida arat pln pts
bugs		: cpu_meltdown spectre_v1 spectre_v2 spec_store_bypass l1tf
bogomips	: 4392.05
clflush size	: 64
cache_alignment	: 64
address sizes	: 46 bits physical, 48 bits virtual
power management:

processor	: 32
vendor_id	: GenuineIntel
cpu family	: 6
model		: 79
model name	: Intel(R) Xeon(R) CPU E5-2630 v4 @ 2.20GHz
stepping	: 1
microcode	: 0xb00001f
cpu MHz		: 1200.036
cache size	: 25600 KB
physical id	: 1
siblings	: 20
core id		: 2
cpu cores	: 10
apicid		: 37
initial apicid	: 37
fpu		: yes
fpu_exception	: yes
cpuid level	: 20
wp		: yes
flags		: fpu vme de pse tsc msr pae mce cx8 apic sep mtrr pge mca cmov pat pse36 clflush dts acpi mmx fxsr sse sse2 ss ht tm pbe syscall nx pdpe1gb rdtscp lm constant_tsc arch_perfmon pebs bts rep_good nopl xtopology nonstop_tsc aperfmperf pni pclmulqdq dtes64 monitor ds_cpl vmx smx est tm2 ssse3 sdbg fma cx16 xtpr pdcm pcid dca sse4_1 sse4_2 x2apic movbe popcnt tsc_deadline_timer aes xsave avx f16c rdrand lahf_lm abm 3dnowprefetch epb invpcid_single kaiser tpr_shadow vnmi flexpriority ept vpid fsgsbase tsc_adjust bmi1 hle avx2 smep bmi2 erms invpcid rtm cqm rdseed adx smap intel_pt xsaveopt cqm_llc cqm_occup_llc cqm_mbm_total cqm_mbm_local dtherm ida arat pln pts
bugs		: cpu_meltdown spectre_v1 spectre_v2 spec_store_bypass l1tf
bogomips	: 4392.05
clflush size	: 64
cache_alignment	: 64
address sizes	: 46 bits physical, 48 bits virtual
power management:

processor	: 33
vendor_id	: GenuineIntel
cpu family	: 6
model		: 79
model name	: Intel(R) Xeon(R) CPU E5-2630 v4 @ 2.20GHz
stepping	: 1
microcode	: 0xb00001f
cpu MHz		: 1200.305
cache size	: 25600 KB
physical id	: 1
siblings	: 20
core id		: 3
cpu cores	: 10
apicid		: 39
initial apicid	: 39
fpu		: yes
fpu_exception	: yes
cpuid level	: 20
wp		: yes
flags		: fpu vme de pse tsc msr pae mce cx8 apic sep mtrr pge mca cmov pat pse36 clflush dts acpi mmx fxsr sse sse2 ss ht tm pbe syscall nx pdpe1gb rdtscp lm constant_tsc arch_perfmon pebs bts rep_good nopl xtopology nonstop_tsc aperfmperf pni pclmulqdq dtes64 monitor ds_cpl vmx smx est tm2 ssse3 sdbg fma cx16 xtpr pdcm pcid dca sse4_1 sse4_2 x2apic movbe popcnt tsc_deadline_timer aes xsave avx f16c rdrand lahf_lm abm 3dnowprefetch epb invpcid_single kaiser tpr_shadow vnmi flexpriority ept vpid fsgsbase tsc_adjust bmi1 hle avx2 smep bmi2 erms invpcid rtm cqm rdseed adx smap intel_pt xsaveopt cqm_llc cqm_occup_llc cqm_mbm_total cqm_mbm_local dtherm ida arat pln pts
bugs		: cpu_meltdown spectre_v1 spectre_v2 spec_store_bypass l1tf
bogomips	: 4392.05
clflush size	: 64
cache_alignment	: 64
address sizes	: 46 bits physical, 48 bits virtual
power management:

processor	: 34
vendor_id	: GenuineIntel
cpu family	: 6
model		: 79
model name	: Intel(R) Xeon(R) CPU E5-2630 v4 @ 2.20GHz
stepping	: 1
microcode	: 0xb00001f
cpu MHz		: 1200.305
cache size	: 25600 KB
physical id	: 1
siblings	: 20
core id		: 4
cpu cores	: 10
apicid		: 41
initial apicid	: 41
fpu		: yes
fpu_exception	: yes
cpuid level	: 20
wp		: yes
flags		: fpu vme de pse tsc msr pae mce cx8 apic sep mtrr pge mca cmov pat pse36 clflush dts acpi mmx fxsr sse sse2 ss ht tm pbe syscall nx pdpe1gb rdtscp lm constant_tsc arch_perfmon pebs bts rep_good nopl xtopology nonstop_tsc aperfmperf pni pclmulqdq dtes64 monitor ds_cpl vmx smx est tm2 ssse3 sdbg fma cx16 xtpr pdcm pcid dca sse4_1 sse4_2 x2apic movbe popcnt tsc_deadline_timer aes xsave avx f16c rdrand lahf_lm abm 3dnowprefetch epb invpcid_single kaiser tpr_shadow vnmi flexpriority ept vpid fsgsbase tsc_adjust bmi1 hle avx2 smep bmi2 erms invpcid rtm cqm rdseed adx smap intel_pt xsaveopt cqm_llc cqm_occup_llc cqm_mbm_total cqm_mbm_local dtherm ida arat pln pts
bugs		: cpu_meltdown spectre_v1 spectre_v2 spec_store_bypass l1tf
bogomips	: 4392.05
clflush size	: 64
cache_alignment	: 64
address sizes	: 46 bits physical, 48 bits virtual
power management:

processor	: 35
vendor_id	: GenuineIntel
cpu family	: 6
model		: 79
model name	: Intel(R) Xeon(R) CPU E5-2630 v4 @ 2.20GHz
stepping	: 1
microcode	: 0xb00001f
cpu MHz		: 1283.288
cache size	: 25600 KB
physical id	: 1
siblings	: 20
core id		: 8
cpu cores	: 10
apicid		: 49
initial apicid	: 49
fpu		: yes
fpu_exception	: yes
cpuid level	: 20
wp		: yes
flags		: fpu vme de pse tsc msr pae mce cx8 apic sep mtrr pge mca cmov pat pse36 clflush dts acpi mmx fxsr sse sse2 ss ht tm pbe syscall nx pdpe1gb rdtscp lm constant_tsc arch_perfmon pebs bts rep_good nopl xtopology nonstop_tsc aperfmperf pni pclmulqdq dtes64 monitor ds_cpl vmx smx est tm2 ssse3 sdbg fma cx16 xtpr pdcm pcid dca sse4_1 sse4_2 x2apic movbe popcnt tsc_deadline_timer aes xsave avx f16c rdrand lahf_lm abm 3dnowprefetch epb invpcid_single kaiser tpr_shadow vnmi flexpriority ept vpid fsgsbase tsc_adjust bmi1 hle avx2 smep bmi2 erms invpcid rtm cqm rdseed adx smap intel_pt xsaveopt cqm_llc cqm_occup_llc cqm_mbm_total cqm_mbm_local dtherm ida arat pln pts
bugs		: cpu_meltdown spectre_v1 spectre_v2 spec_store_bypass l1tf
bogomips	: 4392.05
clflush size	: 64
cache_alignment	: 64
address sizes	: 46 bits physical, 48 bits virtual
power management:

processor	: 36
vendor_id	: GenuineIntel
cpu family	: 6
model		: 79
model name	: Intel(R) Xeon(R) CPU E5-2630 v4 @ 2.20GHz
stepping	: 1
microcode	: 0xb00001f
cpu MHz		: 1200.842
cache size	: 25600 KB
physical id	: 1
siblings	: 20
core id		: 9
cpu cores	: 10
apicid		: 51
initial apicid	: 51
fpu		: yes
fpu_exception	: yes
cpuid level	: 20
wp		: yes
flags		: fpu vme de pse tsc msr pae mce cx8 apic sep mtrr pge mca cmov pat pse36 clflush dts acpi mmx fxsr sse sse2 ss ht tm pbe syscall nx pdpe1gb rdtscp lm constant_tsc arch_perfmon pebs bts rep_good nopl xtopology nonstop_tsc aperfmperf pni pclmulqdq dtes64 monitor ds_cpl vmx smx est tm2 ssse3 sdbg fma cx16 xtpr pdcm pcid dca sse4_1 sse4_2 x2apic movbe popcnt tsc_deadline_timer aes xsave avx f16c rdrand lahf_lm abm 3dnowprefetch epb invpcid_single kaiser tpr_shadow vnmi flexpriority ept vpid fsgsbase tsc_adjust bmi1 hle avx2 smep bmi2 erms invpcid rtm cqm rdseed adx smap intel_pt xsaveopt cqm_llc cqm_occup_llc cqm_mbm_total cqm_mbm_local dtherm ida arat pln pts
bugs		: cpu_meltdown spectre_v1 spectre_v2 spec_store_bypass l1tf
bogomips	: 4392.05
clflush size	: 64
cache_alignment	: 64
address sizes	: 46 bits physical, 48 bits virtual
power management:

processor	: 37
vendor_id	: GenuineIntel
cpu family	: 6
model		: 79
model name	: Intel(R) Xeon(R) CPU E5-2630 v4 @ 2.20GHz
stepping	: 1
microcode	: 0xb00001f
cpu MHz		: 1225.683
cache size	: 25600 KB
physical id	: 1
siblings	: 20
core id		: 10
cpu cores	: 10
apicid		: 53
initial apicid	: 53
fpu		: yes
fpu_exception	: yes
cpuid level	: 20
wp		: yes
flags		: fpu vme de pse tsc msr pae mce cx8 apic sep mtrr pge mca cmov pat pse36 clflush dts acpi mmx fxsr sse sse2 ss ht tm pbe syscall nx pdpe1gb rdtscp lm constant_tsc arch_perfmon pebs bts rep_good nopl xtopology nonstop_tsc aperfmperf pni pclmulqdq dtes64 monitor ds_cpl vmx smx est tm2 ssse3 sdbg fma cx16 xtpr pdcm pcid dca sse4_1 sse4_2 x2apic movbe popcnt tsc_deadline_timer aes xsave avx f16c rdrand lahf_lm abm 3dnowprefetch epb invpcid_single kaiser tpr_shadow vnmi flexpriority ept vpid fsgsbase tsc_adjust bmi1 hle avx2 smep bmi2 erms invpcid rtm cqm rdseed adx smap intel_pt xsaveopt cqm_llc cqm_occup_llc cqm_mbm_total cqm_mbm_local dtherm ida arat pln pts
bugs		: cpu_meltdown spectre_v1 spectre_v2 spec_store_bypass l1tf
bogomips	: 4392.05
clflush size	: 64
cache_alignment	: 64
address sizes	: 46 bits physical, 48 bits virtual
power management:

processor	: 38
vendor_id	: GenuineIntel
cpu family	: 6
model		: 79
model name	: Intel(R) Xeon(R) CPU E5-2630 v4 @ 2.20GHz
stepping	: 1
microcode	: 0xb00001f
cpu MHz		: 1285.302
cache size	: 25600 KB
physical id	: 1
siblings	: 20
core id		: 11
cpu cores	: 10
apicid		: 55
initial apicid	: 55
fpu		: yes
fpu_exception	: yes
cpuid level	: 20
wp		: yes
flags		: fpu vme de pse tsc msr pae mce cx8 apic sep mtrr pge mca cmov pat pse36 clflush dts acpi mmx fxsr sse sse2 ss ht tm pbe syscall nx pdpe1gb rdtscp lm constant_tsc arch_perfmon pebs bts rep_good nopl xtopology nonstop_tsc aperfmperf pni pclmulqdq dtes64 monitor ds_cpl vmx smx est tm2 ssse3 sdbg fma cx16 xtpr pdcm pcid dca sse4_1 sse4_2 x2apic movbe popcnt tsc_deadline_timer aes xsave avx f16c rdrand lahf_lm abm 3dnowprefetch epb invpcid_single kaiser tpr_shadow vnmi flexpriority ept vpid fsgsbase tsc_adjust bmi1 hle avx2 smep bmi2 erms invpcid rtm cqm rdseed adx smap intel_pt xsaveopt cqm_llc cqm_occup_llc cqm_mbm_total cqm_mbm_local dtherm ida arat pln pts
bugs		: cpu_meltdown spectre_v1 spectre_v2 spec_store_bypass l1tf
bogomips	: 4392.05
clflush size	: 64
cache_alignment	: 64
address sizes	: 46 bits physical, 48 bits virtual
power management:

processor	: 39
vendor_id	: GenuineIntel
cpu family	: 6
model		: 79
model name	: Intel(R) Xeon(R) CPU E5-2630 v4 @ 2.20GHz
stepping	: 1
microcode	: 0xb00001f
cpu MHz		: 1200.305
cache size	: 25600 KB
physical id	: 1
siblings	: 20
core id		: 12
cpu cores	: 10
apicid		: 57
initial apicid	: 57
fpu		: yes
fpu_exception	: yes
cpuid level	: 20
wp		: yes
flags		: fpu vme de pse tsc msr pae mce cx8 apic sep mtrr pge mca cmov pat pse36 clflush dts acpi mmx fxsr sse sse2 ss ht tm pbe syscall nx pdpe1gb rdtscp lm constant_tsc arch_perfmon pebs bts rep_good nopl xtopology nonstop_tsc aperfmperf pni pclmulqdq dtes64 monitor ds_cpl vmx smx est tm2 ssse3 sdbg fma cx16 xtpr pdcm pcid dca sse4_1 sse4_2 x2apic movbe popcnt tsc_deadline_timer aes xsave avx f16c rdrand lahf_lm abm 3dnowprefetch epb invpcid_single kaiser tpr_shadow vnmi flexpriority ept vpid fsgsbase tsc_adjust bmi1 hle avx2 smep bmi2 erms invpcid rtm cqm rdseed adx smap intel_pt xsaveopt cqm_llc cqm_occup_llc cqm_mbm_total cqm_mbm_local dtherm ida arat pln pts
bugs		: cpu_meltdown spectre_v1 spectre_v2 spec_store_bypass l1tf
bogomips	: 4392.05
clflush size	: 64
cache_alignment	: 64
address sizes	: 46 bits physical, 48 bits virtual
power management:



Memory: 4k page, physical 65860080k(47026692k free), swap 118448124k(118448124k free)

vm_info: Java HotSpot(TM) 64-Bit Server VM (25.201-b09) for linux-amd64 JRE (1.8.0_201-b09), built on Dec 15 2018 11:35:59 by "java_re" with gcc 7.3.0

time: Wed Mar 27 00:43:27 2019
timezone: EDT
elapsed time: 0 seconds (0d 0h 0m 0s)

