#
# A fatal error has been detected by the Java Runtime Environment:
#
#  SIGSEGV (0xb) at pc=0x00007f30f65d022d, pid=37019, tid=0x00007f30f7155700
#
# JRE version: Java(TM) SE Runtime Environment (8.0_201-b09) (build 1.8.0_201-b09)
# Java VM: Java HotSpot(TM) 64-Bit Server VM (25.201-b09 mixed mode linux-amd64 compressed oops)
# Problematic frame:
# C  [libc.so.6+0x6522d]  __isoc99_fscanf+0x5d
#
# Failed to write core dump. Core dumps have been disabled. To enable core dumping, try "ulimit -c unlimited" before starting Java again
#
# If you would like to submit a bug report, please visit:
#   http://bugreport.java.com/bugreport/crash.jsp
# The crash happened outside the Java Virtual Machine in native code.
# See problematic frame for where to report the bug.
#

---------------  T H R E A D  ---------------

Current thread (0x00007f30f000a800):  JavaThread "main" [_thread_in_native, id=37020, stack(0x00007f30f7056000,0x00007f30f7156000)]

siginfo: si_signo: 11 (SIGSEGV), si_code: 1 (SEGV_MAPERR), si_addr: 0x0000000000000000

Registers:
RAX=0x0000000000000000, RBX=0x0000000000000000, RCX=0xffffffffffffff98, RDX=0x00007f30f71548dc
RSP=0x00007f30f71547e0, RBP=0x00007f30f7154960, RSI=0x00007f30c9e446cd, RDI=0x0000000000000000
R8 =0x00007f30f7155700, R9 =0x0000000000000001, R10=0x00007f30c9e446cd, R11=0x00007f30f65d01d0
R12=0x0000000000000000, R13=0x00007f30d9829638, R14=0x00007f30f71549d0, R15=0x00007f30f000a800
RIP=0x00007f30f65d022d, EFLAGS=0x0000000000010246, CSGSFS=0x002b000000000033, ERR=0x0000000000000004
  TRAPNO=0x000000000000000e

Top of Stack: (sp=0x00007f30f71547e0)
0x00007f30f71547e0:   0000000000000000 0000000000000000
0x00007f30f71547f0:   0000000000000000 0000000000000000
0x00007f30f7154800:   0000000000000000 0000000000000000
0x00007f30f7154810:   00007f30f71548dc ffffffffffffff98
0x00007f30f7154820:   00007f30f7155700 0000000000000001
0x00007f30f7154830:   0000000000000000 0000000000000000
0x00007f30f7154840:   0000000000000000 0000000000000000
0x00007f30f7154850:   0000000000000000 0000000000000000
0x00007f30f7154860:   0000000000000000 0000000000000000
0x00007f30f7154870:   0000000000000000 0000000000000000
0x00007f30f7154880:   00007f30f000a800 00007f30f65d25dd
0x00007f30f7154890:   0000000000000000 00007f30d9829638
0x00007f30f71548a0:   00007f30d9829638 00007f30f0130bb0
0x00007f30f71548b0:   00007f30d9829638 00007f30c9e42c21
0x00007f30f71548c0:   00007f30f71549c8 00007f30f000a9f8
0x00007f30f71548d0:   00007f30f000a800 00007f30f00093a0
0x00007f30f71548e0:   00007f30d9829638 00007f30f000a800
0x00007f30f71548f0:   00007f30f7154950 00007f30f5c02bf8
0x00007f30f7154900:   00007f30d9829638 00007f30f000a800
0x00007f30f7154910:   00007f30d9829638 00007f30f000a800
0x00007f30f7154920:   00007f30d9829638 00007f30f000a800
0x00007f30f7154930:   00007f30d9829638 0000000000000000
0x00007f30f7154940:   00000064d9829638 0000000000000000
0x00007f30f7154950:   00007f30c9e44688 00007f3000000000
0x00007f30f7154960:   00007f30f71549b8 00007f30e10186c7
0x00007f30f7154970:   00007f30e10183e2 00007f30f7154978
0x00007f30f7154980:   00007f30d9829638 00007f30f71549d0
0x00007f30f7154990:   00007f30d98299c8 0000000000000000
0x00007f30f71549a0:   00007f30d9829638 0000000000000000
0x00007f30f71549b0:   00007f30f71549d8 00007f30f7154a18
0x00007f30f71549c0:   00007f30e1008040 000000067105d4d8
0x00007f30f71549d0:   00007f30e1011d1b 00007f30f71549d8 

Instructions: (pc=0x00007f30f65d022d)
0x00007f30f65d020d:   0f 29 a4 24 90 00 00 00 0f 29 ac 24 a0 00 00 00
0x00007f30f65d021d:   0f 29 b4 24 b0 00 00 00 0f 29 bc 24 c0 00 00 00
0x00007f30f65d022d:   8b 03 25 00 80 00 00 75 56 48 8b 93 88 00 00 00
0x00007f30f65d023d:   64 4c 8b 04 25 10 00 00 00 4c 3b 42 08 74 3c be 

Register to memory mapping:

RAX=0x0000000000000000 is an unknown value
RBX=0x0000000000000000 is an unknown value
RCX=0xffffffffffffff98 is an unknown value
RDX=0x00007f30f71548dc is pointing into the stack for thread: 0x00007f30f000a800
RSP=0x00007f30f71547e0 is pointing into the stack for thread: 0x00007f30f000a800
RBP=0x00007f30f7154960 is pointing into the stack for thread: 0x00007f30f000a800
RSI=0x00007f30c9e446cd: <offset 0x56cd> in /home/kmahmou1/jikes/jikesrvm/energy/64/libCPUScaler.so at 0x00007f30c9e3f000
RDI=0x0000000000000000 is an unknown value
R8 =0x00007f30f7155700 is pointing into the stack for thread: 0x00007f30f000a800
R9 =0x0000000000000001 is an unknown value
R10=0x00007f30c9e446cd: <offset 0x56cd> in /home/kmahmou1/jikes/jikesrvm/energy/64/libCPUScaler.so at 0x00007f30c9e3f000
R11=0x00007f30f65d01d0: __isoc99_fscanf+0 in /lib/x86_64-linux-gnu/libc.so.6 at 0x00007f30f656b000
R12=0x0000000000000000 is an unknown value
R13={method} {0x00007f30d9829638} 'freqAvailable' '()[I' in 'energy/Scaler'
R14=0x00007f30f71549d0 is pointing into the stack for thread: 0x00007f30f000a800
R15=0x00007f30f000a800 is a thread


Stack: [0x00007f30f7056000,0x00007f30f7156000],  sp=0x00007f30f71547e0,  free space=1017k
Native frames: (J=compiled Java code, j=interpreted, Vv=VM code, C=native code)
C  [libc.so.6+0x6522d]  __isoc99_fscanf+0x5d
j  energy.Scaler.freqAvailable()[I+0
j  energy.Scaler.main([Ljava/lang/String;)V+32
v  ~StubRoutines::call_stub
V  [libjvm.so+0x68825b]  JavaCalls::call_helper(JavaValue*, methodHandle*, JavaCallArguments*, Thread*)+0xddb
V  [libjvm.so+0x6d3211]  jni_invoke_static(JNIEnv_*, JavaValue*, _jobject*, JNICallType, _jmethodID*, JNI_ArgumentPusher*, Thread*) [clone .isra.96] [clone .constprop.117]+0x1e1
V  [libjvm.so+0x6d54db]  jni_CallStaticVoidMethod+0x15b
C  [libjli.so+0x889c]  JavaMain+0xa3c
C  [libpthread.so.0+0x74a4]  start_thread+0xc4

Java frames: (J=compiled Java code, j=interpreted, Vv=VM code)
j  energy.Scaler.freqAvailable()[I+0
j  energy.Scaler.main([Ljava/lang/String;)V+32
v  ~StubRoutines::call_stub

---------------  P R O C E S S  ---------------

Java Threads: ( => current thread )
  0x00007f30f011b800 JavaThread "Service Thread" daemon [_thread_blocked, id=37068, stack(0x00007f30ca148000,0x00007f30ca249000)]
  0x00007f30f0110800 JavaThread "C1 CompilerThread14" daemon [_thread_blocked, id=37067, stack(0x00007f30ca24a000,0x00007f30ca34a000)]
  0x00007f30f010e000 JavaThread "C1 CompilerThread13" daemon [_thread_blocked, id=37066, stack(0x00007f30ca34b000,0x00007f30ca44b000)]
  0x00007f30f010c000 JavaThread "C1 CompilerThread12" daemon [_thread_blocked, id=37065, stack(0x00007f30ca44c000,0x00007f30ca54c000)]
  0x00007f30f010a000 JavaThread "C1 CompilerThread11" daemon [_thread_blocked, id=37064, stack(0x00007f30ca54d000,0x00007f30ca64d000)]
  0x00007f30f0107800 JavaThread "C1 CompilerThread10" daemon [_thread_blocked, id=37063, stack(0x00007f30ca64e000,0x00007f30ca74e000)]
  0x00007f30f0106000 JavaThread "C2 CompilerThread9" daemon [_thread_blocked, id=37062, stack(0x00007f30ca74f000,0x00007f30ca84f000)]
  0x00007f30f0103800 JavaThread "C2 CompilerThread8" daemon [_thread_blocked, id=37061, stack(0x00007f30ca850000,0x00007f30ca950000)]
  0x00007f30f0101800 JavaThread "C2 CompilerThread7" daemon [_thread_blocked, id=37060, stack(0x00007f30ca951000,0x00007f30caa51000)]
  0x00007f30f0100000 JavaThread "C2 CompilerThread6" daemon [_thread_blocked, id=37059, stack(0x00007f30caa52000,0x00007f30cab52000)]
  0x00007f30f00fd800 JavaThread "C2 CompilerThread5" daemon [_thread_blocked, id=37058, stack(0x00007f30cab53000,0x00007f30cac53000)]
  0x00007f30f00f3800 JavaThread "C2 CompilerThread4" daemon [_thread_blocked, id=37057, stack(0x00007f30cac54000,0x00007f30cad54000)]
  0x00007f30f00f1800 JavaThread "C2 CompilerThread3" daemon [_thread_blocked, id=37056, stack(0x00007f30cad55000,0x00007f30cae55000)]
  0x00007f30f00ef000 JavaThread "C2 CompilerThread2" daemon [_thread_blocked, id=37055, stack(0x00007f30cae56000,0x00007f30caf56000)]
  0x00007f30f00ed800 JavaThread "C2 CompilerThread1" daemon [_thread_blocked, id=37054, stack(0x00007f30caf57000,0x00007f30cb057000)]
  0x00007f30f00ea800 JavaThread "C2 CompilerThread0" daemon [_thread_blocked, id=37053, stack(0x00007f30cb058000,0x00007f30cb158000)]
  0x00007f30f00e9000 JavaThread "Signal Dispatcher" daemon [_thread_blocked, id=37052, stack(0x00007f30cb158000,0x00007f30cb259000)]
  0x00007f30f00b5800 JavaThread "Finalizer" daemon [_thread_blocked, id=37051, stack(0x00007f30cb3f4000,0x00007f30cb4f5000)]
  0x00007f30f00b3000 JavaThread "Reference Handler" daemon [_thread_blocked, id=37050, stack(0x00007f30cb4f5000,0x00007f30cb5f6000)]
=>0x00007f30f000a800 JavaThread "main" [_thread_in_native, id=37020, stack(0x00007f30f7056000,0x00007f30f7156000)]

Other Threads:
  0x00007f30f00a9800 VMThread [stack: 0x00007f30cb5f7000,0x00007f30cb6f7000] [id=37049]
  0x00007f30f011e000 WatcherThread [stack: 0x00007f30ca048000,0x00007f30ca148000] [id=37069]

VM state:not at safepoint (normal execution)

VM Mutex/Monitor currently owned by a thread: None

heap address: 0x00000003d3000000, size: 16080 MB, Compressed Oops mode: Zero based, Oop shift amount: 3
Narrow klass base: 0x0000000000000000, Narrow klass shift: 3
Compressed class space size: 1073741824 Address: 0x00000007c0000000

Heap:
 PSYoungGen      total 300544K, used 10321K [0x0000000671000000, 0x0000000685f00000, 0x00000007c0000000)
  eden space 258048K, 4% used [0x0000000671000000,0x0000000671a147c8,0x0000000680c00000)
  from space 42496K, 0% used [0x0000000683580000,0x0000000683580000,0x0000000685f00000)
  to   space 42496K, 0% used [0x0000000680c00000,0x0000000680c00000,0x0000000683580000)
 ParOldGen       total 687104K, used 0K [0x00000003d3000000, 0x00000003fcf00000, 0x0000000671000000)
  object space 687104K, 0% used [0x00000003d3000000,0x00000003d3000000,0x00000003fcf00000)
 Metaspace       used 2505K, capacity 4486K, committed 4864K, reserved 1056768K
  class space    used 268K, capacity 386K, committed 512K, reserved 1048576K

Card table byte_map: [0x00007f30decd7000,0x00007f30e0c40000] byte_map_base: 0x00007f30dce3f000

Marking Bits: (ParMarkBitMap*) 0x00007f30f654dd80
 Begin Bits: [0x00007f305c980000, 0x00007f306c4c0000)
 End Bits:   [0x00007f306c4c0000, 0x00007f307c000000)

Polling page: 0x00007f30f7165000

CodeCache: size=245760Kb used=3338Kb max_used=3338Kb free=242421Kb
 bounds [0x00007f30e1000000, 0x00007f30e1350000, 0x00007f30f0000000]
 total_blobs=248 nmethods=15 adapters=144
 compilation: enabled

Compilation events (10 events):
Event: 0.087 Thread 0x00007f30f0107800   12       1       java.lang.ref.Reference::get (5 bytes)
Event: 0.087 Thread 0x00007f30f0107800 nmethod 12 0x00007f30e1335850 code [0x00007f30e13359a0, 0x00007f30e1335ab0]
Event: 0.087 Thread 0x00007f30f0110800 nmethod 11 0x00007f30e1340550 code [0x00007f30e1340720, 0x00007f30e1340c18]
Event: 0.088 Thread 0x00007f30f010a000 nmethod 10 0x00007f30e133f2d0 code [0x00007f30e133f4e0, 0x00007f30e1340018]
Event: 0.091 Thread 0x00007f30f010e000   13       1       java.lang.ThreadLocal::access$400 (5 bytes)
Event: 0.091 Thread 0x00007f30f010e000 nmethod 13 0x00007f30e1341dd0 code [0x00007f30e1341f20, 0x00007f30e1342010]
Event: 0.091 Thread 0x00007f30f0110800   14       3       java.lang.String::getChars (62 bytes)
Event: 0.092 Thread 0x00007f30f0110800 nmethod 14 0x00007f30e1342090 code [0x00007f30e1342240, 0x00007f30e1342678]
Event: 0.092 Thread 0x00007f30f010a000   15       3       java.lang.System::getSecurityManager (4 bytes)
Event: 0.092 Thread 0x00007f30f010a000 nmethod 15 0x00007f30e1342890 code [0x00007f30e13429e0, 0x00007f30e1342b30]

GC Heap History (0 events):
No events

Deoptimization events (0 events):
No events

Classes redefined (0 events):
No events

Internal exceptions (2 events):
Event: 0.045 Thread 0x00007f30f000a800 Exception <a 'java/lang/NoSuchMethodError': Method sun.misc.Unsafe.defineClass(Ljava/lang/String;[BII)Ljava/lang/Class; name or signature does not match> (0x0000000671007cb0) thrown at [/HUDSON/workspace/8-2-build-linux-amd64/jdk8u201/12317/hotspot/src/sh
Event: 0.045 Thread 0x00007f30f000a800 Exception <a 'java/lang/NoSuchMethodError': Method sun.misc.Unsafe.prefetchRead(Ljava/lang/Object;J)V name or signature does not match> (0x0000000671007f98) thrown at [/HUDSON/workspace/8-2-build-linux-amd64/jdk8u201/12317/hotspot/src/share/vm/prims/jni.c

Events (10 events):
Event: 0.093 loading class sun/reflect/UnsafeStaticObjectFieldAccessorImpl
Event: 0.093 loading class sun/reflect/UnsafeStaticObjectFieldAccessorImpl done
Event: 0.093 loading class java/util/HashMap$EntrySet
Event: 0.093 loading class java/util/HashMap$EntrySet done
Event: 0.093 loading class java/util/HashMap$EntryIterator
Event: 0.093 loading class java/util/HashMap$HashIterator
Event: 0.093 loading class java/util/HashMap$HashIterator done
Event: 0.093 loading class java/util/HashMap$EntryIterator done
Event: 0.093 loading class java/lang/ClassLoaderHelper
Event: 0.093 loading class java/lang/ClassLoaderHelper done


Dynamic libraries:
00400000-00401000 r-xp 00000000 08:02 160962041                          /usr/lib/jvm/java-8-oracle/jre/bin/java
00600000-00601000 r--p 00000000 08:02 160962041                          /usr/lib/jvm/java-8-oracle/jre/bin/java
00601000-00602000 rw-p 00001000 08:02 160962041                          /usr/lib/jvm/java-8-oracle/jre/bin/java
02356000-02377000 rw-p 00000000 00:00 0                                  [heap]
3d3000000-3fcf00000 rw-p 00000000 00:00 0 
3fcf00000-671000000 ---p 00000000 00:00 0 
671000000-685f00000 rw-p 00000000 00:00 0 
685f00000-7c0000000 ---p 00000000 00:00 0 
7c0000000-7c0080000 rw-p 00000000 00:00 0 
7c0080000-800000000 ---p 00000000 00:00 0 
7f2f98000000-7f2f98021000 rw-p 00000000 00:00 0 
7f2f98021000-7f2f9c000000 ---p 00000000 00:00 0 
7f2f9c000000-7f2f9c021000 rw-p 00000000 00:00 0 
7f2f9c021000-7f2fa0000000 ---p 00000000 00:00 0 
7f2fa0000000-7f2fa0021000 rw-p 00000000 00:00 0 
7f2fa0021000-7f2fa4000000 ---p 00000000 00:00 0 
7f2fa4000000-7f2fa4021000 rw-p 00000000 00:00 0 
7f2fa4021000-7f2fa8000000 ---p 00000000 00:00 0 
7f2fa8000000-7f2fa8021000 rw-p 00000000 00:00 0 
7f2fa8021000-7f2fac000000 ---p 00000000 00:00 0 
7f2fac000000-7f2fac021000 rw-p 00000000 00:00 0 
7f2fac021000-7f2fb0000000 ---p 00000000 00:00 0 
7f2fb0000000-7f2fb0021000 rw-p 00000000 00:00 0 
7f2fb0021000-7f2fb4000000 ---p 00000000 00:00 0 
7f2fb4000000-7f2fb4021000 rw-p 00000000 00:00 0 
7f2fb4021000-7f2fb8000000 ---p 00000000 00:00 0 
7f2fb8000000-7f2fb8021000 rw-p 00000000 00:00 0 
7f2fb8021000-7f2fbc000000 ---p 00000000 00:00 0 
7f2fbc000000-7f2fbc021000 rw-p 00000000 00:00 0 
7f2fbc021000-7f2fc0000000 ---p 00000000 00:00 0 
7f2fc0000000-7f2fc0021000 rw-p 00000000 00:00 0 
7f2fc0021000-7f2fc4000000 ---p 00000000 00:00 0 
7f2fc4000000-7f2fc4021000 rw-p 00000000 00:00 0 
7f2fc4021000-7f2fc8000000 ---p 00000000 00:00 0 
7f2fc8000000-7f2fc8021000 rw-p 00000000 00:00 0 
7f2fc8021000-7f2fcc000000 ---p 00000000 00:00 0 
7f2fcc000000-7f2fcc021000 rw-p 00000000 00:00 0 
7f2fcc021000-7f2fd0000000 ---p 00000000 00:00 0 
7f2fd0000000-7f2fd0021000 rw-p 00000000 00:00 0 
7f2fd0021000-7f2fd4000000 ---p 00000000 00:00 0 
7f2fd4000000-7f2fd4021000 rw-p 00000000 00:00 0 
7f2fd4021000-7f2fd8000000 ---p 00000000 00:00 0 
7f2fd8000000-7f2fd8021000 rw-p 00000000 00:00 0 
7f2fd8021000-7f2fdc000000 ---p 00000000 00:00 0 
7f2fdc000000-7f2fdc08f000 rw-p 00000000 00:00 0 
7f2fdc08f000-7f2fe0000000 ---p 00000000 00:00 0 
7f2fe0000000-7f2fe0021000 rw-p 00000000 00:00 0 
7f2fe0021000-7f2fe4000000 ---p 00000000 00:00 0 
7f2fe4000000-7f2fe4021000 rw-p 00000000 00:00 0 
7f2fe4021000-7f2fe8000000 ---p 00000000 00:00 0 
7f2fe8000000-7f2fe8021000 rw-p 00000000 00:00 0 
7f2fe8021000-7f2fec000000 ---p 00000000 00:00 0 
7f2fec000000-7f2fec021000 rw-p 00000000 00:00 0 
7f2fec021000-7f2ff0000000 ---p 00000000 00:00 0 
7f2ff0000000-7f2ff0021000 rw-p 00000000 00:00 0 
7f2ff0021000-7f2ff4000000 ---p 00000000 00:00 0 
7f2ff8000000-7f2ff8021000 rw-p 00000000 00:00 0 
7f2ff8021000-7f2ffc000000 ---p 00000000 00:00 0 
7f3000000000-7f3000021000 rw-p 00000000 00:00 0 
7f3000021000-7f3004000000 ---p 00000000 00:00 0 
7f3008000000-7f3008021000 rw-p 00000000 00:00 0 
7f3008021000-7f300c000000 ---p 00000000 00:00 0 
7f3010000000-7f3010021000 rw-p 00000000 00:00 0 
7f3010021000-7f3014000000 ---p 00000000 00:00 0 
7f3018000000-7f3018021000 rw-p 00000000 00:00 0 
7f3018021000-7f301c000000 ---p 00000000 00:00 0 
7f3020000000-7f3020021000 rw-p 00000000 00:00 0 
7f3020021000-7f3024000000 ---p 00000000 00:00 0 
7f3028000000-7f3028021000 rw-p 00000000 00:00 0 
7f3028021000-7f302c000000 ---p 00000000 00:00 0 
7f3030000000-7f3030021000 rw-p 00000000 00:00 0 
7f3030021000-7f3034000000 ---p 00000000 00:00 0 
7f3038000000-7f3038021000 rw-p 00000000 00:00 0 
7f3038021000-7f303c000000 ---p 00000000 00:00 0 
7f3040000000-7f3040021000 rw-p 00000000 00:00 0 
7f3040021000-7f3044000000 ---p 00000000 00:00 0 
7f3048000000-7f3048021000 rw-p 00000000 00:00 0 
7f3048021000-7f304c000000 ---p 00000000 00:00 0 
7f3050000000-7f3050021000 rw-p 00000000 00:00 0 
7f3050021000-7f3054000000 ---p 00000000 00:00 0 
7f3058000000-7f3058021000 rw-p 00000000 00:00 0 
7f3058021000-7f305c000000 ---p 00000000 00:00 0 
7f305c980000-7f307c000000 rw-p 00000000 00:00 0 
7f307c000000-7f307c021000 rw-p 00000000 00:00 0 
7f307c021000-7f3080000000 ---p 00000000 00:00 0 
7f3080000000-7f3080021000 rw-p 00000000 00:00 0 
7f3080021000-7f3084000000 ---p 00000000 00:00 0 
7f3084000000-7f3084021000 rw-p 00000000 00:00 0 
7f3084021000-7f3088000000 ---p 00000000 00:00 0 
7f308c000000-7f308c021000 rw-p 00000000 00:00 0 
7f308c021000-7f3090000000 ---p 00000000 00:00 0 
7f3094000000-7f3094021000 rw-p 00000000 00:00 0 
7f3094021000-7f3098000000 ---p 00000000 00:00 0 
7f309c000000-7f309c021000 rw-p 00000000 00:00 0 
7f309c021000-7f30a0000000 ---p 00000000 00:00 0 
7f30a4000000-7f30a4021000 rw-p 00000000 00:00 0 
7f30a4021000-7f30a8000000 ---p 00000000 00:00 0 
7f30ac000000-7f30ac021000 rw-p 00000000 00:00 0 
7f30ac021000-7f30b0000000 ---p 00000000 00:00 0 
7f30b4000000-7f30b4021000 rw-p 00000000 00:00 0 
7f30b4021000-7f30b8000000 ---p 00000000 00:00 0 
7f30bc000000-7f30bc021000 rw-p 00000000 00:00 0 
7f30bc021000-7f30c0000000 ---p 00000000 00:00 0 
7f30c4000000-7f30c4021000 rw-p 00000000 00:00 0 
7f30c4021000-7f30c8000000 ---p 00000000 00:00 0 
7f30c9baa000-7f30c9e3f000 rw-p 00000000 00:00 0 
7f30c9e3f000-7f30c9e45000 r-xp 00000000 08:02 96340375                   /home/kmahmou1/jikes/jikesrvm/energy/64/libCPUScaler.so
7f30c9e45000-7f30ca045000 ---p 00006000 08:02 96340375                   /home/kmahmou1/jikes/jikesrvm/energy/64/libCPUScaler.so
7f30ca045000-7f30ca046000 r--p 00006000 08:02 96340375                   /home/kmahmou1/jikes/jikesrvm/energy/64/libCPUScaler.so
7f30ca046000-7f30ca047000 rw-p 00007000 08:02 96340375                   /home/kmahmou1/jikes/jikesrvm/energy/64/libCPUScaler.so
7f30ca047000-7f30ca048000 ---p 00000000 00:00 0 
7f30ca048000-7f30ca148000 rw-p 00000000 00:00 0 
7f30ca148000-7f30ca14b000 ---p 00000000 00:00 0 
7f30ca14b000-7f30ca249000 rw-p 00000000 00:00 0 
7f30ca249000-7f30ca24a000 ---p 00000000 00:00 0 
7f30ca24a000-7f30ca24d000 ---p 00000000 00:00 0 
7f30ca24d000-7f30ca34a000 rw-p 00000000 00:00 0 
7f30ca34a000-7f30ca34b000 ---p 00000000 00:00 0 
7f30ca34b000-7f30ca34e000 ---p 00000000 00:00 0 
7f30ca34e000-7f30ca44b000 rw-p 00000000 00:00 0 
7f30ca44b000-7f30ca44c000 ---p 00000000 00:00 0 
7f30ca44c000-7f30ca44f000 ---p 00000000 00:00 0 
7f30ca44f000-7f30ca54c000 rw-p 00000000 00:00 0 
7f30ca54c000-7f30ca54d000 ---p 00000000 00:00 0 
7f30ca54d000-7f30ca550000 ---p 00000000 00:00 0 
7f30ca550000-7f30ca64d000 rw-p 00000000 00:00 0 
7f30ca64d000-7f30ca64e000 ---p 00000000 00:00 0 
7f30ca64e000-7f30ca651000 ---p 00000000 00:00 0 
7f30ca651000-7f30ca74e000 rw-p 00000000 00:00 0 
7f30ca74e000-7f30ca74f000 ---p 00000000 00:00 0 
7f30ca74f000-7f30ca752000 ---p 00000000 00:00 0 
7f30ca752000-7f30ca84f000 rw-p 00000000 00:00 0 
7f30ca84f000-7f30ca850000 ---p 00000000 00:00 0 
7f30ca850000-7f30ca853000 ---p 00000000 00:00 0 
7f30ca853000-7f30ca950000 rw-p 00000000 00:00 0 
7f30ca950000-7f30ca951000 ---p 00000000 00:00 0 
7f30ca951000-7f30ca954000 ---p 00000000 00:00 0 
7f30ca954000-7f30caa51000 rw-p 00000000 00:00 0 
7f30caa51000-7f30caa52000 ---p 00000000 00:00 0 
7f30caa52000-7f30caa55000 ---p 00000000 00:00 0 
7f30caa55000-7f30cab52000 rw-p 00000000 00:00 0 
7f30cab52000-7f30cab53000 ---p 00000000 00:00 0 
7f30cab53000-7f30cab56000 ---p 00000000 00:00 0 
7f30cab56000-7f30cac53000 rw-p 00000000 00:00 0 
7f30cac53000-7f30cac54000 ---p 00000000 00:00 0 
7f30cac54000-7f30cac57000 ---p 00000000 00:00 0 
7f30cac57000-7f30cad54000 rw-p 00000000 00:00 0 
7f30cad54000-7f30cad55000 ---p 00000000 00:00 0 
7f30cad55000-7f30cad58000 ---p 00000000 00:00 0 
7f30cad58000-7f30cae55000 rw-p 00000000 00:00 0 
7f30cae55000-7f30cae56000 ---p 00000000 00:00 0 
7f30cae56000-7f30cae59000 ---p 00000000 00:00 0 
7f30cae59000-7f30caf56000 rw-p 00000000 00:00 0 
7f30caf56000-7f30caf57000 ---p 00000000 00:00 0 
7f30caf57000-7f30caf5a000 ---p 00000000 00:00 0 
7f30caf5a000-7f30cb057000 rw-p 00000000 00:00 0 
7f30cb057000-7f30cb058000 ---p 00000000 00:00 0 
7f30cb058000-7f30cb05b000 ---p 00000000 00:00 0 
7f30cb05b000-7f30cb158000 rw-p 00000000 00:00 0 
7f30cb158000-7f30cb15b000 ---p 00000000 00:00 0 
7f30cb15b000-7f30cb259000 rw-p 00000000 00:00 0 
7f30cb259000-7f30cb3f4000 r--p 00000000 08:02 160301694                  /usr/lib/locale/locale-archive
7f30cb3f4000-7f30cb3f7000 ---p 00000000 00:00 0 
7f30cb3f7000-7f30cb4f5000 rw-p 00000000 00:00 0 
7f30cb4f5000-7f30cb4f8000 ---p 00000000 00:00 0 
7f30cb4f8000-7f30cb5f6000 rw-p 00000000 00:00 0 
7f30cb5f6000-7f30cb5f7000 ---p 00000000 00:00 0 
7f30cb5f7000-7f30cc000000 rw-p 00000000 00:00 0 
7f30cc000000-7f30cc021000 rw-p 00000000 00:00 0 
7f30cc021000-7f30d0000000 ---p 00000000 00:00 0 
7f30d008b000-7f30d4000000 rw-p 00000000 00:00 0 
7f30d4000000-7f30d4021000 rw-p 00000000 00:00 0 
7f30d4021000-7f30d8000000 ---p 00000000 00:00 0 
7f30d801c000-7f30d924f000 rw-p 00000000 00:00 0 
7f30d924f000-7f30d9429000 r--s 03d6f000 08:02 160962147                  /usr/lib/jvm/java-8-oracle/jre/lib/rt.jar
7f30d9429000-7f30d9869000 rw-p 00000000 00:00 0 
7f30d9869000-7f30d9c29000 ---p 00000000 00:00 0 
7f30d9c29000-7f30dbccc000 rw-p 00000000 00:00 0 
7f30dbccc000-7f30dbccd000 ---p 00000000 00:00 0 
7f30dbccd000-7f30dbdcd000 rw-p 00000000 00:00 0 
7f30dbdcd000-7f30dbdce000 ---p 00000000 00:00 0 
7f30dbdce000-7f30dbece000 rw-p 00000000 00:00 0 
7f30dbece000-7f30dbecf000 ---p 00000000 00:00 0 
7f30dbecf000-7f30dbfcf000 rw-p 00000000 00:00 0 
7f30dbfcf000-7f30dbfd0000 ---p 00000000 00:00 0 
7f30dbfd0000-7f30dc0d0000 rw-p 00000000 00:00 0 
7f30dc0d0000-7f30dc0d1000 ---p 00000000 00:00 0 
7f30dc0d1000-7f30dc1d1000 rw-p 00000000 00:00 0 
7f30dc1d1000-7f30dc1d2000 ---p 00000000 00:00 0 
7f30dc1d2000-7f30dc2d2000 rw-p 00000000 00:00 0 
7f30dc2d2000-7f30dc2d3000 ---p 00000000 00:00 0 
7f30dc2d3000-7f30dc3d3000 rw-p 00000000 00:00 0 
7f30dc3d3000-7f30dc3d4000 ---p 00000000 00:00 0 
7f30dc3d4000-7f30dc4d4000 rw-p 00000000 00:00 0 
7f30dc4d4000-7f30dc4d5000 ---p 00000000 00:00 0 
7f30dc4d5000-7f30dc5d5000 rw-p 00000000 00:00 0 
7f30dc5d5000-7f30dc5d6000 ---p 00000000 00:00 0 
7f30dc5d6000-7f30dc6d6000 rw-p 00000000 00:00 0 
7f30dc6d6000-7f30dc6d7000 ---p 00000000 00:00 0 
7f30dc6d7000-7f30dc7d7000 rw-p 00000000 00:00 0 
7f30dc7d7000-7f30dc7d8000 ---p 00000000 00:00 0 
7f30dc7d8000-7f30dc8d8000 rw-p 00000000 00:00 0 
7f30dc8d8000-7f30dc8d9000 ---p 00000000 00:00 0 
7f30dc8d9000-7f30dc9d9000 rw-p 00000000 00:00 0 
7f30dc9d9000-7f30dc9da000 ---p 00000000 00:00 0 
7f30dc9da000-7f30dcada000 rw-p 00000000 00:00 0 
7f30dcada000-7f30dcadb000 ---p 00000000 00:00 0 
7f30dcadb000-7f30dcbdb000 rw-p 00000000 00:00 0 
7f30dcbdb000-7f30dcbdc000 ---p 00000000 00:00 0 
7f30dcbdc000-7f30dccdc000 rw-p 00000000 00:00 0 
7f30dccdc000-7f30dccdd000 ---p 00000000 00:00 0 
7f30dccdd000-7f30dcddd000 rw-p 00000000 00:00 0 
7f30dcddd000-7f30dcdde000 ---p 00000000 00:00 0 
7f30dcdde000-7f30dcede000 rw-p 00000000 00:00 0 
7f30dcede000-7f30dcedf000 ---p 00000000 00:00 0 
7f30dcedf000-7f30dcfdf000 rw-p 00000000 00:00 0 
7f30dcfdf000-7f30dcfe0000 ---p 00000000 00:00 0 
7f30dcfe0000-7f30dd0e0000 rw-p 00000000 00:00 0 
7f30dd0e0000-7f30dd0e1000 ---p 00000000 00:00 0 
7f30dd0e1000-7f30dd1e1000 rw-p 00000000 00:00 0 
7f30dd1e1000-7f30dd1e2000 ---p 00000000 00:00 0 
7f30dd1e2000-7f30dd2e2000 rw-p 00000000 00:00 0 
7f30dd2e2000-7f30dd2e3000 ---p 00000000 00:00 0 
7f30dd2e3000-7f30dd3e3000 rw-p 00000000 00:00 0 
7f30dd3e3000-7f30dd3e4000 ---p 00000000 00:00 0 
7f30dd3e4000-7f30dd4e4000 rw-p 00000000 00:00 0 
7f30dd4e4000-7f30dd4e5000 ---p 00000000 00:00 0 
7f30dd4e5000-7f30dd5e5000 rw-p 00000000 00:00 0 
7f30dd5e5000-7f30dd5e6000 ---p 00000000 00:00 0 
7f30dd5e6000-7f30dd6e6000 rw-p 00000000 00:00 0 
7f30dd6e6000-7f30dd6e7000 ---p 00000000 00:00 0 
7f30dd6e7000-7f30dd7e7000 rw-p 00000000 00:00 0 
7f30dd7e7000-7f30dd937000 rw-p 00000000 00:00 0 
7f30dd937000-7f30decd7000 ---p 00000000 00:00 0 
7f30decd7000-7f30dee27000 rw-p 00000000 00:00 0 
7f30dee27000-7f30e01c7000 ---p 00000000 00:00 0 
7f30e01c7000-7f30e026f000 rw-p 00000000 00:00 0 
7f30e026f000-7f30e0c3f000 ---p 00000000 00:00 0 
7f30e0c3f000-7f30e0c4e000 rw-p 00000000 00:00 0 
7f30e0c4e000-7f30e1000000 ---p 00000000 00:00 0 
7f30e1000000-7f30e1350000 rwxp 00000000 00:00 0 
7f30e1350000-7f30f0000000 ---p 00000000 00:00 0 
7f30f0000000-7f30f014a000 rw-p 00000000 00:00 0 
7f30f014a000-7f30f4000000 ---p 00000000 00:00 0 
7f30f4004000-7f30f40dd000 rw-p 00000000 00:00 0 
7f30f40dd000-7f30f40de000 ---p 00000000 00:00 0 
7f30f40de000-7f30f41de000 rw-p 00000000 00:00 0 
7f30f41de000-7f30f41f9000 r-xp 00000000 08:02 160962360                  /usr/lib/jvm/java-8-oracle/jre/lib/amd64/libzip.so
7f30f41f9000-7f30f43f8000 ---p 0001b000 08:02 160962360                  /usr/lib/jvm/java-8-oracle/jre/lib/amd64/libzip.so
7f30f43f8000-7f30f43f9000 r--p 0001a000 08:02 160962360                  /usr/lib/jvm/java-8-oracle/jre/lib/amd64/libzip.so
7f30f43f9000-7f30f43fa000 rw-p 0001b000 08:02 160962360                  /usr/lib/jvm/java-8-oracle/jre/lib/amd64/libzip.so
7f30f43fa000-7f30f4404000 r-xp 00000000 08:02 21103107                   /lib/x86_64-linux-gnu/libnss_files-2.24.so
7f30f4404000-7f30f4604000 ---p 0000a000 08:02 21103107                   /lib/x86_64-linux-gnu/libnss_files-2.24.so
7f30f4604000-7f30f4605000 r--p 0000a000 08:02 21103107                   /lib/x86_64-linux-gnu/libnss_files-2.24.so
7f30f4605000-7f30f4606000 rw-p 0000b000 08:02 21103107                   /lib/x86_64-linux-gnu/libnss_files-2.24.so
7f30f4606000-7f30f460c000 rw-p 00000000 00:00 0 
7f30f460c000-7f30f4617000 r-xp 00000000 08:02 21103421                   /lib/x86_64-linux-gnu/libnss_nis-2.24.so
7f30f4617000-7f30f4816000 ---p 0000b000 08:02 21103421                   /lib/x86_64-linux-gnu/libnss_nis-2.24.so
7f30f4816000-7f30f4817000 r--p 0000a000 08:02 21103421                   /lib/x86_64-linux-gnu/libnss_nis-2.24.so
7f30f4817000-7f30f4818000 rw-p 0000b000 08:02 21103421                   /lib/x86_64-linux-gnu/libnss_nis-2.24.so
7f30f4818000-7f30f482c000 r-xp 00000000 08:02 21103104                   /lib/x86_64-linux-gnu/libnsl-2.24.so
7f30f482c000-7f30f4a2c000 ---p 00014000 08:02 21103104                   /lib/x86_64-linux-gnu/libnsl-2.24.so
7f30f4a2c000-7f30f4a2d000 r--p 00014000 08:02 21103104                   /lib/x86_64-linux-gnu/libnsl-2.24.so
7f30f4a2d000-7f30f4a2e000 rw-p 00015000 08:02 21103104                   /lib/x86_64-linux-gnu/libnsl-2.24.so
7f30f4a2e000-7f30f4a30000 rw-p 00000000 00:00 0 
7f30f4a30000-7f30f4a37000 r-xp 00000000 08:02 21103105                   /lib/x86_64-linux-gnu/libnss_compat-2.24.so
7f30f4a37000-7f30f4c36000 ---p 00007000 08:02 21103105                   /lib/x86_64-linux-gnu/libnss_compat-2.24.so
7f30f4c36000-7f30f4c37000 r--p 00006000 08:02 21103105                   /lib/x86_64-linux-gnu/libnss_compat-2.24.so
7f30f4c37000-7f30f4c38000 rw-p 00007000 08:02 21103105                   /lib/x86_64-linux-gnu/libnss_compat-2.24.so
7f30f4c38000-7f30f4c64000 r-xp 00000000 08:02 160962354                  /usr/lib/jvm/java-8-oracle/jre/lib/amd64/libjava.so
7f30f4c64000-7f30f4e64000 ---p 0002c000 08:02 160962354                  /usr/lib/jvm/java-8-oracle/jre/lib/amd64/libjava.so
7f30f4e64000-7f30f4e65000 r--p 0002c000 08:02 160962354                  /usr/lib/jvm/java-8-oracle/jre/lib/amd64/libjava.so
7f30f4e65000-7f30f4e67000 rw-p 0002d000 08:02 160962354                  /usr/lib/jvm/java-8-oracle/jre/lib/amd64/libjava.so
7f30f4e67000-7f30f4e74000 r-xp 00000000 08:02 160962359                  /usr/lib/jvm/java-8-oracle/jre/lib/amd64/libverify.so
7f30f4e74000-7f30f5073000 ---p 0000d000 08:02 160962359                  /usr/lib/jvm/java-8-oracle/jre/lib/amd64/libverify.so
7f30f5073000-7f30f5075000 r--p 0000c000 08:02 160962359                  /usr/lib/jvm/java-8-oracle/jre/lib/amd64/libverify.so
7f30f5075000-7f30f5076000 rw-p 0000e000 08:02 160962359                  /usr/lib/jvm/java-8-oracle/jre/lib/amd64/libverify.so
7f30f5076000-7f30f507d000 r-xp 00000000 08:02 21103439                   /lib/x86_64-linux-gnu/librt-2.24.so
7f30f507d000-7f30f527c000 ---p 00007000 08:02 21103439                   /lib/x86_64-linux-gnu/librt-2.24.so
7f30f527c000-7f30f527d000 r--p 00006000 08:02 21103439                   /lib/x86_64-linux-gnu/librt-2.24.so
7f30f527d000-7f30f527e000 rw-p 00007000 08:02 21103439                   /lib/x86_64-linux-gnu/librt-2.24.so
7f30f527e000-7f30f5381000 r-xp 00000000 08:02 21103099                   /lib/x86_64-linux-gnu/libm-2.24.so
7f30f5381000-7f30f5580000 ---p 00103000 08:02 21103099                   /lib/x86_64-linux-gnu/libm-2.24.so
7f30f5580000-7f30f5581000 r--p 00102000 08:02 21103099                   /lib/x86_64-linux-gnu/libm-2.24.so
7f30f5581000-7f30f5582000 rw-p 00103000 08:02 21103099                   /lib/x86_64-linux-gnu/libm-2.24.so
7f30f5582000-7f30f626a000 r-xp 00000000 08:02 160962336                  /usr/lib/jvm/java-8-oracle/jre/lib/amd64/server/libjvm.so
7f30f626a000-7f30f6469000 ---p 00ce8000 08:02 160962336                  /usr/lib/jvm/java-8-oracle/jre/lib/amd64/server/libjvm.so
7f30f6469000-7f30f64ff000 r--p 00ce7000 08:02 160962336                  /usr/lib/jvm/java-8-oracle/jre/lib/amd64/server/libjvm.so
7f30f64ff000-7f30f6530000 rw-p 00d7d000 08:02 160962336                  /usr/lib/jvm/java-8-oracle/jre/lib/amd64/server/libjvm.so
7f30f6530000-7f30f656b000 rw-p 00000000 00:00 0 
7f30f656b000-7f30f6700000 r-xp 00000000 08:02 21103086                   /lib/x86_64-linux-gnu/libc-2.24.so
7f30f6700000-7f30f6900000 ---p 00195000 08:02 21103086                   /lib/x86_64-linux-gnu/libc-2.24.so
7f30f6900000-7f30f6904000 r--p 00195000 08:02 21103086                   /lib/x86_64-linux-gnu/libc-2.24.so
7f30f6904000-7f30f6906000 rw-p 00199000 08:02 21103086                   /lib/x86_64-linux-gnu/libc-2.24.so
7f30f6906000-7f30f690a000 rw-p 00000000 00:00 0 
7f30f690a000-7f30f690d000 r-xp 00000000 08:02 21103098                   /lib/x86_64-linux-gnu/libdl-2.24.so
7f30f690d000-7f30f6b0c000 ---p 00003000 08:02 21103098                   /lib/x86_64-linux-gnu/libdl-2.24.so
7f30f6b0c000-7f30f6b0d000 r--p 00002000 08:02 21103098                   /lib/x86_64-linux-gnu/libdl-2.24.so
7f30f6b0d000-7f30f6b0e000 rw-p 00003000 08:02 21103098                   /lib/x86_64-linux-gnu/libdl-2.24.so
7f30f6b0e000-7f30f6b25000 r-xp 00000000 08:02 160962331                  /usr/lib/jvm/java-8-oracle/jre/lib/amd64/jli/libjli.so
7f30f6b25000-7f30f6d24000 ---p 00017000 08:02 160962331                  /usr/lib/jvm/java-8-oracle/jre/lib/amd64/jli/libjli.so
7f30f6d24000-7f30f6d25000 r--p 00016000 08:02 160962331                  /usr/lib/jvm/java-8-oracle/jre/lib/amd64/jli/libjli.so
7f30f6d25000-7f30f6d26000 rw-p 00017000 08:02 160962331                  /usr/lib/jvm/java-8-oracle/jre/lib/amd64/jli/libjli.so
7f30f6d26000-7f30f6d3e000 r-xp 00000000 08:02 21103433                   /lib/x86_64-linux-gnu/libpthread-2.24.so
7f30f6d3e000-7f30f6f3d000 ---p 00018000 08:02 21103433                   /lib/x86_64-linux-gnu/libpthread-2.24.so
7f30f6f3d000-7f30f6f3e000 r--p 00017000 08:02 21103433                   /lib/x86_64-linux-gnu/libpthread-2.24.so
7f30f6f3e000-7f30f6f3f000 rw-p 00018000 08:02 21103433                   /lib/x86_64-linux-gnu/libpthread-2.24.so
7f30f6f3f000-7f30f6f43000 rw-p 00000000 00:00 0 
7f30f6f43000-7f30f6f66000 r-xp 00000000 08:02 21102628                   /lib/x86_64-linux-gnu/ld-2.24.so
7f30f6f83000-7f30f7055000 rw-p 00000000 00:00 0 
7f30f7055000-7f30f7056000 ---p 00000000 00:00 0 
7f30f7056000-7f30f7059000 ---p 00000000 00:00 0 
7f30f7059000-7f30f715a000 rw-p 00000000 00:00 0 
7f30f715c000-7f30f7164000 rw-s 00000000 08:02 93349509                   /tmp/hsperfdata_root/37019
7f30f7164000-7f30f7165000 rw-p 00000000 00:00 0 
7f30f7165000-7f30f7166000 r--p 00000000 00:00 0 
7f30f7166000-7f30f7167000 r--p 00023000 08:02 21102628                   /lib/x86_64-linux-gnu/ld-2.24.so
7f30f7167000-7f30f7168000 rw-p 00024000 08:02 21102628                   /lib/x86_64-linux-gnu/ld-2.24.so
7f30f7168000-7f30f7169000 rw-p 00000000 00:00 0 
7ffe9cdda000-7ffe9cdfb000 rw-p 00000000 00:00 0                          [stack]
7ffe9cdfb000-7ffe9cdfd000 r--p 00000000 00:00 0                          [vvar]
7ffe9cdfd000-7ffe9cdff000 r-xp 00000000 00:00 0                          [vdso]
ffffffffff600000-ffffffffff601000 r-xp 00000000 00:00 0                  [vsyscall]

VM Arguments:
java_command: energy.Scaler 1 userspace
java_class_path (initial): .
Launcher Type: SUN_STANDARD

Environment Variables:
PATH=/usr/local/sbin:/usr/local/bin:/usr/sbin:/usr/bin:/sbin:/bin
USERNAME=root
SHELL=/bin/bash

Signal Handlers:
SIGSEGV: [libjvm.so+0xad3e60], sa_mask[0]=11111111011111111101111111111110, sa_flags=SA_RESTART|SA_SIGINFO
SIGBUS: [libjvm.so+0xad3e60], sa_mask[0]=11111111011111111101111111111110, sa_flags=SA_RESTART|SA_SIGINFO
SIGFPE: [libjvm.so+0x90b880], sa_mask[0]=11111111011111111101111111111110, sa_flags=SA_RESTART|SA_SIGINFO
SIGPIPE: [libjvm.so+0x90b880], sa_mask[0]=11111111011111111101111111111110, sa_flags=SA_RESTART|SA_SIGINFO
SIGXFSZ: [libjvm.so+0x90b880], sa_mask[0]=11111111011111111101111111111110, sa_flags=SA_RESTART|SA_SIGINFO
SIGILL: [libjvm.so+0x90b880], sa_mask[0]=11111111011111111101111111111110, sa_flags=SA_RESTART|SA_SIGINFO
SIGUSR1: SIG_DFL, sa_mask[0]=00000000000000000000000000000000, sa_flags=none
SIGUSR2: [libjvm.so+0x90b750], sa_mask[0]=00000000000000000000000000000000, sa_flags=SA_RESTART|SA_SIGINFO
SIGHUP: [libjvm.so+0x90bd70], sa_mask[0]=11111111011111111101111111111110, sa_flags=SA_RESTART|SA_SIGINFO
SIGINT: [libjvm.so+0x90bd70], sa_mask[0]=11111111011111111101111111111110, sa_flags=SA_RESTART|SA_SIGINFO
SIGTERM: [libjvm.so+0x90bd70], sa_mask[0]=11111111011111111101111111111110, sa_flags=SA_RESTART|SA_SIGINFO
SIGQUIT: [libjvm.so+0x90bd70], sa_mask[0]=11111111011111111101111111111110, sa_flags=SA_RESTART|SA_SIGINFO


---------------  S Y S T E M  ---------------

OS:PRETTY_NAME="Debian GNU/Linux 9 (stretch)"
NAME="Debian GNU/Linux"
VERSION_ID="9"
VERSION="9 (stretch)"
ID=debian
HOME_URL="https://www.debian.org/"
SUPPORT_URL="https://www.debian.org/support"
BUG_REPORT_URL="https://bugs.debian.org/"

uname:Linux 4.9.0-0.bpo.8-amd64 #1 SMP Debian 4.9.144-3.1~deb8u1 (2019-03-14) x86_64
libc:glibc 2.24 NPTL 2.24 
rlimit: STACK 8192k, CORE 0k, NPROC 257182, NOFILE 65536, AS infinity
load average:0.00 0.00 0.00

/proc/meminfo:
MemTotal:       65860080 kB
MemFree:        47038596 kB
MemAvailable:   64882792 kB
Buffers:          208748 kB
Cached:         17912612 kB
SwapCached:            0 kB
Active:          1267724 kB
Inactive:       16893548 kB
Active(anon):      40164 kB
Inactive(anon):     9072 kB
Active(file):    1227560 kB
Inactive(file): 16884476 kB
Unevictable:           0 kB
Mlocked:               0 kB
SwapTotal:      118448124 kB
SwapFree:       118448124 kB
Dirty:                68 kB
Writeback:             0 kB
AnonPages:         40344 kB
Mapped:            33316 kB
Shmem:              9328 kB
Slab:             441312 kB
SReclaimable:     402400 kB
SUnreclaim:        38912 kB
KernelStack:        8160 kB
PageTables:         3156 kB
NFS_Unstable:          0 kB
Bounce:                0 kB
WritebackTmp:          0 kB
CommitLimit:    151378164 kB
Committed_AS:    1796864 kB
VmallocTotal:   34359738367 kB
VmallocUsed:           0 kB
VmallocChunk:          0 kB
HardwareCorrupted:     0 kB
AnonHugePages:         0 kB
ShmemHugePages:        0 kB
ShmemPmdMapped:        0 kB
HugePages_Total:       0
HugePages_Free:        0
HugePages_Rsvd:        0
HugePages_Surp:        0
Hugepagesize:       2048 kB
DirectMap4k:      158196 kB
DirectMap2M:     4968448 kB
DirectMap1G:    63963136 kB

container (cgroup) information:
container_type: cgroupv1
cpu_cpuset_cpus: 0-39
cpu_memory_nodes: 0-1
active_processor_count: 40
cpu_quota: -1
cpu_period: 100000
cpu_shares: -1
memory_limit_in_bytes: -1
memory_and_swap_limit_in_bytes: -2
memory_soft_limit_in_bytes: -1
memory_usage_in_bytes: 18598477824
memory_max_usage_in_bytes: 0


CPU:total 40 (initial active 40) (10 cores per cpu, 2 threads per core) family 6 model 79 stepping 1, cmov, cx8, fxsr, mmx, sse, sse2, sse3, ssse3, sse4.1, sse4.2, popcnt, avx, avx2, aes, clmul, erms, rtm, 3dnowpref, lzcnt, ht, tsc, tscinvbit, bmi1, bmi2, adx

/proc/cpuinfo:
processor	: 0
vendor_id	: GenuineIntel
cpu family	: 6
model		: 79
model name	: Intel(R) Xeon(R) CPU E5-2630 v4 @ 2.20GHz
stepping	: 1
microcode	: 0xb00001f
cpu MHz		: 1200.439
cache size	: 25600 KB
physical id	: 0
siblings	: 20
core id		: 0
cpu cores	: 10
apicid		: 0
initial apicid	: 0
fpu		: yes
fpu_exception	: yes
cpuid level	: 20
wp		: yes
flags		: fpu vme de pse tsc msr pae mce cx8 apic sep mtrr pge mca cmov pat pse36 clflush dts acpi mmx fxsr sse sse2 ss ht tm pbe syscall nx pdpe1gb rdtscp lm constant_tsc arch_perfmon pebs bts rep_good nopl xtopology nonstop_tsc aperfmperf pni pclmulqdq dtes64 monitor ds_cpl vmx smx est tm2 ssse3 sdbg fma cx16 xtpr pdcm pcid dca sse4_1 sse4_2 x2apic movbe popcnt tsc_deadline_timer aes xsave avx f16c rdrand lahf_lm abm 3dnowprefetch epb invpcid_single kaiser tpr_shadow vnmi flexpriority ept vpid fsgsbase tsc_adjust bmi1 hle avx2 smep bmi2 erms invpcid rtm cqm rdseed adx smap intel_pt xsaveopt cqm_llc cqm_occup_llc cqm_mbm_total cqm_mbm_local dtherm ida arat pln pts
bugs		: cpu_meltdown spectre_v1 spectre_v2 spec_store_bypass l1tf
bogomips	: 4390.45
clflush size	: 64
cache_alignment	: 64
address sizes	: 46 bits physical, 48 bits virtual
power management:

processor	: 1
vendor_id	: GenuineIntel
cpu family	: 6
model		: 79
model name	: Intel(R) Xeon(R) CPU E5-2630 v4 @ 2.20GHz
stepping	: 1
microcode	: 0xb00001f
cpu MHz		: 1331.225
cache size	: 25600 KB
physical id	: 0
siblings	: 20
core id		: 1
cpu cores	: 10
apicid		: 2
initial apicid	: 2
fpu		: yes
fpu_exception	: yes
cpuid level	: 20
wp		: yes
flags		: fpu vme de pse tsc msr pae mce cx8 apic sep mtrr pge mca cmov pat pse36 clflush dts acpi mmx fxsr sse sse2 ss ht tm pbe syscall nx pdpe1gb rdtscp lm constant_tsc arch_perfmon pebs bts rep_good nopl xtopology nonstop_tsc aperfmperf pni pclmulqdq dtes64 monitor ds_cpl vmx smx est tm2 ssse3 sdbg fma cx16 xtpr pdcm pcid dca sse4_1 sse4_2 x2apic movbe popcnt tsc_deadline_timer aes xsave avx f16c rdrand lahf_lm abm 3dnowprefetch epb invpcid_single kaiser tpr_shadow vnmi flexpriority ept vpid fsgsbase tsc_adjust bmi1 hle avx2 smep bmi2 erms invpcid rtm cqm rdseed adx smap intel_pt xsaveopt cqm_llc cqm_occup_llc cqm_mbm_total cqm_mbm_local dtherm ida arat pln pts
bugs		: cpu_meltdown spectre_v1 spectre_v2 spec_store_bypass l1tf
bogomips	: 4390.45
clflush size	: 64
cache_alignment	: 64
address sizes	: 46 bits physical, 48 bits virtual
power management:

processor	: 2
vendor_id	: GenuineIntel
cpu family	: 6
model		: 79
model name	: Intel(R) Xeon(R) CPU E5-2630 v4 @ 2.20GHz
stepping	: 1
microcode	: 0xb00001f
cpu MHz		: 1200.842
cache size	: 25600 KB
physical id	: 0
siblings	: 20
core id		: 2
cpu cores	: 10
apicid		: 4
initial apicid	: 4
fpu		: yes
fpu_exception	: yes
cpuid level	: 20
wp		: yes
flags		: fpu vme de pse tsc msr pae mce cx8 apic sep mtrr pge mca cmov pat pse36 clflush dts acpi mmx fxsr sse sse2 ss ht tm pbe syscall nx pdpe1gb rdtscp lm constant_tsc arch_perfmon pebs bts rep_good nopl xtopology nonstop_tsc aperfmperf pni pclmulqdq dtes64 monitor ds_cpl vmx smx est tm2 ssse3 sdbg fma cx16 xtpr pdcm pcid dca sse4_1 sse4_2 x2apic movbe popcnt tsc_deadline_timer aes xsave avx f16c rdrand lahf_lm abm 3dnowprefetch epb invpcid_single kaiser tpr_shadow vnmi flexpriority ept vpid fsgsbase tsc_adjust bmi1 hle avx2 smep bmi2 erms invpcid rtm cqm rdseed adx smap intel_pt xsaveopt cqm_llc cqm_occup_llc cqm_mbm_total cqm_mbm_local dtherm ida arat pln pts
bugs		: cpu_meltdown spectre_v1 spectre_v2 spec_store_bypass l1tf
bogomips	: 4390.45
clflush size	: 64
cache_alignment	: 64
address sizes	: 46 bits physical, 48 bits virtual
power management:

processor	: 3
vendor_id	: GenuineIntel
cpu family	: 6
model		: 79
model name	: Intel(R) Xeon(R) CPU E5-2630 v4 @ 2.20GHz
stepping	: 1
microcode	: 0xb00001f
cpu MHz		: 1202.453
cache size	: 25600 KB
physical id	: 0
siblings	: 20
core id		: 3
cpu cores	: 10
apicid		: 6
initial apicid	: 6
fpu		: yes
fpu_exception	: yes
cpuid level	: 20
wp		: yes
flags		: fpu vme de pse tsc msr pae mce cx8 apic sep mtrr pge mca cmov pat pse36 clflush dts acpi mmx fxsr sse sse2 ss ht tm pbe syscall nx pdpe1gb rdtscp lm constant_tsc arch_perfmon pebs bts rep_good nopl xtopology nonstop_tsc aperfmperf pni pclmulqdq dtes64 monitor ds_cpl vmx smx est tm2 ssse3 sdbg fma cx16 xtpr pdcm pcid dca sse4_1 sse4_2 x2apic movbe popcnt tsc_deadline_timer aes xsave avx f16c rdrand lahf_lm abm 3dnowprefetch epb invpcid_single kaiser tpr_shadow vnmi flexpriority ept vpid fsgsbase tsc_adjust bmi1 hle avx2 smep bmi2 erms invpcid rtm cqm rdseed adx smap intel_pt xsaveopt cqm_llc cqm_occup_llc cqm_mbm_total cqm_mbm_local dtherm ida arat pln pts
bugs		: cpu_meltdown spectre_v1 spectre_v2 spec_store_bypass l1tf
bogomips	: 4390.45
clflush size	: 64
cache_alignment	: 64
address sizes	: 46 bits physical, 48 bits virtual
power management:

processor	: 4
vendor_id	: GenuineIntel
cpu family	: 6
model		: 79
model name	: Intel(R) Xeon(R) CPU E5-2630 v4 @ 2.20GHz
stepping	: 1
microcode	: 0xb00001f
cpu MHz		: 1201.110
cache size	: 25600 KB
physical id	: 0
siblings	: 20
core id		: 4
cpu cores	: 10
apicid		: 8
initial apicid	: 8
fpu		: yes
fpu_exception	: yes
cpuid level	: 20
wp		: yes
flags		: fpu vme de pse tsc msr pae mce cx8 apic sep mtrr pge mca cmov pat pse36 clflush dts acpi mmx fxsr sse sse2 ss ht tm pbe syscall nx pdpe1gb rdtscp lm constant_tsc arch_perfmon pebs bts rep_good nopl xtopology nonstop_tsc aperfmperf pni pclmulqdq dtes64 monitor ds_cpl vmx smx est tm2 ssse3 sdbg fma cx16 xtpr pdcm pcid dca sse4_1 sse4_2 x2apic movbe popcnt tsc_deadline_timer aes xsave avx f16c rdrand lahf_lm abm 3dnowprefetch epb invpcid_single kaiser tpr_shadow vnmi flexpriority ept vpid fsgsbase tsc_adjust bmi1 hle avx2 smep bmi2 erms invpcid rtm cqm rdseed adx smap intel_pt xsaveopt cqm_llc cqm_occup_llc cqm_mbm_total cqm_mbm_local dtherm ida arat pln pts
bugs		: cpu_meltdown spectre_v1 spectre_v2 spec_store_bypass l1tf
bogomips	: 4390.45
clflush size	: 64
cache_alignment	: 64
address sizes	: 46 bits physical, 48 bits virtual
power management:

processor	: 5
vendor_id	: GenuineIntel
cpu family	: 6
model		: 79
model name	: Intel(R) Xeon(R) CPU E5-2630 v4 @ 2.20GHz
stepping	: 1
microcode	: 0xb00001f
cpu MHz		: 1233.068
cache size	: 25600 KB
physical id	: 0
siblings	: 20
core id		: 8
cpu cores	: 10
apicid		: 16
initial apicid	: 16
fpu		: yes
fpu_exception	: yes
cpuid level	: 20
wp		: yes
flags		: fpu vme de pse tsc msr pae mce cx8 apic sep mtrr pge mca cmov pat pse36 clflush dts acpi mmx fxsr sse sse2 ss ht tm pbe syscall nx pdpe1gb rdtscp lm constant_tsc arch_perfmon pebs bts rep_good nopl xtopology nonstop_tsc aperfmperf pni pclmulqdq dtes64 monitor ds_cpl vmx smx est tm2 ssse3 sdbg fma cx16 xtpr pdcm pcid dca sse4_1 sse4_2 x2apic movbe popcnt tsc_deadline_timer aes xsave avx f16c rdrand lahf_lm abm 3dnowprefetch epb invpcid_single kaiser tpr_shadow vnmi flexpriority ept vpid fsgsbase tsc_adjust bmi1 hle avx2 smep bmi2 erms invpcid rtm cqm rdseed adx smap intel_pt xsaveopt cqm_llc cqm_occup_llc cqm_mbm_total cqm_mbm_local dtherm ida arat pln pts
bugs		: cpu_meltdown spectre_v1 spectre_v2 spec_store_bypass l1tf
bogomips	: 4390.45
clflush size	: 64
cache_alignment	: 64
address sizes	: 46 bits physical, 48 bits virtual
power management:

processor	: 6
vendor_id	: GenuineIntel
cpu family	: 6
model		: 79
model name	: Intel(R) Xeon(R) CPU E5-2630 v4 @ 2.20GHz
stepping	: 1
microcode	: 0xb00001f
cpu MHz		: 1200.036
cache size	: 25600 KB
physical id	: 0
siblings	: 20
core id		: 9
cpu cores	: 10
apicid		: 18
initial apicid	: 18
fpu		: yes
fpu_exception	: yes
cpuid level	: 20
wp		: yes
flags		: fpu vme de pse tsc msr pae mce cx8 apic sep mtrr pge mca cmov pat pse36 clflush dts acpi mmx fxsr sse sse2 ss ht tm pbe syscall nx pdpe1gb rdtscp lm constant_tsc arch_perfmon pebs bts rep_good nopl xtopology nonstop_tsc aperfmperf pni pclmulqdq dtes64 monitor ds_cpl vmx smx est tm2 ssse3 sdbg fma cx16 xtpr pdcm pcid dca sse4_1 sse4_2 x2apic movbe popcnt tsc_deadline_timer aes xsave avx f16c rdrand lahf_lm abm 3dnowprefetch epb invpcid_single kaiser tpr_shadow vnmi flexpriority ept vpid fsgsbase tsc_adjust bmi1 hle avx2 smep bmi2 erms invpcid rtm cqm rdseed adx smap intel_pt xsaveopt cqm_llc cqm_occup_llc cqm_mbm_total cqm_mbm_local dtherm ida arat pln pts
bugs		: cpu_meltdown spectre_v1 spectre_v2 spec_store_bypass l1tf
bogomips	: 4390.45
clflush size	: 64
cache_alignment	: 64
address sizes	: 46 bits physical, 48 bits virtual
power management:

processor	: 7
vendor_id	: GenuineIntel
cpu family	: 6
model		: 79
model name	: Intel(R) Xeon(R) CPU E5-2630 v4 @ 2.20GHz
stepping	: 1
microcode	: 0xb00001f
cpu MHz		: 1222.460
cache size	: 25600 KB
physical id	: 0
siblings	: 20
core id		: 10
cpu cores	: 10
apicid		: 20
initial apicid	: 20
fpu		: yes
fpu_exception	: yes
cpuid level	: 20
wp		: yes
flags		: fpu vme de pse tsc msr pae mce cx8 apic sep mtrr pge mca cmov pat pse36 clflush dts acpi mmx fxsr sse sse2 ss ht tm pbe syscall nx pdpe1gb rdtscp lm constant_tsc arch_perfmon pebs bts rep_good nopl xtopology nonstop_tsc aperfmperf pni pclmulqdq dtes64 monitor ds_cpl vmx smx est tm2 ssse3 sdbg fma cx16 xtpr pdcm pcid dca sse4_1 sse4_2 x2apic movbe popcnt tsc_deadline_timer aes xsave avx f16c rdrand lahf_lm abm 3dnowprefetch epb invpcid_single kaiser tpr_shadow vnmi flexpriority ept vpid fsgsbase tsc_adjust bmi1 hle avx2 smep bmi2 erms invpcid rtm cqm rdseed adx smap intel_pt xsaveopt cqm_llc cqm_occup_llc cqm_mbm_total cqm_mbm_local dtherm ida arat pln pts
bugs		: cpu_meltdown spectre_v1 spectre_v2 spec_store_bypass l1tf
bogomips	: 4390.45
clflush size	: 64
cache_alignment	: 64
address sizes	: 46 bits physical, 48 bits virtual
power management:

processor	: 8
vendor_id	: GenuineIntel
cpu family	: 6
model		: 79
model name	: Intel(R) Xeon(R) CPU E5-2630 v4 @ 2.20GHz
stepping	: 1
microcode	: 0xb00001f
cpu MHz		: 1203.662
cache size	: 25600 KB
physical id	: 0
siblings	: 20
core id		: 11
cpu cores	: 10
apicid		: 22
initial apicid	: 22
fpu		: yes
fpu_exception	: yes
cpuid level	: 20
wp		: yes
flags		: fpu vme de pse tsc msr pae mce cx8 apic sep mtrr pge mca cmov pat pse36 clflush dts acpi mmx fxsr sse sse2 ss ht tm pbe syscall nx pdpe1gb rdtscp lm constant_tsc arch_perfmon pebs bts rep_good nopl xtopology nonstop_tsc aperfmperf pni pclmulqdq dtes64 monitor ds_cpl vmx smx est tm2 ssse3 sdbg fma cx16 xtpr pdcm pcid dca sse4_1 sse4_2 x2apic movbe popcnt tsc_deadline_timer aes xsave avx f16c rdrand lahf_lm abm 3dnowprefetch epb invpcid_single kaiser tpr_shadow vnmi flexpriority ept vpid fsgsbase tsc_adjust bmi1 hle avx2 smep bmi2 erms invpcid rtm cqm rdseed adx smap intel_pt xsaveopt cqm_llc cqm_occup_llc cqm_mbm_total cqm_mbm_local dtherm ida arat pln pts
bugs		: cpu_meltdown spectre_v1 spectre_v2 spec_store_bypass l1tf
bogomips	: 4390.45
clflush size	: 64
cache_alignment	: 64
address sizes	: 46 bits physical, 48 bits virtual
power management:

processor	: 9
vendor_id	: GenuineIntel
cpu family	: 6
model		: 79
model name	: Intel(R) Xeon(R) CPU E5-2630 v4 @ 2.20GHz
stepping	: 1
microcode	: 0xb00001f
cpu MHz		: 1202.185
cache size	: 25600 KB
physical id	: 0
siblings	: 20
core id		: 12
cpu cores	: 10
apicid		: 24
initial apicid	: 24
fpu		: yes
fpu_exception	: yes
cpuid level	: 20
wp		: yes
flags		: fpu vme de pse tsc msr pae mce cx8 apic sep mtrr pge mca cmov pat pse36 clflush dts acpi mmx fxsr sse sse2 ss ht tm pbe syscall nx pdpe1gb rdtscp lm constant_tsc arch_perfmon pebs bts rep_good nopl xtopology nonstop_tsc aperfmperf pni pclmulqdq dtes64 monitor ds_cpl vmx smx est tm2 ssse3 sdbg fma cx16 xtpr pdcm pcid dca sse4_1 sse4_2 x2apic movbe popcnt tsc_deadline_timer aes xsave avx f16c rdrand lahf_lm abm 3dnowprefetch epb invpcid_single kaiser tpr_shadow vnmi flexpriority ept vpid fsgsbase tsc_adjust bmi1 hle avx2 smep bmi2 erms invpcid rtm cqm rdseed adx smap intel_pt xsaveopt cqm_llc cqm_occup_llc cqm_mbm_total cqm_mbm_local dtherm ida arat pln pts
bugs		: cpu_meltdown spectre_v1 spectre_v2 spec_store_bypass l1tf
bogomips	: 4390.45
clflush size	: 64
cache_alignment	: 64
address sizes	: 46 bits physical, 48 bits virtual
power management:

processor	: 10
vendor_id	: GenuineIntel
cpu family	: 6
model		: 79
model name	: Intel(R) Xeon(R) CPU E5-2630 v4 @ 2.20GHz
stepping	: 1
microcode	: 0xb00001f
cpu MHz		: 1200.573
cache size	: 25600 KB
physical id	: 1
siblings	: 20
core id		: 0
cpu cores	: 10
apicid		: 32
initial apicid	: 32
fpu		: yes
fpu_exception	: yes
cpuid level	: 20
wp		: yes
flags		: fpu vme de pse tsc msr pae mce cx8 apic sep mtrr pge mca cmov pat pse36 clflush dts acpi mmx fxsr sse sse2 ss ht tm pbe syscall nx pdpe1gb rdtscp lm constant_tsc arch_perfmon pebs bts rep_good nopl xtopology nonstop_tsc aperfmperf pni pclmulqdq dtes64 monitor ds_cpl vmx smx est tm2 ssse3 sdbg fma cx16 xtpr pdcm pcid dca sse4_1 sse4_2 x2apic movbe popcnt tsc_deadline_timer aes xsave avx f16c rdrand lahf_lm abm 3dnowprefetch epb invpcid_single kaiser tpr_shadow vnmi flexpriority ept vpid fsgsbase tsc_adjust bmi1 hle avx2 smep bmi2 erms invpcid rtm cqm rdseed adx smap intel_pt xsaveopt cqm_llc cqm_occup_llc cqm_mbm_total cqm_mbm_local dtherm ida arat pln pts
bugs		: cpu_meltdown spectre_v1 spectre_v2 spec_store_bypass l1tf
bogomips	: 4392.05
clflush size	: 64
cache_alignment	: 64
address sizes	: 46 bits physical, 48 bits virtual
power management:

processor	: 11
vendor_id	: GenuineIntel
cpu family	: 6
model		: 79
model name	: Intel(R) Xeon(R) CPU E5-2630 v4 @ 2.20GHz
stepping	: 1
microcode	: 0xb00001f
cpu MHz		: 1200.708
cache size	: 25600 KB
physical id	: 1
siblings	: 20
core id		: 1
cpu cores	: 10
apicid		: 34
initial apicid	: 34
fpu		: yes
fpu_exception	: yes
cpuid level	: 20
wp		: yes
flags		: fpu vme de pse tsc msr pae mce cx8 apic sep mtrr pge mca cmov pat pse36 clflush dts acpi mmx fxsr sse sse2 ss ht tm pbe syscall nx pdpe1gb rdtscp lm constant_tsc arch_perfmon pebs bts rep_good nopl xtopology nonstop_tsc aperfmperf pni pclmulqdq dtes64 monitor ds_cpl vmx smx est tm2 ssse3 sdbg fma cx16 xtpr pdcm pcid dca sse4_1 sse4_2 x2apic movbe popcnt tsc_deadline_timer aes xsave avx f16c rdrand lahf_lm abm 3dnowprefetch epb invpcid_single kaiser tpr_shadow vnmi flexpriority ept vpid fsgsbase tsc_adjust bmi1 hle avx2 smep bmi2 erms invpcid rtm cqm rdseed adx smap intel_pt xsaveopt cqm_llc cqm_occup_llc cqm_mbm_total cqm_mbm_local dtherm ida arat pln pts
bugs		: cpu_meltdown spectre_v1 spectre_v2 spec_store_bypass l1tf
bogomips	: 4392.05
clflush size	: 64
cache_alignment	: 64
address sizes	: 46 bits physical, 48 bits virtual
power management:

processor	: 12
vendor_id	: GenuineIntel
cpu family	: 6
model		: 79
model name	: Intel(R) Xeon(R) CPU E5-2630 v4 @ 2.20GHz
stepping	: 1
microcode	: 0xb00001f
cpu MHz		: 1200.439
cache size	: 25600 KB
physical id	: 1
siblings	: 20
core id		: 2
cpu cores	: 10
apicid		: 36
initial apicid	: 36
fpu		: yes
fpu_exception	: yes
cpuid level	: 20
wp		: yes
flags		: fpu vme de pse tsc msr pae mce cx8 apic sep mtrr pge mca cmov pat pse36 clflush dts acpi mmx fxsr sse sse2 ss ht tm pbe syscall nx pdpe1gb rdtscp lm constant_tsc arch_perfmon pebs bts rep_good nopl xtopology nonstop_tsc aperfmperf pni pclmulqdq dtes64 monitor ds_cpl vmx smx est tm2 ssse3 sdbg fma cx16 xtpr pdcm pcid dca sse4_1 sse4_2 x2apic movbe popcnt tsc_deadline_timer aes xsave avx f16c rdrand lahf_lm abm 3dnowprefetch epb invpcid_single kaiser tpr_shadow vnmi flexpriority ept vpid fsgsbase tsc_adjust bmi1 hle avx2 smep bmi2 erms invpcid rtm cqm rdseed adx smap intel_pt xsaveopt cqm_llc cqm_occup_llc cqm_mbm_total cqm_mbm_local dtherm ida arat pln pts
bugs		: cpu_meltdown spectre_v1 spectre_v2 spec_store_bypass l1tf
bogomips	: 4392.05
clflush size	: 64
cache_alignment	: 64
address sizes	: 46 bits physical, 48 bits virtual
power management:

processor	: 13
vendor_id	: GenuineIntel
cpu family	: 6
model		: 79
model name	: Intel(R) Xeon(R) CPU E5-2630 v4 @ 2.20GHz
stepping	: 1
microcode	: 0xb00001f
cpu MHz		: 1261.132
cache size	: 25600 KB
physical id	: 1
siblings	: 20
core id		: 3
cpu cores	: 10
apicid		: 38
initial apicid	: 38
fpu		: yes
fpu_exception	: yes
cpuid level	: 20
wp		: yes
flags		: fpu vme de pse tsc msr pae mce cx8 apic sep mtrr pge mca cmov pat pse36 clflush dts acpi mmx fxsr sse sse2 ss ht tm pbe syscall nx pdpe1gb rdtscp lm constant_tsc arch_perfmon pebs bts rep_good nopl xtopology nonstop_tsc aperfmperf pni pclmulqdq dtes64 monitor ds_cpl vmx smx est tm2 ssse3 sdbg fma cx16 xtpr pdcm pcid dca sse4_1 sse4_2 x2apic movbe popcnt tsc_deadline_timer aes xsave avx f16c rdrand lahf_lm abm 3dnowprefetch epb invpcid_single kaiser tpr_shadow vnmi flexpriority ept vpid fsgsbase tsc_adjust bmi1 hle avx2 smep bmi2 erms invpcid rtm cqm rdseed adx smap intel_pt xsaveopt cqm_llc cqm_occup_llc cqm_mbm_total cqm_mbm_local dtherm ida arat pln pts
bugs		: cpu_meltdown spectre_v1 spectre_v2 spec_store_bypass l1tf
bogomips	: 4392.05
clflush size	: 64
cache_alignment	: 64
address sizes	: 46 bits physical, 48 bits virtual
power management:

processor	: 14
vendor_id	: GenuineIntel
cpu family	: 6
model		: 79
model name	: Intel(R) Xeon(R) CPU E5-2630 v4 @ 2.20GHz
stepping	: 1
microcode	: 0xb00001f
cpu MHz		: 1798.107
cache size	: 25600 KB
physical id	: 1
siblings	: 20
core id		: 4
cpu cores	: 10
apicid		: 40
initial apicid	: 40
fpu		: yes
fpu_exception	: yes
cpuid level	: 20
wp		: yes
flags		: fpu vme de pse tsc msr pae mce cx8 apic sep mtrr pge mca cmov pat pse36 clflush dts acpi mmx fxsr sse sse2 ss ht tm pbe syscall nx pdpe1gb rdtscp lm constant_tsc arch_perfmon pebs bts rep_good nopl xtopology nonstop_tsc aperfmperf pni pclmulqdq dtes64 monitor ds_cpl vmx smx est tm2 ssse3 sdbg fma cx16 xtpr pdcm pcid dca sse4_1 sse4_2 x2apic movbe popcnt tsc_deadline_timer aes xsave avx f16c rdrand lahf_lm abm 3dnowprefetch epb invpcid_single kaiser tpr_shadow vnmi flexpriority ept vpid fsgsbase tsc_adjust bmi1 hle avx2 smep bmi2 erms invpcid rtm cqm rdseed adx smap intel_pt xsaveopt cqm_llc cqm_occup_llc cqm_mbm_total cqm_mbm_local dtherm ida arat pln pts
bugs		: cpu_meltdown spectre_v1 spectre_v2 spec_store_bypass l1tf
bogomips	: 4392.05
clflush size	: 64
cache_alignment	: 64
address sizes	: 46 bits physical, 48 bits virtual
power management:

processor	: 15
vendor_id	: GenuineIntel
cpu family	: 6
model		: 79
model name	: Intel(R) Xeon(R) CPU E5-2630 v4 @ 2.20GHz
stepping	: 1
microcode	: 0xb00001f
cpu MHz		: 1200.305
cache size	: 25600 KB
physical id	: 1
siblings	: 20
core id		: 8
cpu cores	: 10
apicid		: 48
initial apicid	: 48
fpu		: yes
fpu_exception	: yes
cpuid level	: 20
wp		: yes
flags		: fpu vme de pse tsc msr pae mce cx8 apic sep mtrr pge mca cmov pat pse36 clflush dts acpi mmx fxsr sse sse2 ss ht tm pbe syscall nx pdpe1gb rdtscp lm constant_tsc arch_perfmon pebs bts rep_good nopl xtopology nonstop_tsc aperfmperf pni pclmulqdq dtes64 monitor ds_cpl vmx smx est tm2 ssse3 sdbg fma cx16 xtpr pdcm pcid dca sse4_1 sse4_2 x2apic movbe popcnt tsc_deadline_timer aes xsave avx f16c rdrand lahf_lm abm 3dnowprefetch epb invpcid_single kaiser tpr_shadow vnmi flexpriority ept vpid fsgsbase tsc_adjust bmi1 hle avx2 smep bmi2 erms invpcid rtm cqm rdseed adx smap intel_pt xsaveopt cqm_llc cqm_occup_llc cqm_mbm_total cqm_mbm_local dtherm ida arat pln pts
bugs		: cpu_meltdown spectre_v1 spectre_v2 spec_store_bypass l1tf
bogomips	: 4392.05
clflush size	: 64
cache_alignment	: 64
address sizes	: 46 bits physical, 48 bits virtual
power management:

processor	: 16
vendor_id	: GenuineIntel
cpu family	: 6
model		: 79
model name	: Intel(R) Xeon(R) CPU E5-2630 v4 @ 2.20GHz
stepping	: 1
microcode	: 0xb00001f
cpu MHz		: 1200.439
cache size	: 25600 KB
physical id	: 1
siblings	: 20
core id		: 9
cpu cores	: 10
apicid		: 50
initial apicid	: 50
fpu		: yes
fpu_exception	: yes
cpuid level	: 20
wp		: yes
flags		: fpu vme de pse tsc msr pae mce cx8 apic sep mtrr pge mca cmov pat pse36 clflush dts acpi mmx fxsr sse sse2 ss ht tm pbe syscall nx pdpe1gb rdtscp lm constant_tsc arch_perfmon pebs bts rep_good nopl xtopology nonstop_tsc aperfmperf pni pclmulqdq dtes64 monitor ds_cpl vmx smx est tm2 ssse3 sdbg fma cx16 xtpr pdcm pcid dca sse4_1 sse4_2 x2apic movbe popcnt tsc_deadline_timer aes xsave avx f16c rdrand lahf_lm abm 3dnowprefetch epb invpcid_single kaiser tpr_shadow vnmi flexpriority ept vpid fsgsbase tsc_adjust bmi1 hle avx2 smep bmi2 erms invpcid rtm cqm rdseed adx smap intel_pt xsaveopt cqm_llc cqm_occup_llc cqm_mbm_total cqm_mbm_local dtherm ida arat pln pts
bugs		: cpu_meltdown spectre_v1 spectre_v2 spec_store_bypass l1tf
bogomips	: 4392.05
clflush size	: 64
cache_alignment	: 64
address sizes	: 46 bits physical, 48 bits virtual
power management:

processor	: 17
vendor_id	: GenuineIntel
cpu family	: 6
model		: 79
model name	: Intel(R) Xeon(R) CPU E5-2630 v4 @ 2.20GHz
stepping	: 1
microcode	: 0xb00001f
cpu MHz		: 1206.481
cache size	: 25600 KB
physical id	: 1
siblings	: 20
core id		: 10
cpu cores	: 10
apicid		: 52
initial apicid	: 52
fpu		: yes
fpu_exception	: yes
cpuid level	: 20
wp		: yes
flags		: fpu vme de pse tsc msr pae mce cx8 apic sep mtrr pge mca cmov pat pse36 clflush dts acpi mmx fxsr sse sse2 ss ht tm pbe syscall nx pdpe1gb rdtscp lm constant_tsc arch_perfmon pebs bts rep_good nopl xtopology nonstop_tsc aperfmperf pni pclmulqdq dtes64 monitor ds_cpl vmx smx est tm2 ssse3 sdbg fma cx16 xtpr pdcm pcid dca sse4_1 sse4_2 x2apic movbe popcnt tsc_deadline_timer aes xsave avx f16c rdrand lahf_lm abm 3dnowprefetch epb invpcid_single kaiser tpr_shadow vnmi flexpriority ept vpid fsgsbase tsc_adjust bmi1 hle avx2 smep bmi2 erms invpcid rtm cqm rdseed adx smap intel_pt xsaveopt cqm_llc cqm_occup_llc cqm_mbm_total cqm_mbm_local dtherm ida arat pln pts
bugs		: cpu_meltdown spectre_v1 spectre_v2 spec_store_bypass l1tf
bogomips	: 4392.05
clflush size	: 64
cache_alignment	: 64
address sizes	: 46 bits physical, 48 bits virtual
power management:

processor	: 18
vendor_id	: GenuineIntel
cpu family	: 6
model		: 79
model name	: Intel(R) Xeon(R) CPU E5-2630 v4 @ 2.20GHz
stepping	: 1
microcode	: 0xb00001f
cpu MHz		: 1200.305
cache size	: 25600 KB
physical id	: 1
siblings	: 20
core id		: 11
cpu cores	: 10
apicid		: 54
initial apicid	: 54
fpu		: yes
fpu_exception	: yes
cpuid level	: 20
wp		: yes
flags		: fpu vme de pse tsc msr pae mce cx8 apic sep mtrr pge mca cmov pat pse36 clflush dts acpi mmx fxsr sse sse2 ss ht tm pbe syscall nx pdpe1gb rdtscp lm constant_tsc arch_perfmon pebs bts rep_good nopl xtopology nonstop_tsc aperfmperf pni pclmulqdq dtes64 monitor ds_cpl vmx smx est tm2 ssse3 sdbg fma cx16 xtpr pdcm pcid dca sse4_1 sse4_2 x2apic movbe popcnt tsc_deadline_timer aes xsave avx f16c rdrand lahf_lm abm 3dnowprefetch epb invpcid_single kaiser tpr_shadow vnmi flexpriority ept vpid fsgsbase tsc_adjust bmi1 hle avx2 smep bmi2 erms invpcid rtm cqm rdseed adx smap intel_pt xsaveopt cqm_llc cqm_occup_llc cqm_mbm_total cqm_mbm_local dtherm ida arat pln pts
bugs		: cpu_meltdown spectre_v1 spectre_v2 spec_store_bypass l1tf
bogomips	: 4392.05
clflush size	: 64
cache_alignment	: 64
address sizes	: 46 bits physical, 48 bits virtual
power management:

processor	: 19
vendor_id	: GenuineIntel
cpu family	: 6
model		: 79
model name	: Intel(R) Xeon(R) CPU E5-2630 v4 @ 2.20GHz
stepping	: 1
microcode	: 0xb00001f
cpu MHz		: 1200.036
cache size	: 25600 KB
physical id	: 1
siblings	: 20
core id		: 12
cpu cores	: 10
apicid		: 56
initial apicid	: 56
fpu		: yes
fpu_exception	: yes
cpuid level	: 20
wp		: yes
flags		: fpu vme de pse tsc msr pae mce cx8 apic sep mtrr pge mca cmov pat pse36 clflush dts acpi mmx fxsr sse sse2 ss ht tm pbe syscall nx pdpe1gb rdtscp lm constant_tsc arch_perfmon pebs bts rep_good nopl xtopology nonstop_tsc aperfmperf pni pclmulqdq dtes64 monitor ds_cpl vmx smx est tm2 ssse3 sdbg fma cx16 xtpr pdcm pcid dca sse4_1 sse4_2 x2apic movbe popcnt tsc_deadline_timer aes xsave avx f16c rdrand lahf_lm abm 3dnowprefetch epb invpcid_single kaiser tpr_shadow vnmi flexpriority ept vpid fsgsbase tsc_adjust bmi1 hle avx2 smep bmi2 erms invpcid rtm cqm rdseed adx smap intel_pt xsaveopt cqm_llc cqm_occup_llc cqm_mbm_total cqm_mbm_local dtherm ida arat pln pts
bugs		: cpu_meltdown spectre_v1 spectre_v2 spec_store_bypass l1tf
bogomips	: 4392.05
clflush size	: 64
cache_alignment	: 64
address sizes	: 46 bits physical, 48 bits virtual
power management:

processor	: 20
vendor_id	: GenuineIntel
cpu family	: 6
model		: 79
model name	: Intel(R) Xeon(R) CPU E5-2630 v4 @ 2.20GHz
stepping	: 1
microcode	: 0xb00001f
cpu MHz		: 1200.305
cache size	: 25600 KB
physical id	: 0
siblings	: 20
core id		: 0
cpu cores	: 10
apicid		: 1
initial apicid	: 1
fpu		: yes
fpu_exception	: yes
cpuid level	: 20
wp		: yes
flags		: fpu vme de pse tsc msr pae mce cx8 apic sep mtrr pge mca cmov pat pse36 clflush dts acpi mmx fxsr sse sse2 ss ht tm pbe syscall nx pdpe1gb rdtscp lm constant_tsc arch_perfmon pebs bts rep_good nopl xtopology nonstop_tsc aperfmperf pni pclmulqdq dtes64 monitor ds_cpl vmx smx est tm2 ssse3 sdbg fma cx16 xtpr pdcm pcid dca sse4_1 sse4_2 x2apic movbe popcnt tsc_deadline_timer aes xsave avx f16c rdrand lahf_lm abm 3dnowprefetch epb invpcid_single kaiser tpr_shadow vnmi flexpriority ept vpid fsgsbase tsc_adjust bmi1 hle avx2 smep bmi2 erms invpcid rtm cqm rdseed adx smap intel_pt xsaveopt cqm_llc cqm_occup_llc cqm_mbm_total cqm_mbm_local dtherm ida arat pln pts
bugs		: cpu_meltdown spectre_v1 spectre_v2 spec_store_bypass l1tf
bogomips	: 4390.45
clflush size	: 64
cache_alignment	: 64
address sizes	: 46 bits physical, 48 bits virtual
power management:

processor	: 21
vendor_id	: GenuineIntel
cpu family	: 6
model		: 79
model name	: Intel(R) Xeon(R) CPU E5-2630 v4 @ 2.20GHz
stepping	: 1
microcode	: 0xb00001f
cpu MHz		: 1209.973
cache size	: 25600 KB
physical id	: 0
siblings	: 20
core id		: 1
cpu cores	: 10
apicid		: 3
initial apicid	: 3
fpu		: yes
fpu_exception	: yes
cpuid level	: 20
wp		: yes
flags		: fpu vme de pse tsc msr pae mce cx8 apic sep mtrr pge mca cmov pat pse36 clflush dts acpi mmx fxsr sse sse2 ss ht tm pbe syscall nx pdpe1gb rdtscp lm constant_tsc arch_perfmon pebs bts rep_good nopl xtopology nonstop_tsc aperfmperf pni pclmulqdq dtes64 monitor ds_cpl vmx smx est tm2 ssse3 sdbg fma cx16 xtpr pdcm pcid dca sse4_1 sse4_2 x2apic movbe popcnt tsc_deadline_timer aes xsave avx f16c rdrand lahf_lm abm 3dnowprefetch epb invpcid_single kaiser tpr_shadow vnmi flexpriority ept vpid fsgsbase tsc_adjust bmi1 hle avx2 smep bmi2 erms invpcid rtm cqm rdseed adx smap intel_pt xsaveopt cqm_llc cqm_occup_llc cqm_mbm_total cqm_mbm_local dtherm ida arat pln pts
bugs		: cpu_meltdown spectre_v1 spectre_v2 spec_store_bypass l1tf
bogomips	: 4390.45
clflush size	: 64
cache_alignment	: 64
address sizes	: 46 bits physical, 48 bits virtual
power management:

processor	: 22
vendor_id	: GenuineIntel
cpu family	: 6
model		: 79
model name	: Intel(R) Xeon(R) CPU E5-2630 v4 @ 2.20GHz
stepping	: 1
microcode	: 0xb00001f
cpu MHz		: 1200.036
cache size	: 25600 KB
physical id	: 0
siblings	: 20
core id		: 2
cpu cores	: 10
apicid		: 5
initial apicid	: 5
fpu		: yes
fpu_exception	: yes
cpuid level	: 20
wp		: yes
flags		: fpu vme de pse tsc msr pae mce cx8 apic sep mtrr pge mca cmov pat pse36 clflush dts acpi mmx fxsr sse sse2 ss ht tm pbe syscall nx pdpe1gb rdtscp lm constant_tsc arch_perfmon pebs bts rep_good nopl xtopology nonstop_tsc aperfmperf pni pclmulqdq dtes64 monitor ds_cpl vmx smx est tm2 ssse3 sdbg fma cx16 xtpr pdcm pcid dca sse4_1 sse4_2 x2apic movbe popcnt tsc_deadline_timer aes xsave avx f16c rdrand lahf_lm abm 3dnowprefetch epb invpcid_single kaiser tpr_shadow vnmi flexpriority ept vpid fsgsbase tsc_adjust bmi1 hle avx2 smep bmi2 erms invpcid rtm cqm rdseed adx smap intel_pt xsaveopt cqm_llc cqm_occup_llc cqm_mbm_total cqm_mbm_local dtherm ida arat pln pts
bugs		: cpu_meltdown spectre_v1 spectre_v2 spec_store_bypass l1tf
bogomips	: 4390.45
clflush size	: 64
cache_alignment	: 64
address sizes	: 46 bits physical, 48 bits virtual
power management:

processor	: 23
vendor_id	: GenuineIntel
cpu family	: 6
model		: 79
model name	: Intel(R) Xeon(R) CPU E5-2630 v4 @ 2.20GHz
stepping	: 1
microcode	: 0xb00001f
cpu MHz		: 1203.527
cache size	: 25600 KB
physical id	: 0
siblings	: 20
core id		: 3
cpu cores	: 10
apicid		: 7
initial apicid	: 7
fpu		: yes
fpu_exception	: yes
cpuid level	: 20
wp		: yes
flags		: fpu vme de pse tsc msr pae mce cx8 apic sep mtrr pge mca cmov pat pse36 clflush dts acpi mmx fxsr sse sse2 ss ht tm pbe syscall nx pdpe1gb rdtscp lm constant_tsc arch_perfmon pebs bts rep_good nopl xtopology nonstop_tsc aperfmperf pni pclmulqdq dtes64 monitor ds_cpl vmx smx est tm2 ssse3 sdbg fma cx16 xtpr pdcm pcid dca sse4_1 sse4_2 x2apic movbe popcnt tsc_deadline_timer aes xsave avx f16c rdrand lahf_lm abm 3dnowprefetch epb invpcid_single kaiser tpr_shadow vnmi flexpriority ept vpid fsgsbase tsc_adjust bmi1 hle avx2 smep bmi2 erms invpcid rtm cqm rdseed adx smap intel_pt xsaveopt cqm_llc cqm_occup_llc cqm_mbm_total cqm_mbm_local dtherm ida arat pln pts
bugs		: cpu_meltdown spectre_v1 spectre_v2 spec_store_bypass l1tf
bogomips	: 4390.45
clflush size	: 64
cache_alignment	: 64
address sizes	: 46 bits physical, 48 bits virtual
power management:

processor	: 24
vendor_id	: GenuineIntel
cpu family	: 6
model		: 79
model name	: Intel(R) Xeon(R) CPU E5-2630 v4 @ 2.20GHz
stepping	: 1
microcode	: 0xb00001f
cpu MHz		: 1248.645
cache size	: 25600 KB
physical id	: 0
siblings	: 20
core id		: 4
cpu cores	: 10
apicid		: 9
initial apicid	: 9
fpu		: yes
fpu_exception	: yes
cpuid level	: 20
wp		: yes
flags		: fpu vme de pse tsc msr pae mce cx8 apic sep mtrr pge mca cmov pat pse36 clflush dts acpi mmx fxsr sse sse2 ss ht tm pbe syscall nx pdpe1gb rdtscp lm constant_tsc arch_perfmon pebs bts rep_good nopl xtopology nonstop_tsc aperfmperf pni pclmulqdq dtes64 monitor ds_cpl vmx smx est tm2 ssse3 sdbg fma cx16 xtpr pdcm pcid dca sse4_1 sse4_2 x2apic movbe popcnt tsc_deadline_timer aes xsave avx f16c rdrand lahf_lm abm 3dnowprefetch epb invpcid_single kaiser tpr_shadow vnmi flexpriority ept vpid fsgsbase tsc_adjust bmi1 hle avx2 smep bmi2 erms invpcid rtm cqm rdseed adx smap intel_pt xsaveopt cqm_llc cqm_occup_llc cqm_mbm_total cqm_mbm_local dtherm ida arat pln pts
bugs		: cpu_meltdown spectre_v1 spectre_v2 spec_store_bypass l1tf
bogomips	: 4390.45
clflush size	: 64
cache_alignment	: 64
address sizes	: 46 bits physical, 48 bits virtual
power management:

processor	: 25
vendor_id	: GenuineIntel
cpu family	: 6
model		: 79
model name	: Intel(R) Xeon(R) CPU E5-2630 v4 @ 2.20GHz
stepping	: 1
microcode	: 0xb00001f
cpu MHz		: 1205.541
cache size	: 25600 KB
physical id	: 0
siblings	: 20
core id		: 8
cpu cores	: 10
apicid		: 17
initial apicid	: 17
fpu		: yes
fpu_exception	: yes
cpuid level	: 20
wp		: yes
flags		: fpu vme de pse tsc msr pae mce cx8 apic sep mtrr pge mca cmov pat pse36 clflush dts acpi mmx fxsr sse sse2 ss ht tm pbe syscall nx pdpe1gb rdtscp lm constant_tsc arch_perfmon pebs bts rep_good nopl xtopology nonstop_tsc aperfmperf pni pclmulqdq dtes64 monitor ds_cpl vmx smx est tm2 ssse3 sdbg fma cx16 xtpr pdcm pcid dca sse4_1 sse4_2 x2apic movbe popcnt tsc_deadline_timer aes xsave avx f16c rdrand lahf_lm abm 3dnowprefetch epb invpcid_single kaiser tpr_shadow vnmi flexpriority ept vpid fsgsbase tsc_adjust bmi1 hle avx2 smep bmi2 erms invpcid rtm cqm rdseed adx smap intel_pt xsaveopt cqm_llc cqm_occup_llc cqm_mbm_total cqm_mbm_local dtherm ida arat pln pts
bugs		: cpu_meltdown spectre_v1 spectre_v2 spec_store_bypass l1tf
bogomips	: 4390.45
clflush size	: 64
cache_alignment	: 64
address sizes	: 46 bits physical, 48 bits virtual
power management:

processor	: 26
vendor_id	: GenuineIntel
cpu family	: 6
model		: 79
model name	: Intel(R) Xeon(R) CPU E5-2630 v4 @ 2.20GHz
stepping	: 1
microcode	: 0xb00001f
cpu MHz		: 1204.199
cache size	: 25600 KB
physical id	: 0
siblings	: 20
core id		: 9
cpu cores	: 10
apicid		: 19
initial apicid	: 19
fpu		: yes
fpu_exception	: yes
cpuid level	: 20
wp		: yes
flags		: fpu vme de pse tsc msr pae mce cx8 apic sep mtrr pge mca cmov pat pse36 clflush dts acpi mmx fxsr sse sse2 ss ht tm pbe syscall nx pdpe1gb rdtscp lm constant_tsc arch_perfmon pebs bts rep_good nopl xtopology nonstop_tsc aperfmperf pni pclmulqdq dtes64 monitor ds_cpl vmx smx est tm2 ssse3 sdbg fma cx16 xtpr pdcm pcid dca sse4_1 sse4_2 x2apic movbe popcnt tsc_deadline_timer aes xsave avx f16c rdrand lahf_lm abm 3dnowprefetch epb invpcid_single kaiser tpr_shadow vnmi flexpriority ept vpid fsgsbase tsc_adjust bmi1 hle avx2 smep bmi2 erms invpcid rtm cqm rdseed adx smap intel_pt xsaveopt cqm_llc cqm_occup_llc cqm_mbm_total cqm_mbm_local dtherm ida arat pln pts
bugs		: cpu_meltdown spectre_v1 spectre_v2 spec_store_bypass l1tf
bogomips	: 4390.45
clflush size	: 64
cache_alignment	: 64
address sizes	: 46 bits physical, 48 bits virtual
power management:

processor	: 27
vendor_id	: GenuineIntel
cpu family	: 6
model		: 79
model name	: Intel(R) Xeon(R) CPU E5-2630 v4 @ 2.20GHz
stepping	: 1
microcode	: 0xb00001f
cpu MHz		: 1200.036
cache size	: 25600 KB
physical id	: 0
siblings	: 20
core id		: 10
cpu cores	: 10
apicid		: 21
initial apicid	: 21
fpu		: yes
fpu_exception	: yes
cpuid level	: 20
wp		: yes
flags		: fpu vme de pse tsc msr pae mce cx8 apic sep mtrr pge mca cmov pat pse36 clflush dts acpi mmx fxsr sse sse2 ss ht tm pbe syscall nx pdpe1gb rdtscp lm constant_tsc arch_perfmon pebs bts rep_good nopl xtopology nonstop_tsc aperfmperf pni pclmulqdq dtes64 monitor ds_cpl vmx smx est tm2 ssse3 sdbg fma cx16 xtpr pdcm pcid dca sse4_1 sse4_2 x2apic movbe popcnt tsc_deadline_timer aes xsave avx f16c rdrand lahf_lm abm 3dnowprefetch epb invpcid_single kaiser tpr_shadow vnmi flexpriority ept vpid fsgsbase tsc_adjust bmi1 hle avx2 smep bmi2 erms invpcid rtm cqm rdseed adx smap intel_pt xsaveopt cqm_llc cqm_occup_llc cqm_mbm_total cqm_mbm_local dtherm ida arat pln pts
bugs		: cpu_meltdown spectre_v1 spectre_v2 spec_store_bypass l1tf
bogomips	: 4390.45
clflush size	: 64
cache_alignment	: 64
address sizes	: 46 bits physical, 48 bits virtual
power management:

processor	: 28
vendor_id	: GenuineIntel
cpu family	: 6
model		: 79
model name	: Intel(R) Xeon(R) CPU E5-2630 v4 @ 2.20GHz
stepping	: 1
microcode	: 0xb00001f
cpu MHz		: 1209.436
cache size	: 25600 KB
physical id	: 0
siblings	: 20
core id		: 11
cpu cores	: 10
apicid		: 23
initial apicid	: 23
fpu		: yes
fpu_exception	: yes
cpuid level	: 20
wp		: yes
flags		: fpu vme de pse tsc msr pae mce cx8 apic sep mtrr pge mca cmov pat pse36 clflush dts acpi mmx fxsr sse sse2 ss ht tm pbe syscall nx pdpe1gb rdtscp lm constant_tsc arch_perfmon pebs bts rep_good nopl xtopology nonstop_tsc aperfmperf pni pclmulqdq dtes64 monitor ds_cpl vmx smx est tm2 ssse3 sdbg fma cx16 xtpr pdcm pcid dca sse4_1 sse4_2 x2apic movbe popcnt tsc_deadline_timer aes xsave avx f16c rdrand lahf_lm abm 3dnowprefetch epb invpcid_single kaiser tpr_shadow vnmi flexpriority ept vpid fsgsbase tsc_adjust bmi1 hle avx2 smep bmi2 erms invpcid rtm cqm rdseed adx smap intel_pt xsaveopt cqm_llc cqm_occup_llc cqm_mbm_total cqm_mbm_local dtherm ida arat pln pts
bugs		: cpu_meltdown spectre_v1 spectre_v2 spec_store_bypass l1tf
bogomips	: 4390.45
clflush size	: 64
cache_alignment	: 64
address sizes	: 46 bits physical, 48 bits virtual
power management:

processor	: 29
vendor_id	: GenuineIntel
cpu family	: 6
model		: 79
model name	: Intel(R) Xeon(R) CPU E5-2630 v4 @ 2.20GHz
stepping	: 1
microcode	: 0xb00001f
cpu MHz		: 1200.036
cache size	: 25600 KB
physical id	: 0
siblings	: 20
core id		: 12
cpu cores	: 10
apicid		: 25
initial apicid	: 25
fpu		: yes
fpu_exception	: yes
cpuid level	: 20
wp		: yes
flags		: fpu vme de pse tsc msr pae mce cx8 apic sep mtrr pge mca cmov pat pse36 clflush dts acpi mmx fxsr sse sse2 ss ht tm pbe syscall nx pdpe1gb rdtscp lm constant_tsc arch_perfmon pebs bts rep_good nopl xtopology nonstop_tsc aperfmperf pni pclmulqdq dtes64 monitor ds_cpl vmx smx est tm2 ssse3 sdbg fma cx16 xtpr pdcm pcid dca sse4_1 sse4_2 x2apic movbe popcnt tsc_deadline_timer aes xsave avx f16c rdrand lahf_lm abm 3dnowprefetch epb invpcid_single kaiser tpr_shadow vnmi flexpriority ept vpid fsgsbase tsc_adjust bmi1 hle avx2 smep bmi2 erms invpcid rtm cqm rdseed adx smap intel_pt xsaveopt cqm_llc cqm_occup_llc cqm_mbm_total cqm_mbm_local dtherm ida arat pln pts
bugs		: cpu_meltdown spectre_v1 spectre_v2 spec_store_bypass l1tf
bogomips	: 4390.45
clflush size	: 64
cache_alignment	: 64
address sizes	: 46 bits physical, 48 bits virtual
power management:

processor	: 30
vendor_id	: GenuineIntel
cpu family	: 6
model		: 79
model name	: Intel(R) Xeon(R) CPU E5-2630 v4 @ 2.20GHz
stepping	: 1
microcode	: 0xb00001f
cpu MHz		: 1200.708
cache size	: 25600 KB
physical id	: 1
siblings	: 20
core id		: 0
cpu cores	: 10
apicid		: 33
initial apicid	: 33
fpu		: yes
fpu_exception	: yes
cpuid level	: 20
wp		: yes
flags		: fpu vme de pse tsc msr pae mce cx8 apic sep mtrr pge mca cmov pat pse36 clflush dts acpi mmx fxsr sse sse2 ss ht tm pbe syscall nx pdpe1gb rdtscp lm constant_tsc arch_perfmon pebs bts rep_good nopl xtopology nonstop_tsc aperfmperf pni pclmulqdq dtes64 monitor ds_cpl vmx smx est tm2 ssse3 sdbg fma cx16 xtpr pdcm pcid dca sse4_1 sse4_2 x2apic movbe popcnt tsc_deadline_timer aes xsave avx f16c rdrand lahf_lm abm 3dnowprefetch epb invpcid_single kaiser tpr_shadow vnmi flexpriority ept vpid fsgsbase tsc_adjust bmi1 hle avx2 smep bmi2 erms invpcid rtm cqm rdseed adx smap intel_pt xsaveopt cqm_llc cqm_occup_llc cqm_mbm_total cqm_mbm_local dtherm ida arat pln pts
bugs		: cpu_meltdown spectre_v1 spectre_v2 spec_store_bypass l1tf
bogomips	: 4392.05
clflush size	: 64
cache_alignment	: 64
address sizes	: 46 bits physical, 48 bits virtual
power management:

processor	: 31
vendor_id	: GenuineIntel
cpu family	: 6
model		: 79
model name	: Intel(R) Xeon(R) CPU E5-2630 v4 @ 2.20GHz
stepping	: 1
microcode	: 0xb00001f
cpu MHz		: 1282.080
cache size	: 25600 KB
physical id	: 1
siblings	: 20
core id		: 1
cpu cores	: 10
apicid		: 35
initial apicid	: 35
fpu		: yes
fpu_exception	: yes
cpuid level	: 20
wp		: yes
flags		: fpu vme de pse tsc msr pae mce cx8 apic sep mtrr pge mca cmov pat pse36 clflush dts acpi mmx fxsr sse sse2 ss ht tm pbe syscall nx pdpe1gb rdtscp lm constant_tsc arch_perfmon pebs bts rep_good nopl xtopology nonstop_tsc aperfmperf pni pclmulqdq dtes64 monitor ds_cpl vmx smx est tm2 ssse3 sdbg fma cx16 xtpr pdcm pcid dca sse4_1 sse4_2 x2apic movbe popcnt tsc_deadline_timer aes xsave avx f16c rdrand lahf_lm abm 3dnowprefetch epb invpcid_single kaiser tpr_shadow vnmi flexpriority ept vpid fsgsbase tsc_adjust bmi1 hle avx2 smep bmi2 erms invpcid rtm cqm rdseed adx smap intel_pt xsaveopt cqm_llc cqm_occup_llc cqm_mbm_total cqm_mbm_local dtherm ida arat pln pts
bugs		: cpu_meltdown spectre_v1 spectre_v2 spec_store_bypass l1tf
bogomips	: 4392.05
clflush size	: 64
cache_alignment	: 64
address sizes	: 46 bits physical, 48 bits virtual
power management:

processor	: 32
vendor_id	: GenuineIntel
cpu family	: 6
model		: 79
model name	: Intel(R) Xeon(R) CPU E5-2630 v4 @ 2.20GHz
stepping	: 1
microcode	: 0xb00001f
cpu MHz		: 1200.036
cache size	: 25600 KB
physical id	: 1
siblings	: 20
core id		: 2
cpu cores	: 10
apicid		: 37
initial apicid	: 37
fpu		: yes
fpu_exception	: yes
cpuid level	: 20
wp		: yes
flags		: fpu vme de pse tsc msr pae mce cx8 apic sep mtrr pge mca cmov pat pse36 clflush dts acpi mmx fxsr sse sse2 ss ht tm pbe syscall nx pdpe1gb rdtscp lm constant_tsc arch_perfmon pebs bts rep_good nopl xtopology nonstop_tsc aperfmperf pni pclmulqdq dtes64 monitor ds_cpl vmx smx est tm2 ssse3 sdbg fma cx16 xtpr pdcm pcid dca sse4_1 sse4_2 x2apic movbe popcnt tsc_deadline_timer aes xsave avx f16c rdrand lahf_lm abm 3dnowprefetch epb invpcid_single kaiser tpr_shadow vnmi flexpriority ept vpid fsgsbase tsc_adjust bmi1 hle avx2 smep bmi2 erms invpcid rtm cqm rdseed adx smap intel_pt xsaveopt cqm_llc cqm_occup_llc cqm_mbm_total cqm_mbm_local dtherm ida arat pln pts
bugs		: cpu_meltdown spectre_v1 spectre_v2 spec_store_bypass l1tf
bogomips	: 4392.05
clflush size	: 64
cache_alignment	: 64
address sizes	: 46 bits physical, 48 bits virtual
power management:

processor	: 33
vendor_id	: GenuineIntel
cpu family	: 6
model		: 79
model name	: Intel(R) Xeon(R) CPU E5-2630 v4 @ 2.20GHz
stepping	: 1
microcode	: 0xb00001f
cpu MHz		: 1200.573
cache size	: 25600 KB
physical id	: 1
siblings	: 20
core id		: 3
cpu cores	: 10
apicid		: 39
initial apicid	: 39
fpu		: yes
fpu_exception	: yes
cpuid level	: 20
wp		: yes
flags		: fpu vme de pse tsc msr pae mce cx8 apic sep mtrr pge mca cmov pat pse36 clflush dts acpi mmx fxsr sse sse2 ss ht tm pbe syscall nx pdpe1gb rdtscp lm constant_tsc arch_perfmon pebs bts rep_good nopl xtopology nonstop_tsc aperfmperf pni pclmulqdq dtes64 monitor ds_cpl vmx smx est tm2 ssse3 sdbg fma cx16 xtpr pdcm pcid dca sse4_1 sse4_2 x2apic movbe popcnt tsc_deadline_timer aes xsave avx f16c rdrand lahf_lm abm 3dnowprefetch epb invpcid_single kaiser tpr_shadow vnmi flexpriority ept vpid fsgsbase tsc_adjust bmi1 hle avx2 smep bmi2 erms invpcid rtm cqm rdseed adx smap intel_pt xsaveopt cqm_llc cqm_occup_llc cqm_mbm_total cqm_mbm_local dtherm ida arat pln pts
bugs		: cpu_meltdown spectre_v1 spectre_v2 spec_store_bypass l1tf
bogomips	: 4392.05
clflush size	: 64
cache_alignment	: 64
address sizes	: 46 bits physical, 48 bits virtual
power management:

processor	: 34
vendor_id	: GenuineIntel
cpu family	: 6
model		: 79
model name	: Intel(R) Xeon(R) CPU E5-2630 v4 @ 2.20GHz
stepping	: 1
microcode	: 0xb00001f
cpu MHz		: 1200.573
cache size	: 25600 KB
physical id	: 1
siblings	: 20
core id		: 4
cpu cores	: 10
apicid		: 41
initial apicid	: 41
fpu		: yes
fpu_exception	: yes
cpuid level	: 20
wp		: yes
flags		: fpu vme de pse tsc msr pae mce cx8 apic sep mtrr pge mca cmov pat pse36 clflush dts acpi mmx fxsr sse sse2 ss ht tm pbe syscall nx pdpe1gb rdtscp lm constant_tsc arch_perfmon pebs bts rep_good nopl xtopology nonstop_tsc aperfmperf pni pclmulqdq dtes64 monitor ds_cpl vmx smx est tm2 ssse3 sdbg fma cx16 xtpr pdcm pcid dca sse4_1 sse4_2 x2apic movbe popcnt tsc_deadline_timer aes xsave avx f16c rdrand lahf_lm abm 3dnowprefetch epb invpcid_single kaiser tpr_shadow vnmi flexpriority ept vpid fsgsbase tsc_adjust bmi1 hle avx2 smep bmi2 erms invpcid rtm cqm rdseed adx smap intel_pt xsaveopt cqm_llc cqm_occup_llc cqm_mbm_total cqm_mbm_local dtherm ida arat pln pts
bugs		: cpu_meltdown spectre_v1 spectre_v2 spec_store_bypass l1tf
bogomips	: 4392.05
clflush size	: 64
cache_alignment	: 64
address sizes	: 46 bits physical, 48 bits virtual
power management:

processor	: 35
vendor_id	: GenuineIntel
cpu family	: 6
model		: 79
model name	: Intel(R) Xeon(R) CPU E5-2630 v4 @ 2.20GHz
stepping	: 1
microcode	: 0xb00001f
cpu MHz		: 1198.559
cache size	: 25600 KB
physical id	: 1
siblings	: 20
core id		: 8
cpu cores	: 10
apicid		: 49
initial apicid	: 49
fpu		: yes
fpu_exception	: yes
cpuid level	: 20
wp		: yes
flags		: fpu vme de pse tsc msr pae mce cx8 apic sep mtrr pge mca cmov pat pse36 clflush dts acpi mmx fxsr sse sse2 ss ht tm pbe syscall nx pdpe1gb rdtscp lm constant_tsc arch_perfmon pebs bts rep_good nopl xtopology nonstop_tsc aperfmperf pni pclmulqdq dtes64 monitor ds_cpl vmx smx est tm2 ssse3 sdbg fma cx16 xtpr pdcm pcid dca sse4_1 sse4_2 x2apic movbe popcnt tsc_deadline_timer aes xsave avx f16c rdrand lahf_lm abm 3dnowprefetch epb invpcid_single kaiser tpr_shadow vnmi flexpriority ept vpid fsgsbase tsc_adjust bmi1 hle avx2 smep bmi2 erms invpcid rtm cqm rdseed adx smap intel_pt xsaveopt cqm_llc cqm_occup_llc cqm_mbm_total cqm_mbm_local dtherm ida arat pln pts
bugs		: cpu_meltdown spectre_v1 spectre_v2 spec_store_bypass l1tf
bogomips	: 4392.05
clflush size	: 64
cache_alignment	: 64
address sizes	: 46 bits physical, 48 bits virtual
power management:

processor	: 36
vendor_id	: GenuineIntel
cpu family	: 6
model		: 79
model name	: Intel(R) Xeon(R) CPU E5-2630 v4 @ 2.20GHz
stepping	: 1
microcode	: 0xb00001f
cpu MHz		: 1200.305
cache size	: 25600 KB
physical id	: 1
siblings	: 20
core id		: 9
cpu cores	: 10
apicid		: 51
initial apicid	: 51
fpu		: yes
fpu_exception	: yes
cpuid level	: 20
wp		: yes
flags		: fpu vme de pse tsc msr pae mce cx8 apic sep mtrr pge mca cmov pat pse36 clflush dts acpi mmx fxsr sse sse2 ss ht tm pbe syscall nx pdpe1gb rdtscp lm constant_tsc arch_perfmon pebs bts rep_good nopl xtopology nonstop_tsc aperfmperf pni pclmulqdq dtes64 monitor ds_cpl vmx smx est tm2 ssse3 sdbg fma cx16 xtpr pdcm pcid dca sse4_1 sse4_2 x2apic movbe popcnt tsc_deadline_timer aes xsave avx f16c rdrand lahf_lm abm 3dnowprefetch epb invpcid_single kaiser tpr_shadow vnmi flexpriority ept vpid fsgsbase tsc_adjust bmi1 hle avx2 smep bmi2 erms invpcid rtm cqm rdseed adx smap intel_pt xsaveopt cqm_llc cqm_occup_llc cqm_mbm_total cqm_mbm_local dtherm ida arat pln pts
bugs		: cpu_meltdown spectre_v1 spectre_v2 spec_store_bypass l1tf
bogomips	: 4392.05
clflush size	: 64
cache_alignment	: 64
address sizes	: 46 bits physical, 48 bits virtual
power management:

processor	: 37
vendor_id	: GenuineIntel
cpu family	: 6
model		: 79
model name	: Intel(R) Xeon(R) CPU E5-2630 v4 @ 2.20GHz
stepping	: 1
microcode	: 0xb00001f
cpu MHz		: 1200.305
cache size	: 25600 KB
physical id	: 1
siblings	: 20
core id		: 10
cpu cores	: 10
apicid		: 53
initial apicid	: 53
fpu		: yes
fpu_exception	: yes
cpuid level	: 20
wp		: yes
flags		: fpu vme de pse tsc msr pae mce cx8 apic sep mtrr pge mca cmov pat pse36 clflush dts acpi mmx fxsr sse sse2 ss ht tm pbe syscall nx pdpe1gb rdtscp lm constant_tsc arch_perfmon pebs bts rep_good nopl xtopology nonstop_tsc aperfmperf pni pclmulqdq dtes64 monitor ds_cpl vmx smx est tm2 ssse3 sdbg fma cx16 xtpr pdcm pcid dca sse4_1 sse4_2 x2apic movbe popcnt tsc_deadline_timer aes xsave avx f16c rdrand lahf_lm abm 3dnowprefetch epb invpcid_single kaiser tpr_shadow vnmi flexpriority ept vpid fsgsbase tsc_adjust bmi1 hle avx2 smep bmi2 erms invpcid rtm cqm rdseed adx smap intel_pt xsaveopt cqm_llc cqm_occup_llc cqm_mbm_total cqm_mbm_local dtherm ida arat pln pts
bugs		: cpu_meltdown spectre_v1 spectre_v2 spec_store_bypass l1tf
bogomips	: 4392.05
clflush size	: 64
cache_alignment	: 64
address sizes	: 46 bits physical, 48 bits virtual
power management:

processor	: 38
vendor_id	: GenuineIntel
cpu family	: 6
model		: 79
model name	: Intel(R) Xeon(R) CPU E5-2630 v4 @ 2.20GHz
stepping	: 1
microcode	: 0xb00001f
cpu MHz		: 1200.708
cache size	: 25600 KB
physical id	: 1
siblings	: 20
core id		: 11
cpu cores	: 10
apicid		: 55
initial apicid	: 55
fpu		: yes
fpu_exception	: yes
cpuid level	: 20
wp		: yes
flags		: fpu vme de pse tsc msr pae mce cx8 apic sep mtrr pge mca cmov pat pse36 clflush dts acpi mmx fxsr sse sse2 ss ht tm pbe syscall nx pdpe1gb rdtscp lm constant_tsc arch_perfmon pebs bts rep_good nopl xtopology nonstop_tsc aperfmperf pni pclmulqdq dtes64 monitor ds_cpl vmx smx est tm2 ssse3 sdbg fma cx16 xtpr pdcm pcid dca sse4_1 sse4_2 x2apic movbe popcnt tsc_deadline_timer aes xsave avx f16c rdrand lahf_lm abm 3dnowprefetch epb invpcid_single kaiser tpr_shadow vnmi flexpriority ept vpid fsgsbase tsc_adjust bmi1 hle avx2 smep bmi2 erms invpcid rtm cqm rdseed adx smap intel_pt xsaveopt cqm_llc cqm_occup_llc cqm_mbm_total cqm_mbm_local dtherm ida arat pln pts
bugs		: cpu_meltdown spectre_v1 spectre_v2 spec_store_bypass l1tf
bogomips	: 4392.05
clflush size	: 64
cache_alignment	: 64
address sizes	: 46 bits physical, 48 bits virtual
power management:

processor	: 39
vendor_id	: GenuineIntel
cpu family	: 6
model		: 79
model name	: Intel(R) Xeon(R) CPU E5-2630 v4 @ 2.20GHz
stepping	: 1
microcode	: 0xb00001f
cpu MHz		: 1199.902
cache size	: 25600 KB
physical id	: 1
siblings	: 20
core id		: 12
cpu cores	: 10
apicid		: 57
initial apicid	: 57
fpu		: yes
fpu_exception	: yes
cpuid level	: 20
wp		: yes
flags		: fpu vme de pse tsc msr pae mce cx8 apic sep mtrr pge mca cmov pat pse36 clflush dts acpi mmx fxsr sse sse2 ss ht tm pbe syscall nx pdpe1gb rdtscp lm constant_tsc arch_perfmon pebs bts rep_good nopl xtopology nonstop_tsc aperfmperf pni pclmulqdq dtes64 monitor ds_cpl vmx smx est tm2 ssse3 sdbg fma cx16 xtpr pdcm pcid dca sse4_1 sse4_2 x2apic movbe popcnt tsc_deadline_timer aes xsave avx f16c rdrand lahf_lm abm 3dnowprefetch epb invpcid_single kaiser tpr_shadow vnmi flexpriority ept vpid fsgsbase tsc_adjust bmi1 hle avx2 smep bmi2 erms invpcid rtm cqm rdseed adx smap intel_pt xsaveopt cqm_llc cqm_occup_llc cqm_mbm_total cqm_mbm_local dtherm ida arat pln pts
bugs		: cpu_meltdown spectre_v1 spectre_v2 spec_store_bypass l1tf
bogomips	: 4392.05
clflush size	: 64
cache_alignment	: 64
address sizes	: 46 bits physical, 48 bits virtual
power management:



Memory: 4k page, physical 65860080k(47038596k free), swap 118448124k(118448124k free)

vm_info: Java HotSpot(TM) 64-Bit Server VM (25.201-b09) for linux-amd64 JRE (1.8.0_201-b09), built on Dec 15 2018 11:35:59 by "java_re" with gcc 7.3.0

time: Wed Mar 27 00:08:25 2019
timezone: EDT
elapsed time: 0 seconds (0d 0h 0m 0s)

