#
# A fatal error has been detected by the Java Runtime Environment:
#
#  SIGSEGV (0xb) at pc=0x00007f8dac26222d, pid=37647, tid=0x00007f8dacde7700
#
# JRE version: Java(TM) SE Runtime Environment (8.0_201-b09) (build 1.8.0_201-b09)
# Java VM: Java HotSpot(TM) 64-Bit Server VM (25.201-b09 mixed mode linux-amd64 compressed oops)
# Problematic frame:
# C  [libc.so.6+0x6522d]  __isoc99_fscanf+0x5d
#
# Failed to write core dump. Core dumps have been disabled. To enable core dumping, try "ulimit -c unlimited" before starting Java again
#
# If you would like to submit a bug report, please visit:
#   http://bugreport.java.com/bugreport/crash.jsp
# The crash happened outside the Java Virtual Machine in native code.
# See problematic frame for where to report the bug.
#

---------------  T H R E A D  ---------------

Current thread (0x00007f8da400a800):  JavaThread "main" [_thread_in_native, id=37648, stack(0x00007f8dacce8000,0x00007f8dacde8000)]

siginfo: si_signo: 11 (SIGSEGV), si_code: 1 (SEGV_MAPERR), si_addr: 0x0000000000000000

Registers:
RAX=0x0000000000000000, RBX=0x0000000000000000, RCX=0xffffffffffffff98, RDX=0x00007f8dacde68dc
RSP=0x00007f8dacde67e0, RBP=0x00007f8dacde6960, RSI=0x00007f8d63afa6cd, RDI=0x0000000000000000
R8 =0x00007f8dacde7700, R9 =0x0000000000000001, R10=0x00007f8d63afa6cd, R11=0x00007f8dac2621d0
R12=0x0000000000000000, R13=0x00007f8d91445638, R14=0x00007f8dacde69d0, R15=0x00007f8da400a800
RIP=0x00007f8dac26222d, EFLAGS=0x0000000000010246, CSGSFS=0x002b000000000033, ERR=0x0000000000000004
  TRAPNO=0x000000000000000e

Top of Stack: (sp=0x00007f8dacde67e0)
0x00007f8dacde67e0:   0000000000000000 0000000000000000
0x00007f8dacde67f0:   0000000000000000 0000000000000000
0x00007f8dacde6800:   0000000000000000 0000000000000000
0x00007f8dacde6810:   00007f8dacde68dc ffffffffffffff98
0x00007f8dacde6820:   00007f8dacde7700 0000000000000001
0x00007f8dacde6830:   0000000000000000 0000000000000000
0x00007f8dacde6840:   0000000000000000 0000000000000000
0x00007f8dacde6850:   0000000000000000 0000000000000000
0x00007f8dacde6860:   0000000000000000 0000000000000000
0x00007f8dacde6870:   0000000000000000 0000000000000000
0x00007f8dacde6880:   00007f8da400a800 00007f8dac2645dd
0x00007f8dacde6890:   0000000000000000 00007f8d91445638
0x00007f8dacde68a0:   00007f8d91445638 00007f8da4138ba0
0x00007f8dacde68b0:   00007f8d91445638 00007f8d63af8c21
0x00007f8dacde68c0:   00007f8dacde69c8 00007f8da400a9f8
0x00007f8dacde68d0:   00007f8da400a800 00007f8da40093a0
0x00007f8dacde68e0:   00007f8d91445638 00007f8da400a800
0x00007f8dacde68f0:   00007f8dacde6950 00007f8dab894bf8
0x00007f8dacde6900:   00007f8d91445638 00007f8da400a800
0x00007f8dacde6910:   00007f8d91445638 00007f8da400a800
0x00007f8dacde6920:   00007f8d91445638 00007f8da400a800
0x00007f8dacde6930:   00007f8d91445638 0000000000000000
0x00007f8dacde6940:   0000006491445638 0000000000000000
0x00007f8dacde6950:   00007f8d63afa688 00007f8d00000000
0x00007f8dacde6960:   00007f8dacde69b8 00007f8d950186c7
0x00007f8dacde6970:   00007f8d950183e2 00007f8dacde6978
0x00007f8dacde6980:   00007f8d91445638 00007f8dacde69d0
0x00007f8dacde6990:   00007f8d914459c8 0000000000000000
0x00007f8dacde69a0:   00007f8d91445638 0000000000000000
0x00007f8dacde69b0:   00007f8dacde69d8 00007f8dacde6a18
0x00007f8dacde69c0:   00007f8d95008040 000000067105d4f0
0x00007f8dacde69d0:   00007f8d95011d1b 00007f8dacde69d8 

Instructions: (pc=0x00007f8dac26222d)
0x00007f8dac26220d:   0f 29 a4 24 90 00 00 00 0f 29 ac 24 a0 00 00 00
0x00007f8dac26221d:   0f 29 b4 24 b0 00 00 00 0f 29 bc 24 c0 00 00 00
0x00007f8dac26222d:   8b 03 25 00 80 00 00 75 56 48 8b 93 88 00 00 00
0x00007f8dac26223d:   64 4c 8b 04 25 10 00 00 00 4c 3b 42 08 74 3c be 

Register to memory mapping:

RAX=0x0000000000000000 is an unknown value
RBX=0x0000000000000000 is an unknown value
RCX=0xffffffffffffff98 is an unknown value
RDX=0x00007f8dacde68dc is pointing into the stack for thread: 0x00007f8da400a800
RSP=0x00007f8dacde67e0 is pointing into the stack for thread: 0x00007f8da400a800
RBP=0x00007f8dacde6960 is pointing into the stack for thread: 0x00007f8da400a800
RSI=0x00007f8d63afa6cd: <offset 0x56cd> in /home/kmahmou1/jikes/jikesrvm/energy/64/libCPUScaler.so at 0x00007f8d63af5000
RDI=0x0000000000000000 is an unknown value
R8 =0x00007f8dacde7700 is pointing into the stack for thread: 0x00007f8da400a800
R9 =0x0000000000000001 is an unknown value
R10=0x00007f8d63afa6cd: <offset 0x56cd> in /home/kmahmou1/jikes/jikesrvm/energy/64/libCPUScaler.so at 0x00007f8d63af5000
R11=0x00007f8dac2621d0: __isoc99_fscanf+0 in /lib/x86_64-linux-gnu/libc.so.6 at 0x00007f8dac1fd000
R12=0x0000000000000000 is an unknown value
R13={method} {0x00007f8d91445638} 'freqAvailable' '()[I' in 'energy/Scaler'
R14=0x00007f8dacde69d0 is pointing into the stack for thread: 0x00007f8da400a800
R15=0x00007f8da400a800 is a thread


Stack: [0x00007f8dacce8000,0x00007f8dacde8000],  sp=0x00007f8dacde67e0,  free space=1017k
Native frames: (J=compiled Java code, j=interpreted, Vv=VM code, C=native code)
C  [libc.so.6+0x6522d]  __isoc99_fscanf+0x5d
j  energy.Scaler.freqAvailable()[I+0
j  energy.Scaler.main([Ljava/lang/String;)V+32
v  ~StubRoutines::call_stub
V  [libjvm.so+0x68825b]  JavaCalls::call_helper(JavaValue*, methodHandle*, JavaCallArguments*, Thread*)+0xddb
V  [libjvm.so+0x6d3211]  jni_invoke_static(JNIEnv_*, JavaValue*, _jobject*, JNICallType, _jmethodID*, JNI_ArgumentPusher*, Thread*) [clone .isra.96] [clone .constprop.117]+0x1e1
V  [libjvm.so+0x6d54db]  jni_CallStaticVoidMethod+0x15b
C  [libjli.so+0x889c]  JavaMain+0xa3c
C  [libpthread.so.0+0x74a4]  start_thread+0xc4

Java frames: (J=compiled Java code, j=interpreted, Vv=VM code)
j  energy.Scaler.freqAvailable()[I+0
j  energy.Scaler.main([Ljava/lang/String;)V+32
v  ~StubRoutines::call_stub

---------------  P R O C E S S  ---------------

Java Threads: ( => current thread )
  0x00007f8da411b800 JavaThread "Service Thread" daemon [_thread_blocked, id=37696, stack(0x00007f8d63dfe000,0x00007f8d63eff000)]
  0x00007f8da4110800 JavaThread "C1 CompilerThread14" daemon [_thread_blocked, id=37695, stack(0x00007f8d63f00000,0x00007f8d64000000)]
  0x00007f8da410e800 JavaThread "C1 CompilerThread13" daemon [_thread_blocked, id=37694, stack(0x00007f8d6805c000,0x00007f8d6815c000)]
  0x00007f8da410c800 JavaThread "C1 CompilerThread12" daemon [_thread_blocked, id=37693, stack(0x00007f8d6815d000,0x00007f8d6825d000)]
  0x00007f8da410a800 JavaThread "C1 CompilerThread11" daemon [_thread_blocked, id=37692, stack(0x00007f8d6825e000,0x00007f8d6835e000)]
  0x00007f8da4108000 JavaThread "C1 CompilerThread10" daemon [_thread_blocked, id=37691, stack(0x00007f8d6835f000,0x00007f8d6845f000)]
  0x00007f8da4106000 JavaThread "C2 CompilerThread9" daemon [_thread_blocked, id=37690, stack(0x00007f8d68460000,0x00007f8d68560000)]
  0x00007f8da4104000 JavaThread "C2 CompilerThread8" daemon [_thread_blocked, id=37689, stack(0x00007f8d68561000,0x00007f8d68661000)]
  0x00007f8da4102000 JavaThread "C2 CompilerThread7" daemon [_thread_blocked, id=37688, stack(0x00007f8d68662000,0x00007f8d68762000)]
  0x00007f8da4100000 JavaThread "C2 CompilerThread6" daemon [_thread_blocked, id=37687, stack(0x00007f8d68763000,0x00007f8d68863000)]
  0x00007f8da40fd800 JavaThread "C2 CompilerThread5" daemon [_thread_blocked, id=37686, stack(0x00007f8d68864000,0x00007f8d68964000)]
  0x00007f8da40f3800 JavaThread "C2 CompilerThread4" daemon [_thread_blocked, id=37685, stack(0x00007f8d68965000,0x00007f8d68a65000)]
  0x00007f8da40f1800 JavaThread "C2 CompilerThread3" daemon [_thread_blocked, id=37684, stack(0x00007f8d68a66000,0x00007f8d68b66000)]
  0x00007f8da40ef000 JavaThread "C2 CompilerThread2" daemon [_thread_blocked, id=37683, stack(0x00007f8d68b67000,0x00007f8d68c67000)]
  0x00007f8da40ed800 JavaThread "C2 CompilerThread1" daemon [_thread_blocked, id=37682, stack(0x00007f8d68c68000,0x00007f8d68d68000)]
  0x00007f8da40ea800 JavaThread "C2 CompilerThread0" daemon [_thread_blocked, id=37681, stack(0x00007f8d68d69000,0x00007f8d68e69000)]
  0x00007f8da40e9000 JavaThread "Signal Dispatcher" daemon [_thread_blocked, id=37680, stack(0x00007f8d68e69000,0x00007f8d68f6a000)]
  0x00007f8da40b5800 JavaThread "Finalizer" daemon [_thread_blocked, id=37679, stack(0x00007f8d69105000,0x00007f8d69206000)]
  0x00007f8da40b3000 JavaThread "Reference Handler" daemon [_thread_blocked, id=37678, stack(0x00007f8d69206000,0x00007f8d69307000)]
=>0x00007f8da400a800 JavaThread "main" [_thread_in_native, id=37648, stack(0x00007f8dacce8000,0x00007f8dacde8000)]

Other Threads:
  0x00007f8da40a9800 VMThread [stack: 0x00007f8d69308000,0x00007f8d69408000] [id=37677]
  0x00007f8da411e000 WatcherThread [stack: 0x00007f8d63cfe000,0x00007f8d63dfe000] [id=37697]

VM state:not at safepoint (normal execution)

VM Mutex/Monitor currently owned by a thread: None

heap address: 0x00000003d3000000, size: 16080 MB, Compressed Oops mode: Zero based, Oop shift amount: 3
Narrow klass base: 0x0000000000000000, Narrow klass shift: 3
Compressed class space size: 1073741824 Address: 0x00000007c0000000

Heap:
 PSYoungGen      total 300544K, used 10321K [0x0000000671000000, 0x0000000685f00000, 0x00000007c0000000)
  eden space 258048K, 4% used [0x0000000671000000,0x0000000671a147c8,0x0000000680c00000)
  from space 42496K, 0% used [0x0000000683580000,0x0000000683580000,0x0000000685f00000)
  to   space 42496K, 0% used [0x0000000680c00000,0x0000000680c00000,0x0000000683580000)
 ParOldGen       total 687104K, used 0K [0x00000003d3000000, 0x00000003fcf00000, 0x0000000671000000)
  object space 687104K, 0% used [0x00000003d3000000,0x00000003d3000000,0x00000003fcf00000)
 Metaspace       used 2505K, capacity 4486K, committed 4864K, reserved 1056768K
  class space    used 268K, capacity 386K, committed 512K, reserved 1048576K

Card table byte_map: [0x00007f8d93097000,0x00007f8d95000000] byte_map_base: 0x00007f8d911ff000

Marking Bits: (ParMarkBitMap*) 0x00007f8dac1dfd80
 Begin Bits: [0x00007f8cac980000, 0x00007f8cbc4c0000)
 End Bits:   [0x00007f8cbc4c0000, 0x00007f8ccc000000)

Polling page: 0x00007f8dacdf7000

CodeCache: size=245760Kb used=3338Kb max_used=3338Kb free=242421Kb
 bounds [0x00007f8d95000000, 0x00007f8d95350000, 0x00007f8da4000000]
 total_blobs=248 nmethods=15 adapters=144
 compilation: enabled

Compilation events (10 events):
Event: 0.085 Thread 0x00007f8da410c800   12       1       java.lang.ref.Reference::get (5 bytes)
Event: 0.085 Thread 0x00007f8da410c800 nmethod 12 0x00007f8d95340e90 code [0x00007f8d95340fe0, 0x00007f8d953410f0]
Event: 0.086 Thread 0x00007f8da410e800 nmethod 11 0x00007f8d95340550 code [0x00007f8d95340720, 0x00007f8d95340c18]
Event: 0.086 Thread 0x00007f8da4110800 nmethod 10 0x00007f8d95341150 code [0x00007f8d95341360, 0x00007f8d95341e98]
Event: 0.089 Thread 0x00007f8da4108000   13       1       java.lang.ThreadLocal::access$400 (5 bytes)
Event: 0.089 Thread 0x00007f8da4108000 nmethod 13 0x00007f8d9533fe90 code [0x00007f8d9533ffe0, 0x00007f8d953400d0]
Event: 0.090 Thread 0x00007f8da410a800   14       3       java.lang.String::getChars (62 bytes)
Event: 0.090 Thread 0x00007f8da410a800 nmethod 14 0x00007f8d953423d0 code [0x00007f8d95342580, 0x00007f8d953429b8]
Event: 0.090 Thread 0x00007f8da410a800   15       3       java.lang.System::getSecurityManager (4 bytes)
Event: 0.090 Thread 0x00007f8da410a800 nmethod 15 0x00007f8d9533fb90 code [0x00007f8d9533fce0, 0x00007f8d9533fe30]

GC Heap History (0 events):
No events

Deoptimization events (0 events):
No events

Classes redefined (0 events):
No events

Internal exceptions (2 events):
Event: 0.043 Thread 0x00007f8da400a800 Exception <a 'java/lang/NoSuchMethodError': Method sun.misc.Unsafe.defineClass(Ljava/lang/String;[BII)Ljava/lang/Class; name or signature does not match> (0x0000000671007cb0) thrown at [/HUDSON/workspace/8-2-build-linux-amd64/jdk8u201/12317/hotspot/src/sh
Event: 0.043 Thread 0x00007f8da400a800 Exception <a 'java/lang/NoSuchMethodError': Method sun.misc.Unsafe.prefetchRead(Ljava/lang/Object;J)V name or signature does not match> (0x0000000671007f98) thrown at [/HUDSON/workspace/8-2-build-linux-amd64/jdk8u201/12317/hotspot/src/share/vm/prims/jni.c

Events (10 events):
Event: 0.091 loading class sun/reflect/UnsafeStaticObjectFieldAccessorImpl
Event: 0.091 loading class sun/reflect/UnsafeStaticObjectFieldAccessorImpl done
Event: 0.091 loading class java/util/HashMap$EntrySet
Event: 0.091 loading class java/util/HashMap$EntrySet done
Event: 0.091 loading class java/util/HashMap$EntryIterator
Event: 0.091 loading class java/util/HashMap$HashIterator
Event: 0.091 loading class java/util/HashMap$HashIterator done
Event: 0.091 loading class java/util/HashMap$EntryIterator done
Event: 0.091 loading class java/lang/ClassLoaderHelper
Event: 0.091 loading class java/lang/ClassLoaderHelper done


Dynamic libraries:
00400000-00401000 r-xp 00000000 08:02 160962041                          /usr/lib/jvm/java-8-oracle/jre/bin/java
00600000-00601000 r--p 00000000 08:02 160962041                          /usr/lib/jvm/java-8-oracle/jre/bin/java
00601000-00602000 rw-p 00001000 08:02 160962041                          /usr/lib/jvm/java-8-oracle/jre/bin/java
00bf8000-00c19000 rw-p 00000000 00:00 0                                  [heap]
3d3000000-3fcf00000 rw-p 00000000 00:00 0 
3fcf00000-671000000 ---p 00000000 00:00 0 
671000000-685f00000 rw-p 00000000 00:00 0 
685f00000-7c0000000 ---p 00000000 00:00 0 
7c0000000-7c0080000 rw-p 00000000 00:00 0 
7c0080000-800000000 ---p 00000000 00:00 0 
7f8c58000000-7f8c58021000 rw-p 00000000 00:00 0 
7f8c58021000-7f8c5c000000 ---p 00000000 00:00 0 
7f8c60000000-7f8c60021000 rw-p 00000000 00:00 0 
7f8c60021000-7f8c64000000 ---p 00000000 00:00 0 
7f8c64000000-7f8c64021000 rw-p 00000000 00:00 0 
7f8c64021000-7f8c68000000 ---p 00000000 00:00 0 
7f8c68000000-7f8c68021000 rw-p 00000000 00:00 0 
7f8c68021000-7f8c6c000000 ---p 00000000 00:00 0 
7f8c6c000000-7f8c6c021000 rw-p 00000000 00:00 0 
7f8c6c021000-7f8c70000000 ---p 00000000 00:00 0 
7f8c70000000-7f8c70021000 rw-p 00000000 00:00 0 
7f8c70021000-7f8c74000000 ---p 00000000 00:00 0 
7f8c74000000-7f8c74021000 rw-p 00000000 00:00 0 
7f8c74021000-7f8c78000000 ---p 00000000 00:00 0 
7f8c78000000-7f8c78021000 rw-p 00000000 00:00 0 
7f8c78021000-7f8c7c000000 ---p 00000000 00:00 0 
7f8c7c000000-7f8c7c021000 rw-p 00000000 00:00 0 
7f8c7c021000-7f8c80000000 ---p 00000000 00:00 0 
7f8c80000000-7f8c80021000 rw-p 00000000 00:00 0 
7f8c80021000-7f8c84000000 ---p 00000000 00:00 0 
7f8c84000000-7f8c84021000 rw-p 00000000 00:00 0 
7f8c84021000-7f8c88000000 ---p 00000000 00:00 0 
7f8c88000000-7f8c88021000 rw-p 00000000 00:00 0 
7f8c88021000-7f8c8c000000 ---p 00000000 00:00 0 
7f8c8c000000-7f8c8c021000 rw-p 00000000 00:00 0 
7f8c8c021000-7f8c90000000 ---p 00000000 00:00 0 
7f8c90000000-7f8c90021000 rw-p 00000000 00:00 0 
7f8c90021000-7f8c94000000 ---p 00000000 00:00 0 
7f8c94000000-7f8c94021000 rw-p 00000000 00:00 0 
7f8c94021000-7f8c98000000 ---p 00000000 00:00 0 
7f8c98000000-7f8c9807f000 rw-p 00000000 00:00 0 
7f8c9807f000-7f8c9c000000 ---p 00000000 00:00 0 
7f8c9c000000-7f8c9c021000 rw-p 00000000 00:00 0 
7f8c9c021000-7f8ca0000000 ---p 00000000 00:00 0 
7f8ca0000000-7f8ca0021000 rw-p 00000000 00:00 0 
7f8ca0021000-7f8ca4000000 ---p 00000000 00:00 0 
7f8ca4000000-7f8ca4021000 rw-p 00000000 00:00 0 
7f8ca4021000-7f8ca8000000 ---p 00000000 00:00 0 
7f8ca8000000-7f8ca8021000 rw-p 00000000 00:00 0 
7f8ca8021000-7f8cac000000 ---p 00000000 00:00 0 
7f8cac980000-7f8ccc000000 rw-p 00000000 00:00 0 
7f8ccc000000-7f8ccc021000 rw-p 00000000 00:00 0 
7f8ccc021000-7f8cd0000000 ---p 00000000 00:00 0 
7f8cd0000000-7f8cd0021000 rw-p 00000000 00:00 0 
7f8cd0021000-7f8cd4000000 ---p 00000000 00:00 0 
7f8cd4000000-7f8cd4021000 rw-p 00000000 00:00 0 
7f8cd4021000-7f8cd8000000 ---p 00000000 00:00 0 
7f8cdc000000-7f8cdc021000 rw-p 00000000 00:00 0 
7f8cdc021000-7f8ce0000000 ---p 00000000 00:00 0 
7f8ce4000000-7f8ce4021000 rw-p 00000000 00:00 0 
7f8ce4021000-7f8ce8000000 ---p 00000000 00:00 0 
7f8cec000000-7f8cec021000 rw-p 00000000 00:00 0 
7f8cec021000-7f8cf0000000 ---p 00000000 00:00 0 
7f8cf4000000-7f8cf4021000 rw-p 00000000 00:00 0 
7f8cf4021000-7f8cf8000000 ---p 00000000 00:00 0 
7f8cfc000000-7f8cfc021000 rw-p 00000000 00:00 0 
7f8cfc021000-7f8d00000000 ---p 00000000 00:00 0 
7f8d04000000-7f8d04021000 rw-p 00000000 00:00 0 
7f8d04021000-7f8d08000000 ---p 00000000 00:00 0 
7f8d0c000000-7f8d0c021000 rw-p 00000000 00:00 0 
7f8d0c021000-7f8d10000000 ---p 00000000 00:00 0 
7f8d14000000-7f8d14021000 rw-p 00000000 00:00 0 
7f8d14021000-7f8d18000000 ---p 00000000 00:00 0 
7f8d1c000000-7f8d1c021000 rw-p 00000000 00:00 0 
7f8d1c021000-7f8d20000000 ---p 00000000 00:00 0 
7f8d24000000-7f8d24021000 rw-p 00000000 00:00 0 
7f8d24021000-7f8d28000000 ---p 00000000 00:00 0 
7f8d2c000000-7f8d2c021000 rw-p 00000000 00:00 0 
7f8d2c021000-7f8d30000000 ---p 00000000 00:00 0 
7f8d34000000-7f8d34021000 rw-p 00000000 00:00 0 
7f8d34021000-7f8d38000000 ---p 00000000 00:00 0 
7f8d3c000000-7f8d3c021000 rw-p 00000000 00:00 0 
7f8d3c021000-7f8d40000000 ---p 00000000 00:00 0 
7f8d44000000-7f8d44021000 rw-p 00000000 00:00 0 
7f8d44021000-7f8d48000000 ---p 00000000 00:00 0 
7f8d4c000000-7f8d4c021000 rw-p 00000000 00:00 0 
7f8d4c021000-7f8d50000000 ---p 00000000 00:00 0 
7f8d54000000-7f8d54021000 rw-p 00000000 00:00 0 
7f8d54021000-7f8d58000000 ---p 00000000 00:00 0 
7f8d5c000000-7f8d5c021000 rw-p 00000000 00:00 0 
7f8d5c021000-7f8d60000000 ---p 00000000 00:00 0 
7f8d63860000-7f8d63af5000 rw-p 00000000 00:00 0 
7f8d63af5000-7f8d63afb000 r-xp 00000000 08:02 96340375                   /home/kmahmou1/jikes/jikesrvm/energy/64/libCPUScaler.so
7f8d63afb000-7f8d63cfb000 ---p 00006000 08:02 96340375                   /home/kmahmou1/jikes/jikesrvm/energy/64/libCPUScaler.so
7f8d63cfb000-7f8d63cfc000 r--p 00006000 08:02 96340375                   /home/kmahmou1/jikes/jikesrvm/energy/64/libCPUScaler.so
7f8d63cfc000-7f8d63cfd000 rw-p 00007000 08:02 96340375                   /home/kmahmou1/jikes/jikesrvm/energy/64/libCPUScaler.so
7f8d63cfd000-7f8d63cfe000 ---p 00000000 00:00 0 
7f8d63cfe000-7f8d63dfe000 rw-p 00000000 00:00 0 
7f8d63dfe000-7f8d63e01000 ---p 00000000 00:00 0 
7f8d63e01000-7f8d63eff000 rw-p 00000000 00:00 0 
7f8d63eff000-7f8d63f00000 ---p 00000000 00:00 0 
7f8d63f00000-7f8d63f03000 ---p 00000000 00:00 0 
7f8d63f03000-7f8d64000000 rw-p 00000000 00:00 0 
7f8d64000000-7f8d64021000 rw-p 00000000 00:00 0 
7f8d64021000-7f8d68000000 ---p 00000000 00:00 0 
7f8d6805b000-7f8d6805c000 ---p 00000000 00:00 0 
7f8d6805c000-7f8d6805f000 ---p 00000000 00:00 0 
7f8d6805f000-7f8d6815c000 rw-p 00000000 00:00 0 
7f8d6815c000-7f8d6815d000 ---p 00000000 00:00 0 
7f8d6815d000-7f8d68160000 ---p 00000000 00:00 0 
7f8d68160000-7f8d6825d000 rw-p 00000000 00:00 0 
7f8d6825d000-7f8d6825e000 ---p 00000000 00:00 0 
7f8d6825e000-7f8d68261000 ---p 00000000 00:00 0 
7f8d68261000-7f8d6835e000 rw-p 00000000 00:00 0 
7f8d6835e000-7f8d6835f000 ---p 00000000 00:00 0 
7f8d6835f000-7f8d68362000 ---p 00000000 00:00 0 
7f8d68362000-7f8d6845f000 rw-p 00000000 00:00 0 
7f8d6845f000-7f8d68460000 ---p 00000000 00:00 0 
7f8d68460000-7f8d68463000 ---p 00000000 00:00 0 
7f8d68463000-7f8d68560000 rw-p 00000000 00:00 0 
7f8d68560000-7f8d68561000 ---p 00000000 00:00 0 
7f8d68561000-7f8d68564000 ---p 00000000 00:00 0 
7f8d68564000-7f8d68661000 rw-p 00000000 00:00 0 
7f8d68661000-7f8d68662000 ---p 00000000 00:00 0 
7f8d68662000-7f8d68665000 ---p 00000000 00:00 0 
7f8d68665000-7f8d68762000 rw-p 00000000 00:00 0 
7f8d68762000-7f8d68763000 ---p 00000000 00:00 0 
7f8d68763000-7f8d68766000 ---p 00000000 00:00 0 
7f8d68766000-7f8d68863000 rw-p 00000000 00:00 0 
7f8d68863000-7f8d68864000 ---p 00000000 00:00 0 
7f8d68864000-7f8d68867000 ---p 00000000 00:00 0 
7f8d68867000-7f8d68964000 rw-p 00000000 00:00 0 
7f8d68964000-7f8d68965000 ---p 00000000 00:00 0 
7f8d68965000-7f8d68968000 ---p 00000000 00:00 0 
7f8d68968000-7f8d68a65000 rw-p 00000000 00:00 0 
7f8d68a65000-7f8d68a66000 ---p 00000000 00:00 0 
7f8d68a66000-7f8d68a69000 ---p 00000000 00:00 0 
7f8d68a69000-7f8d68b66000 rw-p 00000000 00:00 0 
7f8d68b66000-7f8d68b67000 ---p 00000000 00:00 0 
7f8d68b67000-7f8d68b6a000 ---p 00000000 00:00 0 
7f8d68b6a000-7f8d68c67000 rw-p 00000000 00:00 0 
7f8d68c67000-7f8d68c68000 ---p 00000000 00:00 0 
7f8d68c68000-7f8d68c6b000 ---p 00000000 00:00 0 
7f8d68c6b000-7f8d68d68000 rw-p 00000000 00:00 0 
7f8d68d68000-7f8d68d69000 ---p 00000000 00:00 0 
7f8d68d69000-7f8d68d6c000 ---p 00000000 00:00 0 
7f8d68d6c000-7f8d68e69000 rw-p 00000000 00:00 0 
7f8d68e69000-7f8d68e6c000 ---p 00000000 00:00 0 
7f8d68e6c000-7f8d68f6a000 rw-p 00000000 00:00 0 
7f8d68f6a000-7f8d69105000 r--p 00000000 08:02 160301694                  /usr/lib/locale/locale-archive
7f8d69105000-7f8d69108000 ---p 00000000 00:00 0 
7f8d69108000-7f8d69206000 rw-p 00000000 00:00 0 
7f8d69206000-7f8d69209000 ---p 00000000 00:00 0 
7f8d69209000-7f8d69307000 rw-p 00000000 00:00 0 
7f8d69307000-7f8d69308000 ---p 00000000 00:00 0 
7f8d69308000-7f8d6c000000 rw-p 00000000 00:00 0 
7f8d6c000000-7f8d6c021000 rw-p 00000000 00:00 0 
7f8d6c021000-7f8d70000000 ---p 00000000 00:00 0 
7f8d7000e000-7f8d72098000 rw-p 00000000 00:00 0 
7f8d72098000-7f8d74000000 rw-p 00000000 00:00 0 
7f8d74000000-7f8d74021000 rw-p 00000000 00:00 0 
7f8d74021000-7f8d78000000 ---p 00000000 00:00 0 
7f8d78000000-7f8d78021000 rw-p 00000000 00:00 0 
7f8d78021000-7f8d7c000000 ---p 00000000 00:00 0 
7f8d7c000000-7f8d7c021000 rw-p 00000000 00:00 0 
7f8d7c021000-7f8d80000000 ---p 00000000 00:00 0 
7f8d80000000-7f8d80021000 rw-p 00000000 00:00 0 
7f8d80021000-7f8d84000000 ---p 00000000 00:00 0 
7f8d84000000-7f8d84021000 rw-p 00000000 00:00 0 
7f8d84021000-7f8d88000000 ---p 00000000 00:00 0 
7f8d88000000-7f8d88021000 rw-p 00000000 00:00 0 
7f8d88021000-7f8d8c000000 ---p 00000000 00:00 0 
7f8d8c000000-7f8d8c021000 rw-p 00000000 00:00 0 
7f8d8c021000-7f8d90000000 ---p 00000000 00:00 0 
7f8d9001b000-7f8d90e6b000 rw-p 00000000 00:00 0 
7f8d90e6b000-7f8d91045000 r--s 03d6f000 08:02 160962147                  /usr/lib/jvm/java-8-oracle/jre/lib/rt.jar
7f8d91045000-7f8d91485000 rw-p 00000000 00:00 0 
7f8d91485000-7f8d91845000 ---p 00000000 00:00 0 
7f8d91845000-7f8d91980000 rw-p 00000000 00:00 0 
7f8d91980000-7f8d91981000 ---p 00000000 00:00 0 
7f8d91981000-7f8d91a81000 rw-p 00000000 00:00 0 
7f8d91a81000-7f8d91a82000 ---p 00000000 00:00 0 
7f8d91a82000-7f8d91b82000 rw-p 00000000 00:00 0 
7f8d91b82000-7f8d91b83000 ---p 00000000 00:00 0 
7f8d91b83000-7f8d91c83000 rw-p 00000000 00:00 0 
7f8d91c83000-7f8d91c84000 ---p 00000000 00:00 0 
7f8d91c84000-7f8d91d84000 rw-p 00000000 00:00 0 
7f8d91d84000-7f8d91d85000 ---p 00000000 00:00 0 
7f8d91d85000-7f8d91e85000 rw-p 00000000 00:00 0 
7f8d91e85000-7f8d91e86000 ---p 00000000 00:00 0 
7f8d91e86000-7f8d91f86000 rw-p 00000000 00:00 0 
7f8d91f86000-7f8d91f87000 ---p 00000000 00:00 0 
7f8d91f87000-7f8d92087000 rw-p 00000000 00:00 0 
7f8d92087000-7f8d92088000 ---p 00000000 00:00 0 
7f8d92088000-7f8d92188000 rw-p 00000000 00:00 0 
7f8d92188000-7f8d92189000 ---p 00000000 00:00 0 
7f8d92189000-7f8d92289000 rw-p 00000000 00:00 0 
7f8d92289000-7f8d9228a000 ---p 00000000 00:00 0 
7f8d9228a000-7f8d9238a000 rw-p 00000000 00:00 0 
7f8d9238a000-7f8d9238b000 ---p 00000000 00:00 0 
7f8d9238b000-7f8d9248b000 rw-p 00000000 00:00 0 
7f8d9248b000-7f8d9248c000 ---p 00000000 00:00 0 
7f8d9248c000-7f8d9258c000 rw-p 00000000 00:00 0 
7f8d9258c000-7f8d9258d000 ---p 00000000 00:00 0 
7f8d9258d000-7f8d9268d000 rw-p 00000000 00:00 0 
7f8d9268d000-7f8d9268e000 ---p 00000000 00:00 0 
7f8d9268e000-7f8d9278e000 rw-p 00000000 00:00 0 
7f8d9278e000-7f8d9278f000 ---p 00000000 00:00 0 
7f8d9278f000-7f8d9288f000 rw-p 00000000 00:00 0 
7f8d9288f000-7f8d92890000 ---p 00000000 00:00 0 
7f8d92890000-7f8d92990000 rw-p 00000000 00:00 0 
7f8d92990000-7f8d92991000 ---p 00000000 00:00 0 
7f8d92991000-7f8d92a91000 rw-p 00000000 00:00 0 
7f8d92a91000-7f8d92a92000 ---p 00000000 00:00 0 
7f8d92a92000-7f8d92b92000 rw-p 00000000 00:00 0 
7f8d92b92000-7f8d92b93000 ---p 00000000 00:00 0 
7f8d92b93000-7f8d92c93000 rw-p 00000000 00:00 0 
7f8d92c93000-7f8d92c94000 ---p 00000000 00:00 0 
7f8d92c94000-7f8d92d94000 rw-p 00000000 00:00 0 
7f8d92d94000-7f8d92d95000 ---p 00000000 00:00 0 
7f8d92d95000-7f8d92e95000 rw-p 00000000 00:00 0 
7f8d92e95000-7f8d92e96000 ---p 00000000 00:00 0 
7f8d92e96000-7f8d92f96000 rw-p 00000000 00:00 0 
7f8d92f96000-7f8d92f97000 ---p 00000000 00:00 0 
7f8d92f97000-7f8d93097000 rw-p 00000000 00:00 0 
7f8d93097000-7f8d931e7000 rw-p 00000000 00:00 0 
7f8d931e7000-7f8d94587000 ---p 00000000 00:00 0 
7f8d94587000-7f8d9462f000 rw-p 00000000 00:00 0 
7f8d9462f000-7f8d94fff000 ---p 00000000 00:00 0 
7f8d94fff000-7f8d95000000 rw-p 00000000 00:00 0 
7f8d95000000-7f8d95350000 rwxp 00000000 00:00 0 
7f8d95350000-7f8da4000000 ---p 00000000 00:00 0 
7f8da4000000-7f8da4152000 rw-p 00000000 00:00 0 
7f8da4152000-7f8da8000000 ---p 00000000 00:00 0 
7f8da8003000-7f8da80bb000 rw-p 00000000 00:00 0 
7f8da80bb000-7f8da80bc000 ---p 00000000 00:00 0 
7f8da80bc000-7f8da81bc000 rw-p 00000000 00:00 0 
7f8da81bc000-7f8da81bd000 ---p 00000000 00:00 0 
7f8da81bd000-7f8da82bd000 rw-p 00000000 00:00 0 
7f8da82bd000-7f8da82be000 ---p 00000000 00:00 0 
7f8da82be000-7f8da83be000 rw-p 00000000 00:00 0 
7f8da83be000-7f8da83bf000 ---p 00000000 00:00 0 
7f8da83bf000-7f8da84bf000 rw-p 00000000 00:00 0 
7f8da84bf000-7f8da84c0000 ---p 00000000 00:00 0 
7f8da84c0000-7f8da85c0000 rw-p 00000000 00:00 0 
7f8da85c0000-7f8da8710000 rw-p 00000000 00:00 0 
7f8da8710000-7f8da9ab0000 ---p 00000000 00:00 0 
7f8da9ab0000-7f8da9abe000 rw-p 00000000 00:00 0 
7f8da9abe000-7f8da9e70000 ---p 00000000 00:00 0 
7f8da9e70000-7f8da9e8b000 r-xp 00000000 08:02 160962360                  /usr/lib/jvm/java-8-oracle/jre/lib/amd64/libzip.so
7f8da9e8b000-7f8daa08a000 ---p 0001b000 08:02 160962360                  /usr/lib/jvm/java-8-oracle/jre/lib/amd64/libzip.so
7f8daa08a000-7f8daa08b000 r--p 0001a000 08:02 160962360                  /usr/lib/jvm/java-8-oracle/jre/lib/amd64/libzip.so
7f8daa08b000-7f8daa08c000 rw-p 0001b000 08:02 160962360                  /usr/lib/jvm/java-8-oracle/jre/lib/amd64/libzip.so
7f8daa08c000-7f8daa096000 r-xp 00000000 08:02 21103107                   /lib/x86_64-linux-gnu/libnss_files-2.24.so
7f8daa096000-7f8daa296000 ---p 0000a000 08:02 21103107                   /lib/x86_64-linux-gnu/libnss_files-2.24.so
7f8daa296000-7f8daa297000 r--p 0000a000 08:02 21103107                   /lib/x86_64-linux-gnu/libnss_files-2.24.so
7f8daa297000-7f8daa298000 rw-p 0000b000 08:02 21103107                   /lib/x86_64-linux-gnu/libnss_files-2.24.so
7f8daa298000-7f8daa29e000 rw-p 00000000 00:00 0 
7f8daa29e000-7f8daa2a9000 r-xp 00000000 08:02 21103421                   /lib/x86_64-linux-gnu/libnss_nis-2.24.so
7f8daa2a9000-7f8daa4a8000 ---p 0000b000 08:02 21103421                   /lib/x86_64-linux-gnu/libnss_nis-2.24.so
7f8daa4a8000-7f8daa4a9000 r--p 0000a000 08:02 21103421                   /lib/x86_64-linux-gnu/libnss_nis-2.24.so
7f8daa4a9000-7f8daa4aa000 rw-p 0000b000 08:02 21103421                   /lib/x86_64-linux-gnu/libnss_nis-2.24.so
7f8daa4aa000-7f8daa4be000 r-xp 00000000 08:02 21103104                   /lib/x86_64-linux-gnu/libnsl-2.24.so
7f8daa4be000-7f8daa6be000 ---p 00014000 08:02 21103104                   /lib/x86_64-linux-gnu/libnsl-2.24.so
7f8daa6be000-7f8daa6bf000 r--p 00014000 08:02 21103104                   /lib/x86_64-linux-gnu/libnsl-2.24.so
7f8daa6bf000-7f8daa6c0000 rw-p 00015000 08:02 21103104                   /lib/x86_64-linux-gnu/libnsl-2.24.so
7f8daa6c0000-7f8daa6c2000 rw-p 00000000 00:00 0 
7f8daa6c2000-7f8daa6c9000 r-xp 00000000 08:02 21103105                   /lib/x86_64-linux-gnu/libnss_compat-2.24.so
7f8daa6c9000-7f8daa8c8000 ---p 00007000 08:02 21103105                   /lib/x86_64-linux-gnu/libnss_compat-2.24.so
7f8daa8c8000-7f8daa8c9000 r--p 00006000 08:02 21103105                   /lib/x86_64-linux-gnu/libnss_compat-2.24.so
7f8daa8c9000-7f8daa8ca000 rw-p 00007000 08:02 21103105                   /lib/x86_64-linux-gnu/libnss_compat-2.24.so
7f8daa8ca000-7f8daa8f6000 r-xp 00000000 08:02 160962354                  /usr/lib/jvm/java-8-oracle/jre/lib/amd64/libjava.so
7f8daa8f6000-7f8daaaf6000 ---p 0002c000 08:02 160962354                  /usr/lib/jvm/java-8-oracle/jre/lib/amd64/libjava.so
7f8daaaf6000-7f8daaaf7000 r--p 0002c000 08:02 160962354                  /usr/lib/jvm/java-8-oracle/jre/lib/amd64/libjava.so
7f8daaaf7000-7f8daaaf9000 rw-p 0002d000 08:02 160962354                  /usr/lib/jvm/java-8-oracle/jre/lib/amd64/libjava.so
7f8daaaf9000-7f8daab06000 r-xp 00000000 08:02 160962359                  /usr/lib/jvm/java-8-oracle/jre/lib/amd64/libverify.so
7f8daab06000-7f8daad05000 ---p 0000d000 08:02 160962359                  /usr/lib/jvm/java-8-oracle/jre/lib/amd64/libverify.so
7f8daad05000-7f8daad07000 r--p 0000c000 08:02 160962359                  /usr/lib/jvm/java-8-oracle/jre/lib/amd64/libverify.so
7f8daad07000-7f8daad08000 rw-p 0000e000 08:02 160962359                  /usr/lib/jvm/java-8-oracle/jre/lib/amd64/libverify.so
7f8daad08000-7f8daad0f000 r-xp 00000000 08:02 21103439                   /lib/x86_64-linux-gnu/librt-2.24.so
7f8daad0f000-7f8daaf0e000 ---p 00007000 08:02 21103439                   /lib/x86_64-linux-gnu/librt-2.24.so
7f8daaf0e000-7f8daaf0f000 r--p 00006000 08:02 21103439                   /lib/x86_64-linux-gnu/librt-2.24.so
7f8daaf0f000-7f8daaf10000 rw-p 00007000 08:02 21103439                   /lib/x86_64-linux-gnu/librt-2.24.so
7f8daaf10000-7f8dab013000 r-xp 00000000 08:02 21103099                   /lib/x86_64-linux-gnu/libm-2.24.so
7f8dab013000-7f8dab212000 ---p 00103000 08:02 21103099                   /lib/x86_64-linux-gnu/libm-2.24.so
7f8dab212000-7f8dab213000 r--p 00102000 08:02 21103099                   /lib/x86_64-linux-gnu/libm-2.24.so
7f8dab213000-7f8dab214000 rw-p 00103000 08:02 21103099                   /lib/x86_64-linux-gnu/libm-2.24.so
7f8dab214000-7f8dabefc000 r-xp 00000000 08:02 160962336                  /usr/lib/jvm/java-8-oracle/jre/lib/amd64/server/libjvm.so
7f8dabefc000-7f8dac0fb000 ---p 00ce8000 08:02 160962336                  /usr/lib/jvm/java-8-oracle/jre/lib/amd64/server/libjvm.so
7f8dac0fb000-7f8dac191000 r--p 00ce7000 08:02 160962336                  /usr/lib/jvm/java-8-oracle/jre/lib/amd64/server/libjvm.so
7f8dac191000-7f8dac1c2000 rw-p 00d7d000 08:02 160962336                  /usr/lib/jvm/java-8-oracle/jre/lib/amd64/server/libjvm.so
7f8dac1c2000-7f8dac1fd000 rw-p 00000000 00:00 0 
7f8dac1fd000-7f8dac392000 r-xp 00000000 08:02 21103086                   /lib/x86_64-linux-gnu/libc-2.24.so
7f8dac392000-7f8dac592000 ---p 00195000 08:02 21103086                   /lib/x86_64-linux-gnu/libc-2.24.so
7f8dac592000-7f8dac596000 r--p 00195000 08:02 21103086                   /lib/x86_64-linux-gnu/libc-2.24.so
7f8dac596000-7f8dac598000 rw-p 00199000 08:02 21103086                   /lib/x86_64-linux-gnu/libc-2.24.so
7f8dac598000-7f8dac59c000 rw-p 00000000 00:00 0 
7f8dac59c000-7f8dac59f000 r-xp 00000000 08:02 21103098                   /lib/x86_64-linux-gnu/libdl-2.24.so
7f8dac59f000-7f8dac79e000 ---p 00003000 08:02 21103098                   /lib/x86_64-linux-gnu/libdl-2.24.so
7f8dac79e000-7f8dac79f000 r--p 00002000 08:02 21103098                   /lib/x86_64-linux-gnu/libdl-2.24.so
7f8dac79f000-7f8dac7a0000 rw-p 00003000 08:02 21103098                   /lib/x86_64-linux-gnu/libdl-2.24.so
7f8dac7a0000-7f8dac7b7000 r-xp 00000000 08:02 160962331                  /usr/lib/jvm/java-8-oracle/jre/lib/amd64/jli/libjli.so
7f8dac7b7000-7f8dac9b6000 ---p 00017000 08:02 160962331                  /usr/lib/jvm/java-8-oracle/jre/lib/amd64/jli/libjli.so
7f8dac9b6000-7f8dac9b7000 r--p 00016000 08:02 160962331                  /usr/lib/jvm/java-8-oracle/jre/lib/amd64/jli/libjli.so
7f8dac9b7000-7f8dac9b8000 rw-p 00017000 08:02 160962331                  /usr/lib/jvm/java-8-oracle/jre/lib/amd64/jli/libjli.so
7f8dac9b8000-7f8dac9d0000 r-xp 00000000 08:02 21103433                   /lib/x86_64-linux-gnu/libpthread-2.24.so
7f8dac9d0000-7f8dacbcf000 ---p 00018000 08:02 21103433                   /lib/x86_64-linux-gnu/libpthread-2.24.so
7f8dacbcf000-7f8dacbd0000 r--p 00017000 08:02 21103433                   /lib/x86_64-linux-gnu/libpthread-2.24.so
7f8dacbd0000-7f8dacbd1000 rw-p 00018000 08:02 21103433                   /lib/x86_64-linux-gnu/libpthread-2.24.so
7f8dacbd1000-7f8dacbd5000 rw-p 00000000 00:00 0 
7f8dacbd5000-7f8dacbf8000 r-xp 00000000 08:02 21102628                   /lib/x86_64-linux-gnu/ld-2.24.so
7f8dacc15000-7f8dacce7000 rw-p 00000000 00:00 0 
7f8dacce7000-7f8dacce8000 ---p 00000000 00:00 0 
7f8dacce8000-7f8dacceb000 ---p 00000000 00:00 0 
7f8dacceb000-7f8dacdec000 rw-p 00000000 00:00 0 
7f8dacdee000-7f8dacdf6000 rw-s 00000000 08:02 93465316                   /tmp/hsperfdata_kenan/37647
7f8dacdf6000-7f8dacdf7000 rw-p 00000000 00:00 0 
7f8dacdf7000-7f8dacdf8000 r--p 00000000 00:00 0 
7f8dacdf8000-7f8dacdf9000 r--p 00023000 08:02 21102628                   /lib/x86_64-linux-gnu/ld-2.24.so
7f8dacdf9000-7f8dacdfa000 rw-p 00024000 08:02 21102628                   /lib/x86_64-linux-gnu/ld-2.24.so
7f8dacdfa000-7f8dacdfb000 rw-p 00000000 00:00 0 
7fff8f761000-7fff8f782000 rw-p 00000000 00:00 0                          [stack]
7fff8f784000-7fff8f786000 r--p 00000000 00:00 0                          [vvar]
7fff8f786000-7fff8f788000 r-xp 00000000 00:00 0                          [vdso]
ffffffffff600000-ffffffffff601000 r-xp 00000000 00:00 0                  [vsyscall]

VM Arguments:
java_command: energy.Scaler 1 userspace
java_class_path (initial): .
Launcher Type: SUN_STANDARD

Environment Variables:
JAVA_HOME=/usr/lib/jvm/java-11-oracle
PATH=/usr/local/bin:/usr/bin:/bin:/usr/local/games:/usr/games:/usr/lib/jvm/java-11-oracle/bin:/usr/lib/jvm/java-11-oracle/db/bin
SHELL=/bin/bash

Signal Handlers:
SIGSEGV: [libjvm.so+0xad3e60], sa_mask[0]=11111111011111111101111111111110, sa_flags=SA_RESTART|SA_SIGINFO
SIGBUS: [libjvm.so+0xad3e60], sa_mask[0]=11111111011111111101111111111110, sa_flags=SA_RESTART|SA_SIGINFO
SIGFPE: [libjvm.so+0x90b880], sa_mask[0]=11111111011111111101111111111110, sa_flags=SA_RESTART|SA_SIGINFO
SIGPIPE: [libjvm.so+0x90b880], sa_mask[0]=11111111011111111101111111111110, sa_flags=SA_RESTART|SA_SIGINFO
SIGXFSZ: [libjvm.so+0x90b880], sa_mask[0]=11111111011111111101111111111110, sa_flags=SA_RESTART|SA_SIGINFO
SIGILL: [libjvm.so+0x90b880], sa_mask[0]=11111111011111111101111111111110, sa_flags=SA_RESTART|SA_SIGINFO
SIGUSR1: SIG_DFL, sa_mask[0]=00000000000000000000000000000000, sa_flags=none
SIGUSR2: [libjvm.so+0x90b750], sa_mask[0]=00000000000000000000000000000000, sa_flags=SA_RESTART|SA_SIGINFO
SIGHUP: [libjvm.so+0x90bd70], sa_mask[0]=11111111011111111101111111111110, sa_flags=SA_RESTART|SA_SIGINFO
SIGINT: [libjvm.so+0x90bd70], sa_mask[0]=11111111011111111101111111111110, sa_flags=SA_RESTART|SA_SIGINFO
SIGTERM: [libjvm.so+0x90bd70], sa_mask[0]=11111111011111111101111111111110, sa_flags=SA_RESTART|SA_SIGINFO
SIGQUIT: [libjvm.so+0x90bd70], sa_mask[0]=11111111011111111101111111111110, sa_flags=SA_RESTART|SA_SIGINFO


---------------  S Y S T E M  ---------------

OS:PRETTY_NAME="Debian GNU/Linux 9 (stretch)"
NAME="Debian GNU/Linux"
VERSION_ID="9"
VERSION="9 (stretch)"
ID=debian
HOME_URL="https://www.debian.org/"
SUPPORT_URL="https://www.debian.org/support"
BUG_REPORT_URL="https://bugs.debian.org/"

uname:Linux 4.9.0-0.bpo.8-amd64 #1 SMP Debian 4.9.144-3.1~deb8u1 (2019-03-14) x86_64
libc:glibc 2.24 NPTL 2.24 
rlimit: STACK 8192k, CORE 0k, NPROC 257182, NOFILE 65536, AS infinity
load average:0.04 0.01 0.00

/proc/meminfo:
MemTotal:       65860080 kB
MemFree:        47032444 kB
MemAvailable:   64877400 kB
Buffers:          209036 kB
Cached:         17913064 kB
SwapCached:            0 kB
Active:          1300244 kB
Inactive:       16861004 kB
Active(anon):      39400 kB
Inactive(anon):     9072 kB
Active(file):    1260844 kB
Inactive(file): 16851932 kB
Unevictable:           0 kB
Mlocked:               0 kB
SwapTotal:      118448124 kB
SwapFree:       118448124 kB
Dirty:                40 kB
Writeback:             0 kB
AnonPages:         39392 kB
Mapped:            32112 kB
Shmem:              9328 kB
Slab:             441116 kB
SReclaimable:     402420 kB
SUnreclaim:        38696 kB
KernelStack:        8064 kB
PageTables:         2860 kB
NFS_Unstable:          0 kB
Bounce:                0 kB
WritebackTmp:          0 kB
CommitLimit:    151378164 kB
Committed_AS:    1808412 kB
VmallocTotal:   34359738367 kB
VmallocUsed:           0 kB
VmallocChunk:          0 kB
HardwareCorrupted:     0 kB
AnonHugePages:         0 kB
ShmemHugePages:        0 kB
ShmemPmdMapped:        0 kB
HugePages_Total:       0
HugePages_Free:        0
HugePages_Rsvd:        0
HugePages_Surp:        0
Hugepagesize:       2048 kB
DirectMap4k:      158196 kB
DirectMap2M:     4968448 kB
DirectMap1G:    63963136 kB

container (cgroup) information:
container_type: cgroupv1
cpu_cpuset_cpus: 0-39
cpu_memory_nodes: 0-1
active_processor_count: 40
cpu_quota: -1
cpu_period: 100000
cpu_shares: -1
memory_limit_in_bytes: -1
memory_and_swap_limit_in_bytes: -2
memory_soft_limit_in_bytes: -1
memory_usage_in_bytes: 18598543360
memory_max_usage_in_bytes: 0


CPU:total 40 (initial active 40) (10 cores per cpu, 2 threads per core) family 6 model 79 stepping 1, cmov, cx8, fxsr, mmx, sse, sse2, sse3, ssse3, sse4.1, sse4.2, popcnt, avx, avx2, aes, clmul, erms, rtm, 3dnowpref, lzcnt, ht, tsc, tscinvbit, bmi1, bmi2, adx

/proc/cpuinfo:
processor	: 0
vendor_id	: GenuineIntel
cpu family	: 6
model		: 79
model name	: Intel(R) Xeon(R) CPU E5-2630 v4 @ 2.20GHz
stepping	: 1
microcode	: 0xb00001f
cpu MHz		: 1200.170
cache size	: 25600 KB
physical id	: 0
siblings	: 20
core id		: 0
cpu cores	: 10
apicid		: 0
initial apicid	: 0
fpu		: yes
fpu_exception	: yes
cpuid level	: 20
wp		: yes
flags		: fpu vme de pse tsc msr pae mce cx8 apic sep mtrr pge mca cmov pat pse36 clflush dts acpi mmx fxsr sse sse2 ss ht tm pbe syscall nx pdpe1gb rdtscp lm constant_tsc arch_perfmon pebs bts rep_good nopl xtopology nonstop_tsc aperfmperf pni pclmulqdq dtes64 monitor ds_cpl vmx smx est tm2 ssse3 sdbg fma cx16 xtpr pdcm pcid dca sse4_1 sse4_2 x2apic movbe popcnt tsc_deadline_timer aes xsave avx f16c rdrand lahf_lm abm 3dnowprefetch epb invpcid_single kaiser tpr_shadow vnmi flexpriority ept vpid fsgsbase tsc_adjust bmi1 hle avx2 smep bmi2 erms invpcid rtm cqm rdseed adx smap intel_pt xsaveopt cqm_llc cqm_occup_llc cqm_mbm_total cqm_mbm_local dtherm ida arat pln pts
bugs		: cpu_meltdown spectre_v1 spectre_v2 spec_store_bypass l1tf
bogomips	: 4390.45
clflush size	: 64
cache_alignment	: 64
address sizes	: 46 bits physical, 48 bits virtual
power management:

processor	: 1
vendor_id	: GenuineIntel
cpu family	: 6
model		: 79
model name	: Intel(R) Xeon(R) CPU E5-2630 v4 @ 2.20GHz
stepping	: 1
microcode	: 0xb00001f
cpu MHz		: 1200.305
cache size	: 25600 KB
physical id	: 0
siblings	: 20
core id		: 1
cpu cores	: 10
apicid		: 2
initial apicid	: 2
fpu		: yes
fpu_exception	: yes
cpuid level	: 20
wp		: yes
flags		: fpu vme de pse tsc msr pae mce cx8 apic sep mtrr pge mca cmov pat pse36 clflush dts acpi mmx fxsr sse sse2 ss ht tm pbe syscall nx pdpe1gb rdtscp lm constant_tsc arch_perfmon pebs bts rep_good nopl xtopology nonstop_tsc aperfmperf pni pclmulqdq dtes64 monitor ds_cpl vmx smx est tm2 ssse3 sdbg fma cx16 xtpr pdcm pcid dca sse4_1 sse4_2 x2apic movbe popcnt tsc_deadline_timer aes xsave avx f16c rdrand lahf_lm abm 3dnowprefetch epb invpcid_single kaiser tpr_shadow vnmi flexpriority ept vpid fsgsbase tsc_adjust bmi1 hle avx2 smep bmi2 erms invpcid rtm cqm rdseed adx smap intel_pt xsaveopt cqm_llc cqm_occup_llc cqm_mbm_total cqm_mbm_local dtherm ida arat pln pts
bugs		: cpu_meltdown spectre_v1 spectre_v2 spec_store_bypass l1tf
bogomips	: 4390.45
clflush size	: 64
cache_alignment	: 64
address sizes	: 46 bits physical, 48 bits virtual
power management:

processor	: 2
vendor_id	: GenuineIntel
cpu family	: 6
model		: 79
model name	: Intel(R) Xeon(R) CPU E5-2630 v4 @ 2.20GHz
stepping	: 1
microcode	: 0xb00001f
cpu MHz		: 1201.245
cache size	: 25600 KB
physical id	: 0
siblings	: 20
core id		: 2
cpu cores	: 10
apicid		: 4
initial apicid	: 4
fpu		: yes
fpu_exception	: yes
cpuid level	: 20
wp		: yes
flags		: fpu vme de pse tsc msr pae mce cx8 apic sep mtrr pge mca cmov pat pse36 clflush dts acpi mmx fxsr sse sse2 ss ht tm pbe syscall nx pdpe1gb rdtscp lm constant_tsc arch_perfmon pebs bts rep_good nopl xtopology nonstop_tsc aperfmperf pni pclmulqdq dtes64 monitor ds_cpl vmx smx est tm2 ssse3 sdbg fma cx16 xtpr pdcm pcid dca sse4_1 sse4_2 x2apic movbe popcnt tsc_deadline_timer aes xsave avx f16c rdrand lahf_lm abm 3dnowprefetch epb invpcid_single kaiser tpr_shadow vnmi flexpriority ept vpid fsgsbase tsc_adjust bmi1 hle avx2 smep bmi2 erms invpcid rtm cqm rdseed adx smap intel_pt xsaveopt cqm_llc cqm_occup_llc cqm_mbm_total cqm_mbm_local dtherm ida arat pln pts
bugs		: cpu_meltdown spectre_v1 spectre_v2 spec_store_bypass l1tf
bogomips	: 4390.45
clflush size	: 64
cache_alignment	: 64
address sizes	: 46 bits physical, 48 bits virtual
power management:

processor	: 3
vendor_id	: GenuineIntel
cpu family	: 6
model		: 79
model name	: Intel(R) Xeon(R) CPU E5-2630 v4 @ 2.20GHz
stepping	: 1
microcode	: 0xb00001f
cpu MHz		: 1240.051
cache size	: 25600 KB
physical id	: 0
siblings	: 20
core id		: 3
cpu cores	: 10
apicid		: 6
initial apicid	: 6
fpu		: yes
fpu_exception	: yes
cpuid level	: 20
wp		: yes
flags		: fpu vme de pse tsc msr pae mce cx8 apic sep mtrr pge mca cmov pat pse36 clflush dts acpi mmx fxsr sse sse2 ss ht tm pbe syscall nx pdpe1gb rdtscp lm constant_tsc arch_perfmon pebs bts rep_good nopl xtopology nonstop_tsc aperfmperf pni pclmulqdq dtes64 monitor ds_cpl vmx smx est tm2 ssse3 sdbg fma cx16 xtpr pdcm pcid dca sse4_1 sse4_2 x2apic movbe popcnt tsc_deadline_timer aes xsave avx f16c rdrand lahf_lm abm 3dnowprefetch epb invpcid_single kaiser tpr_shadow vnmi flexpriority ept vpid fsgsbase tsc_adjust bmi1 hle avx2 smep bmi2 erms invpcid rtm cqm rdseed adx smap intel_pt xsaveopt cqm_llc cqm_occup_llc cqm_mbm_total cqm_mbm_local dtherm ida arat pln pts
bugs		: cpu_meltdown spectre_v1 spectre_v2 spec_store_bypass l1tf
bogomips	: 4390.45
clflush size	: 64
cache_alignment	: 64
address sizes	: 46 bits physical, 48 bits virtual
power management:

processor	: 4
vendor_id	: GenuineIntel
cpu family	: 6
model		: 79
model name	: Intel(R) Xeon(R) CPU E5-2630 v4 @ 2.20GHz
stepping	: 1
microcode	: 0xb00001f
cpu MHz		: 1359.423
cache size	: 25600 KB
physical id	: 0
siblings	: 20
core id		: 4
cpu cores	: 10
apicid		: 8
initial apicid	: 8
fpu		: yes
fpu_exception	: yes
cpuid level	: 20
wp		: yes
flags		: fpu vme de pse tsc msr pae mce cx8 apic sep mtrr pge mca cmov pat pse36 clflush dts acpi mmx fxsr sse sse2 ss ht tm pbe syscall nx pdpe1gb rdtscp lm constant_tsc arch_perfmon pebs bts rep_good nopl xtopology nonstop_tsc aperfmperf pni pclmulqdq dtes64 monitor ds_cpl vmx smx est tm2 ssse3 sdbg fma cx16 xtpr pdcm pcid dca sse4_1 sse4_2 x2apic movbe popcnt tsc_deadline_timer aes xsave avx f16c rdrand lahf_lm abm 3dnowprefetch epb invpcid_single kaiser tpr_shadow vnmi flexpriority ept vpid fsgsbase tsc_adjust bmi1 hle avx2 smep bmi2 erms invpcid rtm cqm rdseed adx smap intel_pt xsaveopt cqm_llc cqm_occup_llc cqm_mbm_total cqm_mbm_local dtherm ida arat pln pts
bugs		: cpu_meltdown spectre_v1 spectre_v2 spec_store_bypass l1tf
bogomips	: 4390.45
clflush size	: 64
cache_alignment	: 64
address sizes	: 46 bits physical, 48 bits virtual
power management:

processor	: 5
vendor_id	: GenuineIntel
cpu family	: 6
model		: 79
model name	: Intel(R) Xeon(R) CPU E5-2630 v4 @ 2.20GHz
stepping	: 1
microcode	: 0xb00001f
cpu MHz		: 1200.976
cache size	: 25600 KB
physical id	: 0
siblings	: 20
core id		: 8
cpu cores	: 10
apicid		: 16
initial apicid	: 16
fpu		: yes
fpu_exception	: yes
cpuid level	: 20
wp		: yes
flags		: fpu vme de pse tsc msr pae mce cx8 apic sep mtrr pge mca cmov pat pse36 clflush dts acpi mmx fxsr sse sse2 ss ht tm pbe syscall nx pdpe1gb rdtscp lm constant_tsc arch_perfmon pebs bts rep_good nopl xtopology nonstop_tsc aperfmperf pni pclmulqdq dtes64 monitor ds_cpl vmx smx est tm2 ssse3 sdbg fma cx16 xtpr pdcm pcid dca sse4_1 sse4_2 x2apic movbe popcnt tsc_deadline_timer aes xsave avx f16c rdrand lahf_lm abm 3dnowprefetch epb invpcid_single kaiser tpr_shadow vnmi flexpriority ept vpid fsgsbase tsc_adjust bmi1 hle avx2 smep bmi2 erms invpcid rtm cqm rdseed adx smap intel_pt xsaveopt cqm_llc cqm_occup_llc cqm_mbm_total cqm_mbm_local dtherm ida arat pln pts
bugs		: cpu_meltdown spectre_v1 spectre_v2 spec_store_bypass l1tf
bogomips	: 4390.45
clflush size	: 64
cache_alignment	: 64
address sizes	: 46 bits physical, 48 bits virtual
power management:

processor	: 6
vendor_id	: GenuineIntel
cpu family	: 6
model		: 79
model name	: Intel(R) Xeon(R) CPU E5-2630 v4 @ 2.20GHz
stepping	: 1
microcode	: 0xb00001f
cpu MHz		: 1202.990
cache size	: 25600 KB
physical id	: 0
siblings	: 20
core id		: 9
cpu cores	: 10
apicid		: 18
initial apicid	: 18
fpu		: yes
fpu_exception	: yes
cpuid level	: 20
wp		: yes
flags		: fpu vme de pse tsc msr pae mce cx8 apic sep mtrr pge mca cmov pat pse36 clflush dts acpi mmx fxsr sse sse2 ss ht tm pbe syscall nx pdpe1gb rdtscp lm constant_tsc arch_perfmon pebs bts rep_good nopl xtopology nonstop_tsc aperfmperf pni pclmulqdq dtes64 monitor ds_cpl vmx smx est tm2 ssse3 sdbg fma cx16 xtpr pdcm pcid dca sse4_1 sse4_2 x2apic movbe popcnt tsc_deadline_timer aes xsave avx f16c rdrand lahf_lm abm 3dnowprefetch epb invpcid_single kaiser tpr_shadow vnmi flexpriority ept vpid fsgsbase tsc_adjust bmi1 hle avx2 smep bmi2 erms invpcid rtm cqm rdseed adx smap intel_pt xsaveopt cqm_llc cqm_occup_llc cqm_mbm_total cqm_mbm_local dtherm ida arat pln pts
bugs		: cpu_meltdown spectre_v1 spectre_v2 spec_store_bypass l1tf
bogomips	: 4390.45
clflush size	: 64
cache_alignment	: 64
address sizes	: 46 bits physical, 48 bits virtual
power management:

processor	: 7
vendor_id	: GenuineIntel
cpu family	: 6
model		: 79
model name	: Intel(R) Xeon(R) CPU E5-2630 v4 @ 2.20GHz
stepping	: 1
microcode	: 0xb00001f
cpu MHz		: 1200.573
cache size	: 25600 KB
physical id	: 0
siblings	: 20
core id		: 10
cpu cores	: 10
apicid		: 20
initial apicid	: 20
fpu		: yes
fpu_exception	: yes
cpuid level	: 20
wp		: yes
flags		: fpu vme de pse tsc msr pae mce cx8 apic sep mtrr pge mca cmov pat pse36 clflush dts acpi mmx fxsr sse sse2 ss ht tm pbe syscall nx pdpe1gb rdtscp lm constant_tsc arch_perfmon pebs bts rep_good nopl xtopology nonstop_tsc aperfmperf pni pclmulqdq dtes64 monitor ds_cpl vmx smx est tm2 ssse3 sdbg fma cx16 xtpr pdcm pcid dca sse4_1 sse4_2 x2apic movbe popcnt tsc_deadline_timer aes xsave avx f16c rdrand lahf_lm abm 3dnowprefetch epb invpcid_single kaiser tpr_shadow vnmi flexpriority ept vpid fsgsbase tsc_adjust bmi1 hle avx2 smep bmi2 erms invpcid rtm cqm rdseed adx smap intel_pt xsaveopt cqm_llc cqm_occup_llc cqm_mbm_total cqm_mbm_local dtherm ida arat pln pts
bugs		: cpu_meltdown spectre_v1 spectre_v2 spec_store_bypass l1tf
bogomips	: 4390.45
clflush size	: 64
cache_alignment	: 64
address sizes	: 46 bits physical, 48 bits virtual
power management:

processor	: 8
vendor_id	: GenuineIntel
cpu family	: 6
model		: 79
model name	: Intel(R) Xeon(R) CPU E5-2630 v4 @ 2.20GHz
stepping	: 1
microcode	: 0xb00001f
cpu MHz		: 1200.842
cache size	: 25600 KB
physical id	: 0
siblings	: 20
core id		: 11
cpu cores	: 10
apicid		: 22
initial apicid	: 22
fpu		: yes
fpu_exception	: yes
cpuid level	: 20
wp		: yes
flags		: fpu vme de pse tsc msr pae mce cx8 apic sep mtrr pge mca cmov pat pse36 clflush dts acpi mmx fxsr sse sse2 ss ht tm pbe syscall nx pdpe1gb rdtscp lm constant_tsc arch_perfmon pebs bts rep_good nopl xtopology nonstop_tsc aperfmperf pni pclmulqdq dtes64 monitor ds_cpl vmx smx est tm2 ssse3 sdbg fma cx16 xtpr pdcm pcid dca sse4_1 sse4_2 x2apic movbe popcnt tsc_deadline_timer aes xsave avx f16c rdrand lahf_lm abm 3dnowprefetch epb invpcid_single kaiser tpr_shadow vnmi flexpriority ept vpid fsgsbase tsc_adjust bmi1 hle avx2 smep bmi2 erms invpcid rtm cqm rdseed adx smap intel_pt xsaveopt cqm_llc cqm_occup_llc cqm_mbm_total cqm_mbm_local dtherm ida arat pln pts
bugs		: cpu_meltdown spectre_v1 spectre_v2 spec_store_bypass l1tf
bogomips	: 4390.45
clflush size	: 64
cache_alignment	: 64
address sizes	: 46 bits physical, 48 bits virtual
power management:

processor	: 9
vendor_id	: GenuineIntel
cpu family	: 6
model		: 79
model name	: Intel(R) Xeon(R) CPU E5-2630 v4 @ 2.20GHz
stepping	: 1
microcode	: 0xb00001f
cpu MHz		: 1200.170
cache size	: 25600 KB
physical id	: 0
siblings	: 20
core id		: 12
cpu cores	: 10
apicid		: 24
initial apicid	: 24
fpu		: yes
fpu_exception	: yes
cpuid level	: 20
wp		: yes
flags		: fpu vme de pse tsc msr pae mce cx8 apic sep mtrr pge mca cmov pat pse36 clflush dts acpi mmx fxsr sse sse2 ss ht tm pbe syscall nx pdpe1gb rdtscp lm constant_tsc arch_perfmon pebs bts rep_good nopl xtopology nonstop_tsc aperfmperf pni pclmulqdq dtes64 monitor ds_cpl vmx smx est tm2 ssse3 sdbg fma cx16 xtpr pdcm pcid dca sse4_1 sse4_2 x2apic movbe popcnt tsc_deadline_timer aes xsave avx f16c rdrand lahf_lm abm 3dnowprefetch epb invpcid_single kaiser tpr_shadow vnmi flexpriority ept vpid fsgsbase tsc_adjust bmi1 hle avx2 smep bmi2 erms invpcid rtm cqm rdseed adx smap intel_pt xsaveopt cqm_llc cqm_occup_llc cqm_mbm_total cqm_mbm_local dtherm ida arat pln pts
bugs		: cpu_meltdown spectre_v1 spectre_v2 spec_store_bypass l1tf
bogomips	: 4390.45
clflush size	: 64
cache_alignment	: 64
address sizes	: 46 bits physical, 48 bits virtual
power management:

processor	: 10
vendor_id	: GenuineIntel
cpu family	: 6
model		: 79
model name	: Intel(R) Xeon(R) CPU E5-2630 v4 @ 2.20GHz
stepping	: 1
microcode	: 0xb00001f
cpu MHz		: 1200.036
cache size	: 25600 KB
physical id	: 1
siblings	: 20
core id		: 0
cpu cores	: 10
apicid		: 32
initial apicid	: 32
fpu		: yes
fpu_exception	: yes
cpuid level	: 20
wp		: yes
flags		: fpu vme de pse tsc msr pae mce cx8 apic sep mtrr pge mca cmov pat pse36 clflush dts acpi mmx fxsr sse sse2 ss ht tm pbe syscall nx pdpe1gb rdtscp lm constant_tsc arch_perfmon pebs bts rep_good nopl xtopology nonstop_tsc aperfmperf pni pclmulqdq dtes64 monitor ds_cpl vmx smx est tm2 ssse3 sdbg fma cx16 xtpr pdcm pcid dca sse4_1 sse4_2 x2apic movbe popcnt tsc_deadline_timer aes xsave avx f16c rdrand lahf_lm abm 3dnowprefetch epb invpcid_single kaiser tpr_shadow vnmi flexpriority ept vpid fsgsbase tsc_adjust bmi1 hle avx2 smep bmi2 erms invpcid rtm cqm rdseed adx smap intel_pt xsaveopt cqm_llc cqm_occup_llc cqm_mbm_total cqm_mbm_local dtherm ida arat pln pts
bugs		: cpu_meltdown spectre_v1 spectre_v2 spec_store_bypass l1tf
bogomips	: 4392.05
clflush size	: 64
cache_alignment	: 64
address sizes	: 46 bits physical, 48 bits virtual
power management:

processor	: 11
vendor_id	: GenuineIntel
cpu family	: 6
model		: 79
model name	: Intel(R) Xeon(R) CPU E5-2630 v4 @ 2.20GHz
stepping	: 1
microcode	: 0xb00001f
cpu MHz		: 1239.379
cache size	: 25600 KB
physical id	: 1
siblings	: 20
core id		: 1
cpu cores	: 10
apicid		: 34
initial apicid	: 34
fpu		: yes
fpu_exception	: yes
cpuid level	: 20
wp		: yes
flags		: fpu vme de pse tsc msr pae mce cx8 apic sep mtrr pge mca cmov pat pse36 clflush dts acpi mmx fxsr sse sse2 ss ht tm pbe syscall nx pdpe1gb rdtscp lm constant_tsc arch_perfmon pebs bts rep_good nopl xtopology nonstop_tsc aperfmperf pni pclmulqdq dtes64 monitor ds_cpl vmx smx est tm2 ssse3 sdbg fma cx16 xtpr pdcm pcid dca sse4_1 sse4_2 x2apic movbe popcnt tsc_deadline_timer aes xsave avx f16c rdrand lahf_lm abm 3dnowprefetch epb invpcid_single kaiser tpr_shadow vnmi flexpriority ept vpid fsgsbase tsc_adjust bmi1 hle avx2 smep bmi2 erms invpcid rtm cqm rdseed adx smap intel_pt xsaveopt cqm_llc cqm_occup_llc cqm_mbm_total cqm_mbm_local dtherm ida arat pln pts
bugs		: cpu_meltdown spectre_v1 spectre_v2 spec_store_bypass l1tf
bogomips	: 4392.05
clflush size	: 64
cache_alignment	: 64
address sizes	: 46 bits physical, 48 bits virtual
power management:

processor	: 12
vendor_id	: GenuineIntel
cpu family	: 6
model		: 79
model name	: Intel(R) Xeon(R) CPU E5-2630 v4 @ 2.20GHz
stepping	: 1
microcode	: 0xb00001f
cpu MHz		: 1201.379
cache size	: 25600 KB
physical id	: 1
siblings	: 20
core id		: 2
cpu cores	: 10
apicid		: 36
initial apicid	: 36
fpu		: yes
fpu_exception	: yes
cpuid level	: 20
wp		: yes
flags		: fpu vme de pse tsc msr pae mce cx8 apic sep mtrr pge mca cmov pat pse36 clflush dts acpi mmx fxsr sse sse2 ss ht tm pbe syscall nx pdpe1gb rdtscp lm constant_tsc arch_perfmon pebs bts rep_good nopl xtopology nonstop_tsc aperfmperf pni pclmulqdq dtes64 monitor ds_cpl vmx smx est tm2 ssse3 sdbg fma cx16 xtpr pdcm pcid dca sse4_1 sse4_2 x2apic movbe popcnt tsc_deadline_timer aes xsave avx f16c rdrand lahf_lm abm 3dnowprefetch epb invpcid_single kaiser tpr_shadow vnmi flexpriority ept vpid fsgsbase tsc_adjust bmi1 hle avx2 smep bmi2 erms invpcid rtm cqm rdseed adx smap intel_pt xsaveopt cqm_llc cqm_occup_llc cqm_mbm_total cqm_mbm_local dtherm ida arat pln pts
bugs		: cpu_meltdown spectre_v1 spectre_v2 spec_store_bypass l1tf
bogomips	: 4392.05
clflush size	: 64
cache_alignment	: 64
address sizes	: 46 bits physical, 48 bits virtual
power management:

processor	: 13
vendor_id	: GenuineIntel
cpu family	: 6
model		: 79
model name	: Intel(R) Xeon(R) CPU E5-2630 v4 @ 2.20GHz
stepping	: 1
microcode	: 0xb00001f
cpu MHz		: 1200.573
cache size	: 25600 KB
physical id	: 1
siblings	: 20
core id		: 3
cpu cores	: 10
apicid		: 38
initial apicid	: 38
fpu		: yes
fpu_exception	: yes
cpuid level	: 20
wp		: yes
flags		: fpu vme de pse tsc msr pae mce cx8 apic sep mtrr pge mca cmov pat pse36 clflush dts acpi mmx fxsr sse sse2 ss ht tm pbe syscall nx pdpe1gb rdtscp lm constant_tsc arch_perfmon pebs bts rep_good nopl xtopology nonstop_tsc aperfmperf pni pclmulqdq dtes64 monitor ds_cpl vmx smx est tm2 ssse3 sdbg fma cx16 xtpr pdcm pcid dca sse4_1 sse4_2 x2apic movbe popcnt tsc_deadline_timer aes xsave avx f16c rdrand lahf_lm abm 3dnowprefetch epb invpcid_single kaiser tpr_shadow vnmi flexpriority ept vpid fsgsbase tsc_adjust bmi1 hle avx2 smep bmi2 erms invpcid rtm cqm rdseed adx smap intel_pt xsaveopt cqm_llc cqm_occup_llc cqm_mbm_total cqm_mbm_local dtherm ida arat pln pts
bugs		: cpu_meltdown spectre_v1 spectre_v2 spec_store_bypass l1tf
bogomips	: 4392.05
clflush size	: 64
cache_alignment	: 64
address sizes	: 46 bits physical, 48 bits virtual
power management:

processor	: 14
vendor_id	: GenuineIntel
cpu family	: 6
model		: 79
model name	: Intel(R) Xeon(R) CPU E5-2630 v4 @ 2.20GHz
stepping	: 1
microcode	: 0xb00001f
cpu MHz		: 1200.439
cache size	: 25600 KB
physical id	: 1
siblings	: 20
core id		: 4
cpu cores	: 10
apicid		: 40
initial apicid	: 40
fpu		: yes
fpu_exception	: yes
cpuid level	: 20
wp		: yes
flags		: fpu vme de pse tsc msr pae mce cx8 apic sep mtrr pge mca cmov pat pse36 clflush dts acpi mmx fxsr sse sse2 ss ht tm pbe syscall nx pdpe1gb rdtscp lm constant_tsc arch_perfmon pebs bts rep_good nopl xtopology nonstop_tsc aperfmperf pni pclmulqdq dtes64 monitor ds_cpl vmx smx est tm2 ssse3 sdbg fma cx16 xtpr pdcm pcid dca sse4_1 sse4_2 x2apic movbe popcnt tsc_deadline_timer aes xsave avx f16c rdrand lahf_lm abm 3dnowprefetch epb invpcid_single kaiser tpr_shadow vnmi flexpriority ept vpid fsgsbase tsc_adjust bmi1 hle avx2 smep bmi2 erms invpcid rtm cqm rdseed adx smap intel_pt xsaveopt cqm_llc cqm_occup_llc cqm_mbm_total cqm_mbm_local dtherm ida arat pln pts
bugs		: cpu_meltdown spectre_v1 spectre_v2 spec_store_bypass l1tf
bogomips	: 4392.05
clflush size	: 64
cache_alignment	: 64
address sizes	: 46 bits physical, 48 bits virtual
power management:

processor	: 15
vendor_id	: GenuineIntel
cpu family	: 6
model		: 79
model name	: Intel(R) Xeon(R) CPU E5-2630 v4 @ 2.20GHz
stepping	: 1
microcode	: 0xb00001f
cpu MHz		: 1699.951
cache size	: 25600 KB
physical id	: 1
siblings	: 20
core id		: 8
cpu cores	: 10
apicid		: 48
initial apicid	: 48
fpu		: yes
fpu_exception	: yes
cpuid level	: 20
wp		: yes
flags		: fpu vme de pse tsc msr pae mce cx8 apic sep mtrr pge mca cmov pat pse36 clflush dts acpi mmx fxsr sse sse2 ss ht tm pbe syscall nx pdpe1gb rdtscp lm constant_tsc arch_perfmon pebs bts rep_good nopl xtopology nonstop_tsc aperfmperf pni pclmulqdq dtes64 monitor ds_cpl vmx smx est tm2 ssse3 sdbg fma cx16 xtpr pdcm pcid dca sse4_1 sse4_2 x2apic movbe popcnt tsc_deadline_timer aes xsave avx f16c rdrand lahf_lm abm 3dnowprefetch epb invpcid_single kaiser tpr_shadow vnmi flexpriority ept vpid fsgsbase tsc_adjust bmi1 hle avx2 smep bmi2 erms invpcid rtm cqm rdseed adx smap intel_pt xsaveopt cqm_llc cqm_occup_llc cqm_mbm_total cqm_mbm_local dtherm ida arat pln pts
bugs		: cpu_meltdown spectre_v1 spectre_v2 spec_store_bypass l1tf
bogomips	: 4392.05
clflush size	: 64
cache_alignment	: 64
address sizes	: 46 bits physical, 48 bits virtual
power management:

processor	: 16
vendor_id	: GenuineIntel
cpu family	: 6
model		: 79
model name	: Intel(R) Xeon(R) CPU E5-2630 v4 @ 2.20GHz
stepping	: 1
microcode	: 0xb00001f
cpu MHz		: 1212.658
cache size	: 25600 KB
physical id	: 1
siblings	: 20
core id		: 9
cpu cores	: 10
apicid		: 50
initial apicid	: 50
fpu		: yes
fpu_exception	: yes
cpuid level	: 20
wp		: yes
flags		: fpu vme de pse tsc msr pae mce cx8 apic sep mtrr pge mca cmov pat pse36 clflush dts acpi mmx fxsr sse sse2 ss ht tm pbe syscall nx pdpe1gb rdtscp lm constant_tsc arch_perfmon pebs bts rep_good nopl xtopology nonstop_tsc aperfmperf pni pclmulqdq dtes64 monitor ds_cpl vmx smx est tm2 ssse3 sdbg fma cx16 xtpr pdcm pcid dca sse4_1 sse4_2 x2apic movbe popcnt tsc_deadline_timer aes xsave avx f16c rdrand lahf_lm abm 3dnowprefetch epb invpcid_single kaiser tpr_shadow vnmi flexpriority ept vpid fsgsbase tsc_adjust bmi1 hle avx2 smep bmi2 erms invpcid rtm cqm rdseed adx smap intel_pt xsaveopt cqm_llc cqm_occup_llc cqm_mbm_total cqm_mbm_local dtherm ida arat pln pts
bugs		: cpu_meltdown spectre_v1 spectre_v2 spec_store_bypass l1tf
bogomips	: 4392.05
clflush size	: 64
cache_alignment	: 64
address sizes	: 46 bits physical, 48 bits virtual
power management:

processor	: 17
vendor_id	: GenuineIntel
cpu family	: 6
model		: 79
model name	: Intel(R) Xeon(R) CPU E5-2630 v4 @ 2.20GHz
stepping	: 1
microcode	: 0xb00001f
cpu MHz		: 1200.036
cache size	: 25600 KB
physical id	: 1
siblings	: 20
core id		: 10
cpu cores	: 10
apicid		: 52
initial apicid	: 52
fpu		: yes
fpu_exception	: yes
cpuid level	: 20
wp		: yes
flags		: fpu vme de pse tsc msr pae mce cx8 apic sep mtrr pge mca cmov pat pse36 clflush dts acpi mmx fxsr sse sse2 ss ht tm pbe syscall nx pdpe1gb rdtscp lm constant_tsc arch_perfmon pebs bts rep_good nopl xtopology nonstop_tsc aperfmperf pni pclmulqdq dtes64 monitor ds_cpl vmx smx est tm2 ssse3 sdbg fma cx16 xtpr pdcm pcid dca sse4_1 sse4_2 x2apic movbe popcnt tsc_deadline_timer aes xsave avx f16c rdrand lahf_lm abm 3dnowprefetch epb invpcid_single kaiser tpr_shadow vnmi flexpriority ept vpid fsgsbase tsc_adjust bmi1 hle avx2 smep bmi2 erms invpcid rtm cqm rdseed adx smap intel_pt xsaveopt cqm_llc cqm_occup_llc cqm_mbm_total cqm_mbm_local dtherm ida arat pln pts
bugs		: cpu_meltdown spectre_v1 spectre_v2 spec_store_bypass l1tf
bogomips	: 4392.05
clflush size	: 64
cache_alignment	: 64
address sizes	: 46 bits physical, 48 bits virtual
power management:

processor	: 18
vendor_id	: GenuineIntel
cpu family	: 6
model		: 79
model name	: Intel(R) Xeon(R) CPU E5-2630 v4 @ 2.20GHz
stepping	: 1
microcode	: 0xb00001f
cpu MHz		: 1201.782
cache size	: 25600 KB
physical id	: 1
siblings	: 20
core id		: 11
cpu cores	: 10
apicid		: 54
initial apicid	: 54
fpu		: yes
fpu_exception	: yes
cpuid level	: 20
wp		: yes
flags		: fpu vme de pse tsc msr pae mce cx8 apic sep mtrr pge mca cmov pat pse36 clflush dts acpi mmx fxsr sse sse2 ss ht tm pbe syscall nx pdpe1gb rdtscp lm constant_tsc arch_perfmon pebs bts rep_good nopl xtopology nonstop_tsc aperfmperf pni pclmulqdq dtes64 monitor ds_cpl vmx smx est tm2 ssse3 sdbg fma cx16 xtpr pdcm pcid dca sse4_1 sse4_2 x2apic movbe popcnt tsc_deadline_timer aes xsave avx f16c rdrand lahf_lm abm 3dnowprefetch epb invpcid_single kaiser tpr_shadow vnmi flexpriority ept vpid fsgsbase tsc_adjust bmi1 hle avx2 smep bmi2 erms invpcid rtm cqm rdseed adx smap intel_pt xsaveopt cqm_llc cqm_occup_llc cqm_mbm_total cqm_mbm_local dtherm ida arat pln pts
bugs		: cpu_meltdown spectre_v1 spectre_v2 spec_store_bypass l1tf
bogomips	: 4392.05
clflush size	: 64
cache_alignment	: 64
address sizes	: 46 bits physical, 48 bits virtual
power management:

processor	: 19
vendor_id	: GenuineIntel
cpu family	: 6
model		: 79
model name	: Intel(R) Xeon(R) CPU E5-2630 v4 @ 2.20GHz
stepping	: 1
microcode	: 0xb00001f
cpu MHz		: 1200.708
cache size	: 25600 KB
physical id	: 1
siblings	: 20
core id		: 12
cpu cores	: 10
apicid		: 56
initial apicid	: 56
fpu		: yes
fpu_exception	: yes
cpuid level	: 20
wp		: yes
flags		: fpu vme de pse tsc msr pae mce cx8 apic sep mtrr pge mca cmov pat pse36 clflush dts acpi mmx fxsr sse sse2 ss ht tm pbe syscall nx pdpe1gb rdtscp lm constant_tsc arch_perfmon pebs bts rep_good nopl xtopology nonstop_tsc aperfmperf pni pclmulqdq dtes64 monitor ds_cpl vmx smx est tm2 ssse3 sdbg fma cx16 xtpr pdcm pcid dca sse4_1 sse4_2 x2apic movbe popcnt tsc_deadline_timer aes xsave avx f16c rdrand lahf_lm abm 3dnowprefetch epb invpcid_single kaiser tpr_shadow vnmi flexpriority ept vpid fsgsbase tsc_adjust bmi1 hle avx2 smep bmi2 erms invpcid rtm cqm rdseed adx smap intel_pt xsaveopt cqm_llc cqm_occup_llc cqm_mbm_total cqm_mbm_local dtherm ida arat pln pts
bugs		: cpu_meltdown spectre_v1 spectre_v2 spec_store_bypass l1tf
bogomips	: 4392.05
clflush size	: 64
cache_alignment	: 64
address sizes	: 46 bits physical, 48 bits virtual
power management:

processor	: 20
vendor_id	: GenuineIntel
cpu family	: 6
model		: 79
model name	: Intel(R) Xeon(R) CPU E5-2630 v4 @ 2.20GHz
stepping	: 1
microcode	: 0xb00001f
cpu MHz		: 1200.305
cache size	: 25600 KB
physical id	: 0
siblings	: 20
core id		: 0
cpu cores	: 10
apicid		: 1
initial apicid	: 1
fpu		: yes
fpu_exception	: yes
cpuid level	: 20
wp		: yes
flags		: fpu vme de pse tsc msr pae mce cx8 apic sep mtrr pge mca cmov pat pse36 clflush dts acpi mmx fxsr sse sse2 ss ht tm pbe syscall nx pdpe1gb rdtscp lm constant_tsc arch_perfmon pebs bts rep_good nopl xtopology nonstop_tsc aperfmperf pni pclmulqdq dtes64 monitor ds_cpl vmx smx est tm2 ssse3 sdbg fma cx16 xtpr pdcm pcid dca sse4_1 sse4_2 x2apic movbe popcnt tsc_deadline_timer aes xsave avx f16c rdrand lahf_lm abm 3dnowprefetch epb invpcid_single kaiser tpr_shadow vnmi flexpriority ept vpid fsgsbase tsc_adjust bmi1 hle avx2 smep bmi2 erms invpcid rtm cqm rdseed adx smap intel_pt xsaveopt cqm_llc cqm_occup_llc cqm_mbm_total cqm_mbm_local dtherm ida arat pln pts
bugs		: cpu_meltdown spectre_v1 spectre_v2 spec_store_bypass l1tf
bogomips	: 4390.45
clflush size	: 64
cache_alignment	: 64
address sizes	: 46 bits physical, 48 bits virtual
power management:

processor	: 21
vendor_id	: GenuineIntel
cpu family	: 6
model		: 79
model name	: Intel(R) Xeon(R) CPU E5-2630 v4 @ 2.20GHz
stepping	: 1
microcode	: 0xb00001f
cpu MHz		: 1226.892
cache size	: 25600 KB
physical id	: 0
siblings	: 20
core id		: 1
cpu cores	: 10
apicid		: 3
initial apicid	: 3
fpu		: yes
fpu_exception	: yes
cpuid level	: 20
wp		: yes
flags		: fpu vme de pse tsc msr pae mce cx8 apic sep mtrr pge mca cmov pat pse36 clflush dts acpi mmx fxsr sse sse2 ss ht tm pbe syscall nx pdpe1gb rdtscp lm constant_tsc arch_perfmon pebs bts rep_good nopl xtopology nonstop_tsc aperfmperf pni pclmulqdq dtes64 monitor ds_cpl vmx smx est tm2 ssse3 sdbg fma cx16 xtpr pdcm pcid dca sse4_1 sse4_2 x2apic movbe popcnt tsc_deadline_timer aes xsave avx f16c rdrand lahf_lm abm 3dnowprefetch epb invpcid_single kaiser tpr_shadow vnmi flexpriority ept vpid fsgsbase tsc_adjust bmi1 hle avx2 smep bmi2 erms invpcid rtm cqm rdseed adx smap intel_pt xsaveopt cqm_llc cqm_occup_llc cqm_mbm_total cqm_mbm_local dtherm ida arat pln pts
bugs		: cpu_meltdown spectre_v1 spectre_v2 spec_store_bypass l1tf
bogomips	: 4390.45
clflush size	: 64
cache_alignment	: 64
address sizes	: 46 bits physical, 48 bits virtual
power management:

processor	: 22
vendor_id	: GenuineIntel
cpu family	: 6
model		: 79
model name	: Intel(R) Xeon(R) CPU E5-2630 v4 @ 2.20GHz
stepping	: 1
microcode	: 0xb00001f
cpu MHz		: 1249.047
cache size	: 25600 KB
physical id	: 0
siblings	: 20
core id		: 2
cpu cores	: 10
apicid		: 5
initial apicid	: 5
fpu		: yes
fpu_exception	: yes
cpuid level	: 20
wp		: yes
flags		: fpu vme de pse tsc msr pae mce cx8 apic sep mtrr pge mca cmov pat pse36 clflush dts acpi mmx fxsr sse sse2 ss ht tm pbe syscall nx pdpe1gb rdtscp lm constant_tsc arch_perfmon pebs bts rep_good nopl xtopology nonstop_tsc aperfmperf pni pclmulqdq dtes64 monitor ds_cpl vmx smx est tm2 ssse3 sdbg fma cx16 xtpr pdcm pcid dca sse4_1 sse4_2 x2apic movbe popcnt tsc_deadline_timer aes xsave avx f16c rdrand lahf_lm abm 3dnowprefetch epb invpcid_single kaiser tpr_shadow vnmi flexpriority ept vpid fsgsbase tsc_adjust bmi1 hle avx2 smep bmi2 erms invpcid rtm cqm rdseed adx smap intel_pt xsaveopt cqm_llc cqm_occup_llc cqm_mbm_total cqm_mbm_local dtherm ida arat pln pts
bugs		: cpu_meltdown spectre_v1 spectre_v2 spec_store_bypass l1tf
bogomips	: 4390.45
clflush size	: 64
cache_alignment	: 64
address sizes	: 46 bits physical, 48 bits virtual
power management:

processor	: 23
vendor_id	: GenuineIntel
cpu family	: 6
model		: 79
model name	: Intel(R) Xeon(R) CPU E5-2630 v4 @ 2.20GHz
stepping	: 1
microcode	: 0xb00001f
cpu MHz		: 1202.990
cache size	: 25600 KB
physical id	: 0
siblings	: 20
core id		: 3
cpu cores	: 10
apicid		: 7
initial apicid	: 7
fpu		: yes
fpu_exception	: yes
cpuid level	: 20
wp		: yes
flags		: fpu vme de pse tsc msr pae mce cx8 apic sep mtrr pge mca cmov pat pse36 clflush dts acpi mmx fxsr sse sse2 ss ht tm pbe syscall nx pdpe1gb rdtscp lm constant_tsc arch_perfmon pebs bts rep_good nopl xtopology nonstop_tsc aperfmperf pni pclmulqdq dtes64 monitor ds_cpl vmx smx est tm2 ssse3 sdbg fma cx16 xtpr pdcm pcid dca sse4_1 sse4_2 x2apic movbe popcnt tsc_deadline_timer aes xsave avx f16c rdrand lahf_lm abm 3dnowprefetch epb invpcid_single kaiser tpr_shadow vnmi flexpriority ept vpid fsgsbase tsc_adjust bmi1 hle avx2 smep bmi2 erms invpcid rtm cqm rdseed adx smap intel_pt xsaveopt cqm_llc cqm_occup_llc cqm_mbm_total cqm_mbm_local dtherm ida arat pln pts
bugs		: cpu_meltdown spectre_v1 spectre_v2 spec_store_bypass l1tf
bogomips	: 4390.45
clflush size	: 64
cache_alignment	: 64
address sizes	: 46 bits physical, 48 bits virtual
power management:

processor	: 24
vendor_id	: GenuineIntel
cpu family	: 6
model		: 79
model name	: Intel(R) Xeon(R) CPU E5-2630 v4 @ 2.20GHz
stepping	: 1
microcode	: 0xb00001f
cpu MHz		: 1200.170
cache size	: 25600 KB
physical id	: 0
siblings	: 20
core id		: 4
cpu cores	: 10
apicid		: 9
initial apicid	: 9
fpu		: yes
fpu_exception	: yes
cpuid level	: 20
wp		: yes
flags		: fpu vme de pse tsc msr pae mce cx8 apic sep mtrr pge mca cmov pat pse36 clflush dts acpi mmx fxsr sse sse2 ss ht tm pbe syscall nx pdpe1gb rdtscp lm constant_tsc arch_perfmon pebs bts rep_good nopl xtopology nonstop_tsc aperfmperf pni pclmulqdq dtes64 monitor ds_cpl vmx smx est tm2 ssse3 sdbg fma cx16 xtpr pdcm pcid dca sse4_1 sse4_2 x2apic movbe popcnt tsc_deadline_timer aes xsave avx f16c rdrand lahf_lm abm 3dnowprefetch epb invpcid_single kaiser tpr_shadow vnmi flexpriority ept vpid fsgsbase tsc_adjust bmi1 hle avx2 smep bmi2 erms invpcid rtm cqm rdseed adx smap intel_pt xsaveopt cqm_llc cqm_occup_llc cqm_mbm_total cqm_mbm_local dtherm ida arat pln pts
bugs		: cpu_meltdown spectre_v1 spectre_v2 spec_store_bypass l1tf
bogomips	: 4390.45
clflush size	: 64
cache_alignment	: 64
address sizes	: 46 bits physical, 48 bits virtual
power management:

processor	: 25
vendor_id	: GenuineIntel
cpu family	: 6
model		: 79
model name	: Intel(R) Xeon(R) CPU E5-2630 v4 @ 2.20GHz
stepping	: 1
microcode	: 0xb00001f
cpu MHz		: 1200.708
cache size	: 25600 KB
physical id	: 0
siblings	: 20
core id		: 8
cpu cores	: 10
apicid		: 17
initial apicid	: 17
fpu		: yes
fpu_exception	: yes
cpuid level	: 20
wp		: yes
flags		: fpu vme de pse tsc msr pae mce cx8 apic sep mtrr pge mca cmov pat pse36 clflush dts acpi mmx fxsr sse sse2 ss ht tm pbe syscall nx pdpe1gb rdtscp lm constant_tsc arch_perfmon pebs bts rep_good nopl xtopology nonstop_tsc aperfmperf pni pclmulqdq dtes64 monitor ds_cpl vmx smx est tm2 ssse3 sdbg fma cx16 xtpr pdcm pcid dca sse4_1 sse4_2 x2apic movbe popcnt tsc_deadline_timer aes xsave avx f16c rdrand lahf_lm abm 3dnowprefetch epb invpcid_single kaiser tpr_shadow vnmi flexpriority ept vpid fsgsbase tsc_adjust bmi1 hle avx2 smep bmi2 erms invpcid rtm cqm rdseed adx smap intel_pt xsaveopt cqm_llc cqm_occup_llc cqm_mbm_total cqm_mbm_local dtherm ida arat pln pts
bugs		: cpu_meltdown spectre_v1 spectre_v2 spec_store_bypass l1tf
bogomips	: 4390.45
clflush size	: 64
cache_alignment	: 64
address sizes	: 46 bits physical, 48 bits virtual
power management:

processor	: 26
vendor_id	: GenuineIntel
cpu family	: 6
model		: 79
model name	: Intel(R) Xeon(R) CPU E5-2630 v4 @ 2.20GHz
stepping	: 1
microcode	: 0xb00001f
cpu MHz		: 1199.902
cache size	: 25600 KB
physical id	: 0
siblings	: 20
core id		: 9
cpu cores	: 10
apicid		: 19
initial apicid	: 19
fpu		: yes
fpu_exception	: yes
cpuid level	: 20
wp		: yes
flags		: fpu vme de pse tsc msr pae mce cx8 apic sep mtrr pge mca cmov pat pse36 clflush dts acpi mmx fxsr sse sse2 ss ht tm pbe syscall nx pdpe1gb rdtscp lm constant_tsc arch_perfmon pebs bts rep_good nopl xtopology nonstop_tsc aperfmperf pni pclmulqdq dtes64 monitor ds_cpl vmx smx est tm2 ssse3 sdbg fma cx16 xtpr pdcm pcid dca sse4_1 sse4_2 x2apic movbe popcnt tsc_deadline_timer aes xsave avx f16c rdrand lahf_lm abm 3dnowprefetch epb invpcid_single kaiser tpr_shadow vnmi flexpriority ept vpid fsgsbase tsc_adjust bmi1 hle avx2 smep bmi2 erms invpcid rtm cqm rdseed adx smap intel_pt xsaveopt cqm_llc cqm_occup_llc cqm_mbm_total cqm_mbm_local dtherm ida arat pln pts
bugs		: cpu_meltdown spectre_v1 spectre_v2 spec_store_bypass l1tf
bogomips	: 4390.45
clflush size	: 64
cache_alignment	: 64
address sizes	: 46 bits physical, 48 bits virtual
power management:

processor	: 27
vendor_id	: GenuineIntel
cpu family	: 6
model		: 79
model name	: Intel(R) Xeon(R) CPU E5-2630 v4 @ 2.20GHz
stepping	: 1
microcode	: 0xb00001f
cpu MHz		: 1200.439
cache size	: 25600 KB
physical id	: 0
siblings	: 20
core id		: 10
cpu cores	: 10
apicid		: 21
initial apicid	: 21
fpu		: yes
fpu_exception	: yes
cpuid level	: 20
wp		: yes
flags		: fpu vme de pse tsc msr pae mce cx8 apic sep mtrr pge mca cmov pat pse36 clflush dts acpi mmx fxsr sse sse2 ss ht tm pbe syscall nx pdpe1gb rdtscp lm constant_tsc arch_perfmon pebs bts rep_good nopl xtopology nonstop_tsc aperfmperf pni pclmulqdq dtes64 monitor ds_cpl vmx smx est tm2 ssse3 sdbg fma cx16 xtpr pdcm pcid dca sse4_1 sse4_2 x2apic movbe popcnt tsc_deadline_timer aes xsave avx f16c rdrand lahf_lm abm 3dnowprefetch epb invpcid_single kaiser tpr_shadow vnmi flexpriority ept vpid fsgsbase tsc_adjust bmi1 hle avx2 smep bmi2 erms invpcid rtm cqm rdseed adx smap intel_pt xsaveopt cqm_llc cqm_occup_llc cqm_mbm_total cqm_mbm_local dtherm ida arat pln pts
bugs		: cpu_meltdown spectre_v1 spectre_v2 spec_store_bypass l1tf
bogomips	: 4390.45
clflush size	: 64
cache_alignment	: 64
address sizes	: 46 bits physical, 48 bits virtual
power management:

processor	: 28
vendor_id	: GenuineIntel
cpu family	: 6
model		: 79
model name	: Intel(R) Xeon(R) CPU E5-2630 v4 @ 2.20GHz
stepping	: 1
microcode	: 0xb00001f
cpu MHz		: 1200.170
cache size	: 25600 KB
physical id	: 0
siblings	: 20
core id		: 11
cpu cores	: 10
apicid		: 23
initial apicid	: 23
fpu		: yes
fpu_exception	: yes
cpuid level	: 20
wp		: yes
flags		: fpu vme de pse tsc msr pae mce cx8 apic sep mtrr pge mca cmov pat pse36 clflush dts acpi mmx fxsr sse sse2 ss ht tm pbe syscall nx pdpe1gb rdtscp lm constant_tsc arch_perfmon pebs bts rep_good nopl xtopology nonstop_tsc aperfmperf pni pclmulqdq dtes64 monitor ds_cpl vmx smx est tm2 ssse3 sdbg fma cx16 xtpr pdcm pcid dca sse4_1 sse4_2 x2apic movbe popcnt tsc_deadline_timer aes xsave avx f16c rdrand lahf_lm abm 3dnowprefetch epb invpcid_single kaiser tpr_shadow vnmi flexpriority ept vpid fsgsbase tsc_adjust bmi1 hle avx2 smep bmi2 erms invpcid rtm cqm rdseed adx smap intel_pt xsaveopt cqm_llc cqm_occup_llc cqm_mbm_total cqm_mbm_local dtherm ida arat pln pts
bugs		: cpu_meltdown spectre_v1 spectre_v2 spec_store_bypass l1tf
bogomips	: 4390.45
clflush size	: 64
cache_alignment	: 64
address sizes	: 46 bits physical, 48 bits virtual
power management:

processor	: 29
vendor_id	: GenuineIntel
cpu family	: 6
model		: 79
model name	: Intel(R) Xeon(R) CPU E5-2630 v4 @ 2.20GHz
stepping	: 1
microcode	: 0xb00001f
cpu MHz		: 1200.305
cache size	: 25600 KB
physical id	: 0
siblings	: 20
core id		: 12
cpu cores	: 10
apicid		: 25
initial apicid	: 25
fpu		: yes
fpu_exception	: yes
cpuid level	: 20
wp		: yes
flags		: fpu vme de pse tsc msr pae mce cx8 apic sep mtrr pge mca cmov pat pse36 clflush dts acpi mmx fxsr sse sse2 ss ht tm pbe syscall nx pdpe1gb rdtscp lm constant_tsc arch_perfmon pebs bts rep_good nopl xtopology nonstop_tsc aperfmperf pni pclmulqdq dtes64 monitor ds_cpl vmx smx est tm2 ssse3 sdbg fma cx16 xtpr pdcm pcid dca sse4_1 sse4_2 x2apic movbe popcnt tsc_deadline_timer aes xsave avx f16c rdrand lahf_lm abm 3dnowprefetch epb invpcid_single kaiser tpr_shadow vnmi flexpriority ept vpid fsgsbase tsc_adjust bmi1 hle avx2 smep bmi2 erms invpcid rtm cqm rdseed adx smap intel_pt xsaveopt cqm_llc cqm_occup_llc cqm_mbm_total cqm_mbm_local dtherm ida arat pln pts
bugs		: cpu_meltdown spectre_v1 spectre_v2 spec_store_bypass l1tf
bogomips	: 4390.45
clflush size	: 64
cache_alignment	: 64
address sizes	: 46 bits physical, 48 bits virtual
power management:

processor	: 30
vendor_id	: GenuineIntel
cpu family	: 6
model		: 79
model name	: Intel(R) Xeon(R) CPU E5-2630 v4 @ 2.20GHz
stepping	: 1
microcode	: 0xb00001f
cpu MHz		: 1200.305
cache size	: 25600 KB
physical id	: 1
siblings	: 20
core id		: 0
cpu cores	: 10
apicid		: 33
initial apicid	: 33
fpu		: yes
fpu_exception	: yes
cpuid level	: 20
wp		: yes
flags		: fpu vme de pse tsc msr pae mce cx8 apic sep mtrr pge mca cmov pat pse36 clflush dts acpi mmx fxsr sse sse2 ss ht tm pbe syscall nx pdpe1gb rdtscp lm constant_tsc arch_perfmon pebs bts rep_good nopl xtopology nonstop_tsc aperfmperf pni pclmulqdq dtes64 monitor ds_cpl vmx smx est tm2 ssse3 sdbg fma cx16 xtpr pdcm pcid dca sse4_1 sse4_2 x2apic movbe popcnt tsc_deadline_timer aes xsave avx f16c rdrand lahf_lm abm 3dnowprefetch epb invpcid_single kaiser tpr_shadow vnmi flexpriority ept vpid fsgsbase tsc_adjust bmi1 hle avx2 smep bmi2 erms invpcid rtm cqm rdseed adx smap intel_pt xsaveopt cqm_llc cqm_occup_llc cqm_mbm_total cqm_mbm_local dtherm ida arat pln pts
bugs		: cpu_meltdown spectre_v1 spectre_v2 spec_store_bypass l1tf
bogomips	: 4392.05
clflush size	: 64
cache_alignment	: 64
address sizes	: 46 bits physical, 48 bits virtual
power management:

processor	: 31
vendor_id	: GenuineIntel
cpu family	: 6
model		: 79
model name	: Intel(R) Xeon(R) CPU E5-2630 v4 @ 2.20GHz
stepping	: 1
microcode	: 0xb00001f
cpu MHz		: 1202.185
cache size	: 25600 KB
physical id	: 1
siblings	: 20
core id		: 1
cpu cores	: 10
apicid		: 35
initial apicid	: 35
fpu		: yes
fpu_exception	: yes
cpuid level	: 20
wp		: yes
flags		: fpu vme de pse tsc msr pae mce cx8 apic sep mtrr pge mca cmov pat pse36 clflush dts acpi mmx fxsr sse sse2 ss ht tm pbe syscall nx pdpe1gb rdtscp lm constant_tsc arch_perfmon pebs bts rep_good nopl xtopology nonstop_tsc aperfmperf pni pclmulqdq dtes64 monitor ds_cpl vmx smx est tm2 ssse3 sdbg fma cx16 xtpr pdcm pcid dca sse4_1 sse4_2 x2apic movbe popcnt tsc_deadline_timer aes xsave avx f16c rdrand lahf_lm abm 3dnowprefetch epb invpcid_single kaiser tpr_shadow vnmi flexpriority ept vpid fsgsbase tsc_adjust bmi1 hle avx2 smep bmi2 erms invpcid rtm cqm rdseed adx smap intel_pt xsaveopt cqm_llc cqm_occup_llc cqm_mbm_total cqm_mbm_local dtherm ida arat pln pts
bugs		: cpu_meltdown spectre_v1 spectre_v2 spec_store_bypass l1tf
bogomips	: 4392.05
clflush size	: 64
cache_alignment	: 64
address sizes	: 46 bits physical, 48 bits virtual
power management:

processor	: 32
vendor_id	: GenuineIntel
cpu family	: 6
model		: 79
model name	: Intel(R) Xeon(R) CPU E5-2630 v4 @ 2.20GHz
stepping	: 1
microcode	: 0xb00001f
cpu MHz		: 1200.170
cache size	: 25600 KB
physical id	: 1
siblings	: 20
core id		: 2
cpu cores	: 10
apicid		: 37
initial apicid	: 37
fpu		: yes
fpu_exception	: yes
cpuid level	: 20
wp		: yes
flags		: fpu vme de pse tsc msr pae mce cx8 apic sep mtrr pge mca cmov pat pse36 clflush dts acpi mmx fxsr sse sse2 ss ht tm pbe syscall nx pdpe1gb rdtscp lm constant_tsc arch_perfmon pebs bts rep_good nopl xtopology nonstop_tsc aperfmperf pni pclmulqdq dtes64 monitor ds_cpl vmx smx est tm2 ssse3 sdbg fma cx16 xtpr pdcm pcid dca sse4_1 sse4_2 x2apic movbe popcnt tsc_deadline_timer aes xsave avx f16c rdrand lahf_lm abm 3dnowprefetch epb invpcid_single kaiser tpr_shadow vnmi flexpriority ept vpid fsgsbase tsc_adjust bmi1 hle avx2 smep bmi2 erms invpcid rtm cqm rdseed adx smap intel_pt xsaveopt cqm_llc cqm_occup_llc cqm_mbm_total cqm_mbm_local dtherm ida arat pln pts
bugs		: cpu_meltdown spectre_v1 spectre_v2 spec_store_bypass l1tf
bogomips	: 4392.05
clflush size	: 64
cache_alignment	: 64
address sizes	: 46 bits physical, 48 bits virtual
power management:

processor	: 33
vendor_id	: GenuineIntel
cpu family	: 6
model		: 79
model name	: Intel(R) Xeon(R) CPU E5-2630 v4 @ 2.20GHz
stepping	: 1
microcode	: 0xb00001f
cpu MHz		: 1201.110
cache size	: 25600 KB
physical id	: 1
siblings	: 20
core id		: 3
cpu cores	: 10
apicid		: 39
initial apicid	: 39
fpu		: yes
fpu_exception	: yes
cpuid level	: 20
wp		: yes
flags		: fpu vme de pse tsc msr pae mce cx8 apic sep mtrr pge mca cmov pat pse36 clflush dts acpi mmx fxsr sse sse2 ss ht tm pbe syscall nx pdpe1gb rdtscp lm constant_tsc arch_perfmon pebs bts rep_good nopl xtopology nonstop_tsc aperfmperf pni pclmulqdq dtes64 monitor ds_cpl vmx smx est tm2 ssse3 sdbg fma cx16 xtpr pdcm pcid dca sse4_1 sse4_2 x2apic movbe popcnt tsc_deadline_timer aes xsave avx f16c rdrand lahf_lm abm 3dnowprefetch epb invpcid_single kaiser tpr_shadow vnmi flexpriority ept vpid fsgsbase tsc_adjust bmi1 hle avx2 smep bmi2 erms invpcid rtm cqm rdseed adx smap intel_pt xsaveopt cqm_llc cqm_occup_llc cqm_mbm_total cqm_mbm_local dtherm ida arat pln pts
bugs		: cpu_meltdown spectre_v1 spectre_v2 spec_store_bypass l1tf
bogomips	: 4392.05
clflush size	: 64
cache_alignment	: 64
address sizes	: 46 bits physical, 48 bits virtual
power management:

processor	: 34
vendor_id	: GenuineIntel
cpu family	: 6
model		: 79
model name	: Intel(R) Xeon(R) CPU E5-2630 v4 @ 2.20GHz
stepping	: 1
microcode	: 0xb00001f
cpu MHz		: 1200.305
cache size	: 25600 KB
physical id	: 1
siblings	: 20
core id		: 4
cpu cores	: 10
apicid		: 41
initial apicid	: 41
fpu		: yes
fpu_exception	: yes
cpuid level	: 20
wp		: yes
flags		: fpu vme de pse tsc msr pae mce cx8 apic sep mtrr pge mca cmov pat pse36 clflush dts acpi mmx fxsr sse sse2 ss ht tm pbe syscall nx pdpe1gb rdtscp lm constant_tsc arch_perfmon pebs bts rep_good nopl xtopology nonstop_tsc aperfmperf pni pclmulqdq dtes64 monitor ds_cpl vmx smx est tm2 ssse3 sdbg fma cx16 xtpr pdcm pcid dca sse4_1 sse4_2 x2apic movbe popcnt tsc_deadline_timer aes xsave avx f16c rdrand lahf_lm abm 3dnowprefetch epb invpcid_single kaiser tpr_shadow vnmi flexpriority ept vpid fsgsbase tsc_adjust bmi1 hle avx2 smep bmi2 erms invpcid rtm cqm rdseed adx smap intel_pt xsaveopt cqm_llc cqm_occup_llc cqm_mbm_total cqm_mbm_local dtherm ida arat pln pts
bugs		: cpu_meltdown spectre_v1 spectre_v2 spec_store_bypass l1tf
bogomips	: 4392.05
clflush size	: 64
cache_alignment	: 64
address sizes	: 46 bits physical, 48 bits virtual
power management:

processor	: 35
vendor_id	: GenuineIntel
cpu family	: 6
model		: 79
model name	: Intel(R) Xeon(R) CPU E5-2630 v4 @ 2.20GHz
stepping	: 1
microcode	: 0xb00001f
cpu MHz		: 1200.170
cache size	: 25600 KB
physical id	: 1
siblings	: 20
core id		: 8
cpu cores	: 10
apicid		: 49
initial apicid	: 49
fpu		: yes
fpu_exception	: yes
cpuid level	: 20
wp		: yes
flags		: fpu vme de pse tsc msr pae mce cx8 apic sep mtrr pge mca cmov pat pse36 clflush dts acpi mmx fxsr sse sse2 ss ht tm pbe syscall nx pdpe1gb rdtscp lm constant_tsc arch_perfmon pebs bts rep_good nopl xtopology nonstop_tsc aperfmperf pni pclmulqdq dtes64 monitor ds_cpl vmx smx est tm2 ssse3 sdbg fma cx16 xtpr pdcm pcid dca sse4_1 sse4_2 x2apic movbe popcnt tsc_deadline_timer aes xsave avx f16c rdrand lahf_lm abm 3dnowprefetch epb invpcid_single kaiser tpr_shadow vnmi flexpriority ept vpid fsgsbase tsc_adjust bmi1 hle avx2 smep bmi2 erms invpcid rtm cqm rdseed adx smap intel_pt xsaveopt cqm_llc cqm_occup_llc cqm_mbm_total cqm_mbm_local dtherm ida arat pln pts
bugs		: cpu_meltdown spectre_v1 spectre_v2 spec_store_bypass l1tf
bogomips	: 4392.05
clflush size	: 64
cache_alignment	: 64
address sizes	: 46 bits physical, 48 bits virtual
power management:

processor	: 36
vendor_id	: GenuineIntel
cpu family	: 6
model		: 79
model name	: Intel(R) Xeon(R) CPU E5-2630 v4 @ 2.20GHz
stepping	: 1
microcode	: 0xb00001f
cpu MHz		: 1258.984
cache size	: 25600 KB
physical id	: 1
siblings	: 20
core id		: 9
cpu cores	: 10
apicid		: 51
initial apicid	: 51
fpu		: yes
fpu_exception	: yes
cpuid level	: 20
wp		: yes
flags		: fpu vme de pse tsc msr pae mce cx8 apic sep mtrr pge mca cmov pat pse36 clflush dts acpi mmx fxsr sse sse2 ss ht tm pbe syscall nx pdpe1gb rdtscp lm constant_tsc arch_perfmon pebs bts rep_good nopl xtopology nonstop_tsc aperfmperf pni pclmulqdq dtes64 monitor ds_cpl vmx smx est tm2 ssse3 sdbg fma cx16 xtpr pdcm pcid dca sse4_1 sse4_2 x2apic movbe popcnt tsc_deadline_timer aes xsave avx f16c rdrand lahf_lm abm 3dnowprefetch epb invpcid_single kaiser tpr_shadow vnmi flexpriority ept vpid fsgsbase tsc_adjust bmi1 hle avx2 smep bmi2 erms invpcid rtm cqm rdseed adx smap intel_pt xsaveopt cqm_llc cqm_occup_llc cqm_mbm_total cqm_mbm_local dtherm ida arat pln pts
bugs		: cpu_meltdown spectre_v1 spectre_v2 spec_store_bypass l1tf
bogomips	: 4392.05
clflush size	: 64
cache_alignment	: 64
address sizes	: 46 bits physical, 48 bits virtual
power management:

processor	: 37
vendor_id	: GenuineIntel
cpu family	: 6
model		: 79
model name	: Intel(R) Xeon(R) CPU E5-2630 v4 @ 2.20GHz
stepping	: 1
microcode	: 0xb00001f
cpu MHz		: 1199.902
cache size	: 25600 KB
physical id	: 1
siblings	: 20
core id		: 10
cpu cores	: 10
apicid		: 53
initial apicid	: 53
fpu		: yes
fpu_exception	: yes
cpuid level	: 20
wp		: yes
flags		: fpu vme de pse tsc msr pae mce cx8 apic sep mtrr pge mca cmov pat pse36 clflush dts acpi mmx fxsr sse sse2 ss ht tm pbe syscall nx pdpe1gb rdtscp lm constant_tsc arch_perfmon pebs bts rep_good nopl xtopology nonstop_tsc aperfmperf pni pclmulqdq dtes64 monitor ds_cpl vmx smx est tm2 ssse3 sdbg fma cx16 xtpr pdcm pcid dca sse4_1 sse4_2 x2apic movbe popcnt tsc_deadline_timer aes xsave avx f16c rdrand lahf_lm abm 3dnowprefetch epb invpcid_single kaiser tpr_shadow vnmi flexpriority ept vpid fsgsbase tsc_adjust bmi1 hle avx2 smep bmi2 erms invpcid rtm cqm rdseed adx smap intel_pt xsaveopt cqm_llc cqm_occup_llc cqm_mbm_total cqm_mbm_local dtherm ida arat pln pts
bugs		: cpu_meltdown spectre_v1 spectre_v2 spec_store_bypass l1tf
bogomips	: 4392.05
clflush size	: 64
cache_alignment	: 64
address sizes	: 46 bits physical, 48 bits virtual
power management:

processor	: 38
vendor_id	: GenuineIntel
cpu family	: 6
model		: 79
model name	: Intel(R) Xeon(R) CPU E5-2630 v4 @ 2.20GHz
stepping	: 1
microcode	: 0xb00001f
cpu MHz		: 1200.305
cache size	: 25600 KB
physical id	: 1
siblings	: 20
core id		: 11
cpu cores	: 10
apicid		: 55
initial apicid	: 55
fpu		: yes
fpu_exception	: yes
cpuid level	: 20
wp		: yes
flags		: fpu vme de pse tsc msr pae mce cx8 apic sep mtrr pge mca cmov pat pse36 clflush dts acpi mmx fxsr sse sse2 ss ht tm pbe syscall nx pdpe1gb rdtscp lm constant_tsc arch_perfmon pebs bts rep_good nopl xtopology nonstop_tsc aperfmperf pni pclmulqdq dtes64 monitor ds_cpl vmx smx est tm2 ssse3 sdbg fma cx16 xtpr pdcm pcid dca sse4_1 sse4_2 x2apic movbe popcnt tsc_deadline_timer aes xsave avx f16c rdrand lahf_lm abm 3dnowprefetch epb invpcid_single kaiser tpr_shadow vnmi flexpriority ept vpid fsgsbase tsc_adjust bmi1 hle avx2 smep bmi2 erms invpcid rtm cqm rdseed adx smap intel_pt xsaveopt cqm_llc cqm_occup_llc cqm_mbm_total cqm_mbm_local dtherm ida arat pln pts
bugs		: cpu_meltdown spectre_v1 spectre_v2 spec_store_bypass l1tf
bogomips	: 4392.05
clflush size	: 64
cache_alignment	: 64
address sizes	: 46 bits physical, 48 bits virtual
power management:

processor	: 39
vendor_id	: GenuineIntel
cpu family	: 6
model		: 79
model name	: Intel(R) Xeon(R) CPU E5-2630 v4 @ 2.20GHz
stepping	: 1
microcode	: 0xb00001f
cpu MHz		: 1201.110
cache size	: 25600 KB
physical id	: 1
siblings	: 20
core id		: 12
cpu cores	: 10
apicid		: 57
initial apicid	: 57
fpu		: yes
fpu_exception	: yes
cpuid level	: 20
wp		: yes
flags		: fpu vme de pse tsc msr pae mce cx8 apic sep mtrr pge mca cmov pat pse36 clflush dts acpi mmx fxsr sse sse2 ss ht tm pbe syscall nx pdpe1gb rdtscp lm constant_tsc arch_perfmon pebs bts rep_good nopl xtopology nonstop_tsc aperfmperf pni pclmulqdq dtes64 monitor ds_cpl vmx smx est tm2 ssse3 sdbg fma cx16 xtpr pdcm pcid dca sse4_1 sse4_2 x2apic movbe popcnt tsc_deadline_timer aes xsave avx f16c rdrand lahf_lm abm 3dnowprefetch epb invpcid_single kaiser tpr_shadow vnmi flexpriority ept vpid fsgsbase tsc_adjust bmi1 hle avx2 smep bmi2 erms invpcid rtm cqm rdseed adx smap intel_pt xsaveopt cqm_llc cqm_occup_llc cqm_mbm_total cqm_mbm_local dtherm ida arat pln pts
bugs		: cpu_meltdown spectre_v1 spectre_v2 spec_store_bypass l1tf
bogomips	: 4392.05
clflush size	: 64
cache_alignment	: 64
address sizes	: 46 bits physical, 48 bits virtual
power management:



Memory: 4k page, physical 65860080k(47032444k free), swap 118448124k(118448124k free)

vm_info: Java HotSpot(TM) 64-Bit Server VM (25.201-b09) for linux-amd64 JRE (1.8.0_201-b09), built on Dec 15 2018 11:35:59 by "java_re" with gcc 7.3.0

time: Wed Mar 27 00:33:48 2019
timezone: EDT
elapsed time: 0 seconds (0d 0h 0m 0s)

