#
# A fatal error has been detected by the Java Runtime Environment:
#
#  SIGSEGV (0xb) at pc=0x00007f1d5658c22d, pid=37155, tid=0x00007f1d57111700
#
# JRE version: Java(TM) SE Runtime Environment (8.0_201-b09) (build 1.8.0_201-b09)
# Java VM: Java HotSpot(TM) 64-Bit Server VM (25.201-b09 mixed mode linux-amd64 compressed oops)
# Problematic frame:
# C  [libc.so.6+0x6522d]  __isoc99_fscanf+0x5d
#
# Failed to write core dump. Core dumps have been disabled. To enable core dumping, try "ulimit -c unlimited" before starting Java again
#
# If you would like to submit a bug report, please visit:
#   http://bugreport.java.com/bugreport/crash.jsp
# The crash happened outside the Java Virtual Machine in native code.
# See problematic frame for where to report the bug.
#

---------------  T H R E A D  ---------------

Current thread (0x00007f1d5000a800):  JavaThread "main" [_thread_in_native, id=37156, stack(0x00007f1d57012000,0x00007f1d57112000)]

siginfo: si_signo: 11 (SIGSEGV), si_code: 1 (SEGV_MAPERR), si_addr: 0x0000000000000000

Registers:
RAX=0x0000000000000000, RBX=0x0000000000000000, RCX=0xffffffffffffff98, RDX=0x00007f1d571108dc
RSP=0x00007f1d571107e0, RBP=0x00007f1d57110960, RSI=0x00007f1ca27f96cd, RDI=0x0000000000000000
R8 =0x00007f1d57111700, R9 =0x0000000000000001, R10=0x00007f1ca27f96cd, R11=0x00007f1d5658c1d0
R12=0x0000000000000000, R13=0x00007f1d39829638, R14=0x00007f1d571109d0, R15=0x00007f1d5000a800
RIP=0x00007f1d5658c22d, EFLAGS=0x0000000000010246, CSGSFS=0x002b000000000033, ERR=0x0000000000000004
  TRAPNO=0x000000000000000e

Top of Stack: (sp=0x00007f1d571107e0)
0x00007f1d571107e0:   0000000000000000 0000000000000000
0x00007f1d571107f0:   0000000000000000 0000000000000000
0x00007f1d57110800:   0000000000000000 0000000000000000
0x00007f1d57110810:   00007f1d571108dc ffffffffffffff98
0x00007f1d57110820:   00007f1d57111700 0000000000000001
0x00007f1d57110830:   0000000000000000 0000000000000000
0x00007f1d57110840:   0000000000000000 0000000000000000
0x00007f1d57110850:   0000000000000000 0000000000000000
0x00007f1d57110860:   0000000000000000 0000000000000000
0x00007f1d57110870:   0000000000000000 0000000000000000
0x00007f1d57110880:   00007f1d5000a800 00007f1d5658e5dd
0x00007f1d57110890:   0000000000000000 00007f1d39829638
0x00007f1d571108a0:   00007f1d39829638 00007f1d501307c0
0x00007f1d571108b0:   00007f1d39829638 00007f1ca27f7c21
0x00007f1d571108c0:   00007f1d571109c8 00007f1d5000a9f8
0x00007f1d571108d0:   00007f1d5000a800 00007f1d500093a0
0x00007f1d571108e0:   00007f1d39829638 00007f1d5000a800
0x00007f1d571108f0:   00007f1d57110950 00007f1d55bbebf8
0x00007f1d57110900:   00007f1d39829638 00007f1d5000a800
0x00007f1d57110910:   00007f1d39829638 00007f1d5000a800
0x00007f1d57110920:   00007f1d39829638 00007f1d5000a800
0x00007f1d57110930:   00007f1d39829638 0000000000000000
0x00007f1d57110940:   0000006439829638 0000000000000000
0x00007f1d57110950:   00007f1ca27f9688 00007f1d00000000
0x00007f1d57110960:   00007f1d571109b8 00007f1d410186c7
0x00007f1d57110970:   00007f1d410183e2 00007f1d57110978
0x00007f1d57110980:   00007f1d39829638 00007f1d571109d0
0x00007f1d57110990:   00007f1d398299c8 0000000000000000
0x00007f1d571109a0:   00007f1d39829638 0000000000000000
0x00007f1d571109b0:   00007f1d571109d8 00007f1d57110a18
0x00007f1d571109c0:   00007f1d41008040 000000067105d4d8
0x00007f1d571109d0:   00007f1d41011d1b 00007f1d571109d8 

Instructions: (pc=0x00007f1d5658c22d)
0x00007f1d5658c20d:   0f 29 a4 24 90 00 00 00 0f 29 ac 24 a0 00 00 00
0x00007f1d5658c21d:   0f 29 b4 24 b0 00 00 00 0f 29 bc 24 c0 00 00 00
0x00007f1d5658c22d:   8b 03 25 00 80 00 00 75 56 48 8b 93 88 00 00 00
0x00007f1d5658c23d:   64 4c 8b 04 25 10 00 00 00 4c 3b 42 08 74 3c be 

Register to memory mapping:

RAX=0x0000000000000000 is an unknown value
RBX=0x0000000000000000 is an unknown value
RCX=0xffffffffffffff98 is an unknown value
RDX=0x00007f1d571108dc is pointing into the stack for thread: 0x00007f1d5000a800
RSP=0x00007f1d571107e0 is pointing into the stack for thread: 0x00007f1d5000a800
RBP=0x00007f1d57110960 is pointing into the stack for thread: 0x00007f1d5000a800
RSI=0x00007f1ca27f96cd: <offset 0x56cd> in /home/kmahmou1/jikes/jikesrvm/energy/64/libCPUScaler.so at 0x00007f1ca27f4000
RDI=0x0000000000000000 is an unknown value
R8 =0x00007f1d57111700 is pointing into the stack for thread: 0x00007f1d5000a800
R9 =0x0000000000000001 is an unknown value
R10=0x00007f1ca27f96cd: <offset 0x56cd> in /home/kmahmou1/jikes/jikesrvm/energy/64/libCPUScaler.so at 0x00007f1ca27f4000
R11=0x00007f1d5658c1d0: __isoc99_fscanf+0 in /lib/x86_64-linux-gnu/libc.so.6 at 0x00007f1d56527000
R12=0x0000000000000000 is an unknown value
R13={method} {0x00007f1d39829638} 'freqAvailable' '()[I' in 'energy/Scaler'
R14=0x00007f1d571109d0 is pointing into the stack for thread: 0x00007f1d5000a800
R15=0x00007f1d5000a800 is a thread


Stack: [0x00007f1d57012000,0x00007f1d57112000],  sp=0x00007f1d571107e0,  free space=1017k
Native frames: (J=compiled Java code, j=interpreted, Vv=VM code, C=native code)
C  [libc.so.6+0x6522d]  __isoc99_fscanf+0x5d
j  energy.Scaler.freqAvailable()[I+0
j  energy.Scaler.main([Ljava/lang/String;)V+32
v  ~StubRoutines::call_stub
V  [libjvm.so+0x68825b]  JavaCalls::call_helper(JavaValue*, methodHandle*, JavaCallArguments*, Thread*)+0xddb
V  [libjvm.so+0x6d3211]  jni_invoke_static(JNIEnv_*, JavaValue*, _jobject*, JNICallType, _jmethodID*, JNI_ArgumentPusher*, Thread*) [clone .isra.96] [clone .constprop.117]+0x1e1
V  [libjvm.so+0x6d54db]  jni_CallStaticVoidMethod+0x15b
C  [libjli.so+0x889c]  JavaMain+0xa3c
C  [libpthread.so.0+0x74a4]  start_thread+0xc4

Java frames: (J=compiled Java code, j=interpreted, Vv=VM code)
j  energy.Scaler.freqAvailable()[I+0
j  energy.Scaler.main([Ljava/lang/String;)V+32
v  ~StubRoutines::call_stub

---------------  P R O C E S S  ---------------

Java Threads: ( => current thread )
  0x00007f1d50113000 JavaThread "Service Thread" daemon [_thread_blocked, id=37204, stack(0x00007f1ca2afd000,0x00007f1ca2bfe000)]
  0x00007f1d50110000 JavaThread "C1 CompilerThread14" daemon [_thread_blocked, id=37203, stack(0x00007f1ca2bff000,0x00007f1ca2cff000)]
  0x00007f1d5010e000 JavaThread "C1 CompilerThread13" daemon [_thread_blocked, id=37202, stack(0x00007f1ca2d00000,0x00007f1ca2e00000)]
  0x00007f1d5010c000 JavaThread "C1 CompilerThread12" daemon [_thread_blocked, id=37201, stack(0x00007f1ca2e01000,0x00007f1ca2f01000)]
  0x00007f1d5010a000 JavaThread "C1 CompilerThread11" daemon [_thread_blocked, id=37200, stack(0x00007f1ca2f02000,0x00007f1ca3002000)]
  0x00007f1d50107800 JavaThread "C1 CompilerThread10" daemon [_thread_blocked, id=37199, stack(0x00007f1ca3003000,0x00007f1ca3103000)]
  0x00007f1d50106000 JavaThread "C2 CompilerThread9" daemon [_thread_blocked, id=37198, stack(0x00007f1ca3104000,0x00007f1ca3204000)]
  0x00007f1d50103800 JavaThread "C2 CompilerThread8" daemon [_thread_blocked, id=37197, stack(0x00007f1ca3205000,0x00007f1ca3305000)]
  0x00007f1d50101800 JavaThread "C2 CompilerThread7" daemon [_thread_blocked, id=37196, stack(0x00007f1ca3306000,0x00007f1ca3406000)]
  0x00007f1d50100000 JavaThread "C2 CompilerThread6" daemon [_thread_blocked, id=37195, stack(0x00007f1ca3407000,0x00007f1ca3507000)]
  0x00007f1d500fd800 JavaThread "C2 CompilerThread5" daemon [_thread_blocked, id=37194, stack(0x00007f1ca3508000,0x00007f1ca3608000)]
  0x00007f1d500f3800 JavaThread "C2 CompilerThread4" daemon [_thread_blocked, id=37193, stack(0x00007f1ca3609000,0x00007f1ca3709000)]
  0x00007f1d500f1800 JavaThread "C2 CompilerThread3" daemon [_thread_blocked, id=37192, stack(0x00007f1ca370a000,0x00007f1ca380a000)]
  0x00007f1d500ef000 JavaThread "C2 CompilerThread2" daemon [_thread_blocked, id=37191, stack(0x00007f1ca380b000,0x00007f1ca390b000)]
  0x00007f1d500ed800 JavaThread "C2 CompilerThread1" daemon [_thread_blocked, id=37190, stack(0x00007f1ca390c000,0x00007f1ca3a0c000)]
  0x00007f1d500ea800 JavaThread "C2 CompilerThread0" daemon [_thread_blocked, id=37189, stack(0x00007f1ca3a0d000,0x00007f1ca3b0d000)]
  0x00007f1d500e9000 JavaThread "Signal Dispatcher" daemon [_thread_blocked, id=37188, stack(0x00007f1ca3b0d000,0x00007f1ca3c0e000)]
  0x00007f1d500b5800 JavaThread "Finalizer" daemon [_thread_blocked, id=37187, stack(0x00007f1ca3da9000,0x00007f1ca3eaa000)]
  0x00007f1d500b3000 JavaThread "Reference Handler" daemon [_thread_blocked, id=37186, stack(0x00007f1ca3eaa000,0x00007f1ca3fab000)]
=>0x00007f1d5000a800 JavaThread "main" [_thread_in_native, id=37156, stack(0x00007f1d57012000,0x00007f1d57112000)]

Other Threads:
  0x00007f1d500a9800 VMThread [stack: 0x00007f1ca3fac000,0x00007f1ca40ac000] [id=37185]
  0x00007f1d50116000 WatcherThread [stack: 0x00007f1ca29fd000,0x00007f1ca2afd000] [id=37205]

VM state:not at safepoint (normal execution)

VM Mutex/Monitor currently owned by a thread: None

heap address: 0x00000003d3000000, size: 16080 MB, Compressed Oops mode: Zero based, Oop shift amount: 3
Narrow klass base: 0x0000000000000000, Narrow klass shift: 3
Compressed class space size: 1073741824 Address: 0x00000007c0000000

Heap:
 PSYoungGen      total 300544K, used 10321K [0x0000000671000000, 0x0000000685f00000, 0x00000007c0000000)
  eden space 258048K, 4% used [0x0000000671000000,0x0000000671a147c8,0x0000000680c00000)
  from space 42496K, 0% used [0x0000000683580000,0x0000000683580000,0x0000000685f00000)
  to   space 42496K, 0% used [0x0000000680c00000,0x0000000680c00000,0x0000000683580000)
 ParOldGen       total 687104K, used 0K [0x00000003d3000000, 0x00000003fcf00000, 0x0000000671000000)
  object space 687104K, 0% used [0x00000003d3000000,0x00000003d3000000,0x00000003fcf00000)
 Metaspace       used 2505K, capacity 4486K, committed 4864K, reserved 1056768K
  class space    used 268K, capacity 386K, committed 512K, reserved 1048576K

Card table byte_map: [0x00007f1d3ecd7000,0x00007f1d40c40000] byte_map_base: 0x00007f1d3ce3f000

Marking Bits: (ParMarkBitMap*) 0x00007f1d56509d80
 Begin Bits: [0x00007f1cc4980000, 0x00007f1cd44c0000)
 End Bits:   [0x00007f1cd44c0000, 0x00007f1ce4000000)

Polling page: 0x00007f1d57121000

CodeCache: size=245760Kb used=3338Kb max_used=3338Kb free=242421Kb
 bounds [0x00007f1d41000000, 0x00007f1d41350000, 0x00007f1d50000000]
 total_blobs=248 nmethods=15 adapters=144
 compilation: enabled

Compilation events (10 events):
Event: 0.087 Thread 0x00007f1d5010c000   12       1       java.lang.ref.Reference::get (5 bytes)
Event: 0.087 Thread 0x00007f1d5010c000 nmethod 12 0x00007f1d41340e10 code [0x00007f1d41340f60, 0x00007f1d41341070]
Event: 0.087 Thread 0x00007f1d5010e000 nmethod 11 0x00007f1d413404d0 code [0x00007f1d413406a0, 0x00007f1d41340b98]
Event: 0.088 Thread 0x00007f1d50110000 nmethod 10 0x00007f1d413410d0 code [0x00007f1d413412e0, 0x00007f1d41341e18]
Event: 0.091 Thread 0x00007f1d50107800   13       1       java.lang.ThreadLocal::access$400 (5 bytes)
Event: 0.091 Thread 0x00007f1d50107800 nmethod 13 0x00007f1d4133fc10 code [0x00007f1d4133fd60, 0x00007f1d4133fe50]
Event: 0.091 Thread 0x00007f1d5010e000   14       3       java.lang.String::getChars (62 bytes)
Event: 0.091 Thread 0x00007f1d5010e000 nmethod 14 0x00007f1d41342350 code [0x00007f1d41342500, 0x00007f1d41342938]
Event: 0.092 Thread 0x00007f1d50110000   15       3       java.lang.System::getSecurityManager (4 bytes)
Event: 0.092 Thread 0x00007f1d50110000 nmethod 15 0x00007f1d41342b50 code [0x00007f1d41342ca0, 0x00007f1d41342df0]

GC Heap History (0 events):
No events

Deoptimization events (0 events):
No events

Classes redefined (0 events):
No events

Internal exceptions (2 events):
Event: 0.044 Thread 0x00007f1d5000a800 Exception <a 'java/lang/NoSuchMethodError': Method sun.misc.Unsafe.defineClass(Ljava/lang/String;[BII)Ljava/lang/Class; name or signature does not match> (0x0000000671007cb0) thrown at [/HUDSON/workspace/8-2-build-linux-amd64/jdk8u201/12317/hotspot/src/sh
Event: 0.044 Thread 0x00007f1d5000a800 Exception <a 'java/lang/NoSuchMethodError': Method sun.misc.Unsafe.prefetchRead(Ljava/lang/Object;J)V name or signature does not match> (0x0000000671007f98) thrown at [/HUDSON/workspace/8-2-build-linux-amd64/jdk8u201/12317/hotspot/src/share/vm/prims/jni.c

Events (10 events):
Event: 0.092 loading class sun/reflect/UnsafeStaticObjectFieldAccessorImpl
Event: 0.092 loading class sun/reflect/UnsafeStaticObjectFieldAccessorImpl done
Event: 0.092 loading class java/util/HashMap$EntrySet
Event: 0.093 loading class java/util/HashMap$EntrySet done
Event: 0.093 loading class java/util/HashMap$EntryIterator
Event: 0.093 loading class java/util/HashMap$HashIterator
Event: 0.093 loading class java/util/HashMap$HashIterator done
Event: 0.093 loading class java/util/HashMap$EntryIterator done
Event: 0.093 loading class java/lang/ClassLoaderHelper
Event: 0.093 loading class java/lang/ClassLoaderHelper done


Dynamic libraries:
00400000-00401000 r-xp 00000000 08:02 160962041                          /usr/lib/jvm/java-8-oracle/jre/bin/java
00600000-00601000 r--p 00000000 08:02 160962041                          /usr/lib/jvm/java-8-oracle/jre/bin/java
00601000-00602000 rw-p 00001000 08:02 160962041                          /usr/lib/jvm/java-8-oracle/jre/bin/java
021ef000-02210000 rw-p 00000000 00:00 0                                  [heap]
3d3000000-3fcf00000 rw-p 00000000 00:00 0 
3fcf00000-671000000 ---p 00000000 00:00 0 
671000000-685f00000 rw-p 00000000 00:00 0 
685f00000-7c0000000 ---p 00000000 00:00 0 
7c0000000-7c0080000 rw-p 00000000 00:00 0 
7c0080000-800000000 ---p 00000000 00:00 0 
7f1c4c000000-7f1c4c021000 rw-p 00000000 00:00 0 
7f1c4c021000-7f1c50000000 ---p 00000000 00:00 0 
7f1c50000000-7f1c50021000 rw-p 00000000 00:00 0 
7f1c50021000-7f1c54000000 ---p 00000000 00:00 0 
7f1c54000000-7f1c54021000 rw-p 00000000 00:00 0 
7f1c54021000-7f1c58000000 ---p 00000000 00:00 0 
7f1c58000000-7f1c58021000 rw-p 00000000 00:00 0 
7f1c58021000-7f1c5c000000 ---p 00000000 00:00 0 
7f1c5c000000-7f1c5c021000 rw-p 00000000 00:00 0 
7f1c5c021000-7f1c60000000 ---p 00000000 00:00 0 
7f1c60000000-7f1c60021000 rw-p 00000000 00:00 0 
7f1c60021000-7f1c64000000 ---p 00000000 00:00 0 
7f1c64000000-7f1c64021000 rw-p 00000000 00:00 0 
7f1c64021000-7f1c68000000 ---p 00000000 00:00 0 
7f1c68000000-7f1c68021000 rw-p 00000000 00:00 0 
7f1c68021000-7f1c6c000000 ---p 00000000 00:00 0 
7f1c6c000000-7f1c6c021000 rw-p 00000000 00:00 0 
7f1c6c021000-7f1c70000000 ---p 00000000 00:00 0 
7f1c70000000-7f1c70021000 rw-p 00000000 00:00 0 
7f1c70021000-7f1c74000000 ---p 00000000 00:00 0 
7f1c74000000-7f1c74021000 rw-p 00000000 00:00 0 
7f1c74021000-7f1c78000000 ---p 00000000 00:00 0 
7f1c78000000-7f1c78021000 rw-p 00000000 00:00 0 
7f1c78021000-7f1c7c000000 ---p 00000000 00:00 0 
7f1c7c000000-7f1c7c021000 rw-p 00000000 00:00 0 
7f1c7c021000-7f1c80000000 ---p 00000000 00:00 0 
7f1c80000000-7f1c80021000 rw-p 00000000 00:00 0 
7f1c80021000-7f1c84000000 ---p 00000000 00:00 0 
7f1c84000000-7f1c84021000 rw-p 00000000 00:00 0 
7f1c84021000-7f1c88000000 ---p 00000000 00:00 0 
7f1c88000000-7f1c88021000 rw-p 00000000 00:00 0 
7f1c88021000-7f1c8c000000 ---p 00000000 00:00 0 
7f1c8c000000-7f1c8c021000 rw-p 00000000 00:00 0 
7f1c8c021000-7f1c90000000 ---p 00000000 00:00 0 
7f1c90000000-7f1c9007f000 rw-p 00000000 00:00 0 
7f1c9007f000-7f1c94000000 ---p 00000000 00:00 0 
7f1c94000000-7f1c94021000 rw-p 00000000 00:00 0 
7f1c94021000-7f1c98000000 ---p 00000000 00:00 0 
7f1c98000000-7f1c98021000 rw-p 00000000 00:00 0 
7f1c98021000-7f1c9c000000 ---p 00000000 00:00 0 
7f1c9c000000-7f1c9c021000 rw-p 00000000 00:00 0 
7f1c9c021000-7f1ca0000000 ---p 00000000 00:00 0 
7f1ca255f000-7f1ca27f4000 rw-p 00000000 00:00 0 
7f1ca27f4000-7f1ca27fa000 r-xp 00000000 08:02 96340375                   /home/kmahmou1/jikes/jikesrvm/energy/64/libCPUScaler.so
7f1ca27fa000-7f1ca29fa000 ---p 00006000 08:02 96340375                   /home/kmahmou1/jikes/jikesrvm/energy/64/libCPUScaler.so
7f1ca29fa000-7f1ca29fb000 r--p 00006000 08:02 96340375                   /home/kmahmou1/jikes/jikesrvm/energy/64/libCPUScaler.so
7f1ca29fb000-7f1ca29fc000 rw-p 00007000 08:02 96340375                   /home/kmahmou1/jikes/jikesrvm/energy/64/libCPUScaler.so
7f1ca29fc000-7f1ca29fd000 ---p 00000000 00:00 0 
7f1ca29fd000-7f1ca2afd000 rw-p 00000000 00:00 0 
7f1ca2afd000-7f1ca2b00000 ---p 00000000 00:00 0 
7f1ca2b00000-7f1ca2bfe000 rw-p 00000000 00:00 0 
7f1ca2bfe000-7f1ca2bff000 ---p 00000000 00:00 0 
7f1ca2bff000-7f1ca2c02000 ---p 00000000 00:00 0 
7f1ca2c02000-7f1ca2cff000 rw-p 00000000 00:00 0 
7f1ca2cff000-7f1ca2d00000 ---p 00000000 00:00 0 
7f1ca2d00000-7f1ca2d03000 ---p 00000000 00:00 0 
7f1ca2d03000-7f1ca2e00000 rw-p 00000000 00:00 0 
7f1ca2e00000-7f1ca2e01000 ---p 00000000 00:00 0 
7f1ca2e01000-7f1ca2e04000 ---p 00000000 00:00 0 
7f1ca2e04000-7f1ca2f01000 rw-p 00000000 00:00 0 
7f1ca2f01000-7f1ca2f02000 ---p 00000000 00:00 0 
7f1ca2f02000-7f1ca2f05000 ---p 00000000 00:00 0 
7f1ca2f05000-7f1ca3002000 rw-p 00000000 00:00 0 
7f1ca3002000-7f1ca3003000 ---p 00000000 00:00 0 
7f1ca3003000-7f1ca3006000 ---p 00000000 00:00 0 
7f1ca3006000-7f1ca3103000 rw-p 00000000 00:00 0 
7f1ca3103000-7f1ca3104000 ---p 00000000 00:00 0 
7f1ca3104000-7f1ca3107000 ---p 00000000 00:00 0 
7f1ca3107000-7f1ca3204000 rw-p 00000000 00:00 0 
7f1ca3204000-7f1ca3205000 ---p 00000000 00:00 0 
7f1ca3205000-7f1ca3208000 ---p 00000000 00:00 0 
7f1ca3208000-7f1ca3305000 rw-p 00000000 00:00 0 
7f1ca3305000-7f1ca3306000 ---p 00000000 00:00 0 
7f1ca3306000-7f1ca3309000 ---p 00000000 00:00 0 
7f1ca3309000-7f1ca3406000 rw-p 00000000 00:00 0 
7f1ca3406000-7f1ca3407000 ---p 00000000 00:00 0 
7f1ca3407000-7f1ca340a000 ---p 00000000 00:00 0 
7f1ca340a000-7f1ca3507000 rw-p 00000000 00:00 0 
7f1ca3507000-7f1ca3508000 ---p 00000000 00:00 0 
7f1ca3508000-7f1ca350b000 ---p 00000000 00:00 0 
7f1ca350b000-7f1ca3608000 rw-p 00000000 00:00 0 
7f1ca3608000-7f1ca3609000 ---p 00000000 00:00 0 
7f1ca3609000-7f1ca360c000 ---p 00000000 00:00 0 
7f1ca360c000-7f1ca3709000 rw-p 00000000 00:00 0 
7f1ca3709000-7f1ca370a000 ---p 00000000 00:00 0 
7f1ca370a000-7f1ca370d000 ---p 00000000 00:00 0 
7f1ca370d000-7f1ca380a000 rw-p 00000000 00:00 0 
7f1ca380a000-7f1ca380b000 ---p 00000000 00:00 0 
7f1ca380b000-7f1ca380e000 ---p 00000000 00:00 0 
7f1ca380e000-7f1ca390b000 rw-p 00000000 00:00 0 
7f1ca390b000-7f1ca390c000 ---p 00000000 00:00 0 
7f1ca390c000-7f1ca390f000 ---p 00000000 00:00 0 
7f1ca390f000-7f1ca3a0c000 rw-p 00000000 00:00 0 
7f1ca3a0c000-7f1ca3a0d000 ---p 00000000 00:00 0 
7f1ca3a0d000-7f1ca3a10000 ---p 00000000 00:00 0 
7f1ca3a10000-7f1ca3b0d000 rw-p 00000000 00:00 0 
7f1ca3b0d000-7f1ca3b10000 ---p 00000000 00:00 0 
7f1ca3b10000-7f1ca3c0e000 rw-p 00000000 00:00 0 
7f1ca3c0e000-7f1ca3da9000 r--p 00000000 08:02 160301694                  /usr/lib/locale/locale-archive
7f1ca3da9000-7f1ca3dac000 ---p 00000000 00:00 0 
7f1ca3dac000-7f1ca3eaa000 rw-p 00000000 00:00 0 
7f1ca3eaa000-7f1ca3ead000 ---p 00000000 00:00 0 
7f1ca3ead000-7f1ca3fab000 rw-p 00000000 00:00 0 
7f1ca3fab000-7f1ca3fac000 ---p 00000000 00:00 0 
7f1ca3fac000-7f1ca8000000 rw-p 00000000 00:00 0 
7f1ca8000000-7f1ca8021000 rw-p 00000000 00:00 0 
7f1ca8021000-7f1cac000000 ---p 00000000 00:00 0 
7f1cac000000-7f1cac021000 rw-p 00000000 00:00 0 
7f1cac021000-7f1cb0000000 ---p 00000000 00:00 0 
7f1cb0000000-7f1cb0021000 rw-p 00000000 00:00 0 
7f1cb0021000-7f1cb4000000 ---p 00000000 00:00 0 
7f1cb4000000-7f1cb4021000 rw-p 00000000 00:00 0 
7f1cb4021000-7f1cb8000000 ---p 00000000 00:00 0 
7f1cb8000000-7f1cb8021000 rw-p 00000000 00:00 0 
7f1cb8021000-7f1cbc000000 ---p 00000000 00:00 0 
7f1cbc000000-7f1cbc021000 rw-p 00000000 00:00 0 
7f1cbc021000-7f1cc0000000 ---p 00000000 00:00 0 
7f1cc0000000-7f1cc0021000 rw-p 00000000 00:00 0 
7f1cc0021000-7f1cc4000000 ---p 00000000 00:00 0 
7f1cc4014000-7f1cc4980000 rw-p 00000000 00:00 0 
7f1cc4980000-7f1ce4000000 rw-p 00000000 00:00 0 
7f1ce4000000-7f1ce4021000 rw-p 00000000 00:00 0 
7f1ce4021000-7f1ce8000000 ---p 00000000 00:00 0 
7f1ce8000000-7f1ce8021000 rw-p 00000000 00:00 0 
7f1ce8021000-7f1cec000000 ---p 00000000 00:00 0 
7f1cec000000-7f1cec021000 rw-p 00000000 00:00 0 
7f1cec021000-7f1cf0000000 ---p 00000000 00:00 0 
7f1cf0000000-7f1cf0021000 rw-p 00000000 00:00 0 
7f1cf0021000-7f1cf4000000 ---p 00000000 00:00 0 
7f1cf4000000-7f1cf4021000 rw-p 00000000 00:00 0 
7f1cf4021000-7f1cf8000000 ---p 00000000 00:00 0 
7f1cf8000000-7f1cf8021000 rw-p 00000000 00:00 0 
7f1cf8021000-7f1cfc000000 ---p 00000000 00:00 0 
7f1cfc000000-7f1cfc021000 rw-p 00000000 00:00 0 
7f1cfc021000-7f1d00000000 ---p 00000000 00:00 0 
7f1d00000000-7f1d00021000 rw-p 00000000 00:00 0 
7f1d00021000-7f1d04000000 ---p 00000000 00:00 0 
7f1d04000000-7f1d04021000 rw-p 00000000 00:00 0 
7f1d04021000-7f1d08000000 ---p 00000000 00:00 0 
7f1d08000000-7f1d08021000 rw-p 00000000 00:00 0 
7f1d08021000-7f1d0c000000 ---p 00000000 00:00 0 
7f1d0c000000-7f1d0c021000 rw-p 00000000 00:00 0 
7f1d0c021000-7f1d10000000 ---p 00000000 00:00 0 
7f1d10000000-7f1d10021000 rw-p 00000000 00:00 0 
7f1d10021000-7f1d14000000 ---p 00000000 00:00 0 
7f1d14000000-7f1d14021000 rw-p 00000000 00:00 0 
7f1d14021000-7f1d18000000 ---p 00000000 00:00 0 
7f1d18000000-7f1d18021000 rw-p 00000000 00:00 0 
7f1d18021000-7f1d1c000000 ---p 00000000 00:00 0 
7f1d1c000000-7f1d1c021000 rw-p 00000000 00:00 0 
7f1d1c021000-7f1d20000000 ---p 00000000 00:00 0 
7f1d20000000-7f1d20021000 rw-p 00000000 00:00 0 
7f1d20021000-7f1d24000000 ---p 00000000 00:00 0 
7f1d24000000-7f1d24021000 rw-p 00000000 00:00 0 
7f1d24021000-7f1d28000000 ---p 00000000 00:00 0 
7f1d28000000-7f1d28021000 rw-p 00000000 00:00 0 
7f1d28021000-7f1d2c000000 ---p 00000000 00:00 0 
7f1d2c000000-7f1d2c021000 rw-p 00000000 00:00 0 
7f1d2c021000-7f1d30000000 ---p 00000000 00:00 0 
7f1d30000000-7f1d30021000 rw-p 00000000 00:00 0 
7f1d30021000-7f1d34000000 ---p 00000000 00:00 0 
7f1d34000000-7f1d34021000 rw-p 00000000 00:00 0 
7f1d34021000-7f1d38000000 ---p 00000000 00:00 0 
7f1d3801c000-7f1d3924f000 rw-p 00000000 00:00 0 
7f1d3924f000-7f1d39429000 r--s 03d6f000 08:02 160962147                  /usr/lib/jvm/java-8-oracle/jre/lib/rt.jar
7f1d39429000-7f1d39869000 rw-p 00000000 00:00 0 
7f1d39869000-7f1d39c29000 ---p 00000000 00:00 0 
7f1d39c29000-7f1d3bccc000 rw-p 00000000 00:00 0 
7f1d3bccc000-7f1d3bccd000 ---p 00000000 00:00 0 
7f1d3bccd000-7f1d3bdcd000 rw-p 00000000 00:00 0 
7f1d3bdcd000-7f1d3bdce000 ---p 00000000 00:00 0 
7f1d3bdce000-7f1d3bece000 rw-p 00000000 00:00 0 
7f1d3bece000-7f1d3becf000 ---p 00000000 00:00 0 
7f1d3becf000-7f1d3bfcf000 rw-p 00000000 00:00 0 
7f1d3bfcf000-7f1d3bfd0000 ---p 00000000 00:00 0 
7f1d3bfd0000-7f1d3c0d0000 rw-p 00000000 00:00 0 
7f1d3c0d0000-7f1d3c0d1000 ---p 00000000 00:00 0 
7f1d3c0d1000-7f1d3c1d1000 rw-p 00000000 00:00 0 
7f1d3c1d1000-7f1d3c1d2000 ---p 00000000 00:00 0 
7f1d3c1d2000-7f1d3c2d2000 rw-p 00000000 00:00 0 
7f1d3c2d2000-7f1d3c2d3000 ---p 00000000 00:00 0 
7f1d3c2d3000-7f1d3c3d3000 rw-p 00000000 00:00 0 
7f1d3c3d3000-7f1d3c3d4000 ---p 00000000 00:00 0 
7f1d3c3d4000-7f1d3c4d4000 rw-p 00000000 00:00 0 
7f1d3c4d4000-7f1d3c4d5000 ---p 00000000 00:00 0 
7f1d3c4d5000-7f1d3c5d5000 rw-p 00000000 00:00 0 
7f1d3c5d5000-7f1d3c5d6000 ---p 00000000 00:00 0 
7f1d3c5d6000-7f1d3c6d6000 rw-p 00000000 00:00 0 
7f1d3c6d6000-7f1d3c6d7000 ---p 00000000 00:00 0 
7f1d3c6d7000-7f1d3c7d7000 rw-p 00000000 00:00 0 
7f1d3c7d7000-7f1d3c7d8000 ---p 00000000 00:00 0 
7f1d3c7d8000-7f1d3c8d8000 rw-p 00000000 00:00 0 
7f1d3c8d8000-7f1d3c8d9000 ---p 00000000 00:00 0 
7f1d3c8d9000-7f1d3c9d9000 rw-p 00000000 00:00 0 
7f1d3c9d9000-7f1d3c9da000 ---p 00000000 00:00 0 
7f1d3c9da000-7f1d3cada000 rw-p 00000000 00:00 0 
7f1d3cada000-7f1d3cadb000 ---p 00000000 00:00 0 
7f1d3cadb000-7f1d3cbdb000 rw-p 00000000 00:00 0 
7f1d3cbdb000-7f1d3cbdc000 ---p 00000000 00:00 0 
7f1d3cbdc000-7f1d3ccdc000 rw-p 00000000 00:00 0 
7f1d3ccdc000-7f1d3ccdd000 ---p 00000000 00:00 0 
7f1d3ccdd000-7f1d3cddd000 rw-p 00000000 00:00 0 
7f1d3cddd000-7f1d3cdde000 ---p 00000000 00:00 0 
7f1d3cdde000-7f1d3cede000 rw-p 00000000 00:00 0 
7f1d3cede000-7f1d3cedf000 ---p 00000000 00:00 0 
7f1d3cedf000-7f1d3cfdf000 rw-p 00000000 00:00 0 
7f1d3cfdf000-7f1d3cfe0000 ---p 00000000 00:00 0 
7f1d3cfe0000-7f1d3d0e0000 rw-p 00000000 00:00 0 
7f1d3d0e0000-7f1d3d0e1000 ---p 00000000 00:00 0 
7f1d3d0e1000-7f1d3d1e1000 rw-p 00000000 00:00 0 
7f1d3d1e1000-7f1d3d1e2000 ---p 00000000 00:00 0 
7f1d3d1e2000-7f1d3d2e2000 rw-p 00000000 00:00 0 
7f1d3d2e2000-7f1d3d2e3000 ---p 00000000 00:00 0 
7f1d3d2e3000-7f1d3d3e3000 rw-p 00000000 00:00 0 
7f1d3d3e3000-7f1d3d3e4000 ---p 00000000 00:00 0 
7f1d3d3e4000-7f1d3d4e4000 rw-p 00000000 00:00 0 
7f1d3d4e4000-7f1d3d4e5000 ---p 00000000 00:00 0 
7f1d3d4e5000-7f1d3d5e5000 rw-p 00000000 00:00 0 
7f1d3d5e5000-7f1d3d5e6000 ---p 00000000 00:00 0 
7f1d3d5e6000-7f1d3d6e6000 rw-p 00000000 00:00 0 
7f1d3d6e6000-7f1d3d6e7000 ---p 00000000 00:00 0 
7f1d3d6e7000-7f1d3d7e7000 rw-p 00000000 00:00 0 
7f1d3d7e7000-7f1d3d937000 rw-p 00000000 00:00 0 
7f1d3d937000-7f1d3ecd7000 ---p 00000000 00:00 0 
7f1d3ecd7000-7f1d3ee27000 rw-p 00000000 00:00 0 
7f1d3ee27000-7f1d401c7000 ---p 00000000 00:00 0 
7f1d401c7000-7f1d4026f000 rw-p 00000000 00:00 0 
7f1d4026f000-7f1d40c3f000 ---p 00000000 00:00 0 
7f1d40c3f000-7f1d40c4e000 rw-p 00000000 00:00 0 
7f1d40c4e000-7f1d41000000 ---p 00000000 00:00 0 
7f1d41000000-7f1d41350000 rwxp 00000000 00:00 0 
7f1d41350000-7f1d50000000 ---p 00000000 00:00 0 
7f1d50000000-7f1d50149000 rw-p 00000000 00:00 0 
7f1d50149000-7f1d54000000 ---p 00000000 00:00 0 
7f1d54002000-7f1d54099000 rw-p 00000000 00:00 0 
7f1d54099000-7f1d5409a000 ---p 00000000 00:00 0 
7f1d5409a000-7f1d5419a000 rw-p 00000000 00:00 0 
7f1d5419a000-7f1d541b5000 r-xp 00000000 08:02 160962360                  /usr/lib/jvm/java-8-oracle/jre/lib/amd64/libzip.so
7f1d541b5000-7f1d543b4000 ---p 0001b000 08:02 160962360                  /usr/lib/jvm/java-8-oracle/jre/lib/amd64/libzip.so
7f1d543b4000-7f1d543b5000 r--p 0001a000 08:02 160962360                  /usr/lib/jvm/java-8-oracle/jre/lib/amd64/libzip.so
7f1d543b5000-7f1d543b6000 rw-p 0001b000 08:02 160962360                  /usr/lib/jvm/java-8-oracle/jre/lib/amd64/libzip.so
7f1d543b6000-7f1d543c0000 r-xp 00000000 08:02 21103107                   /lib/x86_64-linux-gnu/libnss_files-2.24.so
7f1d543c0000-7f1d545c0000 ---p 0000a000 08:02 21103107                   /lib/x86_64-linux-gnu/libnss_files-2.24.so
7f1d545c0000-7f1d545c1000 r--p 0000a000 08:02 21103107                   /lib/x86_64-linux-gnu/libnss_files-2.24.so
7f1d545c1000-7f1d545c2000 rw-p 0000b000 08:02 21103107                   /lib/x86_64-linux-gnu/libnss_files-2.24.so
7f1d545c2000-7f1d545c8000 rw-p 00000000 00:00 0 
7f1d545c8000-7f1d545d3000 r-xp 00000000 08:02 21103421                   /lib/x86_64-linux-gnu/libnss_nis-2.24.so
7f1d545d3000-7f1d547d2000 ---p 0000b000 08:02 21103421                   /lib/x86_64-linux-gnu/libnss_nis-2.24.so
7f1d547d2000-7f1d547d3000 r--p 0000a000 08:02 21103421                   /lib/x86_64-linux-gnu/libnss_nis-2.24.so
7f1d547d3000-7f1d547d4000 rw-p 0000b000 08:02 21103421                   /lib/x86_64-linux-gnu/libnss_nis-2.24.so
7f1d547d4000-7f1d547e8000 r-xp 00000000 08:02 21103104                   /lib/x86_64-linux-gnu/libnsl-2.24.so
7f1d547e8000-7f1d549e8000 ---p 00014000 08:02 21103104                   /lib/x86_64-linux-gnu/libnsl-2.24.so
7f1d549e8000-7f1d549e9000 r--p 00014000 08:02 21103104                   /lib/x86_64-linux-gnu/libnsl-2.24.so
7f1d549e9000-7f1d549ea000 rw-p 00015000 08:02 21103104                   /lib/x86_64-linux-gnu/libnsl-2.24.so
7f1d549ea000-7f1d549ec000 rw-p 00000000 00:00 0 
7f1d549ec000-7f1d549f3000 r-xp 00000000 08:02 21103105                   /lib/x86_64-linux-gnu/libnss_compat-2.24.so
7f1d549f3000-7f1d54bf2000 ---p 00007000 08:02 21103105                   /lib/x86_64-linux-gnu/libnss_compat-2.24.so
7f1d54bf2000-7f1d54bf3000 r--p 00006000 08:02 21103105                   /lib/x86_64-linux-gnu/libnss_compat-2.24.so
7f1d54bf3000-7f1d54bf4000 rw-p 00007000 08:02 21103105                   /lib/x86_64-linux-gnu/libnss_compat-2.24.so
7f1d54bf4000-7f1d54c20000 r-xp 00000000 08:02 160962354                  /usr/lib/jvm/java-8-oracle/jre/lib/amd64/libjava.so
7f1d54c20000-7f1d54e20000 ---p 0002c000 08:02 160962354                  /usr/lib/jvm/java-8-oracle/jre/lib/amd64/libjava.so
7f1d54e20000-7f1d54e21000 r--p 0002c000 08:02 160962354                  /usr/lib/jvm/java-8-oracle/jre/lib/amd64/libjava.so
7f1d54e21000-7f1d54e23000 rw-p 0002d000 08:02 160962354                  /usr/lib/jvm/java-8-oracle/jre/lib/amd64/libjava.so
7f1d54e23000-7f1d54e30000 r-xp 00000000 08:02 160962359                  /usr/lib/jvm/java-8-oracle/jre/lib/amd64/libverify.so
7f1d54e30000-7f1d5502f000 ---p 0000d000 08:02 160962359                  /usr/lib/jvm/java-8-oracle/jre/lib/amd64/libverify.so
7f1d5502f000-7f1d55031000 r--p 0000c000 08:02 160962359                  /usr/lib/jvm/java-8-oracle/jre/lib/amd64/libverify.so
7f1d55031000-7f1d55032000 rw-p 0000e000 08:02 160962359                  /usr/lib/jvm/java-8-oracle/jre/lib/amd64/libverify.so
7f1d55032000-7f1d55039000 r-xp 00000000 08:02 21103439                   /lib/x86_64-linux-gnu/librt-2.24.so
7f1d55039000-7f1d55238000 ---p 00007000 08:02 21103439                   /lib/x86_64-linux-gnu/librt-2.24.so
7f1d55238000-7f1d55239000 r--p 00006000 08:02 21103439                   /lib/x86_64-linux-gnu/librt-2.24.so
7f1d55239000-7f1d5523a000 rw-p 00007000 08:02 21103439                   /lib/x86_64-linux-gnu/librt-2.24.so
7f1d5523a000-7f1d5533d000 r-xp 00000000 08:02 21103099                   /lib/x86_64-linux-gnu/libm-2.24.so
7f1d5533d000-7f1d5553c000 ---p 00103000 08:02 21103099                   /lib/x86_64-linux-gnu/libm-2.24.so
7f1d5553c000-7f1d5553d000 r--p 00102000 08:02 21103099                   /lib/x86_64-linux-gnu/libm-2.24.so
7f1d5553d000-7f1d5553e000 rw-p 00103000 08:02 21103099                   /lib/x86_64-linux-gnu/libm-2.24.so
7f1d5553e000-7f1d56226000 r-xp 00000000 08:02 160962336                  /usr/lib/jvm/java-8-oracle/jre/lib/amd64/server/libjvm.so
7f1d56226000-7f1d56425000 ---p 00ce8000 08:02 160962336                  /usr/lib/jvm/java-8-oracle/jre/lib/amd64/server/libjvm.so
7f1d56425000-7f1d564bb000 r--p 00ce7000 08:02 160962336                  /usr/lib/jvm/java-8-oracle/jre/lib/amd64/server/libjvm.so
7f1d564bb000-7f1d564ec000 rw-p 00d7d000 08:02 160962336                  /usr/lib/jvm/java-8-oracle/jre/lib/amd64/server/libjvm.so
7f1d564ec000-7f1d56527000 rw-p 00000000 00:00 0 
7f1d56527000-7f1d566bc000 r-xp 00000000 08:02 21103086                   /lib/x86_64-linux-gnu/libc-2.24.so
7f1d566bc000-7f1d568bc000 ---p 00195000 08:02 21103086                   /lib/x86_64-linux-gnu/libc-2.24.so
7f1d568bc000-7f1d568c0000 r--p 00195000 08:02 21103086                   /lib/x86_64-linux-gnu/libc-2.24.so
7f1d568c0000-7f1d568c2000 rw-p 00199000 08:02 21103086                   /lib/x86_64-linux-gnu/libc-2.24.so
7f1d568c2000-7f1d568c6000 rw-p 00000000 00:00 0 
7f1d568c6000-7f1d568c9000 r-xp 00000000 08:02 21103098                   /lib/x86_64-linux-gnu/libdl-2.24.so
7f1d568c9000-7f1d56ac8000 ---p 00003000 08:02 21103098                   /lib/x86_64-linux-gnu/libdl-2.24.so
7f1d56ac8000-7f1d56ac9000 r--p 00002000 08:02 21103098                   /lib/x86_64-linux-gnu/libdl-2.24.so
7f1d56ac9000-7f1d56aca000 rw-p 00003000 08:02 21103098                   /lib/x86_64-linux-gnu/libdl-2.24.so
7f1d56aca000-7f1d56ae1000 r-xp 00000000 08:02 160962331                  /usr/lib/jvm/java-8-oracle/jre/lib/amd64/jli/libjli.so
7f1d56ae1000-7f1d56ce0000 ---p 00017000 08:02 160962331                  /usr/lib/jvm/java-8-oracle/jre/lib/amd64/jli/libjli.so
7f1d56ce0000-7f1d56ce1000 r--p 00016000 08:02 160962331                  /usr/lib/jvm/java-8-oracle/jre/lib/amd64/jli/libjli.so
7f1d56ce1000-7f1d56ce2000 rw-p 00017000 08:02 160962331                  /usr/lib/jvm/java-8-oracle/jre/lib/amd64/jli/libjli.so
7f1d56ce2000-7f1d56cfa000 r-xp 00000000 08:02 21103433                   /lib/x86_64-linux-gnu/libpthread-2.24.so
7f1d56cfa000-7f1d56ef9000 ---p 00018000 08:02 21103433                   /lib/x86_64-linux-gnu/libpthread-2.24.so
7f1d56ef9000-7f1d56efa000 r--p 00017000 08:02 21103433                   /lib/x86_64-linux-gnu/libpthread-2.24.so
7f1d56efa000-7f1d56efb000 rw-p 00018000 08:02 21103433                   /lib/x86_64-linux-gnu/libpthread-2.24.so
7f1d56efb000-7f1d56eff000 rw-p 00000000 00:00 0 
7f1d56eff000-7f1d56f22000 r-xp 00000000 08:02 21102628                   /lib/x86_64-linux-gnu/ld-2.24.so
7f1d56f3f000-7f1d57011000 rw-p 00000000 00:00 0 
7f1d57011000-7f1d57012000 ---p 00000000 00:00 0 
7f1d57012000-7f1d57015000 ---p 00000000 00:00 0 
7f1d57015000-7f1d57116000 rw-p 00000000 00:00 0 
7f1d57118000-7f1d57120000 rw-s 00000000 08:02 93349509                   /tmp/hsperfdata_root/37155
7f1d57120000-7f1d57121000 rw-p 00000000 00:00 0 
7f1d57121000-7f1d57122000 r--p 00000000 00:00 0 
7f1d57122000-7f1d57123000 r--p 00023000 08:02 21102628                   /lib/x86_64-linux-gnu/ld-2.24.so
7f1d57123000-7f1d57124000 rw-p 00024000 08:02 21102628                   /lib/x86_64-linux-gnu/ld-2.24.so
7f1d57124000-7f1d57125000 rw-p 00000000 00:00 0 
7ffe0b849000-7ffe0b86a000 rw-p 00000000 00:00 0                          [stack]
7ffe0b943000-7ffe0b945000 r--p 00000000 00:00 0                          [vvar]
7ffe0b945000-7ffe0b947000 r-xp 00000000 00:00 0                          [vdso]
ffffffffff600000-ffffffffff601000 r-xp 00000000 00:00 0                  [vsyscall]

VM Arguments:
java_command: energy.Scaler 1 userspace
java_class_path (initial): .
Launcher Type: SUN_STANDARD

Environment Variables:
PATH=/usr/local/sbin:/usr/local/bin:/usr/sbin:/usr/bin:/sbin:/bin
USERNAME=root
SHELL=/bin/bash

Signal Handlers:
SIGSEGV: [libjvm.so+0xad3e60], sa_mask[0]=11111111011111111101111111111110, sa_flags=SA_RESTART|SA_SIGINFO
SIGBUS: [libjvm.so+0xad3e60], sa_mask[0]=11111111011111111101111111111110, sa_flags=SA_RESTART|SA_SIGINFO
SIGFPE: [libjvm.so+0x90b880], sa_mask[0]=11111111011111111101111111111110, sa_flags=SA_RESTART|SA_SIGINFO
SIGPIPE: [libjvm.so+0x90b880], sa_mask[0]=11111111011111111101111111111110, sa_flags=SA_RESTART|SA_SIGINFO
SIGXFSZ: [libjvm.so+0x90b880], sa_mask[0]=11111111011111111101111111111110, sa_flags=SA_RESTART|SA_SIGINFO
SIGILL: [libjvm.so+0x90b880], sa_mask[0]=11111111011111111101111111111110, sa_flags=SA_RESTART|SA_SIGINFO
SIGUSR1: SIG_DFL, sa_mask[0]=00000000000000000000000000000000, sa_flags=none
SIGUSR2: [libjvm.so+0x90b750], sa_mask[0]=00000000000000000000000000000000, sa_flags=SA_RESTART|SA_SIGINFO
SIGHUP: [libjvm.so+0x90bd70], sa_mask[0]=11111111011111111101111111111110, sa_flags=SA_RESTART|SA_SIGINFO
SIGINT: [libjvm.so+0x90bd70], sa_mask[0]=11111111011111111101111111111110, sa_flags=SA_RESTART|SA_SIGINFO
SIGTERM: [libjvm.so+0x90bd70], sa_mask[0]=11111111011111111101111111111110, sa_flags=SA_RESTART|SA_SIGINFO
SIGQUIT: [libjvm.so+0x90bd70], sa_mask[0]=11111111011111111101111111111110, sa_flags=SA_RESTART|SA_SIGINFO


---------------  S Y S T E M  ---------------

OS:PRETTY_NAME="Debian GNU/Linux 9 (stretch)"
NAME="Debian GNU/Linux"
VERSION_ID="9"
VERSION="9 (stretch)"
ID=debian
HOME_URL="https://www.debian.org/"
SUPPORT_URL="https://www.debian.org/support"
BUG_REPORT_URL="https://bugs.debian.org/"

uname:Linux 4.9.0-0.bpo.8-amd64 #1 SMP Debian 4.9.144-3.1~deb8u1 (2019-03-14) x86_64
libc:glibc 2.24 NPTL 2.24 
rlimit: STACK 8192k, CORE 0k, NPROC 257182, NOFILE 65536, AS infinity
load average:0.00 0.00 0.00

/proc/meminfo:
MemTotal:       65860080 kB
MemFree:        47037380 kB
MemAvailable:   64881696 kB
Buffers:          208820 kB
Cached:         17912700 kB
SwapCached:            0 kB
Active:          1300356 kB
Inactive:       16860792 kB
Active(anon):      39912 kB
Inactive(anon):     9072 kB
Active(file):    1260444 kB
Inactive(file): 16851720 kB
Unevictable:           0 kB
Mlocked:               0 kB
SwapTotal:      118448124 kB
SwapFree:       118448124 kB
Dirty:                52 kB
Writeback:             0 kB
AnonPages:         40128 kB
Mapped:            33600 kB
Shmem:              9328 kB
Slab:             441180 kB
SReclaimable:     402392 kB
SUnreclaim:        38788 kB
KernelStack:        8128 kB
PageTables:         3124 kB
NFS_Unstable:          0 kB
Bounce:                0 kB
WritebackTmp:          0 kB
CommitLimit:    151378164 kB
Committed_AS:    1783700 kB
VmallocTotal:   34359738367 kB
VmallocUsed:           0 kB
VmallocChunk:          0 kB
HardwareCorrupted:     0 kB
AnonHugePages:         0 kB
ShmemHugePages:        0 kB
ShmemPmdMapped:        0 kB
HugePages_Total:       0
HugePages_Free:        0
HugePages_Rsvd:        0
HugePages_Surp:        0
Hugepagesize:       2048 kB
DirectMap4k:      158196 kB
DirectMap2M:     4968448 kB
DirectMap1G:    63963136 kB

container (cgroup) information:
container_type: cgroupv1
cpu_cpuset_cpus: 0-39
cpu_memory_nodes: 0-1
active_processor_count: 40
cpu_quota: -1
cpu_period: 100000
cpu_shares: -1
memory_limit_in_bytes: -1
memory_and_swap_limit_in_bytes: -2
memory_soft_limit_in_bytes: -1
memory_usage_in_bytes: 18598363136
memory_max_usage_in_bytes: 0


CPU:total 40 (initial active 40) (10 cores per cpu, 2 threads per core) family 6 model 79 stepping 1, cmov, cx8, fxsr, mmx, sse, sse2, sse3, ssse3, sse4.1, sse4.2, popcnt, avx, avx2, aes, clmul, erms, rtm, 3dnowpref, lzcnt, ht, tsc, tscinvbit, bmi1, bmi2, adx

/proc/cpuinfo:
processor	: 0
vendor_id	: GenuineIntel
cpu family	: 6
model		: 79
model name	: Intel(R) Xeon(R) CPU E5-2630 v4 @ 2.20GHz
stepping	: 1
microcode	: 0xb00001f
cpu MHz		: 1200.976
cache size	: 25600 KB
physical id	: 0
siblings	: 20
core id		: 0
cpu cores	: 10
apicid		: 0
initial apicid	: 0
fpu		: yes
fpu_exception	: yes
cpuid level	: 20
wp		: yes
flags		: fpu vme de pse tsc msr pae mce cx8 apic sep mtrr pge mca cmov pat pse36 clflush dts acpi mmx fxsr sse sse2 ss ht tm pbe syscall nx pdpe1gb rdtscp lm constant_tsc arch_perfmon pebs bts rep_good nopl xtopology nonstop_tsc aperfmperf pni pclmulqdq dtes64 monitor ds_cpl vmx smx est tm2 ssse3 sdbg fma cx16 xtpr pdcm pcid dca sse4_1 sse4_2 x2apic movbe popcnt tsc_deadline_timer aes xsave avx f16c rdrand lahf_lm abm 3dnowprefetch epb invpcid_single kaiser tpr_shadow vnmi flexpriority ept vpid fsgsbase tsc_adjust bmi1 hle avx2 smep bmi2 erms invpcid rtm cqm rdseed adx smap intel_pt xsaveopt cqm_llc cqm_occup_llc cqm_mbm_total cqm_mbm_local dtherm ida arat pln pts
bugs		: cpu_meltdown spectre_v1 spectre_v2 spec_store_bypass l1tf
bogomips	: 4390.45
clflush size	: 64
cache_alignment	: 64
address sizes	: 46 bits physical, 48 bits virtual
power management:

processor	: 1
vendor_id	: GenuineIntel
cpu family	: 6
model		: 79
model name	: Intel(R) Xeon(R) CPU E5-2630 v4 @ 2.20GHz
stepping	: 1
microcode	: 0xb00001f
cpu MHz		: 1200.036
cache size	: 25600 KB
physical id	: 0
siblings	: 20
core id		: 1
cpu cores	: 10
apicid		: 2
initial apicid	: 2
fpu		: yes
fpu_exception	: yes
cpuid level	: 20
wp		: yes
flags		: fpu vme de pse tsc msr pae mce cx8 apic sep mtrr pge mca cmov pat pse36 clflush dts acpi mmx fxsr sse sse2 ss ht tm pbe syscall nx pdpe1gb rdtscp lm constant_tsc arch_perfmon pebs bts rep_good nopl xtopology nonstop_tsc aperfmperf pni pclmulqdq dtes64 monitor ds_cpl vmx smx est tm2 ssse3 sdbg fma cx16 xtpr pdcm pcid dca sse4_1 sse4_2 x2apic movbe popcnt tsc_deadline_timer aes xsave avx f16c rdrand lahf_lm abm 3dnowprefetch epb invpcid_single kaiser tpr_shadow vnmi flexpriority ept vpid fsgsbase tsc_adjust bmi1 hle avx2 smep bmi2 erms invpcid rtm cqm rdseed adx smap intel_pt xsaveopt cqm_llc cqm_occup_llc cqm_mbm_total cqm_mbm_local dtherm ida arat pln pts
bugs		: cpu_meltdown spectre_v1 spectre_v2 spec_store_bypass l1tf
bogomips	: 4390.45
clflush size	: 64
cache_alignment	: 64
address sizes	: 46 bits physical, 48 bits virtual
power management:

processor	: 2
vendor_id	: GenuineIntel
cpu family	: 6
model		: 79
model name	: Intel(R) Xeon(R) CPU E5-2630 v4 @ 2.20GHz
stepping	: 1
microcode	: 0xb00001f
cpu MHz		: 1211.584
cache size	: 25600 KB
physical id	: 0
siblings	: 20
core id		: 2
cpu cores	: 10
apicid		: 4
initial apicid	: 4
fpu		: yes
fpu_exception	: yes
cpuid level	: 20
wp		: yes
flags		: fpu vme de pse tsc msr pae mce cx8 apic sep mtrr pge mca cmov pat pse36 clflush dts acpi mmx fxsr sse sse2 ss ht tm pbe syscall nx pdpe1gb rdtscp lm constant_tsc arch_perfmon pebs bts rep_good nopl xtopology nonstop_tsc aperfmperf pni pclmulqdq dtes64 monitor ds_cpl vmx smx est tm2 ssse3 sdbg fma cx16 xtpr pdcm pcid dca sse4_1 sse4_2 x2apic movbe popcnt tsc_deadline_timer aes xsave avx f16c rdrand lahf_lm abm 3dnowprefetch epb invpcid_single kaiser tpr_shadow vnmi flexpriority ept vpid fsgsbase tsc_adjust bmi1 hle avx2 smep bmi2 erms invpcid rtm cqm rdseed adx smap intel_pt xsaveopt cqm_llc cqm_occup_llc cqm_mbm_total cqm_mbm_local dtherm ida arat pln pts
bugs		: cpu_meltdown spectre_v1 spectre_v2 spec_store_bypass l1tf
bogomips	: 4390.45
clflush size	: 64
cache_alignment	: 64
address sizes	: 46 bits physical, 48 bits virtual
power management:

processor	: 3
vendor_id	: GenuineIntel
cpu family	: 6
model		: 79
model name	: Intel(R) Xeon(R) CPU E5-2630 v4 @ 2.20GHz
stepping	: 1
microcode	: 0xb00001f
cpu MHz		: 1202.185
cache size	: 25600 KB
physical id	: 0
siblings	: 20
core id		: 3
cpu cores	: 10
apicid		: 6
initial apicid	: 6
fpu		: yes
fpu_exception	: yes
cpuid level	: 20
wp		: yes
flags		: fpu vme de pse tsc msr pae mce cx8 apic sep mtrr pge mca cmov pat pse36 clflush dts acpi mmx fxsr sse sse2 ss ht tm pbe syscall nx pdpe1gb rdtscp lm constant_tsc arch_perfmon pebs bts rep_good nopl xtopology nonstop_tsc aperfmperf pni pclmulqdq dtes64 monitor ds_cpl vmx smx est tm2 ssse3 sdbg fma cx16 xtpr pdcm pcid dca sse4_1 sse4_2 x2apic movbe popcnt tsc_deadline_timer aes xsave avx f16c rdrand lahf_lm abm 3dnowprefetch epb invpcid_single kaiser tpr_shadow vnmi flexpriority ept vpid fsgsbase tsc_adjust bmi1 hle avx2 smep bmi2 erms invpcid rtm cqm rdseed adx smap intel_pt xsaveopt cqm_llc cqm_occup_llc cqm_mbm_total cqm_mbm_local dtherm ida arat pln pts
bugs		: cpu_meltdown spectre_v1 spectre_v2 spec_store_bypass l1tf
bogomips	: 4390.45
clflush size	: 64
cache_alignment	: 64
address sizes	: 46 bits physical, 48 bits virtual
power management:

processor	: 4
vendor_id	: GenuineIntel
cpu family	: 6
model		: 79
model name	: Intel(R) Xeon(R) CPU E5-2630 v4 @ 2.20GHz
stepping	: 1
microcode	: 0xb00001f
cpu MHz		: 1200.842
cache size	: 25600 KB
physical id	: 0
siblings	: 20
core id		: 4
cpu cores	: 10
apicid		: 8
initial apicid	: 8
fpu		: yes
fpu_exception	: yes
cpuid level	: 20
wp		: yes
flags		: fpu vme de pse tsc msr pae mce cx8 apic sep mtrr pge mca cmov pat pse36 clflush dts acpi mmx fxsr sse sse2 ss ht tm pbe syscall nx pdpe1gb rdtscp lm constant_tsc arch_perfmon pebs bts rep_good nopl xtopology nonstop_tsc aperfmperf pni pclmulqdq dtes64 monitor ds_cpl vmx smx est tm2 ssse3 sdbg fma cx16 xtpr pdcm pcid dca sse4_1 sse4_2 x2apic movbe popcnt tsc_deadline_timer aes xsave avx f16c rdrand lahf_lm abm 3dnowprefetch epb invpcid_single kaiser tpr_shadow vnmi flexpriority ept vpid fsgsbase tsc_adjust bmi1 hle avx2 smep bmi2 erms invpcid rtm cqm rdseed adx smap intel_pt xsaveopt cqm_llc cqm_occup_llc cqm_mbm_total cqm_mbm_local dtherm ida arat pln pts
bugs		: cpu_meltdown spectre_v1 spectre_v2 spec_store_bypass l1tf
bogomips	: 4390.45
clflush size	: 64
cache_alignment	: 64
address sizes	: 46 bits physical, 48 bits virtual
power management:

processor	: 5
vendor_id	: GenuineIntel
cpu family	: 6
model		: 79
model name	: Intel(R) Xeon(R) CPU E5-2630 v4 @ 2.20GHz
stepping	: 1
microcode	: 0xb00001f
cpu MHz		: 1212.255
cache size	: 25600 KB
physical id	: 0
siblings	: 20
core id		: 8
cpu cores	: 10
apicid		: 16
initial apicid	: 16
fpu		: yes
fpu_exception	: yes
cpuid level	: 20
wp		: yes
flags		: fpu vme de pse tsc msr pae mce cx8 apic sep mtrr pge mca cmov pat pse36 clflush dts acpi mmx fxsr sse sse2 ss ht tm pbe syscall nx pdpe1gb rdtscp lm constant_tsc arch_perfmon pebs bts rep_good nopl xtopology nonstop_tsc aperfmperf pni pclmulqdq dtes64 monitor ds_cpl vmx smx est tm2 ssse3 sdbg fma cx16 xtpr pdcm pcid dca sse4_1 sse4_2 x2apic movbe popcnt tsc_deadline_timer aes xsave avx f16c rdrand lahf_lm abm 3dnowprefetch epb invpcid_single kaiser tpr_shadow vnmi flexpriority ept vpid fsgsbase tsc_adjust bmi1 hle avx2 smep bmi2 erms invpcid rtm cqm rdseed adx smap intel_pt xsaveopt cqm_llc cqm_occup_llc cqm_mbm_total cqm_mbm_local dtherm ida arat pln pts
bugs		: cpu_meltdown spectre_v1 spectre_v2 spec_store_bypass l1tf
bogomips	: 4390.45
clflush size	: 64
cache_alignment	: 64
address sizes	: 46 bits physical, 48 bits virtual
power management:

processor	: 6
vendor_id	: GenuineIntel
cpu family	: 6
model		: 79
model name	: Intel(R) Xeon(R) CPU E5-2630 v4 @ 2.20GHz
stepping	: 1
microcode	: 0xb00001f
cpu MHz		: 1275.097
cache size	: 25600 KB
physical id	: 0
siblings	: 20
core id		: 9
cpu cores	: 10
apicid		: 18
initial apicid	: 18
fpu		: yes
fpu_exception	: yes
cpuid level	: 20
wp		: yes
flags		: fpu vme de pse tsc msr pae mce cx8 apic sep mtrr pge mca cmov pat pse36 clflush dts acpi mmx fxsr sse sse2 ss ht tm pbe syscall nx pdpe1gb rdtscp lm constant_tsc arch_perfmon pebs bts rep_good nopl xtopology nonstop_tsc aperfmperf pni pclmulqdq dtes64 monitor ds_cpl vmx smx est tm2 ssse3 sdbg fma cx16 xtpr pdcm pcid dca sse4_1 sse4_2 x2apic movbe popcnt tsc_deadline_timer aes xsave avx f16c rdrand lahf_lm abm 3dnowprefetch epb invpcid_single kaiser tpr_shadow vnmi flexpriority ept vpid fsgsbase tsc_adjust bmi1 hle avx2 smep bmi2 erms invpcid rtm cqm rdseed adx smap intel_pt xsaveopt cqm_llc cqm_occup_llc cqm_mbm_total cqm_mbm_local dtherm ida arat pln pts
bugs		: cpu_meltdown spectre_v1 spectre_v2 spec_store_bypass l1tf
bogomips	: 4390.45
clflush size	: 64
cache_alignment	: 64
address sizes	: 46 bits physical, 48 bits virtual
power management:

processor	: 7
vendor_id	: GenuineIntel
cpu family	: 6
model		: 79
model name	: Intel(R) Xeon(R) CPU E5-2630 v4 @ 2.20GHz
stepping	: 1
microcode	: 0xb00001f
cpu MHz		: 1200.170
cache size	: 25600 KB
physical id	: 0
siblings	: 20
core id		: 10
cpu cores	: 10
apicid		: 20
initial apicid	: 20
fpu		: yes
fpu_exception	: yes
cpuid level	: 20
wp		: yes
flags		: fpu vme de pse tsc msr pae mce cx8 apic sep mtrr pge mca cmov pat pse36 clflush dts acpi mmx fxsr sse sse2 ss ht tm pbe syscall nx pdpe1gb rdtscp lm constant_tsc arch_perfmon pebs bts rep_good nopl xtopology nonstop_tsc aperfmperf pni pclmulqdq dtes64 monitor ds_cpl vmx smx est tm2 ssse3 sdbg fma cx16 xtpr pdcm pcid dca sse4_1 sse4_2 x2apic movbe popcnt tsc_deadline_timer aes xsave avx f16c rdrand lahf_lm abm 3dnowprefetch epb invpcid_single kaiser tpr_shadow vnmi flexpriority ept vpid fsgsbase tsc_adjust bmi1 hle avx2 smep bmi2 erms invpcid rtm cqm rdseed adx smap intel_pt xsaveopt cqm_llc cqm_occup_llc cqm_mbm_total cqm_mbm_local dtherm ida arat pln pts
bugs		: cpu_meltdown spectre_v1 spectre_v2 spec_store_bypass l1tf
bogomips	: 4390.45
clflush size	: 64
cache_alignment	: 64
address sizes	: 46 bits physical, 48 bits virtual
power management:

processor	: 8
vendor_id	: GenuineIntel
cpu family	: 6
model		: 79
model name	: Intel(R) Xeon(R) CPU E5-2630 v4 @ 2.20GHz
stepping	: 1
microcode	: 0xb00001f
cpu MHz		: 1201.110
cache size	: 25600 KB
physical id	: 0
siblings	: 20
core id		: 11
cpu cores	: 10
apicid		: 22
initial apicid	: 22
fpu		: yes
fpu_exception	: yes
cpuid level	: 20
wp		: yes
flags		: fpu vme de pse tsc msr pae mce cx8 apic sep mtrr pge mca cmov pat pse36 clflush dts acpi mmx fxsr sse sse2 ss ht tm pbe syscall nx pdpe1gb rdtscp lm constant_tsc arch_perfmon pebs bts rep_good nopl xtopology nonstop_tsc aperfmperf pni pclmulqdq dtes64 monitor ds_cpl vmx smx est tm2 ssse3 sdbg fma cx16 xtpr pdcm pcid dca sse4_1 sse4_2 x2apic movbe popcnt tsc_deadline_timer aes xsave avx f16c rdrand lahf_lm abm 3dnowprefetch epb invpcid_single kaiser tpr_shadow vnmi flexpriority ept vpid fsgsbase tsc_adjust bmi1 hle avx2 smep bmi2 erms invpcid rtm cqm rdseed adx smap intel_pt xsaveopt cqm_llc cqm_occup_llc cqm_mbm_total cqm_mbm_local dtherm ida arat pln pts
bugs		: cpu_meltdown spectre_v1 spectre_v2 spec_store_bypass l1tf
bogomips	: 4390.45
clflush size	: 64
cache_alignment	: 64
address sizes	: 46 bits physical, 48 bits virtual
power management:

processor	: 9
vendor_id	: GenuineIntel
cpu family	: 6
model		: 79
model name	: Intel(R) Xeon(R) CPU E5-2630 v4 @ 2.20GHz
stepping	: 1
microcode	: 0xb00001f
cpu MHz		: 1205.139
cache size	: 25600 KB
physical id	: 0
siblings	: 20
core id		: 12
cpu cores	: 10
apicid		: 24
initial apicid	: 24
fpu		: yes
fpu_exception	: yes
cpuid level	: 20
wp		: yes
flags		: fpu vme de pse tsc msr pae mce cx8 apic sep mtrr pge mca cmov pat pse36 clflush dts acpi mmx fxsr sse sse2 ss ht tm pbe syscall nx pdpe1gb rdtscp lm constant_tsc arch_perfmon pebs bts rep_good nopl xtopology nonstop_tsc aperfmperf pni pclmulqdq dtes64 monitor ds_cpl vmx smx est tm2 ssse3 sdbg fma cx16 xtpr pdcm pcid dca sse4_1 sse4_2 x2apic movbe popcnt tsc_deadline_timer aes xsave avx f16c rdrand lahf_lm abm 3dnowprefetch epb invpcid_single kaiser tpr_shadow vnmi flexpriority ept vpid fsgsbase tsc_adjust bmi1 hle avx2 smep bmi2 erms invpcid rtm cqm rdseed adx smap intel_pt xsaveopt cqm_llc cqm_occup_llc cqm_mbm_total cqm_mbm_local dtherm ida arat pln pts
bugs		: cpu_meltdown spectre_v1 spectre_v2 spec_store_bypass l1tf
bogomips	: 4390.45
clflush size	: 64
cache_alignment	: 64
address sizes	: 46 bits physical, 48 bits virtual
power management:

processor	: 10
vendor_id	: GenuineIntel
cpu family	: 6
model		: 79
model name	: Intel(R) Xeon(R) CPU E5-2630 v4 @ 2.20GHz
stepping	: 1
microcode	: 0xb00001f
cpu MHz		: 1200.036
cache size	: 25600 KB
physical id	: 1
siblings	: 20
core id		: 0
cpu cores	: 10
apicid		: 32
initial apicid	: 32
fpu		: yes
fpu_exception	: yes
cpuid level	: 20
wp		: yes
flags		: fpu vme de pse tsc msr pae mce cx8 apic sep mtrr pge mca cmov pat pse36 clflush dts acpi mmx fxsr sse sse2 ss ht tm pbe syscall nx pdpe1gb rdtscp lm constant_tsc arch_perfmon pebs bts rep_good nopl xtopology nonstop_tsc aperfmperf pni pclmulqdq dtes64 monitor ds_cpl vmx smx est tm2 ssse3 sdbg fma cx16 xtpr pdcm pcid dca sse4_1 sse4_2 x2apic movbe popcnt tsc_deadline_timer aes xsave avx f16c rdrand lahf_lm abm 3dnowprefetch epb invpcid_single kaiser tpr_shadow vnmi flexpriority ept vpid fsgsbase tsc_adjust bmi1 hle avx2 smep bmi2 erms invpcid rtm cqm rdseed adx smap intel_pt xsaveopt cqm_llc cqm_occup_llc cqm_mbm_total cqm_mbm_local dtherm ida arat pln pts
bugs		: cpu_meltdown spectre_v1 spectre_v2 spec_store_bypass l1tf
bogomips	: 4392.05
clflush size	: 64
cache_alignment	: 64
address sizes	: 46 bits physical, 48 bits virtual
power management:

processor	: 11
vendor_id	: GenuineIntel
cpu family	: 6
model		: 79
model name	: Intel(R) Xeon(R) CPU E5-2630 v4 @ 2.20GHz
stepping	: 1
microcode	: 0xb00001f
cpu MHz		: 1201.379
cache size	: 25600 KB
physical id	: 1
siblings	: 20
core id		: 1
cpu cores	: 10
apicid		: 34
initial apicid	: 34
fpu		: yes
fpu_exception	: yes
cpuid level	: 20
wp		: yes
flags		: fpu vme de pse tsc msr pae mce cx8 apic sep mtrr pge mca cmov pat pse36 clflush dts acpi mmx fxsr sse sse2 ss ht tm pbe syscall nx pdpe1gb rdtscp lm constant_tsc arch_perfmon pebs bts rep_good nopl xtopology nonstop_tsc aperfmperf pni pclmulqdq dtes64 monitor ds_cpl vmx smx est tm2 ssse3 sdbg fma cx16 xtpr pdcm pcid dca sse4_1 sse4_2 x2apic movbe popcnt tsc_deadline_timer aes xsave avx f16c rdrand lahf_lm abm 3dnowprefetch epb invpcid_single kaiser tpr_shadow vnmi flexpriority ept vpid fsgsbase tsc_adjust bmi1 hle avx2 smep bmi2 erms invpcid rtm cqm rdseed adx smap intel_pt xsaveopt cqm_llc cqm_occup_llc cqm_mbm_total cqm_mbm_local dtherm ida arat pln pts
bugs		: cpu_meltdown spectre_v1 spectre_v2 spec_store_bypass l1tf
bogomips	: 4392.05
clflush size	: 64
cache_alignment	: 64
address sizes	: 46 bits physical, 48 bits virtual
power management:

processor	: 12
vendor_id	: GenuineIntel
cpu family	: 6
model		: 79
model name	: Intel(R) Xeon(R) CPU E5-2630 v4 @ 2.20GHz
stepping	: 1
microcode	: 0xb00001f
cpu MHz		: 1201.245
cache size	: 25600 KB
physical id	: 1
siblings	: 20
core id		: 2
cpu cores	: 10
apicid		: 36
initial apicid	: 36
fpu		: yes
fpu_exception	: yes
cpuid level	: 20
wp		: yes
flags		: fpu vme de pse tsc msr pae mce cx8 apic sep mtrr pge mca cmov pat pse36 clflush dts acpi mmx fxsr sse sse2 ss ht tm pbe syscall nx pdpe1gb rdtscp lm constant_tsc arch_perfmon pebs bts rep_good nopl xtopology nonstop_tsc aperfmperf pni pclmulqdq dtes64 monitor ds_cpl vmx smx est tm2 ssse3 sdbg fma cx16 xtpr pdcm pcid dca sse4_1 sse4_2 x2apic movbe popcnt tsc_deadline_timer aes xsave avx f16c rdrand lahf_lm abm 3dnowprefetch epb invpcid_single kaiser tpr_shadow vnmi flexpriority ept vpid fsgsbase tsc_adjust bmi1 hle avx2 smep bmi2 erms invpcid rtm cqm rdseed adx smap intel_pt xsaveopt cqm_llc cqm_occup_llc cqm_mbm_total cqm_mbm_local dtherm ida arat pln pts
bugs		: cpu_meltdown spectre_v1 spectre_v2 spec_store_bypass l1tf
bogomips	: 4392.05
clflush size	: 64
cache_alignment	: 64
address sizes	: 46 bits physical, 48 bits virtual
power management:

processor	: 13
vendor_id	: GenuineIntel
cpu family	: 6
model		: 79
model name	: Intel(R) Xeon(R) CPU E5-2630 v4 @ 2.20GHz
stepping	: 1
microcode	: 0xb00001f
cpu MHz		: 1199.902
cache size	: 25600 KB
physical id	: 1
siblings	: 20
core id		: 3
cpu cores	: 10
apicid		: 38
initial apicid	: 38
fpu		: yes
fpu_exception	: yes
cpuid level	: 20
wp		: yes
flags		: fpu vme de pse tsc msr pae mce cx8 apic sep mtrr pge mca cmov pat pse36 clflush dts acpi mmx fxsr sse sse2 ss ht tm pbe syscall nx pdpe1gb rdtscp lm constant_tsc arch_perfmon pebs bts rep_good nopl xtopology nonstop_tsc aperfmperf pni pclmulqdq dtes64 monitor ds_cpl vmx smx est tm2 ssse3 sdbg fma cx16 xtpr pdcm pcid dca sse4_1 sse4_2 x2apic movbe popcnt tsc_deadline_timer aes xsave avx f16c rdrand lahf_lm abm 3dnowprefetch epb invpcid_single kaiser tpr_shadow vnmi flexpriority ept vpid fsgsbase tsc_adjust bmi1 hle avx2 smep bmi2 erms invpcid rtm cqm rdseed adx smap intel_pt xsaveopt cqm_llc cqm_occup_llc cqm_mbm_total cqm_mbm_local dtherm ida arat pln pts
bugs		: cpu_meltdown spectre_v1 spectre_v2 spec_store_bypass l1tf
bogomips	: 4392.05
clflush size	: 64
cache_alignment	: 64
address sizes	: 46 bits physical, 48 bits virtual
power management:

processor	: 14
vendor_id	: GenuineIntel
cpu family	: 6
model		: 79
model name	: Intel(R) Xeon(R) CPU E5-2630 v4 @ 2.20GHz
stepping	: 1
microcode	: 0xb00001f
cpu MHz		: 1201.110
cache size	: 25600 KB
physical id	: 1
siblings	: 20
core id		: 4
cpu cores	: 10
apicid		: 40
initial apicid	: 40
fpu		: yes
fpu_exception	: yes
cpuid level	: 20
wp		: yes
flags		: fpu vme de pse tsc msr pae mce cx8 apic sep mtrr pge mca cmov pat pse36 clflush dts acpi mmx fxsr sse sse2 ss ht tm pbe syscall nx pdpe1gb rdtscp lm constant_tsc arch_perfmon pebs bts rep_good nopl xtopology nonstop_tsc aperfmperf pni pclmulqdq dtes64 monitor ds_cpl vmx smx est tm2 ssse3 sdbg fma cx16 xtpr pdcm pcid dca sse4_1 sse4_2 x2apic movbe popcnt tsc_deadline_timer aes xsave avx f16c rdrand lahf_lm abm 3dnowprefetch epb invpcid_single kaiser tpr_shadow vnmi flexpriority ept vpid fsgsbase tsc_adjust bmi1 hle avx2 smep bmi2 erms invpcid rtm cqm rdseed adx smap intel_pt xsaveopt cqm_llc cqm_occup_llc cqm_mbm_total cqm_mbm_local dtherm ida arat pln pts
bugs		: cpu_meltdown spectre_v1 spectre_v2 spec_store_bypass l1tf
bogomips	: 4392.05
clflush size	: 64
cache_alignment	: 64
address sizes	: 46 bits physical, 48 bits virtual
power management:

processor	: 15
vendor_id	: GenuineIntel
cpu family	: 6
model		: 79
model name	: Intel(R) Xeon(R) CPU E5-2630 v4 @ 2.20GHz
stepping	: 1
microcode	: 0xb00001f
cpu MHz		: 1203.662
cache size	: 25600 KB
physical id	: 1
siblings	: 20
core id		: 8
cpu cores	: 10
apicid		: 48
initial apicid	: 48
fpu		: yes
fpu_exception	: yes
cpuid level	: 20
wp		: yes
flags		: fpu vme de pse tsc msr pae mce cx8 apic sep mtrr pge mca cmov pat pse36 clflush dts acpi mmx fxsr sse sse2 ss ht tm pbe syscall nx pdpe1gb rdtscp lm constant_tsc arch_perfmon pebs bts rep_good nopl xtopology nonstop_tsc aperfmperf pni pclmulqdq dtes64 monitor ds_cpl vmx smx est tm2 ssse3 sdbg fma cx16 xtpr pdcm pcid dca sse4_1 sse4_2 x2apic movbe popcnt tsc_deadline_timer aes xsave avx f16c rdrand lahf_lm abm 3dnowprefetch epb invpcid_single kaiser tpr_shadow vnmi flexpriority ept vpid fsgsbase tsc_adjust bmi1 hle avx2 smep bmi2 erms invpcid rtm cqm rdseed adx smap intel_pt xsaveopt cqm_llc cqm_occup_llc cqm_mbm_total cqm_mbm_local dtherm ida arat pln pts
bugs		: cpu_meltdown spectre_v1 spectre_v2 spec_store_bypass l1tf
bogomips	: 4392.05
clflush size	: 64
cache_alignment	: 64
address sizes	: 46 bits physical, 48 bits virtual
power management:

processor	: 16
vendor_id	: GenuineIntel
cpu family	: 6
model		: 79
model name	: Intel(R) Xeon(R) CPU E5-2630 v4 @ 2.20GHz
stepping	: 1
microcode	: 0xb00001f
cpu MHz		: 1301.416
cache size	: 25600 KB
physical id	: 1
siblings	: 20
core id		: 9
cpu cores	: 10
apicid		: 50
initial apicid	: 50
fpu		: yes
fpu_exception	: yes
cpuid level	: 20
wp		: yes
flags		: fpu vme de pse tsc msr pae mce cx8 apic sep mtrr pge mca cmov pat pse36 clflush dts acpi mmx fxsr sse sse2 ss ht tm pbe syscall nx pdpe1gb rdtscp lm constant_tsc arch_perfmon pebs bts rep_good nopl xtopology nonstop_tsc aperfmperf pni pclmulqdq dtes64 monitor ds_cpl vmx smx est tm2 ssse3 sdbg fma cx16 xtpr pdcm pcid dca sse4_1 sse4_2 x2apic movbe popcnt tsc_deadline_timer aes xsave avx f16c rdrand lahf_lm abm 3dnowprefetch epb invpcid_single kaiser tpr_shadow vnmi flexpriority ept vpid fsgsbase tsc_adjust bmi1 hle avx2 smep bmi2 erms invpcid rtm cqm rdseed adx smap intel_pt xsaveopt cqm_llc cqm_occup_llc cqm_mbm_total cqm_mbm_local dtherm ida arat pln pts
bugs		: cpu_meltdown spectre_v1 spectre_v2 spec_store_bypass l1tf
bogomips	: 4392.05
clflush size	: 64
cache_alignment	: 64
address sizes	: 46 bits physical, 48 bits virtual
power management:

processor	: 17
vendor_id	: GenuineIntel
cpu family	: 6
model		: 79
model name	: Intel(R) Xeon(R) CPU E5-2630 v4 @ 2.20GHz
stepping	: 1
microcode	: 0xb00001f
cpu MHz		: 1200.573
cache size	: 25600 KB
physical id	: 1
siblings	: 20
core id		: 10
cpu cores	: 10
apicid		: 52
initial apicid	: 52
fpu		: yes
fpu_exception	: yes
cpuid level	: 20
wp		: yes
flags		: fpu vme de pse tsc msr pae mce cx8 apic sep mtrr pge mca cmov pat pse36 clflush dts acpi mmx fxsr sse sse2 ss ht tm pbe syscall nx pdpe1gb rdtscp lm constant_tsc arch_perfmon pebs bts rep_good nopl xtopology nonstop_tsc aperfmperf pni pclmulqdq dtes64 monitor ds_cpl vmx smx est tm2 ssse3 sdbg fma cx16 xtpr pdcm pcid dca sse4_1 sse4_2 x2apic movbe popcnt tsc_deadline_timer aes xsave avx f16c rdrand lahf_lm abm 3dnowprefetch epb invpcid_single kaiser tpr_shadow vnmi flexpriority ept vpid fsgsbase tsc_adjust bmi1 hle avx2 smep bmi2 erms invpcid rtm cqm rdseed adx smap intel_pt xsaveopt cqm_llc cqm_occup_llc cqm_mbm_total cqm_mbm_local dtherm ida arat pln pts
bugs		: cpu_meltdown spectre_v1 spectre_v2 spec_store_bypass l1tf
bogomips	: 4392.05
clflush size	: 64
cache_alignment	: 64
address sizes	: 46 bits physical, 48 bits virtual
power management:

processor	: 18
vendor_id	: GenuineIntel
cpu family	: 6
model		: 79
model name	: Intel(R) Xeon(R) CPU E5-2630 v4 @ 2.20GHz
stepping	: 1
microcode	: 0xb00001f
cpu MHz		: 1203.662
cache size	: 25600 KB
physical id	: 1
siblings	: 20
core id		: 11
cpu cores	: 10
apicid		: 54
initial apicid	: 54
fpu		: yes
fpu_exception	: yes
cpuid level	: 20
wp		: yes
flags		: fpu vme de pse tsc msr pae mce cx8 apic sep mtrr pge mca cmov pat pse36 clflush dts acpi mmx fxsr sse sse2 ss ht tm pbe syscall nx pdpe1gb rdtscp lm constant_tsc arch_perfmon pebs bts rep_good nopl xtopology nonstop_tsc aperfmperf pni pclmulqdq dtes64 monitor ds_cpl vmx smx est tm2 ssse3 sdbg fma cx16 xtpr pdcm pcid dca sse4_1 sse4_2 x2apic movbe popcnt tsc_deadline_timer aes xsave avx f16c rdrand lahf_lm abm 3dnowprefetch epb invpcid_single kaiser tpr_shadow vnmi flexpriority ept vpid fsgsbase tsc_adjust bmi1 hle avx2 smep bmi2 erms invpcid rtm cqm rdseed adx smap intel_pt xsaveopt cqm_llc cqm_occup_llc cqm_mbm_total cqm_mbm_local dtherm ida arat pln pts
bugs		: cpu_meltdown spectre_v1 spectre_v2 spec_store_bypass l1tf
bogomips	: 4392.05
clflush size	: 64
cache_alignment	: 64
address sizes	: 46 bits physical, 48 bits virtual
power management:

processor	: 19
vendor_id	: GenuineIntel
cpu family	: 6
model		: 79
model name	: Intel(R) Xeon(R) CPU E5-2630 v4 @ 2.20GHz
stepping	: 1
microcode	: 0xb00001f
cpu MHz		: 1200.305
cache size	: 25600 KB
physical id	: 1
siblings	: 20
core id		: 12
cpu cores	: 10
apicid		: 56
initial apicid	: 56
fpu		: yes
fpu_exception	: yes
cpuid level	: 20
wp		: yes
flags		: fpu vme de pse tsc msr pae mce cx8 apic sep mtrr pge mca cmov pat pse36 clflush dts acpi mmx fxsr sse sse2 ss ht tm pbe syscall nx pdpe1gb rdtscp lm constant_tsc arch_perfmon pebs bts rep_good nopl xtopology nonstop_tsc aperfmperf pni pclmulqdq dtes64 monitor ds_cpl vmx smx est tm2 ssse3 sdbg fma cx16 xtpr pdcm pcid dca sse4_1 sse4_2 x2apic movbe popcnt tsc_deadline_timer aes xsave avx f16c rdrand lahf_lm abm 3dnowprefetch epb invpcid_single kaiser tpr_shadow vnmi flexpriority ept vpid fsgsbase tsc_adjust bmi1 hle avx2 smep bmi2 erms invpcid rtm cqm rdseed adx smap intel_pt xsaveopt cqm_llc cqm_occup_llc cqm_mbm_total cqm_mbm_local dtherm ida arat pln pts
bugs		: cpu_meltdown spectre_v1 spectre_v2 spec_store_bypass l1tf
bogomips	: 4392.05
clflush size	: 64
cache_alignment	: 64
address sizes	: 46 bits physical, 48 bits virtual
power management:

processor	: 20
vendor_id	: GenuineIntel
cpu family	: 6
model		: 79
model name	: Intel(R) Xeon(R) CPU E5-2630 v4 @ 2.20GHz
stepping	: 1
microcode	: 0xb00001f
cpu MHz		: 1255.493
cache size	: 25600 KB
physical id	: 0
siblings	: 20
core id		: 0
cpu cores	: 10
apicid		: 1
initial apicid	: 1
fpu		: yes
fpu_exception	: yes
cpuid level	: 20
wp		: yes
flags		: fpu vme de pse tsc msr pae mce cx8 apic sep mtrr pge mca cmov pat pse36 clflush dts acpi mmx fxsr sse sse2 ss ht tm pbe syscall nx pdpe1gb rdtscp lm constant_tsc arch_perfmon pebs bts rep_good nopl xtopology nonstop_tsc aperfmperf pni pclmulqdq dtes64 monitor ds_cpl vmx smx est tm2 ssse3 sdbg fma cx16 xtpr pdcm pcid dca sse4_1 sse4_2 x2apic movbe popcnt tsc_deadline_timer aes xsave avx f16c rdrand lahf_lm abm 3dnowprefetch epb invpcid_single kaiser tpr_shadow vnmi flexpriority ept vpid fsgsbase tsc_adjust bmi1 hle avx2 smep bmi2 erms invpcid rtm cqm rdseed adx smap intel_pt xsaveopt cqm_llc cqm_occup_llc cqm_mbm_total cqm_mbm_local dtherm ida arat pln pts
bugs		: cpu_meltdown spectre_v1 spectre_v2 spec_store_bypass l1tf
bogomips	: 4390.45
clflush size	: 64
cache_alignment	: 64
address sizes	: 46 bits physical, 48 bits virtual
power management:

processor	: 21
vendor_id	: GenuineIntel
cpu family	: 6
model		: 79
model name	: Intel(R) Xeon(R) CPU E5-2630 v4 @ 2.20GHz
stepping	: 1
microcode	: 0xb00001f
cpu MHz		: 1200.439
cache size	: 25600 KB
physical id	: 0
siblings	: 20
core id		: 1
cpu cores	: 10
apicid		: 3
initial apicid	: 3
fpu		: yes
fpu_exception	: yes
cpuid level	: 20
wp		: yes
flags		: fpu vme de pse tsc msr pae mce cx8 apic sep mtrr pge mca cmov pat pse36 clflush dts acpi mmx fxsr sse sse2 ss ht tm pbe syscall nx pdpe1gb rdtscp lm constant_tsc arch_perfmon pebs bts rep_good nopl xtopology nonstop_tsc aperfmperf pni pclmulqdq dtes64 monitor ds_cpl vmx smx est tm2 ssse3 sdbg fma cx16 xtpr pdcm pcid dca sse4_1 sse4_2 x2apic movbe popcnt tsc_deadline_timer aes xsave avx f16c rdrand lahf_lm abm 3dnowprefetch epb invpcid_single kaiser tpr_shadow vnmi flexpriority ept vpid fsgsbase tsc_adjust bmi1 hle avx2 smep bmi2 erms invpcid rtm cqm rdseed adx smap intel_pt xsaveopt cqm_llc cqm_occup_llc cqm_mbm_total cqm_mbm_local dtherm ida arat pln pts
bugs		: cpu_meltdown spectre_v1 spectre_v2 spec_store_bypass l1tf
bogomips	: 4390.45
clflush size	: 64
cache_alignment	: 64
address sizes	: 46 bits physical, 48 bits virtual
power management:

processor	: 22
vendor_id	: GenuineIntel
cpu family	: 6
model		: 79
model name	: Intel(R) Xeon(R) CPU E5-2630 v4 @ 2.20GHz
stepping	: 1
microcode	: 0xb00001f
cpu MHz		: 1200.170
cache size	: 25600 KB
physical id	: 0
siblings	: 20
core id		: 2
cpu cores	: 10
apicid		: 5
initial apicid	: 5
fpu		: yes
fpu_exception	: yes
cpuid level	: 20
wp		: yes
flags		: fpu vme de pse tsc msr pae mce cx8 apic sep mtrr pge mca cmov pat pse36 clflush dts acpi mmx fxsr sse sse2 ss ht tm pbe syscall nx pdpe1gb rdtscp lm constant_tsc arch_perfmon pebs bts rep_good nopl xtopology nonstop_tsc aperfmperf pni pclmulqdq dtes64 monitor ds_cpl vmx smx est tm2 ssse3 sdbg fma cx16 xtpr pdcm pcid dca sse4_1 sse4_2 x2apic movbe popcnt tsc_deadline_timer aes xsave avx f16c rdrand lahf_lm abm 3dnowprefetch epb invpcid_single kaiser tpr_shadow vnmi flexpriority ept vpid fsgsbase tsc_adjust bmi1 hle avx2 smep bmi2 erms invpcid rtm cqm rdseed adx smap intel_pt xsaveopt cqm_llc cqm_occup_llc cqm_mbm_total cqm_mbm_local dtherm ida arat pln pts
bugs		: cpu_meltdown spectre_v1 spectre_v2 spec_store_bypass l1tf
bogomips	: 4390.45
clflush size	: 64
cache_alignment	: 64
address sizes	: 46 bits physical, 48 bits virtual
power management:

processor	: 23
vendor_id	: GenuineIntel
cpu family	: 6
model		: 79
model name	: Intel(R) Xeon(R) CPU E5-2630 v4 @ 2.20GHz
stepping	: 1
microcode	: 0xb00001f
cpu MHz		: 1200.305
cache size	: 25600 KB
physical id	: 0
siblings	: 20
core id		: 3
cpu cores	: 10
apicid		: 7
initial apicid	: 7
fpu		: yes
fpu_exception	: yes
cpuid level	: 20
wp		: yes
flags		: fpu vme de pse tsc msr pae mce cx8 apic sep mtrr pge mca cmov pat pse36 clflush dts acpi mmx fxsr sse sse2 ss ht tm pbe syscall nx pdpe1gb rdtscp lm constant_tsc arch_perfmon pebs bts rep_good nopl xtopology nonstop_tsc aperfmperf pni pclmulqdq dtes64 monitor ds_cpl vmx smx est tm2 ssse3 sdbg fma cx16 xtpr pdcm pcid dca sse4_1 sse4_2 x2apic movbe popcnt tsc_deadline_timer aes xsave avx f16c rdrand lahf_lm abm 3dnowprefetch epb invpcid_single kaiser tpr_shadow vnmi flexpriority ept vpid fsgsbase tsc_adjust bmi1 hle avx2 smep bmi2 erms invpcid rtm cqm rdseed adx smap intel_pt xsaveopt cqm_llc cqm_occup_llc cqm_mbm_total cqm_mbm_local dtherm ida arat pln pts
bugs		: cpu_meltdown spectre_v1 spectre_v2 spec_store_bypass l1tf
bogomips	: 4390.45
clflush size	: 64
cache_alignment	: 64
address sizes	: 46 bits physical, 48 bits virtual
power management:

processor	: 24
vendor_id	: GenuineIntel
cpu family	: 6
model		: 79
model name	: Intel(R) Xeon(R) CPU E5-2630 v4 @ 2.20GHz
stepping	: 1
microcode	: 0xb00001f
cpu MHz		: 1283.154
cache size	: 25600 KB
physical id	: 0
siblings	: 20
core id		: 4
cpu cores	: 10
apicid		: 9
initial apicid	: 9
fpu		: yes
fpu_exception	: yes
cpuid level	: 20
wp		: yes
flags		: fpu vme de pse tsc msr pae mce cx8 apic sep mtrr pge mca cmov pat pse36 clflush dts acpi mmx fxsr sse sse2 ss ht tm pbe syscall nx pdpe1gb rdtscp lm constant_tsc arch_perfmon pebs bts rep_good nopl xtopology nonstop_tsc aperfmperf pni pclmulqdq dtes64 monitor ds_cpl vmx smx est tm2 ssse3 sdbg fma cx16 xtpr pdcm pcid dca sse4_1 sse4_2 x2apic movbe popcnt tsc_deadline_timer aes xsave avx f16c rdrand lahf_lm abm 3dnowprefetch epb invpcid_single kaiser tpr_shadow vnmi flexpriority ept vpid fsgsbase tsc_adjust bmi1 hle avx2 smep bmi2 erms invpcid rtm cqm rdseed adx smap intel_pt xsaveopt cqm_llc cqm_occup_llc cqm_mbm_total cqm_mbm_local dtherm ida arat pln pts
bugs		: cpu_meltdown spectre_v1 spectre_v2 spec_store_bypass l1tf
bogomips	: 4390.45
clflush size	: 64
cache_alignment	: 64
address sizes	: 46 bits physical, 48 bits virtual
power management:

processor	: 25
vendor_id	: GenuineIntel
cpu family	: 6
model		: 79
model name	: Intel(R) Xeon(R) CPU E5-2630 v4 @ 2.20GHz
stepping	: 1
microcode	: 0xb00001f
cpu MHz		: 1200.170
cache size	: 25600 KB
physical id	: 0
siblings	: 20
core id		: 8
cpu cores	: 10
apicid		: 17
initial apicid	: 17
fpu		: yes
fpu_exception	: yes
cpuid level	: 20
wp		: yes
flags		: fpu vme de pse tsc msr pae mce cx8 apic sep mtrr pge mca cmov pat pse36 clflush dts acpi mmx fxsr sse sse2 ss ht tm pbe syscall nx pdpe1gb rdtscp lm constant_tsc arch_perfmon pebs bts rep_good nopl xtopology nonstop_tsc aperfmperf pni pclmulqdq dtes64 monitor ds_cpl vmx smx est tm2 ssse3 sdbg fma cx16 xtpr pdcm pcid dca sse4_1 sse4_2 x2apic movbe popcnt tsc_deadline_timer aes xsave avx f16c rdrand lahf_lm abm 3dnowprefetch epb invpcid_single kaiser tpr_shadow vnmi flexpriority ept vpid fsgsbase tsc_adjust bmi1 hle avx2 smep bmi2 erms invpcid rtm cqm rdseed adx smap intel_pt xsaveopt cqm_llc cqm_occup_llc cqm_mbm_total cqm_mbm_local dtherm ida arat pln pts
bugs		: cpu_meltdown spectre_v1 spectre_v2 spec_store_bypass l1tf
bogomips	: 4390.45
clflush size	: 64
cache_alignment	: 64
address sizes	: 46 bits physical, 48 bits virtual
power management:

processor	: 26
vendor_id	: GenuineIntel
cpu family	: 6
model		: 79
model name	: Intel(R) Xeon(R) CPU E5-2630 v4 @ 2.20GHz
stepping	: 1
microcode	: 0xb00001f
cpu MHz		: 1200.036
cache size	: 25600 KB
physical id	: 0
siblings	: 20
core id		: 9
cpu cores	: 10
apicid		: 19
initial apicid	: 19
fpu		: yes
fpu_exception	: yes
cpuid level	: 20
wp		: yes
flags		: fpu vme de pse tsc msr pae mce cx8 apic sep mtrr pge mca cmov pat pse36 clflush dts acpi mmx fxsr sse sse2 ss ht tm pbe syscall nx pdpe1gb rdtscp lm constant_tsc arch_perfmon pebs bts rep_good nopl xtopology nonstop_tsc aperfmperf pni pclmulqdq dtes64 monitor ds_cpl vmx smx est tm2 ssse3 sdbg fma cx16 xtpr pdcm pcid dca sse4_1 sse4_2 x2apic movbe popcnt tsc_deadline_timer aes xsave avx f16c rdrand lahf_lm abm 3dnowprefetch epb invpcid_single kaiser tpr_shadow vnmi flexpriority ept vpid fsgsbase tsc_adjust bmi1 hle avx2 smep bmi2 erms invpcid rtm cqm rdseed adx smap intel_pt xsaveopt cqm_llc cqm_occup_llc cqm_mbm_total cqm_mbm_local dtherm ida arat pln pts
bugs		: cpu_meltdown spectre_v1 spectre_v2 spec_store_bypass l1tf
bogomips	: 4390.45
clflush size	: 64
cache_alignment	: 64
address sizes	: 46 bits physical, 48 bits virtual
power management:

processor	: 27
vendor_id	: GenuineIntel
cpu family	: 6
model		: 79
model name	: Intel(R) Xeon(R) CPU E5-2630 v4 @ 2.20GHz
stepping	: 1
microcode	: 0xb00001f
cpu MHz		: 1200.036
cache size	: 25600 KB
physical id	: 0
siblings	: 20
core id		: 10
cpu cores	: 10
apicid		: 21
initial apicid	: 21
fpu		: yes
fpu_exception	: yes
cpuid level	: 20
wp		: yes
flags		: fpu vme de pse tsc msr pae mce cx8 apic sep mtrr pge mca cmov pat pse36 clflush dts acpi mmx fxsr sse sse2 ss ht tm pbe syscall nx pdpe1gb rdtscp lm constant_tsc arch_perfmon pebs bts rep_good nopl xtopology nonstop_tsc aperfmperf pni pclmulqdq dtes64 monitor ds_cpl vmx smx est tm2 ssse3 sdbg fma cx16 xtpr pdcm pcid dca sse4_1 sse4_2 x2apic movbe popcnt tsc_deadline_timer aes xsave avx f16c rdrand lahf_lm abm 3dnowprefetch epb invpcid_single kaiser tpr_shadow vnmi flexpriority ept vpid fsgsbase tsc_adjust bmi1 hle avx2 smep bmi2 erms invpcid rtm cqm rdseed adx smap intel_pt xsaveopt cqm_llc cqm_occup_llc cqm_mbm_total cqm_mbm_local dtherm ida arat pln pts
bugs		: cpu_meltdown spectre_v1 spectre_v2 spec_store_bypass l1tf
bogomips	: 4390.45
clflush size	: 64
cache_alignment	: 64
address sizes	: 46 bits physical, 48 bits virtual
power management:

processor	: 28
vendor_id	: GenuineIntel
cpu family	: 6
model		: 79
model name	: Intel(R) Xeon(R) CPU E5-2630 v4 @ 2.20GHz
stepping	: 1
microcode	: 0xb00001f
cpu MHz		: 1200.305
cache size	: 25600 KB
physical id	: 0
siblings	: 20
core id		: 11
cpu cores	: 10
apicid		: 23
initial apicid	: 23
fpu		: yes
fpu_exception	: yes
cpuid level	: 20
wp		: yes
flags		: fpu vme de pse tsc msr pae mce cx8 apic sep mtrr pge mca cmov pat pse36 clflush dts acpi mmx fxsr sse sse2 ss ht tm pbe syscall nx pdpe1gb rdtscp lm constant_tsc arch_perfmon pebs bts rep_good nopl xtopology nonstop_tsc aperfmperf pni pclmulqdq dtes64 monitor ds_cpl vmx smx est tm2 ssse3 sdbg fma cx16 xtpr pdcm pcid dca sse4_1 sse4_2 x2apic movbe popcnt tsc_deadline_timer aes xsave avx f16c rdrand lahf_lm abm 3dnowprefetch epb invpcid_single kaiser tpr_shadow vnmi flexpriority ept vpid fsgsbase tsc_adjust bmi1 hle avx2 smep bmi2 erms invpcid rtm cqm rdseed adx smap intel_pt xsaveopt cqm_llc cqm_occup_llc cqm_mbm_total cqm_mbm_local dtherm ida arat pln pts
bugs		: cpu_meltdown spectre_v1 spectre_v2 spec_store_bypass l1tf
bogomips	: 4390.45
clflush size	: 64
cache_alignment	: 64
address sizes	: 46 bits physical, 48 bits virtual
power management:

processor	: 29
vendor_id	: GenuineIntel
cpu family	: 6
model		: 79
model name	: Intel(R) Xeon(R) CPU E5-2630 v4 @ 2.20GHz
stepping	: 1
microcode	: 0xb00001f
cpu MHz		: 1200.170
cache size	: 25600 KB
physical id	: 0
siblings	: 20
core id		: 12
cpu cores	: 10
apicid		: 25
initial apicid	: 25
fpu		: yes
fpu_exception	: yes
cpuid level	: 20
wp		: yes
flags		: fpu vme de pse tsc msr pae mce cx8 apic sep mtrr pge mca cmov pat pse36 clflush dts acpi mmx fxsr sse sse2 ss ht tm pbe syscall nx pdpe1gb rdtscp lm constant_tsc arch_perfmon pebs bts rep_good nopl xtopology nonstop_tsc aperfmperf pni pclmulqdq dtes64 monitor ds_cpl vmx smx est tm2 ssse3 sdbg fma cx16 xtpr pdcm pcid dca sse4_1 sse4_2 x2apic movbe popcnt tsc_deadline_timer aes xsave avx f16c rdrand lahf_lm abm 3dnowprefetch epb invpcid_single kaiser tpr_shadow vnmi flexpriority ept vpid fsgsbase tsc_adjust bmi1 hle avx2 smep bmi2 erms invpcid rtm cqm rdseed adx smap intel_pt xsaveopt cqm_llc cqm_occup_llc cqm_mbm_total cqm_mbm_local dtherm ida arat pln pts
bugs		: cpu_meltdown spectre_v1 spectre_v2 spec_store_bypass l1tf
bogomips	: 4390.45
clflush size	: 64
cache_alignment	: 64
address sizes	: 46 bits physical, 48 bits virtual
power management:

processor	: 30
vendor_id	: GenuineIntel
cpu family	: 6
model		: 79
model name	: Intel(R) Xeon(R) CPU E5-2630 v4 @ 2.20GHz
stepping	: 1
microcode	: 0xb00001f
cpu MHz		: 1200.036
cache size	: 25600 KB
physical id	: 1
siblings	: 20
core id		: 0
cpu cores	: 10
apicid		: 33
initial apicid	: 33
fpu		: yes
fpu_exception	: yes
cpuid level	: 20
wp		: yes
flags		: fpu vme de pse tsc msr pae mce cx8 apic sep mtrr pge mca cmov pat pse36 clflush dts acpi mmx fxsr sse sse2 ss ht tm pbe syscall nx pdpe1gb rdtscp lm constant_tsc arch_perfmon pebs bts rep_good nopl xtopology nonstop_tsc aperfmperf pni pclmulqdq dtes64 monitor ds_cpl vmx smx est tm2 ssse3 sdbg fma cx16 xtpr pdcm pcid dca sse4_1 sse4_2 x2apic movbe popcnt tsc_deadline_timer aes xsave avx f16c rdrand lahf_lm abm 3dnowprefetch epb invpcid_single kaiser tpr_shadow vnmi flexpriority ept vpid fsgsbase tsc_adjust bmi1 hle avx2 smep bmi2 erms invpcid rtm cqm rdseed adx smap intel_pt xsaveopt cqm_llc cqm_occup_llc cqm_mbm_total cqm_mbm_local dtherm ida arat pln pts
bugs		: cpu_meltdown spectre_v1 spectre_v2 spec_store_bypass l1tf
bogomips	: 4392.05
clflush size	: 64
cache_alignment	: 64
address sizes	: 46 bits physical, 48 bits virtual
power management:

processor	: 31
vendor_id	: GenuineIntel
cpu family	: 6
model		: 79
model name	: Intel(R) Xeon(R) CPU E5-2630 v4 @ 2.20GHz
stepping	: 1
microcode	: 0xb00001f
cpu MHz		: 1199.902
cache size	: 25600 KB
physical id	: 1
siblings	: 20
core id		: 1
cpu cores	: 10
apicid		: 35
initial apicid	: 35
fpu		: yes
fpu_exception	: yes
cpuid level	: 20
wp		: yes
flags		: fpu vme de pse tsc msr pae mce cx8 apic sep mtrr pge mca cmov pat pse36 clflush dts acpi mmx fxsr sse sse2 ss ht tm pbe syscall nx pdpe1gb rdtscp lm constant_tsc arch_perfmon pebs bts rep_good nopl xtopology nonstop_tsc aperfmperf pni pclmulqdq dtes64 monitor ds_cpl vmx smx est tm2 ssse3 sdbg fma cx16 xtpr pdcm pcid dca sse4_1 sse4_2 x2apic movbe popcnt tsc_deadline_timer aes xsave avx f16c rdrand lahf_lm abm 3dnowprefetch epb invpcid_single kaiser tpr_shadow vnmi flexpriority ept vpid fsgsbase tsc_adjust bmi1 hle avx2 smep bmi2 erms invpcid rtm cqm rdseed adx smap intel_pt xsaveopt cqm_llc cqm_occup_llc cqm_mbm_total cqm_mbm_local dtherm ida arat pln pts
bugs		: cpu_meltdown spectre_v1 spectre_v2 spec_store_bypass l1tf
bogomips	: 4392.05
clflush size	: 64
cache_alignment	: 64
address sizes	: 46 bits physical, 48 bits virtual
power management:

processor	: 32
vendor_id	: GenuineIntel
cpu family	: 6
model		: 79
model name	: Intel(R) Xeon(R) CPU E5-2630 v4 @ 2.20GHz
stepping	: 1
microcode	: 0xb00001f
cpu MHz		: 1200.842
cache size	: 25600 KB
physical id	: 1
siblings	: 20
core id		: 2
cpu cores	: 10
apicid		: 37
initial apicid	: 37
fpu		: yes
fpu_exception	: yes
cpuid level	: 20
wp		: yes
flags		: fpu vme de pse tsc msr pae mce cx8 apic sep mtrr pge mca cmov pat pse36 clflush dts acpi mmx fxsr sse sse2 ss ht tm pbe syscall nx pdpe1gb rdtscp lm constant_tsc arch_perfmon pebs bts rep_good nopl xtopology nonstop_tsc aperfmperf pni pclmulqdq dtes64 monitor ds_cpl vmx smx est tm2 ssse3 sdbg fma cx16 xtpr pdcm pcid dca sse4_1 sse4_2 x2apic movbe popcnt tsc_deadline_timer aes xsave avx f16c rdrand lahf_lm abm 3dnowprefetch epb invpcid_single kaiser tpr_shadow vnmi flexpriority ept vpid fsgsbase tsc_adjust bmi1 hle avx2 smep bmi2 erms invpcid rtm cqm rdseed adx smap intel_pt xsaveopt cqm_llc cqm_occup_llc cqm_mbm_total cqm_mbm_local dtherm ida arat pln pts
bugs		: cpu_meltdown spectre_v1 spectre_v2 spec_store_bypass l1tf
bogomips	: 4392.05
clflush size	: 64
cache_alignment	: 64
address sizes	: 46 bits physical, 48 bits virtual
power management:

processor	: 33
vendor_id	: GenuineIntel
cpu family	: 6
model		: 79
model name	: Intel(R) Xeon(R) CPU E5-2630 v4 @ 2.20GHz
stepping	: 1
microcode	: 0xb00001f
cpu MHz		: 1208.630
cache size	: 25600 KB
physical id	: 1
siblings	: 20
core id		: 3
cpu cores	: 10
apicid		: 39
initial apicid	: 39
fpu		: yes
fpu_exception	: yes
cpuid level	: 20
wp		: yes
flags		: fpu vme de pse tsc msr pae mce cx8 apic sep mtrr pge mca cmov pat pse36 clflush dts acpi mmx fxsr sse sse2 ss ht tm pbe syscall nx pdpe1gb rdtscp lm constant_tsc arch_perfmon pebs bts rep_good nopl xtopology nonstop_tsc aperfmperf pni pclmulqdq dtes64 monitor ds_cpl vmx smx est tm2 ssse3 sdbg fma cx16 xtpr pdcm pcid dca sse4_1 sse4_2 x2apic movbe popcnt tsc_deadline_timer aes xsave avx f16c rdrand lahf_lm abm 3dnowprefetch epb invpcid_single kaiser tpr_shadow vnmi flexpriority ept vpid fsgsbase tsc_adjust bmi1 hle avx2 smep bmi2 erms invpcid rtm cqm rdseed adx smap intel_pt xsaveopt cqm_llc cqm_occup_llc cqm_mbm_total cqm_mbm_local dtherm ida arat pln pts
bugs		: cpu_meltdown spectre_v1 spectre_v2 spec_store_bypass l1tf
bogomips	: 4392.05
clflush size	: 64
cache_alignment	: 64
address sizes	: 46 bits physical, 48 bits virtual
power management:

processor	: 34
vendor_id	: GenuineIntel
cpu family	: 6
model		: 79
model name	: Intel(R) Xeon(R) CPU E5-2630 v4 @ 2.20GHz
stepping	: 1
microcode	: 0xb00001f
cpu MHz		: 1200.573
cache size	: 25600 KB
physical id	: 1
siblings	: 20
core id		: 4
cpu cores	: 10
apicid		: 41
initial apicid	: 41
fpu		: yes
fpu_exception	: yes
cpuid level	: 20
wp		: yes
flags		: fpu vme de pse tsc msr pae mce cx8 apic sep mtrr pge mca cmov pat pse36 clflush dts acpi mmx fxsr sse sse2 ss ht tm pbe syscall nx pdpe1gb rdtscp lm constant_tsc arch_perfmon pebs bts rep_good nopl xtopology nonstop_tsc aperfmperf pni pclmulqdq dtes64 monitor ds_cpl vmx smx est tm2 ssse3 sdbg fma cx16 xtpr pdcm pcid dca sse4_1 sse4_2 x2apic movbe popcnt tsc_deadline_timer aes xsave avx f16c rdrand lahf_lm abm 3dnowprefetch epb invpcid_single kaiser tpr_shadow vnmi flexpriority ept vpid fsgsbase tsc_adjust bmi1 hle avx2 smep bmi2 erms invpcid rtm cqm rdseed adx smap intel_pt xsaveopt cqm_llc cqm_occup_llc cqm_mbm_total cqm_mbm_local dtherm ida arat pln pts
bugs		: cpu_meltdown spectre_v1 spectre_v2 spec_store_bypass l1tf
bogomips	: 4392.05
clflush size	: 64
cache_alignment	: 64
address sizes	: 46 bits physical, 48 bits virtual
power management:

processor	: 35
vendor_id	: GenuineIntel
cpu family	: 6
model		: 79
model name	: Intel(R) Xeon(R) CPU E5-2630 v4 @ 2.20GHz
stepping	: 1
microcode	: 0xb00001f
cpu MHz		: 1200.170
cache size	: 25600 KB
physical id	: 1
siblings	: 20
core id		: 8
cpu cores	: 10
apicid		: 49
initial apicid	: 49
fpu		: yes
fpu_exception	: yes
cpuid level	: 20
wp		: yes
flags		: fpu vme de pse tsc msr pae mce cx8 apic sep mtrr pge mca cmov pat pse36 clflush dts acpi mmx fxsr sse sse2 ss ht tm pbe syscall nx pdpe1gb rdtscp lm constant_tsc arch_perfmon pebs bts rep_good nopl xtopology nonstop_tsc aperfmperf pni pclmulqdq dtes64 monitor ds_cpl vmx smx est tm2 ssse3 sdbg fma cx16 xtpr pdcm pcid dca sse4_1 sse4_2 x2apic movbe popcnt tsc_deadline_timer aes xsave avx f16c rdrand lahf_lm abm 3dnowprefetch epb invpcid_single kaiser tpr_shadow vnmi flexpriority ept vpid fsgsbase tsc_adjust bmi1 hle avx2 smep bmi2 erms invpcid rtm cqm rdseed adx smap intel_pt xsaveopt cqm_llc cqm_occup_llc cqm_mbm_total cqm_mbm_local dtherm ida arat pln pts
bugs		: cpu_meltdown spectre_v1 spectre_v2 spec_store_bypass l1tf
bogomips	: 4392.05
clflush size	: 64
cache_alignment	: 64
address sizes	: 46 bits physical, 48 bits virtual
power management:

processor	: 36
vendor_id	: GenuineIntel
cpu family	: 6
model		: 79
model name	: Intel(R) Xeon(R) CPU E5-2630 v4 @ 2.20GHz
stepping	: 1
microcode	: 0xb00001f
cpu MHz		: 1219.775
cache size	: 25600 KB
physical id	: 1
siblings	: 20
core id		: 9
cpu cores	: 10
apicid		: 51
initial apicid	: 51
fpu		: yes
fpu_exception	: yes
cpuid level	: 20
wp		: yes
flags		: fpu vme de pse tsc msr pae mce cx8 apic sep mtrr pge mca cmov pat pse36 clflush dts acpi mmx fxsr sse sse2 ss ht tm pbe syscall nx pdpe1gb rdtscp lm constant_tsc arch_perfmon pebs bts rep_good nopl xtopology nonstop_tsc aperfmperf pni pclmulqdq dtes64 monitor ds_cpl vmx smx est tm2 ssse3 sdbg fma cx16 xtpr pdcm pcid dca sse4_1 sse4_2 x2apic movbe popcnt tsc_deadline_timer aes xsave avx f16c rdrand lahf_lm abm 3dnowprefetch epb invpcid_single kaiser tpr_shadow vnmi flexpriority ept vpid fsgsbase tsc_adjust bmi1 hle avx2 smep bmi2 erms invpcid rtm cqm rdseed adx smap intel_pt xsaveopt cqm_llc cqm_occup_llc cqm_mbm_total cqm_mbm_local dtherm ida arat pln pts
bugs		: cpu_meltdown spectre_v1 spectre_v2 spec_store_bypass l1tf
bogomips	: 4392.05
clflush size	: 64
cache_alignment	: 64
address sizes	: 46 bits physical, 48 bits virtual
power management:

processor	: 37
vendor_id	: GenuineIntel
cpu family	: 6
model		: 79
model name	: Intel(R) Xeon(R) CPU E5-2630 v4 @ 2.20GHz
stepping	: 1
microcode	: 0xb00001f
cpu MHz		: 1200.842
cache size	: 25600 KB
physical id	: 1
siblings	: 20
core id		: 10
cpu cores	: 10
apicid		: 53
initial apicid	: 53
fpu		: yes
fpu_exception	: yes
cpuid level	: 20
wp		: yes
flags		: fpu vme de pse tsc msr pae mce cx8 apic sep mtrr pge mca cmov pat pse36 clflush dts acpi mmx fxsr sse sse2 ss ht tm pbe syscall nx pdpe1gb rdtscp lm constant_tsc arch_perfmon pebs bts rep_good nopl xtopology nonstop_tsc aperfmperf pni pclmulqdq dtes64 monitor ds_cpl vmx smx est tm2 ssse3 sdbg fma cx16 xtpr pdcm pcid dca sse4_1 sse4_2 x2apic movbe popcnt tsc_deadline_timer aes xsave avx f16c rdrand lahf_lm abm 3dnowprefetch epb invpcid_single kaiser tpr_shadow vnmi flexpriority ept vpid fsgsbase tsc_adjust bmi1 hle avx2 smep bmi2 erms invpcid rtm cqm rdseed adx smap intel_pt xsaveopt cqm_llc cqm_occup_llc cqm_mbm_total cqm_mbm_local dtherm ida arat pln pts
bugs		: cpu_meltdown spectre_v1 spectre_v2 spec_store_bypass l1tf
bogomips	: 4392.05
clflush size	: 64
cache_alignment	: 64
address sizes	: 46 bits physical, 48 bits virtual
power management:

processor	: 38
vendor_id	: GenuineIntel
cpu family	: 6
model		: 79
model name	: Intel(R) Xeon(R) CPU E5-2630 v4 @ 2.20GHz
stepping	: 1
microcode	: 0xb00001f
cpu MHz		: 1218.969
cache size	: 25600 KB
physical id	: 1
siblings	: 20
core id		: 11
cpu cores	: 10
apicid		: 55
initial apicid	: 55
fpu		: yes
fpu_exception	: yes
cpuid level	: 20
wp		: yes
flags		: fpu vme de pse tsc msr pae mce cx8 apic sep mtrr pge mca cmov pat pse36 clflush dts acpi mmx fxsr sse sse2 ss ht tm pbe syscall nx pdpe1gb rdtscp lm constant_tsc arch_perfmon pebs bts rep_good nopl xtopology nonstop_tsc aperfmperf pni pclmulqdq dtes64 monitor ds_cpl vmx smx est tm2 ssse3 sdbg fma cx16 xtpr pdcm pcid dca sse4_1 sse4_2 x2apic movbe popcnt tsc_deadline_timer aes xsave avx f16c rdrand lahf_lm abm 3dnowprefetch epb invpcid_single kaiser tpr_shadow vnmi flexpriority ept vpid fsgsbase tsc_adjust bmi1 hle avx2 smep bmi2 erms invpcid rtm cqm rdseed adx smap intel_pt xsaveopt cqm_llc cqm_occup_llc cqm_mbm_total cqm_mbm_local dtherm ida arat pln pts
bugs		: cpu_meltdown spectre_v1 spectre_v2 spec_store_bypass l1tf
bogomips	: 4392.05
clflush size	: 64
cache_alignment	: 64
address sizes	: 46 bits physical, 48 bits virtual
power management:

processor	: 39
vendor_id	: GenuineIntel
cpu family	: 6
model		: 79
model name	: Intel(R) Xeon(R) CPU E5-2630 v4 @ 2.20GHz
stepping	: 1
microcode	: 0xb00001f
cpu MHz		: 1796.630
cache size	: 25600 KB
physical id	: 1
siblings	: 20
core id		: 12
cpu cores	: 10
apicid		: 57
initial apicid	: 57
fpu		: yes
fpu_exception	: yes
cpuid level	: 20
wp		: yes
flags		: fpu vme de pse tsc msr pae mce cx8 apic sep mtrr pge mca cmov pat pse36 clflush dts acpi mmx fxsr sse sse2 ss ht tm pbe syscall nx pdpe1gb rdtscp lm constant_tsc arch_perfmon pebs bts rep_good nopl xtopology nonstop_tsc aperfmperf pni pclmulqdq dtes64 monitor ds_cpl vmx smx est tm2 ssse3 sdbg fma cx16 xtpr pdcm pcid dca sse4_1 sse4_2 x2apic movbe popcnt tsc_deadline_timer aes xsave avx f16c rdrand lahf_lm abm 3dnowprefetch epb invpcid_single kaiser tpr_shadow vnmi flexpriority ept vpid fsgsbase tsc_adjust bmi1 hle avx2 smep bmi2 erms invpcid rtm cqm rdseed adx smap intel_pt xsaveopt cqm_llc cqm_occup_llc cqm_mbm_total cqm_mbm_local dtherm ida arat pln pts
bugs		: cpu_meltdown spectre_v1 spectre_v2 spec_store_bypass l1tf
bogomips	: 4392.05
clflush size	: 64
cache_alignment	: 64
address sizes	: 46 bits physical, 48 bits virtual
power management:



Memory: 4k page, physical 65860080k(47037380k free), swap 118448124k(118448124k free)

vm_info: Java HotSpot(TM) 64-Bit Server VM (25.201-b09) for linux-amd64 JRE (1.8.0_201-b09), built on Dec 15 2018 11:35:59 by "java_re" with gcc 7.3.0

time: Wed Mar 27 00:25:03 2019
timezone: EDT
elapsed time: 0 seconds (0d 0h 0m 0s)

