Exception in thread "Thread-25" Exception in thread "Thread-24" Exception in thread "Thread-33" Exception in thread "Thread-29" Exception in thread "Thread-23" Exception in thread "Thread-32" Exception in thread "Thread-36" Exception in thread "Thread-37" Exception in thread "Thread-38" Exception in thread "Thread-35" Exception in thread "Thread-22" Exception in thread "Thread-30" Exception in thread "Thread-40" Exception in thread "Thread-39" Exception in thread "Thread-28" Exception in thread "Thread-26" Exception in thread "Thread-21" Exception in thread "Thread-27" Exception in thread "Thread-34" Exception in thread "Thread-31" java.lang.NumberFormatException: unable to parse double
   at org.jikesrvm.classloader.ReflectionBase$$Reflect32322.invokeInternal(Unknown Source:0)
   at org.jikesrvm.runtime.ReflectionBase.invoke(ReflectionBase.java:164)
   at org.jikesrvm.runtime.Reflection.invoke(Reflection.java:91)
   at java.lang.reflect.VMCommonLibrarySupport.construct(VMCommonLibrarySupport.java:435)
   at java.lang.reflect.VMConstructor.construct(VMConstructor.java:82)
   at java.lang.reflect.Constructor.newInstance(Constructor.java:318)
   at org.jikesrvm.jni.JNIFunctions.ThrowNew(JNIFunctions.java:322)
   at java.lang.VMDouble.parseDouble(VMDouble.java)
   at java.lang.Double.parseDouble(Double.java:348)
   at org.jikesrvm.energy.EnergyCheckUtils.getEnergyStats(EnergyCheckUtils.java:82)
   at org.jikesrvm.energy.Service.startProfile(Service.java:100)
   at org.sunflow.core.accel.KDTree.intersect(KDTree.java:644)
   at org.sunflow.core.Geometry.intersect(Geometry.java:93)
   at org.sunflow.core.Instance.intersect(Instance.java:135)
   at org.sunflow.core.InstanceList.intersectPrimitive(InstanceList.java:30)
   at org.sunflow.core.accel.BoundingIntervalHierarchy.intersect(BoundingIntervalHierarchy.java:559)
   at org.sunflow.core.Scene.trace(Scene.java:199)
   at org.sunflow.core.Scene.traceShadow(Scene.java:203)
   at org.sunflow.core.ShadingState.traceShadow(ShadingState.java:603)
   at org.sunflow.core.LightSample.traceShadow(LightSample.java:47)
   at org.sunflow.core.light.TriangleMeshLight$TriangleLight.getSamples(TriangleMeshLight.java:222)
   at org.sunflow.core.LightServer.initLightSamples(LightServer.java:474)
   at org.sunflow.core.ShadingState.initLightSamples(ShadingState.java:535)
   at org.sunflow.core.shader.DiffuseShader.getRadiance(DiffuseShader.java:32)
   at org.sunflow.core.LightServer.getRadiance(LightServer.java:329)
   at org.sunflow.core.Scene.getRadiance(Scene.java:158)
   at org.sunflow.core.renderer.BucketRenderer.computeSubPixel(BucketRenderer.java:318)
   at org.sunflow.core.renderer.BucketRenderer.refineSamples(BucketRenderer.java:337)
   at org.sunflow.core.renderer.BucketRenderer.renderBucket(BucketRenderer.java:244)
   at org.sunflow.core.renderer.BucketRenderer.access$300(BucketRenderer.java:24)
   at org.sunflow.core.renderer.BucketRenderer$BucketThread.run(BucketRenderer.java:190)
java.lang.NumberFormatException: unable to parse double
   at org.jikesrvm.classloader.ReflectionBase$$Reflect32322.invokeInternal(Unknown Source:0)
   at org.jikesrvm.runtime.ReflectionBase.invoke(ReflectionBase.java:164)
   at org.jikesrvm.runtime.Reflection.invoke(Reflection.java:91)
   at java.lang.reflect.VMCommonLibrarySupport.construct(VMCommonLibrarySupport.java:435)
   at java.lang.reflect.VMConstructor.construct(VMConstructor.java:82)
   at java.lang.reflect.Constructor.newInstance(Constructor.java:318)
   at org.jikesrvm.jni.JNIFunctions.ThrowNew(JNIFunctions.java:322)
   at java.lang.VMDouble.parseDouble(VMDouble.java)
   at java.lang.Double.parseDouble(Double.java:348)
   at org.jikesrvm.energy.EnergyCheckUtils.getEnergyStats(EnergyCheckUtils.java:82)
   at org.jikesrvm.energy.Service.startProfile(Service.java:100)
   at org.sunflow.core.accel.KDTree.intersect(KDTree.java:644)
   at org.sunflow.core.Geometry.intersect(Geometry.java:93)
   at org.sunflow.core.Instance.intersect(Instance.java:135)
   at org.sunflow.core.InstanceList.intersectPrimitive(InstanceList.java:30)
   at org.sunflow.core.accel.BoundingIntervalHierarchy.intersect(BoundingIntervalHierarchy.java:559)
   at org.sunflow.core.Scene.trace(Scene.java:199)
   at org.sunflow.core.Scene.traceShadow(Scene.java:203)
   at org.sunflow.core.ShadingState.traceShadow(ShadingState.java:603)
   at org.sunflow.core.gi.InstantGI.getIrradiance(InstantGI.java:91)
   at org.sunflow.core.LightServer.getIrradiance(LightServer.java:469)
   at org.sunflow.core.ShadingState.getIrradiance(ShadingState.java:677)
   at org.sunflow.core.ShadingState.diffuse(ShadingState.java:756)
   at org.sunflow.core.shader.DiffuseShader.getRadiance(DiffuseShader.java:34)
   at org.sunflow.core.LightServer.getRadiance(LightServer.java:329)
   at org.sunflow.core.Scene.getRadiance(Scene.java:158)
   at org.sunflow.core.renderer.BucketRenderer.computeSubPixel(BucketRenderer.java:318)
   at org.sunflow.core.renderer.BucketRenderer.refineSamples(BucketRenderer.java:333)
   at org.sunflow.core.renderer.BucketRenderer.renderBucket(BucketRenderer.java:244)
   at org.sunflow.core.renderer.BucketRenderer.access$300(BucketRenderer.java:24)
   at org.sunflow.core.renderer.BucketRenderer$BucketThread.run(BucketRenderer.java:190)
java.lang.NumberFormatException: unable to parse double
   at org.jikesrvm.classloader.ReflectionBase$$Reflect32322.invokeInternal(Unknown Source:0)
   at org.jikesrvm.runtime.ReflectionBase.invoke(ReflectionBase.java:164)
   at org.jikesrvm.runtime.Reflection.invoke(Reflection.java:91)
   at java.lang.reflect.VMCommonLibrarySupport.construct(VMCommonLibrarySupport.java:435)
   at java.lang.reflect.VMConstructor.construct(VMConstructor.java:82)
   at java.lang.reflect.Constructor.newInstance(Constructor.java:318)
   at org.jikesrvm.jni.JNIFunctions.ThrowNew(JNIFunctions.java:322)
   at java.lang.VMDouble.parseDouble(VMDouble.java)
   at java.lang.Double.parseDouble(Double.java:348)
   at org.jikesrvm.energy.EnergyCheckUtils.getEnergyStats(EnergyCheckUtils.java:82)
   at org.jikesrvm.energy.Service.startProfile(Service.java:100)
   at org.sunflow.core.accel.KDTree.intersect(KDTree.java:644)
   at org.sunflow.core.Geometry.intersect(Geometry.java:93)
   at org.sunflow.core.Instance.intersect(Instance.java:135)
   at org.sunflow.core.InstanceList.intersectPrimitive(InstanceList.java:30)
   at org.sunflow.core.accel.BoundingIntervalHierarchy.intersect(BoundingIntervalHierarchy.java:559)
   at org.sunflow.core.Scene.trace(Scene.java:199)
   at org.sunflow.core.Scene.traceShadow(Scene.java:203)
   at org.sunflow.core.ShadingState.traceShadow(ShadingState.java:603)
   at org.sunflow.core.gi.InstantGI.getIrradiance(InstantGI.java:91)
   at org.sunflow.core.LightServer.getIrradiance(LightServer.java:469)
   at org.sunflow.core.ShadingState.getIrradiance(ShadingState.java:677)
   at org.sunflow.core.ShadingState.diffuse(ShadingState.java:756)
   at org.sunflow.core.shader.DiffuseShader.getRadiance(DiffuseShader.java:34)
   at org.sunflow.core.LightServer.getRadiance(LightServer.java:329)
   at org.sunflow.core.Scene.getRadiance(Scene.java:158)
   at org.sunflow.core.renderer.BucketRenderer.computeSubPixel(BucketRenderer.java:318)
   at org.sunflow.core.renderer.BucketRenderer.refineSamples(BucketRenderer.java:335)
   at org.sunflow.core.renderer.BucketRenderer.refineSamples(BucketRenderer.java:342)
   at org.sunflow.core.renderer.BucketRenderer.renderBucket(BucketRenderer.java:244)
   at org.sunflow.core.renderer.BucketRenderer.access$300(BucketRenderer.java:24)
   at org.sunflow.core.renderer.BucketRenderer$BucketThread.run(BucketRenderer.java:190)
java.lang.NumberFormatException: unable to parse double
   at org.jikesrvm.classloader.ReflectionBase$$Reflect32322.invokeInternal(Unknown Source:0)
   at org.jikesrvm.runtime.ReflectionBase.invoke(ReflectionBase.java:164)
   at org.jikesrvm.runtime.Reflection.invoke(Reflection.java:91)
   at java.lang.reflect.VMCommonLibrarySupport.construct(VMCommonLibrarySupport.java:435)
   at java.lang.reflect.VMConstructor.construct(VMConstructor.java:82)
   at java.lang.reflect.Constructor.newInstance(Constructor.java:318)
   at org.jikesrvm.jni.JNIFunctions.ThrowNew(JNIFunctions.java:322)
   at java.lang.VMDouble.parseDouble(VMDouble.java)
   at java.lang.Double.parseDouble(Double.java:348)
   at org.jikesrvm.energy.EnergyCheckUtils.getEnergyStats(EnergyCheckUtils.java:82)
   at org.jikesrvm.energy.Service.startProfile(Service.java:100)
   at org.sunflow.core.accel.KDTree.intersect(KDTree.java:644)
   at org.sunflow.core.Geometry.intersect(Geometry.java:93)
   at org.sunflow.core.Instance.intersect(Instance.java:135)
   at org.sunflow.core.InstanceList.intersectPrimitive(InstanceList.java:30)
   at org.sunflow.core.accel.BoundingIntervalHierarchy.intersect(BoundingIntervalHierarchy.java:559)
   at org.sunflow.core.Scene.trace(Scene.java:199)
   at org.sunflow.core.Scene.traceShadow(Scene.java:203)
   at org.sunflow.core.ShadingState.traceShadow(ShadingState.java:603)
   at org.sunflow.core.gi.InstantGI.getIrradiance(InstantGI.java:91)
   at org.sunflow.core.LightServer.getIrradiance(LightServer.java:469)
   at org.sunflow.core.ShadingState.getIrradiance(ShadingState.java:677)
   at org.sunflow.core.ShadingState.diffuse(ShadingState.java:756)
   at org.sunflow.core.shader.DiffuseShader.getRadiance(DiffuseShader.java:34)
   at org.sunflow.core.LightServer.getRadiance(LightServer.java:329)
   at org.sunflow.core.Scene.getRadiance(Scene.java:158)
   at org.sunflow.core.renderer.BucketRenderer.computeSubPixel(BucketRenderer.java:318)
   at org.sunflow.core.renderer.BucketRenderer.refineSamples(BucketRenderer.java:333)
   at org.sunflow.core.renderer.BucketRenderer.renderBucket(BucketRenderer.java:244)
   at org.sunflow.core.renderer.BucketRenderer.access$300(BucketRenderer.java:24)
   at org.sunflow.core.renderer.BucketRenderer$BucketThread.run(BucketRenderer.java:190)
java.lang.NumberFormatException: unable to parse double
   at org.jikesrvm.classloader.ReflectionBase$$Reflect32322.invokeInternal(Unknown Source:0)
   at org.jikesrvm.runtime.ReflectionBase.invoke(ReflectionBase.java:164)
   at org.jikesrvm.runtime.Reflection.invoke(Reflection.java:91)
   at java.lang.reflect.VMCommonLibrarySupport.construct(VMCommonLibrarySupport.java:435)
   at java.lang.reflect.VMConstructor.construct(VMConstructor.java:82)
   at java.lang.reflect.Constructor.newInstance(Constructor.java:318)
   at org.jikesrvm.jni.JNIFunctions.ThrowNew(JNIFunctions.java:322)
   at java.lang.VMDouble.parseDouble(VMDouble.java)
   at java.lang.Double.parseDouble(Double.java:348)
   at org.jikesrvm.energy.EnergyCheckUtils.getEnergyStats(EnergyCheckUtils.java:82)
   at org.jikesrvm.energy.Service.startProfile(Service.java:100)
   at org.sunflow.core.accel.KDTree.intersect(KDTree.java:644)
   at org.sunflow.core.Geometry.intersect(Geometry.java:93)
   at org.sunflow.core.Instance.intersect(Instance.java:135)
   at org.sunflow.core.InstanceList.intersectPrimitive(InstanceList.java:30)
   at org.sunflow.core.accel.BoundingIntervalHierarchy.intersect(BoundingIntervalHierarchy.java:559)
   at org.sunflow.core.Scene.trace(Scene.java:199)
   at org.sunflow.core.Scene.traceShadow(Scene.java:203)
   at org.sunflow.core.ShadingState.traceShadow(ShadingState.java:603)
   at org.sunflow.core.LightSample.traceShadow(LightSample.java:47)
   at org.sunflow.core.light.TriangleMeshLight$TriangleLight.getSamples(TriangleMeshLight.java:222)
   at org.sunflow.core.LightServer.initLightSamples(LightServer.java:474)
   at org.sunflow.core.ShadingState.initLightSamples(ShadingState.java:535)
   at org.sunflow.core.shader.DiffuseShader.getRadiance(DiffuseShader.java:32)
   at org.sunflow.core.LightServer.getRadiance(LightServer.java:329)
   at org.sunflow.core.Scene.getRadiance(Scene.java:158)
   at org.sunflow.core.renderer.BucketRenderer.computeSubPixel(BucketRenderer.java:318)
   at org.sunflow.core.renderer.BucketRenderer.refineSamples(BucketRenderer.java:337)
   at org.sunflow.core.renderer.BucketRenderer.renderBucket(BucketRenderer.java:244)
   at org.sunflow.core.renderer.BucketRenderer.access$300(BucketRenderer.java:24)
   at org.sunflow.core.renderer.BucketRenderer$BucketThread.run(BucketRenderer.java:190)
java.lang.NumberFormatException: unable to parse double
   at org.jikesrvm.classloader.ReflectionBase$$Reflect32322.invokeInternal(Unknown Source:0)
   at org.jikesrvm.runtime.ReflectionBase.invoke(ReflectionBase.java:164)
   at org.jikesrvm.runtime.Reflection.invoke(Reflection.java:91)
   at java.lang.reflect.VMCommonLibrarySupport.construct(VMCommonLibrarySupport.java:435)
   at java.lang.reflect.VMConstructor.construct(VMConstructor.java:82)
   at java.lang.reflect.Constructor.newInstance(Constructor.java:318)
   at org.jikesrvm.jni.JNIFunctions.ThrowNew(JNIFunctions.java:322)
   at java.lang.VMDouble.parseDouble(VMDouble.java)
   at java.lang.Double.parseDouble(Double.java:348)
   at org.jikesrvm.energy.EnergyCheckUtils.getEnergyStats(EnergyCheckUtils.java:82)
   at org.jikesrvm.energy.Service.startProfile(Service.java:100)
   at org.sunflow.core.accel.KDTree.intersect(KDTree.java:644)
   at org.sunflow.core.Geometry.intersect(Geometry.java:93)
   at org.sunflow.core.Instance.intersect(Instance.java:135)
   at org.sunflow.core.InstanceList.intersectPrimitive(InstanceList.java:30)
   at org.sunflow.core.accel.BoundingIntervalHierarchy.intersect(BoundingIntervalHierarchy.java:559)
   at org.sunflow.core.Scene.trace(Scene.java:199)
   at org.sunflow.core.Scene.traceShadow(Scene.java:203)
   at org.sunflow.core.ShadingState.traceShadow(ShadingState.java:603)
   at org.sunflow.core.gi.InstantGI.getIrradiance(InstantGI.java:91)
   at org.sunflow.core.LightServer.getIrradiance(LightServer.java:469)
   at org.sunflow.core.ShadingState.getIrradiance(ShadingState.java:677)
   at org.sunflow.core.ShadingState.diffuse(ShadingState.java:756)
   at org.sunflow.core.shader.DiffuseShader.getRadiance(DiffuseShader.java:34)
   at org.sunflow.core.LightServer.getRadiance(LightServer.java:329)
   at org.sunflow.core.Scene.getRadiance(Scene.java:158)
   at org.sunflow.core.renderer.BucketRenderer.computeSubPixel(BucketRenderer.java:318)
   at org.sunflow.core.renderer.BucketRenderer.refineSamples(BucketRenderer.java:337)
   at org.sunflow.core.renderer.BucketRenderer.refineSamples(BucketRenderer.java:344)
   at org.sunflow.core.renderer.BucketRenderer.renderBucket(BucketRenderer.java:244)
   at org.sunflow.core.renderer.BucketRenderer.access$300(BucketRenderer.java:24)
   at org.sunflow.core.renderer.BucketRenderer$BucketThread.run(BucketRenderer.java:190)
java.lang.NumberFormatException: unable to parse double
   at org.jikesrvm.classloader.ReflectionBase$$Reflect32322.invokeInternal(Unknown Source:0)
   at org.jikesrvm.runtime.ReflectionBase.invoke(ReflectionBase.java:164)
   at org.jikesrvm.runtime.Reflection.invoke(Reflection.java:91)
   at java.lang.reflect.VMCommonLibrarySupport.construct(VMCommonLibrarySupport.java:435)
   at java.lang.reflect.VMConstructor.construct(VMConstructor.java:82)
   at java.lang.reflect.Constructor.newInstance(Constructor.java:318)
   at org.jikesrvm.jni.JNIFunctions.ThrowNew(JNIFunctions.java:322)
   at java.lang.VMDouble.parseDouble(VMDouble.java)
   at java.lang.Double.parseDouble(Double.java:348)
   at org.jikesrvm.energy.EnergyCheckUtils.getEnergyStats(EnergyCheckUtils.java:82)
   at org.jikesrvm.energy.Service.startProfile(Service.java:100)
   at org.sunflow.core.accel.KDTree.intersect(KDTree.java:644)
   at org.sunflow.core.Geometry.intersect(Geometry.java:93)
   at org.sunflow.core.Instance.intersect(Instance.java:135)
   at org.sunflow.core.InstanceList.intersectPrimitive(InstanceList.java:30)
   at org.sunflow.core.accel.BoundingIntervalHierarchy.intersect(BoundingIntervalHierarchy.java:559)
   at org.sunflow.core.Scene.trace(Scene.java:199)
   at org.sunflow.core.Scene.traceShadow(Scene.java:203)
   at org.sunflow.core.ShadingState.traceShadow(ShadingState.java:603)
   at org.sunflow.core.gi.InstantGI.getIrradiance(InstantGI.java:91)
   at org.sunflow.core.LightServer.getIrradiance(LightServer.java:469)
   at org.sunflow.core.ShadingState.getIrradiance(ShadingState.java:677)
   at org.sunflow.core.ShadingState.diffuse(ShadingState.java:756)
   at org.sunflow.core.shader.DiffuseShader.getRadiance(DiffuseShader.java:34)
   at org.sunflow.core.LightServer.getRadiance(LightServer.java:329)
   at org.sunflow.core.Scene.getRadiance(Scene.java:158)
   at org.sunflow.core.renderer.BucketRenderer.computeSubPixel(BucketRenderer.java:318)
   at org.sunflow.core.renderer.BucketRenderer.refineSamples(BucketRenderer.java:337)
   at org.sunflow.core.renderer.BucketRenderer.renderBucket(BucketRenderer.java:244)
   at org.sunflow.core.renderer.BucketRenderer.access$300(BucketRenderer.java:24)
   at org.sunflow.core.renderer.BucketRenderer$BucketThread.run(BucketRenderer.java:190)
java.lang.NumberFormatException: unable to parse double
   at org.jikesrvm.classloader.ReflectionBase$$Reflect32322.invokeInternal(Unknown Source:0)
   at org.jikesrvm.runtime.ReflectionBase.invoke(ReflectionBase.java:164)
   at org.jikesrvm.runtime.Reflection.invoke(Reflection.java:91)
   at java.lang.reflect.VMCommonLibrarySupport.construct(VMCommonLibrarySupport.java:435)
   at java.lang.reflect.VMConstructor.construct(VMConstructor.java:82)
   at java.lang.reflect.Constructor.newInstance(Constructor.java:318)
   at org.jikesrvm.jni.JNIFunctions.ThrowNew(JNIFunctions.java:322)
   at java.lang.VMDouble.parseDouble(VMDouble.java)
   at java.lang.Double.parseDouble(Double.java:348)
   at org.jikesrvm.energy.EnergyCheckUtils.getEnergyStats(EnergyCheckUtils.java:82)
   at org.jikesrvm.energy.Service.startProfile(Service.java:100)
   at org.sunflow.core.accel.KDTree.intersect(KDTree.java:644)
   at org.sunflow.core.Geometry.intersect(Geometry.java:93)
   at org.sunflow.core.Instance.intersect(Instance.java:135)
   at org.sunflow.core.InstanceList.intersectPrimitive(InstanceList.java:30)
   at org.sunflow.core.accel.BoundingIntervalHierarchy.intersect(BoundingIntervalHierarchy.java:559)
   at org.sunflow.core.Scene.trace(Scene.java:199)
   at org.sunflow.core.Scene.traceShadow(Scene.java:203)
   at org.sunflow.core.ShadingState.traceShadow(ShadingState.java:603)
   at org.sunflow.core.gi.InstantGI.getIrradiance(InstantGI.java:91)
   at org.sunflow.core.LightServer.getIrradiance(LightServer.java:469)
   at org.sunflow.core.ShadingState.getIrradiance(ShadingState.java:677)
   at org.sunflow.core.ShadingState.diffuse(ShadingState.java:756)
   at org.sunflow.core.shader.DiffuseShader.getRadiance(DiffuseShader.java:34)
   at org.sunflow.core.LightServer.getRadiance(LightServer.java:329)
   at org.sunflow.core.Scene.getRadiance(Scene.java:158)
   at org.sunflow.core.renderer.BucketRenderer.computeSubPixel(BucketRenderer.java:318)
   at org.sunflow.core.renderer.BucketRenderer.refineSamples(BucketRenderer.java:337)
   at org.sunflow.core.renderer.BucketRenderer.renderBucket(BucketRenderer.java:244)
   at org.sunflow.core.renderer.BucketRenderer.access$300(BucketRenderer.java:24)
   at org.sunflow.core.renderer.BucketRenderer$BucketThread.run(BucketRenderer.java:190)
java.lang.NumberFormatException: unable to parse double
   at org.jikesrvm.classloader.ReflectionBase$$Reflect32322.invokeInternal(Unknown Source:0)
   at org.jikesrvm.runtime.ReflectionBase.invoke(ReflectionBase.java:164)
   at org.jikesrvm.runtime.Reflection.invoke(Reflection.java:91)
   at java.lang.reflect.VMCommonLibrarySupport.construct(VMCommonLibrarySupport.java:435)
   at java.lang.reflect.VMConstructor.construct(VMConstructor.java:82)
   at java.lang.reflect.Constructor.newInstance(Constructor.java:318)
   at org.jikesrvm.jni.JNIFunctions.ThrowNew(JNIFunctions.java:322)
   at java.lang.VMDouble.parseDouble(VMDouble.java)
   at java.lang.Double.parseDouble(Double.java:348)
   at org.jikesrvm.energy.EnergyCheckUtils.getEnergyStats(EnergyCheckUtils.java:82)
   at org.jikesrvm.energy.Service.startProfile(Service.java:100)
   at org.sunflow.core.accel.KDTree.intersect(KDTree.java:644)
   at org.sunflow.core.Geometry.intersect(Geometry.java:93)
   at org.sunflow.core.Instance.intersect(Instance.java:135)
   at org.sunflow.core.InstanceList.intersectPrimitive(InstanceList.java:30)
   at org.sunflow.core.accel.BoundingIntervalHierarchy.intersect(BoundingIntervalHierarchy.java:559)
   at org.sunflow.core.Scene.trace(Scene.java:199)
   at org.sunflow.core.Scene.traceShadow(Scene.java:203)
   at org.sunflow.core.ShadingState.traceShadow(ShadingState.java:603)
   at org.sunflow.core.gi.InstantGI.getIrradiance(InstantGI.java:91)
   at org.sunflow.core.LightServer.getIrradiance(LightServer.java:469)
   at org.sunflow.core.ShadingState.getIrradiance(ShadingState.java:677)
   at org.sunflow.core.ShadingState.diffuse(ShadingState.java:756)
   at org.sunflow.core.shader.DiffuseShader.getRadiance(DiffuseShader.java:34)
   at org.sunflow.core.LightServer.getRadiance(LightServer.java:329)
   at org.sunflow.core.Scene.getRadiance(Scene.java:158)
   at org.sunflow.core.renderer.BucketRenderer.computeSubPixel(BucketRenderer.java:318)
   at org.sunflow.core.renderer.BucketRenderer.refineSamples(BucketRenderer.java:337)
   at org.sunflow.core.renderer.BucketRenderer.renderBucket(BucketRenderer.java:244)
   at org.sunflow.core.renderer.BucketRenderer.access$300(BucketRenderer.java:24)
   at org.sunflow.core.renderer.BucketRenderer$BucketThread.run(BucketRenderer.java:190)
java.lang.NumberFormatException: unable to parse double
   at org.jikesrvm.classloader.ReflectionBase$$Reflect32322.invokeInternal(Unknown Source:0)
   at org.jikesrvm.runtime.ReflectionBase.invoke(ReflectionBase.java:164)
   at org.jikesrvm.runtime.Reflection.invoke(Reflection.java:91)
   at java.lang.reflect.VMCommonLibrarySupport.construct(VMCommonLibrarySupport.java:435)
   at java.lang.reflect.VMConstructor.construct(VMConstructor.java:82)
   at java.lang.reflect.Constructor.newInstance(Constructor.java:318)
   at org.jikesrvm.jni.JNIFunctions.ThrowNew(JNIFunctions.java:322)
   at java.lang.VMDouble.parseDouble(VMDouble.java)
   at java.lang.Double.parseDouble(Double.java:348)
   at org.jikesrvm.energy.EnergyCheckUtils.getEnergyStats(EnergyCheckUtils.java:82)
   at org.jikesrvm.energy.Service.startProfile(Service.java:100)
   at org.sunflow.core.accel.KDTree.intersect(KDTree.java:644)
   at org.sunflow.core.Geometry.intersect(Geometry.java:93)
   at org.sunflow.core.Instance.intersect(Instance.java:135)
   at org.sunflow.core.InstanceList.intersectPrimitive(InstanceList.java:30)
   at org.sunflow.core.accel.BoundingIntervalHierarchy.intersect(BoundingIntervalHierarchy.java:559)
   at org.sunflow.core.Scene.trace(Scene.java:199)
   at org.sunflow.core.Scene.traceShadow(Scene.java:203)
   at org.sunflow.core.ShadingState.traceShadow(ShadingState.java:603)
   at org.sunflow.core.gi.InstantGI.getIrradiance(InstantGI.java:91)
   at org.sunflow.core.LightServer.getIrradiance(LightServer.java:469)
   at org.sunflow.core.ShadingState.getIrradiance(ShadingState.java:677)
   at org.sunflow.core.ShadingState.diffuse(ShadingState.java:756)
   at org.sunflow.core.shader.DiffuseShader.getRadiance(DiffuseShader.java:34)
   at org.sunflow.core.LightServer.getRadiance(LightServer.java:329)
   at org.sunflow.core.Scene.getRadiance(Scene.java:158)
   at org.sunflow.core.renderer.BucketRenderer.computeSubPixel(BucketRenderer.java:318)
   at org.sunflow.core.renderer.BucketRenderer.refineSamples(BucketRenderer.java:333)
   at org.sunflow.core.renderer.BucketRenderer.refineSamples(BucketRenderer.java:342)
   at org.sunflow.core.renderer.BucketRenderer.renderBucket(BucketRenderer.java:244)
   at org.sunflow.core.renderer.BucketRenderer.access$300(BucketRenderer.java:24)
   at org.sunflow.core.renderer.BucketRenderer$BucketThread.run(BucketRenderer.java:190)
java.lang.NumberFormatException: unable to parse double
   at org.jikesrvm.classloader.ReflectionBase$$Reflect32322.invokeInternal(Unknown Source:0)
   at org.jikesrvm.runtime.ReflectionBase.invoke(ReflectionBase.java:164)
   at org.jikesrvm.runtime.Reflection.invoke(Reflection.java:91)
   at java.lang.reflect.VMCommonLibrarySupport.construct(VMCommonLibrarySupport.java:435)
   at java.lang.reflect.VMConstructor.construct(VMConstructor.java:82)
   at java.lang.reflect.Constructor.newInstance(Constructor.java:318)
   at org.jikesrvm.jni.JNIFunctions.ThrowNew(JNIFunctions.java:322)
   at java.lang.VMDouble.parseDouble(VMDouble.java)
   at java.lang.Double.parseDouble(Double.java:348)
   at org.jikesrvm.energy.EnergyCheckUtils.getEnergyStats(EnergyCheckUtils.java:82)
   at org.jikesrvm.energy.Service.startProfile(Service.java:100)
   at org.sunflow.core.accel.KDTree.intersect(KDTree.java:644)
   at org.sunflow.core.Geometry.intersect(Geometry.java:93)
   at org.sunflow.core.Instance.intersect(Instance.java:135)
   at org.sunflow.core.InstanceList.intersectPrimitive(InstanceList.java:30)
   at org.sunflow.core.accel.BoundingIntervalHierarchy.intersect(BoundingIntervalHierarchy.java:559)
   at org.sunflow.core.Scene.trace(Scene.java:199)
   at org.sunflow.core.Scene.traceShadow(Scene.java:203)
   at org.sunflow.core.ShadingState.traceShadow(ShadingState.java:603)
   at org.sunflow.core.gi.InstantGI.getIrradiance(InstantGI.java:91)
   at org.sunflow.core.LightServer.getIrradiance(LightServer.java:469)
   at org.sunflow.core.ShadingState.getIrradiance(ShadingState.java:677)
   at org.sunflow.core.ShadingState.diffuse(ShadingState.java:756)
   at org.sunflow.core.shader.DiffuseShader.getRadiance(DiffuseShader.java:34)
   at org.sunflow.core.LightServer.getRadiance(LightServer.java:329)
   at org.sunflow.core.Scene.getRadiance(Scene.java:158)
   at org.sunflow.core.renderer.BucketRenderer.computeSubPixel(BucketRenderer.java:318)
   at org.sunflow.core.renderer.BucketRenderer.refineSamples(BucketRenderer.java:333)
   at org.sunflow.core.renderer.BucketRenderer.renderBucket(BucketRenderer.java:244)
   at org.sunflow.core.renderer.BucketRenderer.access$300(BucketRenderer.java:24)
   at org.sunflow.core.renderer.BucketRenderer$BucketThread.run(BucketRenderer.java:190)
java.lang.NumberFormatException: unable to parse double
   at org.jikesrvm.classloader.ReflectionBase$$Reflect32322.invokeInternal(Unknown Source:0)
   at org.jikesrvm.runtime.ReflectionBase.invoke(ReflectionBase.java:164)
   at org.jikesrvm.runtime.Reflection.invoke(Reflection.java:91)
   at java.lang.reflect.VMCommonLibrarySupport.construct(VMCommonLibrarySupport.java:435)
   at java.lang.reflect.VMConstructor.construct(VMConstructor.java:82)
   at java.lang.reflect.Constructor.newInstance(Constructor.java:318)
   at org.jikesrvm.jni.JNIFunctions.ThrowNew(JNIFunctions.java:322)
   at java.lang.VMDouble.parseDouble(VMDouble.java)
   at java.lang.Double.parseDouble(Double.java:348)
   at org.jikesrvm.energy.EnergyCheckUtils.getEnergyStats(EnergyCheckUtils.java:82)
   at org.jikesrvm.energy.Service.startProfile(Service.java:100)
   at org.sunflow.core.accel.KDTree.intersect(KDTree.java:644)
   at org.sunflow.core.Geometry.intersect(Geometry.java:93)
   at org.sunflow.core.Instance.intersect(Instance.java:135)
   at org.sunflow.core.InstanceList.intersectPrimitive(InstanceList.java:30)
   at org.sunflow.core.accel.BoundingIntervalHierarchy.intersect(BoundingIntervalHierarchy.java:559)
   at org.sunflow.core.Scene.trace(Scene.java:199)
   at org.sunflow.core.Scene.traceShadow(Scene.java:203)
   at org.sunflow.core.ShadingState.traceShadow(ShadingState.java:603)
   at org.sunflow.core.gi.InstantGI.getIrradiance(InstantGI.java:91)
   at org.sunflow.core.LightServer.getIrradiance(LightServer.java:469)
   at org.sunflow.core.ShadingState.getIrradiance(ShadingState.java:677)
   at org.sunflow.core.ShadingState.diffuse(ShadingState.java:756)
   at org.sunflow.core.shader.DiffuseShader.getRadiance(DiffuseShader.java:34)
   at org.sunflow.core.LightServer.getRadiance(LightServer.java:329)
   at org.sunflow.core.Scene.getRadiance(Scene.java:158)
   at org.sunflow.core.renderer.BucketRenderer.computeSubPixel(BucketRenderer.java:318)
   at org.sunflow.core.renderer.BucketRenderer.refineSamples(BucketRenderer.java:333)
   at org.sunflow.core.renderer.BucketRenderer.renderBucket(BucketRenderer.java:244)
   at org.sunflow.core.renderer.BucketRenderer.access$300(BucketRenderer.java:24)
   at org.sunflow.core.renderer.BucketRenderer$BucketThread.run(BucketRenderer.java:190)
java.lang.NumberFormatException: unable to parse double
   at org.jikesrvm.classloader.ReflectionBase$$Reflect32322.invokeInternal(Unknown Source:0)
   at org.jikesrvm.runtime.ReflectionBase.invoke(ReflectionBase.java:164)
   at org.jikesrvm.runtime.Reflection.invoke(Reflection.java:91)
   at java.lang.reflect.VMCommonLibrarySupport.construct(VMCommonLibrarySupport.java:435)
   at java.lang.reflect.VMConstructor.construct(VMConstructor.java:82)
   at java.lang.reflect.Constructor.newInstance(Constructor.java:318)
   at org.jikesrvm.jni.JNIFunctions.ThrowNew(JNIFunctions.java:322)
   at java.lang.VMDouble.parseDouble(VMDouble.java)
   at java.lang.Double.parseDouble(Double.java:348)
   at org.jikesrvm.energy.EnergyCheckUtils.getEnergyStats(EnergyCheckUtils.java:82)
   at org.jikesrvm.energy.Service.startProfile(Service.java:100)
   at org.sunflow.core.accel.KDTree.intersect(KDTree.java:644)
   at org.sunflow.core.Geometry.intersect(Geometry.java:93)
   at org.sunflow.core.Instance.intersect(Instance.java:135)
   at org.sunflow.core.InstanceList.intersectPrimitive(InstanceList.java:30)
   at org.sunflow.core.accel.BoundingIntervalHierarchy.intersect(BoundingIntervalHierarchy.java:559)
   at org.sunflow.core.Scene.trace(Scene.java:199)
   at org.sunflow.core.Scene.traceShadow(Scene.java:203)
   at org.sunflow.core.ShadingState.traceShadow(ShadingState.java:603)
   at org.sunflow.core.gi.InstantGI.getIrradiance(InstantGI.java:91)
   at org.sunflow.core.LightServer.getIrradiance(LightServer.java:469)
   at org.sunflow.core.ShadingState.getIrradiance(ShadingState.java:677)
   at org.sunflow.core.ShadingState.diffuse(ShadingState.java:756)
   at org.sunflow.core.shader.DiffuseShader.getRadiance(DiffuseShader.java:34)
   at org.sunflow.core.LightServer.getRadiance(LightServer.java:329)
   at org.sunflow.core.Scene.getRadiance(Scene.java:158)
   at org.sunflow.core.renderer.BucketRenderer.computeSubPixel(BucketRenderer.java:318)
   at org.sunflow.core.renderer.BucketRenderer.refineSamples(BucketRenderer.java:337)
   at org.sunflow.core.renderer.BucketRenderer.renderBucket(BucketRenderer.java:244)
   at org.sunflow.core.renderer.BucketRenderer.access$300(BucketRenderer.java:24)
   at org.sunflow.core.renderer.BucketRenderer$BucketThread.run(BucketRenderer.java:190)
java.lang.NumberFormatException: unable to parse double
   at org.jikesrvm.classloader.ReflectionBase$$Reflect32322.invokeInternal(Unknown Source:0)
   at org.jikesrvm.runtime.ReflectionBase.invoke(ReflectionBase.java:164)
   at org.jikesrvm.runtime.Reflection.invoke(Reflection.java:91)
   at java.lang.reflect.VMCommonLibrarySupport.construct(VMCommonLibrarySupport.java:435)
   at java.lang.reflect.VMConstructor.construct(VMConstructor.java:82)
   at java.lang.reflect.Constructor.newInstance(Constructor.java:318)
   at org.jikesrvm.jni.JNIFunctions.ThrowNew(JNIFunctions.java:322)
   at java.lang.VMDouble.parseDouble(VMDouble.java)
   at java.lang.Double.parseDouble(Double.java:348)
   at org.jikesrvm.energy.EnergyCheckUtils.getEnergyStats(EnergyCheckUtils.java:82)
   at org.jikesrvm.energy.Service.startProfile(Service.java:100)
   at org.sunflow.core.accel.KDTree.intersect(KDTree.java:644)
   at org.sunflow.core.Geometry.intersect(Geometry.java:93)
   at org.sunflow.core.Instance.intersect(Instance.java:135)
   at org.sunflow.core.InstanceList.intersectPrimitive(InstanceList.java:30)
   at org.sunflow.core.accel.BoundingIntervalHierarchy.intersect(BoundingIntervalHierarchy.java:559)
   at org.sunflow.core.Scene.trace(Scene.java:199)
   at org.sunflow.core.Scene.traceShadow(Scene.java:203)
   at org.sunflow.core.ShadingState.traceShadow(ShadingState.java:603)
   at org.sunflow.core.gi.InstantGI.getIrradiance(InstantGI.java:91)
   at org.sunflow.core.LightServer.getIrradiance(LightServer.java:469)
   at org.sunflow.core.ShadingState.getIrradiance(ShadingState.java:677)
   at org.sunflow.core.ShadingState.diffuse(ShadingState.java:756)
   at org.sunflow.core.shader.DiffuseShader.getRadiance(DiffuseShader.java:34)
   at org.sunflow.core.LightServer.getRadiance(LightServer.java:329)
   at org.sunflow.core.Scene.getRadiance(Scene.java:158)
   at org.sunflow.core.renderer.BucketRenderer.computeSubPixel(BucketRenderer.java:318)
   at org.sunflow.core.renderer.BucketRenderer.refineSamples(BucketRenderer.java:337)
   at org.sunflow.core.renderer.BucketRenderer.renderBucket(BucketRenderer.java:244)
   at org.sunflow.core.renderer.BucketRenderer.access$300(BucketRenderer.java:24)
   at org.sunflow.core.renderer.BucketRenderer$BucketThread.run(BucketRenderer.java:190)
java.lang.NumberFormatException: unable to parse double
   at org.jikesrvm.classloader.ReflectionBase$$Reflect32322.invokeInternal(Unknown Source:0)
   at org.jikesrvm.runtime.ReflectionBase.invoke(ReflectionBase.java:164)
   at org.jikesrvm.runtime.Reflection.invoke(Reflection.java:91)
   at java.lang.reflect.VMCommonLibrarySupport.construct(VMCommonLibrarySupport.java:435)
   at java.lang.reflect.VMConstructor.construct(VMConstructor.java:82)
   at java.lang.reflect.Constructor.newInstance(Constructor.java:318)
   at org.jikesrvm.jni.JNIFunctions.ThrowNew(JNIFunctions.java:322)
   at java.lang.VMDouble.parseDouble(VMDouble.java)
   at java.lang.Double.parseDouble(Double.java:348)
   at org.jikesrvm.energy.EnergyCheckUtils.getEnergyStats(EnergyCheckUtils.java:82)
   at org.jikesrvm.energy.Service.startProfile(Service.java:100)
   at org.sunflow.core.accel.KDTree.intersect(KDTree.java:644)
   at org.sunflow.core.Geometry.intersect(Geometry.java:93)
   at org.sunflow.core.Instance.intersect(Instance.java:135)
   at org.sunflow.core.InstanceList.intersectPrimitive(InstanceList.java:30)
   at org.sunflow.core.accel.BoundingIntervalHierarchy.intersect(BoundingIntervalHierarchy.java:559)
   at org.sunflow.core.Scene.trace(Scene.java:199)
   at org.sunflow.core.Scene.traceShadow(Scene.java:203)
   at org.sunflow.core.ShadingState.traceShadow(ShadingState.java:603)
   at org.sunflow.core.LightSample.traceShadow(LightSample.java:47)
   at org.sunflow.core.light.TriangleMeshLight$TriangleLight.getSamples(TriangleMeshLight.java:222)
   at org.sunflow.core.LightServer.initLightSamples(LightServer.java:474)
   at org.sunflow.core.ShadingState.initLightSamples(ShadingState.java:535)
   at org.sunflow.core.shader.DiffuseShader.getRadiance(DiffuseShader.java:32)
   at org.sunflow.core.LightServer.getRadiance(LightServer.java:329)
   at org.sunflow.core.Scene.getRadiance(Scene.java:158)
   at org.sunflow.core.renderer.BucketRenderer.computeSubPixel(BucketRenderer.java:318)
   at org.sunflow.core.renderer.BucketRenderer.refineSamples(BucketRenderer.java:337)
   at org.sunflow.core.renderer.BucketRenderer.renderBucket(BucketRenderer.java:244)
   at org.sunflow.core.renderer.BucketRenderer.access$300(BucketRenderer.java:24)
   at org.sunflow.core.renderer.BucketRenderer$BucketThread.run(BucketRenderer.java:190)
java.lang.NumberFormatException: unable to parse double
   at org.jikesrvm.classloader.Reflection